[0.050s] Invoking command in '/home/zeeshan/ros2_ws/build/my_planner': CMAKE_PREFIX_PATH=/opt/ros/humble /usr/bin/cmake --build /home/zeeshan/ros2_ws/build/my_planner -- -j4 -l4
[0.261s] [100%] Built target planner_node
[0.346s] Invoked command in '/home/zeeshan/ros2_ws/build/my_planner' returned '0': CMAKE_PREFIX_PATH=/opt/ros/humble /usr/bin/cmake --build /home/zeeshan/ros2_ws/build/my_planner -- -j4 -l4
[0.475s] Invoking command in '/home/zeeshan/ros2_ws/build/my_planner': CMAKE_PREFIX_PATH=/opt/ros/humble /usr/bin/cmake --install /home/zeeshan/ros2_ws/build/my_planner
[0.495s] -- Install configuration: "Debug"
[0.497s] -- Execute custom install script
[0.500s] -- Up-to-date symlink: /home/zeeshan/ros2_ws/install/my_planner/lib/my_planner/planner_node
[0.506s] -- Up-to-date symlink: /home/zeeshan/ros2_ws/install/my_planner/share/my_planner/launch/display_launch.py
[0.507s] -- Up-to-date symlink: /home/zeeshan/ros2_ws/install/my_planner/share/my_planner/config/rviz_config.rviz
[0.508s] -- Up-to-date symlink: /home/zeeshan/ros2_ws/install/my_planner/share/ament_index/resource_index/package_run_dependencies/my_planner
[0.509s] -- Up-to-date symlink: /home/zeeshan/ros2_ws/install/my_planner/share/ament_index/resource_index/parent_prefix_path/my_planner
[0.510s] -- Up-to-date symlink: /home/zeeshan/ros2_ws/install/my_planner/share/my_planner/environment/ament_prefix_path.sh
[0.510s] -- Up-to-date symlink: /home/zeeshan/ros2_ws/install/my_planner/share/my_planner/environment/ament_prefix_path.dsv
[0.511s] -- Up-to-date symlink: /home/zeeshan/ros2_ws/install/my_planner/share/my_planner/environment/path.sh
[0.512s] -- Up-to-date symlink: /home/zeeshan/ros2_ws/install/my_planner/share/my_planner/environment/path.dsv
[0.512s] -- Up-to-date symlink: /home/zeeshan/ros2_ws/install/my_planner/share/my_planner/local_setup.bash
[0.513s] -- Up-to-date symlink: /home/zeeshan/ros2_ws/install/my_planner/share/my_planner/local_setup.sh
[0.514s] -- Up-to-date symlink: /home/zeeshan/ros2_ws/install/my_planner/share/my_planner/local_setup.zsh
[0.514s] -- Up-to-date symlink: /home/zeeshan/ros2_ws/install/my_planner/share/my_planner/local_setup.dsv
[0.514s] -- Symlinking: /home/zeeshan/ros2_ws/install/my_planner/share/my_planner/package.dsv
[0.537s] -- Up-to-date symlink: /home/zeeshan/ros2_ws/install/my_planner/share/ament_index/resource_index/packages/my_planner
[0.538s] -- Up-to-date symlink: /home/zeeshan/ros2_ws/install/my_planner/share/my_planner/cmake/my_plannerConfig.cmake
[0.538s] -- Up-to-date symlink: /home/zeeshan/ros2_ws/install/my_planner/share/my_planner/cmake/my_plannerConfig-version.cmake
[0.539s] -- Up-to-date symlink: /home/zeeshan/ros2_ws/install/my_planner/share/my_planner/package.xml
[0.545s] Invoked command in '/home/zeeshan/ros2_ws/build/my_planner' returned '0': CMAKE_PREFIX_PATH=/opt/ros/humble /usr/bin/cmake --install /home/zeeshan/ros2_ws/build/my_planner
