[0.056s] Invoking command in '/home/zeeshan/ros2_ws/build/simple_planner': CMAKE_PREFIX_PATH=${CMAKE_PREFIX_PATH}:/opt/ros/humble /usr/bin/cmake --build /home/zeeshan/ros2_ws/build/simple_planner -- -j4 -l4
[0.172s] [35m[1mConsolidate compiler generated dependencies of target simple_planner[0m
[0.235s] [ 20%] [32mBuilding CXX object CMakeFiles/simple_planner.dir/src/simple_planner.cpp.o[0m
[27.303s] [ 40%] [32m[1mLinking CXX executable simple_planner[0m
[30.489s] [100%] Built target simple_planner
[30.510s] Invoked command in '/home/zeeshan/ros2_ws/build/simple_planner' returned '0': CMAKE_PREFIX_PATH=${CMAKE_PREFIX_PATH}:/opt/ros/humble /usr/bin/cmake --build /home/zeeshan/ros2_ws/build/simple_planner -- -j4 -l4
[30.567s] Invoking command in '/home/zeeshan/ros2_ws/build/simple_planner': CMAKE_PREFIX_PATH=${CMAKE_PREFIX_PATH}:/opt/ros/humble /usr/bin/cmake --install /home/zeeshan/ros2_ws/build/simple_planner
[30.582s] -- Install configuration: ""
[30.582s] -- Installing: /home/zeeshan/ros2_ws/install/simple_planner/lib/simple_planner/simple_planner
[30.599s] -- Set runtime path of "/home/zeeshan/ros2_ws/install/simple_planner/lib/simple_planner/simple_planner" to ""
[30.599s] -- Up-to-date: /home/zeeshan/ros2_ws/install/simple_planner/share/ament_index/resource_index/package_run_dependencies/simple_planner
[30.599s] -- Up-to-date: /home/zeeshan/ros2_ws/install/simple_planner/share/ament_index/resource_index/parent_prefix_path/simple_planner
[30.599s] -- Up-to-date: /home/zeeshan/ros2_ws/install/simple_planner/share/simple_planner/environment/ament_prefix_path.sh
[30.600s] -- Up-to-date: /home/zeeshan/ros2_ws/install/simple_planner/share/simple_planner/environment/ament_prefix_path.dsv
[30.600s] -- Up-to-date: /home/zeeshan/ros2_ws/install/simple_planner/share/simple_planner/environment/path.sh
[30.600s] -- Up-to-date: /home/zeeshan/ros2_ws/install/simple_planner/share/simple_planner/environment/path.dsv
[30.600s] -- Up-to-date: /home/zeeshan/ros2_ws/install/simple_planner/share/simple_planner/local_setup.bash
[30.600s] -- Up-to-date: /home/zeeshan/ros2_ws/install/simple_planner/share/simple_planner/local_setup.sh
[30.600s] -- Up-to-date: /home/zeeshan/ros2_ws/install/simple_planner/share/simple_planner/local_setup.zsh
[30.601s] -- Up-to-date: /home/zeeshan/ros2_ws/install/simple_planner/share/simple_planner/local_setup.dsv
[30.601s] -- Installing: /home/zeeshan/ros2_ws/install/simple_planner/share/simple_planner/package.dsv
[30.601s] -- Up-to-date: /home/zeeshan/ros2_ws/install/simple_planner/share/ament_index/resource_index/packages/simple_planner
[30.601s] -- Up-to-date: /home/zeeshan/ros2_ws/install/simple_planner/share/simple_planner/cmake/simple_plannerConfig.cmake
[30.601s] -- Up-to-date: /home/zeeshan/ros2_ws/install/simple_planner/share/simple_planner/cmake/simple_plannerConfig-version.cmake
[30.601s] -- Up-to-date: /home/zeeshan/ros2_ws/install/simple_planner/share/simple_planner/package.xml
[30.603s] Invoked command in '/home/zeeshan/ros2_ws/build/simple_planner' returned '0': CMAKE_PREFIX_PATH=${CMAKE_PREFIX_PATH}:/opt/ros/humble /usr/bin/cmake --install /home/zeeshan/ros2_ws/build/simple_planner
