[0.064s] Invoking command in '/home/zeeshan/ros2_ws/build/planner': CMAKE_PREFIX_PATH=/opt/ros/humble /usr/bin/cmake --build /home/zeeshan/ros2_ws/build/planner -- -j4 -l4
[0.250s] [100%] Built target planner_node
[0.292s] Invoked command in '/home/zeeshan/ros2_ws/build/planner' returned '0': CMAKE_PREFIX_PATH=/opt/ros/humble /usr/bin/cmake --build /home/zeeshan/ros2_ws/build/planner -- -j4 -l4
[0.479s] Invoking command in '/home/zeeshan/ros2_ws/build/planner': CMAKE_PREFIX_PATH=/opt/ros/humble /usr/bin/cmake --install /home/zeeshan/ros2_ws/build/planner
[0.524s] -- Install configuration: ""
[0.527s] -- Execute custom install script
[0.530s] -- Up-to-date symlink: /home/zeeshan/ros2_ws/install/planner/lib/planner/planner_node
[0.539s] -- Up-to-date symlink: /home/zeeshan/ros2_ws/install/planner/share/planner/launch/planner_launch.py
[0.540s] -- Up-to-date symlink: /home/zeeshan/ros2_ws/install/planner/share/ament_index/resource_index/package_run_dependencies/planner
[0.541s] -- Up-to-date symlink: /home/zeeshan/ros2_ws/install/planner/share/ament_index/resource_index/parent_prefix_path/planner
[0.541s] -- Up-to-date symlink: /home/zeeshan/ros2_ws/install/planner/share/planner/environment/ament_prefix_path.sh
[0.541s] -- Up-to-date symlink: /home/zeeshan/ros2_ws/install/planner/share/planner/environment/ament_prefix_path.dsv
[0.541s] -- Up-to-date symlink: /home/zeeshan/ros2_ws/install/planner/share/planner/environment/path.sh
[0.542s] -- Up-to-date symlink: /home/zeeshan/ros2_ws/install/planner/share/planner/environment/path.dsv
[0.543s] -- Up-to-date symlink: /home/zeeshan/ros2_ws/install/planner/share/planner/local_setup.bash
[0.544s] -- Up-to-date symlink: /home/zeeshan/ros2_ws/install/planner/share/planner/local_setup.sh
[0.547s] -- Up-to-date symlink: /home/zeeshan/ros2_ws/install/planner/share/planner/local_setup.zsh
[0.547s] -- Up-to-date symlink: /home/zeeshan/ros2_ws/install/planner/share/planner/local_setup.dsv
[0.547s] -- Symlinking: /home/zeeshan/ros2_ws/install/planner/share/planner/package.dsv
[0.597s] -- Up-to-date symlink: /home/zeeshan/ros2_ws/install/planner/share/ament_index/resource_index/packages/planner
[0.598s] -- Up-to-date symlink: /home/zeeshan/ros2_ws/install/planner/share/planner/cmake/plannerConfig.cmake
[0.598s] -- Up-to-date symlink: /home/zeeshan/ros2_ws/install/planner/share/planner/cmake/plannerConfig-version.cmake
[0.598s] -- Up-to-date symlink: /home/zeeshan/ros2_ws/install/planner/share/planner/package.xml
[0.604s] Invoked command in '/home/zeeshan/ros2_ws/build/planner' returned '0': CMAKE_PREFIX_PATH=/opt/ros/humble /usr/bin/cmake --install /home/zeeshan/ros2_ws/build/planner
