[0.017s] Invoking command in '/home/zeeshan/ros2_ws/build/my_planner': CMAKE_PREFIX_PATH=${CMAKE_PREFIX_PATH}:/opt/ros/humble /usr/bin/cmake /home/zeeshan/ros2_ws/src/my_planner -DCMAKE_INSTALL_PREFIX=/home/zeeshan/ros2_ws/install/my_planner
[0.125s] -- The C compiler identification is GNU 11.4.0
[0.230s] -- The CXX compiler identification is GNU 11.4.0
[0.243s] -- Detecting C compiler ABI info
[0.380s] -- Detecting C compiler ABI info - done
[0.397s] -- Check for working C compiler: /usr/bin/cc - skipped
[0.397s] -- Detecting C compile features
[0.398s] -- Detecting C compile features - done
[0.404s] -- Detecting CXX compiler ABI info
[0.556s] -- Detecting CXX compiler ABI info - done
[0.573s] -- Check for working CXX compiler: /usr/bin/c++ - skipped
[0.573s] -- Detecting CXX compile features
[0.574s] -- Detecting CXX compile features - done
[0.579s] -- Found ament_cmake: 1.3.9 (/opt/ros/humble/share/ament_cmake/cmake)
[1.458s] -- Found Python3: /usr/bin/python3 (found version "3.10.12") found components: Interpreter 
[1.635s] -- Found rclcpp: 16.0.9 (/opt/ros/humble/share/rclcpp/cmake)
[1.711s] -- Found rosidl_generator_c: 3.1.5 (/opt/ros/humble/share/rosidl_generator_c/cmake)
[1.721s] -- Found rosidl_adapter: 3.1.5 (/opt/ros/humble/share/rosidl_adapter/cmake)
[1.737s] -- Found rosidl_generator_cpp: 3.1.5 (/opt/ros/humble/share/rosidl_generator_cpp/cmake)
[1.767s] -- Using all available rosidl_typesupport_c: rosidl_typesupport_fastrtps_c;rosidl_typesupport_introspection_c
[1.808s] -- Using all available rosidl_typesupport_cpp: rosidl_typesupport_fastrtps_cpp;rosidl_typesupport_introspection_cpp
[1.974s] -- Found rmw_implementation_cmake: 6.1.2 (/opt/ros/humble/share/rmw_implementation_cmake/cmake)
[1.980s] -- Found rmw_fastrtps_cpp: 6.2.6 (/opt/ros/humble/share/rmw_fastrtps_cpp/cmake)
[2.172s] -- Found OpenSSL: /usr/lib/x86_64-linux-gnu/libcrypto.so (found version "3.0.2")  
[2.220s] -- Found FastRTPS: /opt/ros/humble/include  
[2.308s] -- Using RMW implementation 'rmw_fastrtps_cpp' as default
[2.327s] -- Looking for pthread.h
[2.473s] -- Looking for pthread.h - found
[2.473s] -- Performing Test CMAKE_HAVE_LIBC_PTHREAD
[2.618s] -- Performing Test CMAKE_HAVE_LIBC_PTHREAD - Success
[2.619s] -- Found Threads: TRUE  
[3.021s] -- Found visualization_msgs: 4.2.4 (/opt/ros/humble/share/visualization_msgs/cmake)
[3.762s] -- Found nav_msgs: 4.2.4 (/opt/ros/humble/share/nav_msgs/cmake)
[3.995s] -- Found tf2_ros: 0.25.7 (/opt/ros/humble/share/tf2_ros/cmake)
[4.900s] -- Found tf2_geometry_msgs: 0.25.7 (/opt/ros/humble/share/tf2_geometry_msgs/cmake)
[4.928s] -- Found eigen3_cmake_module: 0.1.1 (/opt/ros/humble/share/eigen3_cmake_module/cmake)
[4.930s] -- Found Eigen3: TRUE (found version "3.4.0") 
[4.931s] -- Ensuring Eigen3 include directory is part of orocos-kdl CMake target
[5.089s] -- Configuring done
[5.116s] -- Generating done
[5.120s] -- Build files have been written to: /home/zeeshan/ros2_ws/build/my_planner
[5.146s] Invoked command in '/home/zeeshan/ros2_ws/build/my_planner' returned '0': CMAKE_PREFIX_PATH=${CMAKE_PREFIX_PATH}:/opt/ros/humble /usr/bin/cmake /home/zeeshan/ros2_ws/src/my_planner -DCMAKE_INSTALL_PREFIX=/home/zeeshan/ros2_ws/install/my_planner
[5.147s] Invoking command in '/home/zeeshan/ros2_ws/build/my_planner': CMAKE_PREFIX_PATH=${CMAKE_PREFIX_PATH}:/opt/ros/humble /usr/bin/cmake --build /home/zeeshan/ros2_ws/build/my_planner -- -j4 -l4
[5.229s] [35m[1mConsolidate compiler generated dependencies of target planner_node[0m
[5.283s] [100%] Built target planner_node
[5.304s] Invoked command in '/home/zeeshan/ros2_ws/build/my_planner' returned '0': CMAKE_PREFIX_PATH=${CMAKE_PREFIX_PATH}:/opt/ros/humble /usr/bin/cmake --build /home/zeeshan/ros2_ws/build/my_planner -- -j4 -l4
[5.374s] Invoking command in '/home/zeeshan/ros2_ws/build/my_planner': CMAKE_PREFIX_PATH=${CMAKE_PREFIX_PATH}:/opt/ros/humble /usr/bin/cmake --install /home/zeeshan/ros2_ws/build/my_planner
[5.389s] -- Install configuration: ""
[5.389s] -- Up-to-date: /home/zeeshan/ros2_ws/install/my_planner/lib/my_planner/planner_node
[5.389s] -- Up-to-date: /home/zeeshan/ros2_ws/install/my_planner/share/my_planner/launch
[5.389s] -- Up-to-date: /home/zeeshan/ros2_ws/install/my_planner/share/my_planner/launch/display_launch.py
[5.390s] -- Up-to-date: /home/zeeshan/ros2_ws/install/my_planner/share/my_planner/config
[5.390s] -- Installing: /home/zeeshan/ros2_ws/install/my_planner/share/my_planner/config/rviz_config.rviz
[5.390s] -- Up-to-date: /home/zeeshan/ros2_ws/install/my_planner/share/ament_index/resource_index/package_run_dependencies/my_planner
[5.390s] -- Installing: /home/zeeshan/ros2_ws/install/my_planner/share/ament_index/resource_index/parent_prefix_path/my_planner
[5.390s] -- Up-to-date: /home/zeeshan/ros2_ws/install/my_planner/share/my_planner/environment/ament_prefix_path.sh
[5.391s] -- Installing: /home/zeeshan/ros2_ws/install/my_planner/share/my_planner/environment/ament_prefix_path.dsv
[5.391s] -- Up-to-date: /home/zeeshan/ros2_ws/install/my_planner/share/my_planner/environment/path.sh
[5.391s] -- Installing: /home/zeeshan/ros2_ws/install/my_planner/share/my_planner/environment/path.dsv
[5.391s] -- Up-to-date: /home/zeeshan/ros2_ws/install/my_planner/share/my_planner/local_setup.bash
[5.392s] -- Up-to-date: /home/zeeshan/ros2_ws/install/my_planner/share/my_planner/local_setup.sh
[5.392s] -- Up-to-date: /home/zeeshan/ros2_ws/install/my_planner/share/my_planner/local_setup.zsh
[5.392s] -- Installing: /home/zeeshan/ros2_ws/install/my_planner/share/my_planner/local_setup.dsv
[5.392s] -- Installing: /home/zeeshan/ros2_ws/install/my_planner/share/my_planner/package.dsv
[5.392s] -- Up-to-date: /home/zeeshan/ros2_ws/install/my_planner/share/ament_index/resource_index/packages/my_planner
[5.393s] -- Up-to-date: /home/zeeshan/ros2_ws/install/my_planner/share/my_planner/cmake/my_plannerConfig.cmake
[5.393s] -- Up-to-date: /home/zeeshan/ros2_ws/install/my_planner/share/my_planner/cmake/my_plannerConfig-version.cmake
[5.393s] -- Up-to-date: /home/zeeshan/ros2_ws/install/my_planner/share/my_planner/package.xml
[5.396s] Invoked command in '/home/zeeshan/ros2_ws/build/my_planner' returned '0': CMAKE_PREFIX_PATH=${CMAKE_PREFIX_PATH}:/opt/ros/humble /usr/bin/cmake --install /home/zeeshan/ros2_ws/build/my_planner
