[0.019s] Invoking command in '/home/zeeshan/ros2_ws/build/my_planner': CMAKE_PREFIX_PATH=${CMAKE_PREFIX_PATH}:/opt/ros/humble /usr/bin/cmake /home/zeeshan/ros2_ws/src/my_planner -DCMAKE_INSTALL_PREFIX=/home/zeeshan/ros2_ws/install/my_planner
[0.119s] -- The C compiler identification is GNU 11.4.0
[0.223s] -- The CXX compiler identification is GNU 11.4.0
[0.236s] -- Detecting C compiler ABI info
[0.361s] -- Detecting C compiler ABI info - done
[0.377s] -- Check for working C compiler: /usr/bin/cc - skipped
[0.377s] -- Detecting C compile features
[0.378s] -- Detecting C compile features - done
[0.384s] -- Detecting CXX compiler ABI info
[0.530s] -- Detecting CXX compiler ABI info - done
[0.547s] -- Check for working CXX compiler: /usr/bin/c++ - skipped
[0.547s] -- Detecting CXX compile features
[0.548s] -- Detecting CXX compile features - done
[0.553s] -- Found ament_cmake: 1.3.9 (/opt/ros/humble/share/ament_cmake/cmake)
[1.413s] -- Found Python3: /usr/bin/python3 (found version "3.10.12") found components: Interpreter 
[1.575s] -- Found ament_lint_auto: 0.12.11 (/opt/ros/humble/share/ament_lint_auto/cmake)
[1.741s] -- Added test 'cppcheck' to perform static code analysis on C / C++ code
[1.741s] -- Configured cppcheck include dirs: 
[1.741s] -- Configured cppcheck exclude dirs and/or files: 
[1.745s] -- Added test 'flake8' to check Python code syntax and style conventions
[1.752s] -- Added test 'lint_cmake' to check CMake code style
[1.756s] -- Added test 'pep257' to check Python code against some of the docstring style conventions in PEP 257
[1.777s] -- Added test 'uncrustify' to check C / C++ code style
[1.777s] -- Configured uncrustify additional arguments: 
[1.780s] -- Added test 'xmllint' to check XML markup files
[1.782s] -- Configuring done
[1.788s] -- Generating done
[1.790s] -- Build files have been written to: /home/zeeshan/ros2_ws/build/my_planner
[1.798s] Invoked command in '/home/zeeshan/ros2_ws/build/my_planner' returned '0': CMAKE_PREFIX_PATH=${CMAKE_PREFIX_PATH}:/opt/ros/humble /usr/bin/cmake /home/zeeshan/ros2_ws/src/my_planner -DCMAKE_INSTALL_PREFIX=/home/zeeshan/ros2_ws/install/my_planner
[1.801s] Invoking command in '/home/zeeshan/ros2_ws/build/my_planner': CMAKE_PREFIX_PATH=${CMAKE_PREFIX_PATH}:/opt/ros/humble /usr/bin/cmake --build /home/zeeshan/ros2_ws/build/my_planner -- -j4 -l4
[1.874s] Invoked command in '/home/zeeshan/ros2_ws/build/my_planner' returned '0': CMAKE_PREFIX_PATH=${CMAKE_PREFIX_PATH}:/opt/ros/humble /usr/bin/cmake --build /home/zeeshan/ros2_ws/build/my_planner -- -j4 -l4
[1.930s] Invoking command in '/home/zeeshan/ros2_ws/build/my_planner': CMAKE_PREFIX_PATH=${CMAKE_PREFIX_PATH}:/opt/ros/humble /usr/bin/cmake --install /home/zeeshan/ros2_ws/build/my_planner
[1.944s] -- Install configuration: ""
[1.944s] -- Installing: /home/zeeshan/ros2_ws/install/my_planner/share/ament_index/resource_index/package_run_dependencies/my_planner
[1.944s] -- Installing: /home/zeeshan/ros2_ws/install/my_planner/share/ament_index/resource_index/parent_prefix_path/my_planner
[1.945s] -- Installing: /home/zeeshan/ros2_ws/install/my_planner/share/my_planner/environment/ament_prefix_path.sh
[1.945s] -- Installing: /home/zeeshan/ros2_ws/install/my_planner/share/my_planner/environment/ament_prefix_path.dsv
[1.945s] -- Installing: /home/zeeshan/ros2_ws/install/my_planner/share/my_planner/environment/path.sh
[1.946s] -- Installing: /home/zeeshan/ros2_ws/install/my_planner/share/my_planner/environment/path.dsv
[1.946s] -- Installing: /home/zeeshan/ros2_ws/install/my_planner/share/my_planner/local_setup.bash
[1.946s] -- Installing: /home/zeeshan/ros2_ws/install/my_planner/share/my_planner/local_setup.sh
[1.946s] -- Installing: /home/zeeshan/ros2_ws/install/my_planner/share/my_planner/local_setup.zsh
[1.947s] -- Installing: /home/zeeshan/ros2_ws/install/my_planner/share/my_planner/local_setup.dsv
[1.947s] -- Installing: /home/zeeshan/ros2_ws/install/my_planner/share/my_planner/package.dsv
[1.947s] -- Installing: /home/zeeshan/ros2_ws/install/my_planner/share/ament_index/resource_index/packages/my_planner
[1.947s] -- Installing: /home/zeeshan/ros2_ws/install/my_planner/share/my_planner/cmake/my_plannerConfig.cmake
[1.948s] -- Installing: /home/zeeshan/ros2_ws/install/my_planner/share/my_planner/cmake/my_plannerConfig-version.cmake
[1.948s] -- Installing: /home/zeeshan/ros2_ws/install/my_planner/share/my_planner/package.xml
[1.952s] Invoked command in '/home/zeeshan/ros2_ws/build/my_planner' returned '0': CMAKE_PREFIX_PATH=${CMAKE_PREFIX_PATH}:/opt/ros/humble /usr/bin/cmake --install /home/zeeshan/ros2_ws/build/my_planner
