[0.030s] Invoking command in '/home/zeeshan/ros2_ws/build/stage_ros2': CMAKE_PREFIX_PATH=/opt/ros/humble /usr/bin/cmake /home/zeeshan/ros2_ws/src/stage_ros2 -DOpenGL_GL_PREFERENCE=LEGACY -DAMENT_CMAKE_SYMLINK_INSTALL=1 -DCMAKE_INSTALL_PREFIX=/home/zeeshan/ros2_ws/install/stage_ros2
[0.278s] -- The C compiler identification is GNU 11.4.0
[0.466s] -- The CXX compiler identification is GNU 11.4.0
[0.480s] -- Detecting C compiler ABI info
[0.627s] -- Detecting C compiler ABI info - done
[0.644s] -- Check for working C compiler: /usr/bin/cc - skipped
[0.644s] -- Detecting C compile features
[0.645s] -- Detecting C compile features - done
[0.651s] -- Detecting CXX compiler ABI info
[0.822s] -- Detecting CXX compiler ABI info - done
[0.834s] -- Check for working CXX compiler: /usr/bin/c++ - skipped
[0.835s] -- Detecting CXX compile features
[0.836s] -- Detecting CXX compile features - done
[0.842s] -- Found ament_cmake: 1.3.9 (/opt/ros/humble/share/ament_cmake/cmake)
[1.763s] -- Found Python3: /usr/bin/python3 (found version "3.10.12") found components: Interpreter 
[1.890s] -- Override CMake install command with custom implementation using symlinks instead of copying resources
[1.936s] -- Found rclcpp: 16.0.9 (/opt/ros/humble/share/rclcpp/cmake)
[2.015s] -- Found rosidl_generator_c: 3.1.5 (/opt/ros/humble/share/rosidl_generator_c/cmake)
[2.025s] -- Found rosidl_adapter: 3.1.5 (/opt/ros/humble/share/rosidl_adapter/cmake)
[2.042s] -- Found rosidl_generator_cpp: 3.1.5 (/opt/ros/humble/share/rosidl_generator_cpp/cmake)
[2.071s] -- Using all available rosidl_typesupport_c: rosidl_typesupport_fastrtps_c;rosidl_typesupport_introspection_c
[2.115s] -- Using all available rosidl_typesupport_cpp: rosidl_typesupport_fastrtps_cpp;rosidl_typesupport_introspection_cpp
[2.268s] -- Found rmw_implementation_cmake: 6.1.2 (/opt/ros/humble/share/rmw_implementation_cmake/cmake)
[2.272s] -- Found rmw_fastrtps_cpp: 6.2.6 (/opt/ros/humble/share/rmw_fastrtps_cpp/cmake)
[2.464s] -- Found OpenSSL: /usr/lib/x86_64-linux-gnu/libcrypto.so (found version "3.0.2")  
[2.515s] -- Found FastRTPS: /opt/ros/humble/include  
[2.608s] -- Using RMW implementation 'rmw_fastrtps_cpp' as default
[2.626s] -- Looking for pthread.h
[2.777s] -- Looking for pthread.h - found
[2.778s] -- Performing Test CMAKE_HAVE_LIBC_PTHREAD
[2.922s] -- Performing Test CMAKE_HAVE_LIBC_PTHREAD - Success
[2.924s] -- Found Threads: TRUE  
[3.318s] -- Found rclcpp_components: 16.0.9 (/opt/ros/humble/share/rclcpp_components/cmake)
[3.484s] -- Found sensor_msgs: 4.2.4 (/opt/ros/humble/share/sensor_msgs/cmake)
[3.825s] -- Found nav_msgs: 4.2.4 (/opt/ros/humble/share/nav_msgs/cmake)
[4.073s] [31mCMake Error at CMakeLists.txt:21 (find_package):
[4.073s]   By not providing "Findstage.cmake" in CMAKE_MODULE_PATH this project has
[4.073s]   asked CMake to find a package configuration file provided by "stage", but
[4.073s]   CMake did not find one.
[4.073s] 
[4.073s]   Could not find a package configuration file provided by "stage" with any of
[4.074s]   the following names:
[4.074s] 
[4.074s]     stageConfig.cmake
[4.074s]     stage-config.cmake
[4.074s] 
[4.074s]   Add the installation prefix of "stage" to CMAKE_PREFIX_PATH or set
[4.074s]   "stage_DIR" to a directory containing one of the above files.  If "stage"
[4.075s]   provides a separate development package or SDK, be sure it has been
[4.075s]   installed.
[4.075s] 
[4.075s] [0m
[4.075s] -- Configuring incomplete, errors occurred!
[4.076s] See also "/home/zeeshan/ros2_ws/build/stage_ros2/CMakeFiles/CMakeOutput.log".
[4.099s] Invoked command in '/home/zeeshan/ros2_ws/build/stage_ros2' returned '1': CMAKE_PREFIX_PATH=/opt/ros/humble /usr/bin/cmake /home/zeeshan/ros2_ws/src/stage_ros2 -DOpenGL_GL_PREFERENCE=LEGACY -DAMENT_CMAKE_SYMLINK_INSTALL=1 -DCMAKE_INSTALL_PREFIX=/home/zeeshan/ros2_ws/install/stage_ros2
