[0.052s] Invoking command in '/home/zeeshan/ros2_ws/build/planner': CMAKE_PREFIX_PATH=${CMAKE_PREFIX_PATH}:/opt/ros/humble /usr/bin/cmake --build /home/zeeshan/ros2_ws/build/planner -- -j4 -l4
[0.195s] [100%] Built target planner_node
[0.233s] Invoked command in '/home/zeeshan/ros2_ws/build/planner' returned '0': CMAKE_PREFIX_PATH=${CMAKE_PREFIX_PATH}:/opt/ros/humble /usr/bin/cmake --build /home/zeeshan/ros2_ws/build/planner -- -j4 -l4
[0.330s] Invoking command in '/home/zeeshan/ros2_ws/build/planner': CMAKE_PREFIX_PATH=${CMAKE_PREFIX_PATH}:/opt/ros/humble /usr/bin/cmake --install /home/zeeshan/ros2_ws/build/planner
[0.349s] -- Install configuration: ""
[0.349s] -- Execute custom install script
[0.350s] -- Up-to-date symlink: /home/zeeshan/ros2_ws/install/planner/lib/planner/planner_node
[0.350s] -- Up-to-date symlink: /home/zeeshan/ros2_ws/install/planner/share/planner/launch/planner_launch.py
[0.351s] -- Up-to-date symlink: /home/zeeshan/ros2_ws/install/planner/share/ament_index/resource_index/package_run_dependencies/planner
[0.352s] -- Up-to-date symlink: /home/zeeshan/ros2_ws/install/planner/share/ament_index/resource_index/parent_prefix_path/planner
[0.359s] -- Up-to-date symlink: /home/zeeshan/ros2_ws/install/planner/share/planner/environment/ament_prefix_path.sh
[0.359s] -- Up-to-date symlink: /home/zeeshan/ros2_ws/install/planner/share/planner/environment/ament_prefix_path.dsv
[0.359s] -- Up-to-date symlink: /home/zeeshan/ros2_ws/install/planner/share/planner/environment/path.sh
[0.359s] -- Up-to-date symlink: /home/zeeshan/ros2_ws/install/planner/share/planner/environment/path.dsv
[0.360s] -- Up-to-date symlink: /home/zeeshan/ros2_ws/install/planner/share/planner/local_setup.bash
[0.360s] -- Up-to-date symlink: /home/zeeshan/ros2_ws/install/planner/share/planner/local_setup.sh
[0.360s] -- Up-to-date symlink: /home/zeeshan/ros2_ws/install/planner/share/planner/local_setup.zsh
[0.360s] -- Up-to-date symlink: /home/zeeshan/ros2_ws/install/planner/share/planner/local_setup.dsv
[0.360s] -- Symlinking: /home/zeeshan/ros2_ws/install/planner/share/planner/package.dsv
[0.383s] -- Up-to-date symlink: /home/zeeshan/ros2_ws/install/planner/share/ament_index/resource_index/packages/planner
[0.383s] -- Up-to-date symlink: /home/zeeshan/ros2_ws/install/planner/share/planner/cmake/plannerConfig.cmake
[0.384s] -- Up-to-date symlink: /home/zeeshan/ros2_ws/install/planner/share/planner/cmake/plannerConfig-version.cmake
[0.384s] -- Up-to-date symlink: /home/zeeshan/ros2_ws/install/planner/share/planner/package.xml
[0.445s] Invoked command in '/home/zeeshan/ros2_ws/build/planner' returned '0': CMAKE_PREFIX_PATH=${CMAKE_PREFIX_PATH}:/opt/ros/humble /usr/bin/cmake --install /home/zeeshan/ros2_ws/build/planner
