[0.032s] Invoking command in '/home/zeeshan/ros2_ws/build/worlds': CMAKE_PREFIX_PATH=/opt/ros/humble /usr/bin/cmake /home/zeeshan/ros2_ws/src/worlds -DCMAKE_INSTALL_PREFIX=/home/zeeshan/ros2_ws/install/worlds
[0.184s] -- The C compiler identification is GNU 11.4.0
[0.339s] -- The CXX compiler identification is GNU 11.4.0
[0.357s] -- Detecting C compiler ABI info
[0.566s] -- Detecting C compiler ABI info - done
[0.594s] -- Check for working C compiler: /usr/bin/cc - skipped
[0.596s] -- Detecting C compile features
[0.598s] -- Detecting C compile features - done
[0.609s] -- Detecting CXX compiler ABI info
[0.885s] -- Detecting CXX compiler ABI info - done
[0.908s] -- Check for working CXX compiler: /usr/bin/c++ - skipped
[0.910s] -- Detecting CXX compile features
[0.911s] -- Detecting CXX compile features - done
[0.917s] -- Found ament_cmake: 1.3.9 (/opt/ros/humble/share/ament_cmake/cmake)
[2.106s] -- Found Python3: /usr/bin/python3 (found version "3.10.12") found components: Interpreter 
[2.282s] -- Found ament_lint_auto: 0.12.11 (/opt/ros/humble/share/ament_lint_auto/cmake)
[2.450s] -- Added test 'lint_cmake' to check CMake code style
[2.453s] -- Added test 'xmllint' to check XML markup files
[2.457s] -- Configuring done
[2.464s] -- Generating done
[2.467s] -- Build files have been written to: /home/zeeshan/ros2_ws/build/worlds
[2.477s] Invoked command in '/home/zeeshan/ros2_ws/build/worlds' returned '0': CMAKE_PREFIX_PATH=/opt/ros/humble /usr/bin/cmake /home/zeeshan/ros2_ws/src/worlds -DCMAKE_INSTALL_PREFIX=/home/zeeshan/ros2_ws/install/worlds
[2.480s] Invoking command in '/home/zeeshan/ros2_ws/build/worlds': CMAKE_PREFIX_PATH=/opt/ros/humble /usr/bin/cmake --build /home/zeeshan/ros2_ws/build/worlds -- -j4 -l4
[2.565s] Invoked command in '/home/zeeshan/ros2_ws/build/worlds' returned '0': CMAKE_PREFIX_PATH=/opt/ros/humble /usr/bin/cmake --build /home/zeeshan/ros2_ws/build/worlds -- -j4 -l4
[2.608s] Invoking command in '/home/zeeshan/ros2_ws/build/worlds': CMAKE_PREFIX_PATH=/opt/ros/humble /usr/bin/cmake --install /home/zeeshan/ros2_ws/build/worlds
[2.629s] -- Install configuration: ""
[2.630s] -- Installing: /home/zeeshan/ros2_ws/install/worlds/share/ament_index/resource_index/package_run_dependencies/worlds
[2.631s] -- Installing: /home/zeeshan/ros2_ws/install/worlds/share/ament_index/resource_index/parent_prefix_path/worlds
[2.632s] -- Installing: /home/zeeshan/ros2_ws/install/worlds/share/worlds/environment/ament_prefix_path.sh
[2.632s] -- Installing: /home/zeeshan/ros2_ws/install/worlds/share/worlds/environment/ament_prefix_path.dsv
[2.632s] -- Installing: /home/zeeshan/ros2_ws/install/worlds/share/worlds/environment/path.sh
[2.633s] -- Installing: /home/zeeshan/ros2_ws/install/worlds/share/worlds/environment/path.dsv
[2.633s] -- Installing: /home/zeeshan/ros2_ws/install/worlds/share/worlds/local_setup.bash
[2.634s] -- Installing: /home/zeeshan/ros2_ws/install/worlds/share/worlds/local_setup.sh
[2.634s] -- Installing: /home/zeeshan/ros2_ws/install/worlds/share/worlds/local_setup.zsh
[2.634s] -- Installing: /home/zeeshan/ros2_ws/install/worlds/share/worlds/local_setup.dsv
[2.635s] -- Installing: /home/zeeshan/ros2_ws/install/worlds/share/worlds/package.dsv
[2.635s] -- Installing: /home/zeeshan/ros2_ws/install/worlds/share/ament_index/resource_index/packages/worlds
[2.635s] -- Installing: /home/zeeshan/ros2_ws/install/worlds/share/worlds/cmake/worldsConfig.cmake
[2.636s] -- Installing: /home/zeeshan/ros2_ws/install/worlds/share/worlds/cmake/worldsConfig-version.cmake
[2.636s] -- Installing: /home/zeeshan/ros2_ws/install/worlds/share/worlds/package.xml
[2.642s] Invoked command in '/home/zeeshan/ros2_ws/build/worlds' returned '0': CMAKE_PREFIX_PATH=/opt/ros/humble /usr/bin/cmake --install /home/zeeshan/ros2_ws/build/worlds
