[0.163s] Invoking command in '/home/zeeshan/ros2_ws/build/planner': CMAKE_PREFIX_PATH=${CMAKE_PREFIX_PATH}:/opt/ros/humble /usr/bin/cmake --build /home/zeeshan/ros2_ws/build/planner -- -j4 -l4
[0.631s] [100%] Built target planner_node
[0.694s] Invoked command in '/home/zeeshan/ros2_ws/build/planner' returned '0': CMAKE_PREFIX_PATH=${CMAKE_PREFIX_PATH}:/opt/ros/humble /usr/bin/cmake --build /home/zeeshan/ros2_ws/build/planner -- -j4 -l4
[0.877s] Invoking command in '/home/zeeshan/ros2_ws/build/planner': CMAKE_PREFIX_PATH=${CMAKE_PREFIX_PATH}:/opt/ros/humble /usr/bin/cmake --install /home/zeeshan/ros2_ws/build/planner
[0.901s] -- Install configuration: ""
[0.903s] -- Execute custom install script
[0.904s] -- Up-to-date symlink: /home/zeeshan/ros2_ws/install/planner/lib/planner/planner_node
[0.905s] -- Up-to-date symlink: /home/zeeshan/ros2_ws/install/planner/share/planner/launch/planner_launch.py
[0.907s] -- Up-to-date symlink: /home/zeeshan/ros2_ws/install/planner/share/ament_index/resource_index/package_run_dependencies/planner
[0.907s] -- Up-to-date symlink: /home/zeeshan/ros2_ws/install/planner/share/ament_index/resource_index/parent_prefix_path/planner
[0.908s] -- Up-to-date symlink: /home/zeeshan/ros2_ws/install/planner/share/planner/environment/ament_prefix_path.sh
[0.908s] -- Up-to-date symlink: /home/zeeshan/ros2_ws/install/planner/share/planner/environment/ament_prefix_path.dsv
[0.908s] -- Up-to-date symlink: /home/zeeshan/ros2_ws/install/planner/share/planner/environment/path.sh
[0.910s] -- Up-to-date symlink: /home/zeeshan/ros2_ws/install/planner/share/planner/environment/path.dsv
[0.911s] -- Up-to-date symlink: /home/zeeshan/ros2_ws/install/planner/share/planner/local_setup.bash
[0.911s] -- Up-to-date symlink: /home/zeeshan/ros2_ws/install/planner/share/planner/local_setup.sh
[0.914s] -- Up-to-date symlink: /home/zeeshan/ros2_ws/install/planner/share/planner/local_setup.zsh
[0.914s] -- Up-to-date symlink: /home/zeeshan/ros2_ws/install/planner/share/planner/local_setup.dsv
[0.919s] -- Symlinking: /home/zeeshan/ros2_ws/install/planner/share/planner/package.dsv
[0.946s] -- Up-to-date symlink: /home/zeeshan/ros2_ws/install/planner/share/ament_index/resource_index/packages/planner
[0.947s] -- Up-to-date symlink: /home/zeeshan/ros2_ws/install/planner/share/planner/cmake/plannerConfig.cmake
[0.947s] -- Up-to-date symlink: /home/zeeshan/ros2_ws/install/planner/share/planner/cmake/plannerConfig-version.cmake
[0.948s] -- Up-to-date symlink: /home/zeeshan/ros2_ws/install/planner/share/planner/package.xml
[0.960s] Invoked command in '/home/zeeshan/ros2_ws/build/planner' returned '0': CMAKE_PREFIX_PATH=${CMAKE_PREFIX_PATH}:/opt/ros/humble /usr/bin/cmake --install /home/zeeshan/ros2_ws/build/planner
