[0.037s] Invoking command in '/home/zeeshan/ros2_ws/build/worlds': CMAKE_PREFIX_PATH=${CMAKE_PREFIX_PATH}:/opt/ros/humble /usr/bin/cmake --build /home/zeeshan/ros2_ws/build/worlds -- -j4 -l4
[0.410s] Invoked command in '/home/zeeshan/ros2_ws/build/worlds' returned '0': CMAKE_PREFIX_PATH=${CMAKE_PREFIX_PATH}:/opt/ros/humble /usr/bin/cmake --build /home/zeeshan/ros2_ws/build/worlds -- -j4 -l4
[0.521s] Invoking command in '/home/zeeshan/ros2_ws/build/worlds': CMAKE_PREFIX_PATH=${CMAKE_PREFIX_PATH}:/opt/ros/humble /usr/bin/cmake --install /home/zeeshan/ros2_ws/build/worlds
[0.556s] -- Install configuration: ""
[0.558s] -- Up-to-date: /home/zeeshan/ros2_ws/install/worlds/share/ament_index/resource_index/package_run_dependencies/worlds
[0.560s] -- Up-to-date: /home/zeeshan/ros2_ws/install/worlds/share/ament_index/resource_index/parent_prefix_path/worlds
[0.569s] -- Up-to-date: /home/zeeshan/ros2_ws/install/worlds/share/worlds/environment/ament_prefix_path.sh
[0.571s] -- Up-to-date: /home/zeeshan/ros2_ws/install/worlds/share/worlds/environment/ament_prefix_path.dsv
[0.573s] -- Up-to-date: /home/zeeshan/ros2_ws/install/worlds/share/worlds/environment/path.sh
[0.575s] -- Up-to-date: /home/zeeshan/ros2_ws/install/worlds/share/worlds/environment/path.dsv
[0.577s] -- Up-to-date: /home/zeeshan/ros2_ws/install/worlds/share/worlds/local_setup.bash
[0.581s] -- Up-to-date: /home/zeeshan/ros2_ws/install/worlds/share/worlds/local_setup.sh
[0.583s] -- Up-to-date: /home/zeeshan/ros2_ws/install/worlds/share/worlds/local_setup.zsh
[0.585s] -- Up-to-date: /home/zeeshan/ros2_ws/install/worlds/share/worlds/local_setup.dsv
[0.589s] -- Installing: /home/zeeshan/ros2_ws/install/worlds/share/worlds/package.dsv
[0.593s] -- Up-to-date: /home/zeeshan/ros2_ws/install/worlds/share/ament_index/resource_index/packages/worlds
[0.597s] -- Up-to-date: /home/zeeshan/ros2_ws/install/worlds/share/worlds/cmake/worldsConfig.cmake
[0.598s] -- Up-to-date: /home/zeeshan/ros2_ws/install/worlds/share/worlds/cmake/worldsConfig-version.cmake
[0.599s] -- Up-to-date: /home/zeeshan/ros2_ws/install/worlds/share/worlds/package.xml
[0.618s] Invoked command in '/home/zeeshan/ros2_ws/build/worlds' returned '0': CMAKE_PREFIX_PATH=${CMAKE_PREFIX_PATH}:/opt/ros/humble /usr/bin/cmake --install /home/zeeshan/ros2_ws/build/worlds
