[0.114s] Invoking command in '/home/zeeshan/ros2_ws/build/worlds': CMAKE_PREFIX_PATH=${CMAKE_PREFIX_PATH}:/opt/ros/humble /usr/bin/cmake --build /home/zeeshan/ros2_ws/build/worlds -- -j4 -l4
[0.203s] Invoked command in '/home/zeeshan/ros2_ws/build/worlds' returned '0': CMAKE_PREFIX_PATH=${CMAKE_PREFIX_PATH}:/opt/ros/humble /usr/bin/cmake --build /home/zeeshan/ros2_ws/build/worlds -- -j4 -l4
[0.297s] Invoking command in '/home/zeeshan/ros2_ws/build/worlds': CMAKE_PREFIX_PATH=${CMAKE_PREFIX_PATH}:/opt/ros/humble /usr/bin/cmake --install /home/zeeshan/ros2_ws/build/worlds
[0.318s] -- Install configuration: ""
[0.319s] -- Up-to-date: /home/zeeshan/ros2_ws/install/worlds/share/ament_index/resource_index/package_run_dependencies/worlds
[0.320s] -- Up-to-date: /home/zeeshan/ros2_ws/install/worlds/share/ament_index/resource_index/parent_prefix_path/worlds
[0.320s] -- Up-to-date: /home/zeeshan/ros2_ws/install/worlds/share/worlds/environment/ament_prefix_path.sh
[0.320s] -- Up-to-date: /home/zeeshan/ros2_ws/install/worlds/share/worlds/environment/ament_prefix_path.dsv
[0.320s] -- Up-to-date: /home/zeeshan/ros2_ws/install/worlds/share/worlds/environment/path.sh
[0.320s] -- Up-to-date: /home/zeeshan/ros2_ws/install/worlds/share/worlds/environment/path.dsv
[0.320s] -- Up-to-date: /home/zeeshan/ros2_ws/install/worlds/share/worlds/local_setup.bash
[0.321s] -- Up-to-date: /home/zeeshan/ros2_ws/install/worlds/share/worlds/local_setup.sh
[0.321s] -- Up-to-date: /home/zeeshan/ros2_ws/install/worlds/share/worlds/local_setup.zsh
[0.321s] -- Up-to-date: /home/zeeshan/ros2_ws/install/worlds/share/worlds/local_setup.dsv
[0.321s] -- Installing: /home/zeeshan/ros2_ws/install/worlds/share/worlds/package.dsv
[0.321s] -- Up-to-date: /home/zeeshan/ros2_ws/install/worlds/share/ament_index/resource_index/packages/worlds
[0.321s] -- Up-to-date: /home/zeeshan/ros2_ws/install/worlds/share/worlds/cmake/worldsConfig.cmake
[0.322s] -- Up-to-date: /home/zeeshan/ros2_ws/install/worlds/share/worlds/cmake/worldsConfig-version.cmake
[0.329s] -- Up-to-date: /home/zeeshan/ros2_ws/install/worlds/share/worlds/package.xml
[0.331s] Invoked command in '/home/zeeshan/ros2_ws/build/worlds' returned '0': CMAKE_PREFIX_PATH=${CMAKE_PREFIX_PATH}:/opt/ros/humble /usr/bin/cmake --install /home/zeeshan/ros2_ws/build/worlds
