[0.231s] DEBUG:colcon:Command line arguments: ['/usr/bin/colcon', 'build']
[0.232s] DEBUG:colcon:Parsed command line arguments: Namespace(log_base=None, log_level=None, verb_name='build', build_base='build', install_base='install', merge_install=False, symlink_install=False, test_result_base=None, continue_on_error=False, executor='parallel', parallel_workers=4, event_handlers=None, ignore_user_meta=False, metas=['./colcon.meta'], base_paths=['.'], packages_ignore=None, packages_ignore_regex=None, paths=None, packages_up_to=None, packages_up_to_regex=None, packages_above=None, packages_above_and_dependencies=None, packages_above_depth=None, packages_select_by_dep=None, packages_skip_by_dep=None, packages_skip_up_to=None, packages_select_build_failed=False, packages_skip_build_finished=False, packages_select_test_failures=False, packages_skip_test_passed=False, packages_select=None, packages_skip=None, packages_select_regex=None, packages_skip_regex=None, packages_start=None, packages_end=None, allow_overriding=[], cmake_args=None, cmake_target=None, cmake_target_skip_unavailable=False, cmake_clean_cache=False, cmake_clean_first=False, cmake_force_configure=False, ament_cmake_args=None, catkin_cmake_args=None, catkin_skip_building_tests=False, mixin_files=None, mixin=None, verb_parser=<colcon_mixin.mixin.mixin_argument.MixinArgumentDecorator object at 0x78f7b3f4ee30>, verb_extension=<colcon_core.verb.build.BuildVerb object at 0x78f7b403ff70>, main=<bound method BuildVerb.main of <colcon_core.verb.build.BuildVerb object at 0x78f7b403ff70>>, mixin_verb=('build',))
[0.383s] Level 1:colcon.colcon_core.package_discovery:discover_packages(colcon_meta) check parameters
[0.383s] Level 1:colcon.colcon_core.package_discovery:discover_packages(recursive) check parameters
[0.383s] Level 1:colcon.colcon_core.package_discovery:discover_packages(ignore) check parameters
[0.383s] Level 1:colcon.colcon_core.package_discovery:discover_packages(path) check parameters
[0.383s] Level 1:colcon.colcon_core.package_discovery:discover_packages(colcon_meta) discover
[0.383s] Level 1:colcon.colcon_core.package_discovery:discover_packages(recursive) discover
[0.383s] INFO:colcon.colcon_core.package_discovery:Crawling recursively for packages in '/home/zeeshan/ros2_ws'
[0.384s] Level 1:colcon.colcon_core.package_identification:_identify(.) by extensions ['ignore', 'ignore_ament_install']
[0.384s] Level 1:colcon.colcon_core.package_identification:_identify(.) by extension 'ignore'
[0.384s] Level 1:colcon.colcon_core.package_identification:_identify(.) by extension 'ignore_ament_install'
[0.384s] Level 1:colcon.colcon_core.package_identification:_identify(.) by extensions ['colcon_pkg']
[0.384s] Level 1:colcon.colcon_core.package_identification:_identify(.) by extension 'colcon_pkg'
[0.384s] Level 1:colcon.colcon_core.package_identification:_identify(.) by extensions ['colcon_meta']
[0.384s] Level 1:colcon.colcon_core.package_identification:_identify(.) by extension 'colcon_meta'
[0.384s] Level 1:colcon.colcon_core.package_identification:_identify(.) by extensions ['ros']
[0.384s] Level 1:colcon.colcon_core.package_identification:_identify(.) by extension 'ros'
[0.391s] Level 1:colcon.colcon_core.package_identification:_identify(.) by extensions ['cmake', 'python']
[0.391s] Level 1:colcon.colcon_core.package_identification:_identify(.) by extension 'cmake'
[0.391s] Level 1:colcon.colcon_core.package_identification:_identify(.) by extension 'python'
[0.391s] Level 1:colcon.colcon_core.package_identification:_identify(.) by extensions ['python_setup_py']
[0.392s] Level 1:colcon.colcon_core.package_identification:_identify(.) by extension 'python_setup_py'
[0.392s] Level 1:colcon.colcon_core.package_identification:_identify(build) by extensions ['ignore', 'ignore_ament_install']
[0.392s] Level 1:colcon.colcon_core.package_identification:_identify(build) by extension 'ignore'
[0.392s] Level 1:colcon.colcon_core.package_identification:_identify(build) ignored
[0.392s] Level 1:colcon.colcon_core.package_identification:_identify(install) by extensions ['ignore', 'ignore_ament_install']
[0.393s] Level 1:colcon.colcon_core.package_identification:_identify(install) by extension 'ignore'
[0.393s] Level 1:colcon.colcon_core.package_identification:_identify(install) ignored
[0.393s] Level 1:colcon.colcon_core.package_identification:_identify(log) by extensions ['ignore', 'ignore_ament_install']
[0.394s] Level 1:colcon.colcon_core.package_identification:_identify(log) by extension 'ignore'
[0.394s] Level 1:colcon.colcon_core.package_identification:_identify(log) ignored
[0.394s] Level 1:colcon.colcon_core.package_identification:_identify(src) by extensions ['ignore', 'ignore_ament_install']
[0.394s] Level 1:colcon.colcon_core.package_identification:_identify(src) by extension 'ignore'
[0.394s] Level 1:colcon.colcon_core.package_identification:_identify(src) by extension 'ignore_ament_install'
[0.394s] Level 1:colcon.colcon_core.package_identification:_identify(src) by extensions ['colcon_pkg']
[0.394s] Level 1:colcon.colcon_core.package_identification:_identify(src) by extension 'colcon_pkg'
[0.394s] Level 1:colcon.colcon_core.package_identification:_identify(src) by extensions ['colcon_meta']
[0.395s] Level 1:colcon.colcon_core.package_identification:_identify(src) by extension 'colcon_meta'
[0.395s] Level 1:colcon.colcon_core.package_identification:_identify(src) by extensions ['ros']
[0.395s] Level 1:colcon.colcon_core.package_identification:_identify(src) by extension 'ros'
[0.395s] Level 1:colcon.colcon_core.package_identification:_identify(src) by extensions ['cmake', 'python']
[0.395s] Level 1:colcon.colcon_core.package_identification:_identify(src) by extension 'cmake'
[0.395s] Level 1:colcon.colcon_core.package_identification:_identify(src) by extension 'python'
[0.395s] Level 1:colcon.colcon_core.package_identification:_identify(src) by extensions ['python_setup_py']
[0.395s] Level 1:colcon.colcon_core.package_identification:_identify(src) by extension 'python_setup_py'
[0.396s] Level 1:colcon.colcon_core.package_identification:_identify(src/Stage) by extensions ['ignore', 'ignore_ament_install']
[0.396s] Level 1:colcon.colcon_core.package_identification:_identify(src/Stage) by extension 'ignore'
[0.396s] Level 1:colcon.colcon_core.package_identification:_identify(src/Stage) by extension 'ignore_ament_install'
[0.396s] Level 1:colcon.colcon_core.package_identification:_identify(src/Stage) by extensions ['colcon_pkg']
[0.396s] Level 1:colcon.colcon_core.package_identification:_identify(src/Stage) by extension 'colcon_pkg'
[0.396s] Level 1:colcon.colcon_core.package_identification:_identify(src/Stage) by extensions ['colcon_meta']
[0.397s] Level 1:colcon.colcon_core.package_identification:_identify(src/Stage) by extension 'colcon_meta'
[0.397s] Level 1:colcon.colcon_core.package_identification:_identify(src/Stage) by extensions ['ros']
[0.397s] Level 1:colcon.colcon_core.package_identification:_identify(src/Stage) by extension 'ros'
[0.397s] Level 1:colcon.colcon_core.package_identification:_identify(src/Stage) by extensions ['cmake', 'python']
[0.397s] Level 1:colcon.colcon_core.package_identification:_identify(src/Stage) by extension 'cmake'
[0.405s] Level 1:colcon.colcon_core.package_identification:_identify(src/Stage) by extension 'python'
[0.405s] DEBUG:colcon.colcon_core.package_identification:Package 'src/Stage' with type 'cmake' and name 'Stage'
[0.406s] Level 1:colcon.colcon_core.package_identification:_identify(src/configuration) by extensions ['ignore', 'ignore_ament_install']
[0.406s] Level 1:colcon.colcon_core.package_identification:_identify(src/configuration) by extension 'ignore'
[0.406s] Level 1:colcon.colcon_core.package_identification:_identify(src/configuration) by extension 'ignore_ament_install'
[0.406s] Level 1:colcon.colcon_core.package_identification:_identify(src/configuration) by extensions ['colcon_pkg']
[0.406s] Level 1:colcon.colcon_core.package_identification:_identify(src/configuration) by extension 'colcon_pkg'
[0.406s] Level 1:colcon.colcon_core.package_identification:_identify(src/configuration) by extensions ['colcon_meta']
[0.406s] Level 1:colcon.colcon_core.package_identification:_identify(src/configuration) by extension 'colcon_meta'
[0.406s] Level 1:colcon.colcon_core.package_identification:_identify(src/configuration) by extensions ['ros']
[0.407s] Level 1:colcon.colcon_core.package_identification:_identify(src/configuration) by extension 'ros'
[0.411s] DEBUG:colcon.colcon_core.package_identification:Package 'src/configuration' with type 'ros.ament_cmake' and name 'configuration'
[0.412s] Level 1:colcon.colcon_core.package_identification:_identify(src/my_planner) by extensions ['ignore', 'ignore_ament_install']
[0.412s] Level 1:colcon.colcon_core.package_identification:_identify(src/my_planner) by extension 'ignore'
[0.412s] Level 1:colcon.colcon_core.package_identification:_identify(src/my_planner) by extension 'ignore_ament_install'
[0.413s] Level 1:colcon.colcon_core.package_identification:_identify(src/my_planner) by extensions ['colcon_pkg']
[0.413s] Level 1:colcon.colcon_core.package_identification:_identify(src/my_planner) by extension 'colcon_pkg'
[0.413s] Level 1:colcon.colcon_core.package_identification:_identify(src/my_planner) by extensions ['colcon_meta']
[0.413s] Level 1:colcon.colcon_core.package_identification:_identify(src/my_planner) by extension 'colcon_meta'
[0.413s] Level 1:colcon.colcon_core.package_identification:_identify(src/my_planner) by extensions ['ros']
[0.413s] Level 1:colcon.colcon_core.package_identification:_identify(src/my_planner) by extension 'ros'
[0.415s] DEBUG:colcon.colcon_core.package_identification:Package 'src/my_planner' with type 'ros.ament_cmake' and name 'my_planner'
[0.415s] Level 1:colcon.colcon_core.package_identification:_identify(src/planner) by extensions ['ignore', 'ignore_ament_install']
[0.415s] Level 1:colcon.colcon_core.package_identification:_identify(src/planner) by extension 'ignore'
[0.415s] Level 1:colcon.colcon_core.package_identification:_identify(src/planner) by extension 'ignore_ament_install'
[0.416s] Level 1:colcon.colcon_core.package_identification:_identify(src/planner) by extensions ['colcon_pkg']
[0.416s] Level 1:colcon.colcon_core.package_identification:_identify(src/planner) by extension 'colcon_pkg'
[0.416s] Level 1:colcon.colcon_core.package_identification:_identify(src/planner) by extensions ['colcon_meta']
[0.416s] Level 1:colcon.colcon_core.package_identification:_identify(src/planner) by extension 'colcon_meta'
[0.416s] Level 1:colcon.colcon_core.package_identification:_identify(src/planner) by extensions ['ros']
[0.416s] Level 1:colcon.colcon_core.package_identification:_identify(src/planner) by extension 'ros'
[0.417s] DEBUG:colcon.colcon_core.package_identification:Package 'src/planner' with type 'ros.ament_cmake' and name 'planner'
[0.418s] Level 1:colcon.colcon_core.package_identification:_identify(src/simple_planner) by extensions ['ignore', 'ignore_ament_install']
[0.418s] Level 1:colcon.colcon_core.package_identification:_identify(src/simple_planner) by extension 'ignore'
[0.418s] Level 1:colcon.colcon_core.package_identification:_identify(src/simple_planner) by extension 'ignore_ament_install'
[0.418s] Level 1:colcon.colcon_core.package_identification:_identify(src/simple_planner) by extensions ['colcon_pkg']
[0.418s] Level 1:colcon.colcon_core.package_identification:_identify(src/simple_planner) by extension 'colcon_pkg'
[0.418s] Level 1:colcon.colcon_core.package_identification:_identify(src/simple_planner) by extensions ['colcon_meta']
[0.418s] Level 1:colcon.colcon_core.package_identification:_identify(src/simple_planner) by extension 'colcon_meta'
[0.418s] Level 1:colcon.colcon_core.package_identification:_identify(src/simple_planner) by extensions ['ros']
[0.418s] Level 1:colcon.colcon_core.package_identification:_identify(src/simple_planner) by extension 'ros'
[0.420s] DEBUG:colcon.colcon_core.package_identification:Package 'src/simple_planner' with type 'ros.ament_cmake' and name 'simple_planner'
[0.420s] Level 1:colcon.colcon_core.package_identification:_identify(src/stage_ros2) by extensions ['ignore', 'ignore_ament_install']
[0.421s] Level 1:colcon.colcon_core.package_identification:_identify(src/stage_ros2) by extension 'ignore'
[0.421s] Level 1:colcon.colcon_core.package_identification:_identify(src/stage_ros2) by extension 'ignore_ament_install'
[0.421s] Level 1:colcon.colcon_core.package_identification:_identify(src/stage_ros2) by extensions ['colcon_pkg']
[0.421s] Level 1:colcon.colcon_core.package_identification:_identify(src/stage_ros2) by extension 'colcon_pkg'
[0.421s] Level 1:colcon.colcon_core.package_identification:_identify(src/stage_ros2) by extensions ['colcon_meta']
[0.421s] Level 1:colcon.colcon_core.package_identification:_identify(src/stage_ros2) by extension 'colcon_meta'
[0.421s] Level 1:colcon.colcon_core.package_identification:_identify(src/stage_ros2) by extensions ['ros']
[0.421s] Level 1:colcon.colcon_core.package_identification:_identify(src/stage_ros2) by extension 'ros'
[0.423s] DEBUG:colcon.colcon_core.package_identification:Package 'src/stage_ros2' with type 'ros.ament_cmake' and name 'stage_ros2'
[0.423s] Level 1:colcon.colcon_core.package_identification:_identify(src/worlds) by extensions ['ignore', 'ignore_ament_install']
[0.423s] Level 1:colcon.colcon_core.package_identification:_identify(src/worlds) by extension 'ignore'
[0.423s] Level 1:colcon.colcon_core.package_identification:_identify(src/worlds) by extension 'ignore_ament_install'
[0.423s] Level 1:colcon.colcon_core.package_identification:_identify(src/worlds) by extensions ['colcon_pkg']
[0.423s] Level 1:colcon.colcon_core.package_identification:_identify(src/worlds) by extension 'colcon_pkg'
[0.423s] Level 1:colcon.colcon_core.package_identification:_identify(src/worlds) by extensions ['colcon_meta']
[0.424s] Level 1:colcon.colcon_core.package_identification:_identify(src/worlds) by extension 'colcon_meta'
[0.424s] Level 1:colcon.colcon_core.package_identification:_identify(src/worlds) by extensions ['ros']
[0.424s] Level 1:colcon.colcon_core.package_identification:_identify(src/worlds) by extension 'ros'
[0.425s] DEBUG:colcon.colcon_core.package_identification:Package 'src/worlds' with type 'ros.ament_cmake' and name 'worlds'
[0.425s] Level 1:colcon.colcon_core.package_discovery:discover_packages(recursive) using defaults
[0.425s] Level 1:colcon.colcon_core.package_discovery:discover_packages(ignore) discover
[0.425s] Level 1:colcon.colcon_core.package_discovery:discover_packages(ignore) using defaults
[0.425s] Level 1:colcon.colcon_core.package_discovery:discover_packages(path) discover
[0.425s] Level 1:colcon.colcon_core.package_discovery:discover_packages(path) using defaults
[0.466s] Level 1:colcon.colcon_core.package_discovery:discover_packages(prefix_path) check parameters
[0.466s] Level 1:colcon.colcon_core.package_discovery:discover_packages(prefix_path) discover
[0.471s] DEBUG:colcon.colcon_installed_package_information.package_discovery:Found 7 installed packages in /home/zeeshan/ros2_ws/install
[0.475s] DEBUG:colcon.colcon_installed_package_information.package_discovery:Found 314 installed packages in /opt/ros/humble
[0.479s] Level 1:colcon.colcon_core.package_discovery:discover_packages(prefix_path) using defaults
[0.577s] Level 5:colcon.colcon_core.verb:set package 'Stage' build argument 'cmake_args' from command line to 'None'
[0.577s] Level 5:colcon.colcon_core.verb:set package 'Stage' build argument 'cmake_target' from command line to 'None'
[0.577s] Level 5:colcon.colcon_core.verb:set package 'Stage' build argument 'cmake_target_skip_unavailable' from command line to 'False'
[0.577s] Level 5:colcon.colcon_core.verb:set package 'Stage' build argument 'cmake_clean_cache' from command line to 'False'
[0.577s] Level 5:colcon.colcon_core.verb:set package 'Stage' build argument 'cmake_clean_first' from command line to 'False'
[0.577s] Level 5:colcon.colcon_core.verb:set package 'Stage' build argument 'cmake_force_configure' from command line to 'False'
[0.577s] Level 5:colcon.colcon_core.verb:set package 'Stage' build argument 'ament_cmake_args' from command line to 'None'
[0.577s] Level 5:colcon.colcon_core.verb:set package 'Stage' build argument 'catkin_cmake_args' from command line to 'None'
[0.578s] Level 5:colcon.colcon_core.verb:set package 'Stage' build argument 'catkin_skip_building_tests' from command line to 'False'
[0.578s] DEBUG:colcon.colcon_core.verb:Building package 'Stage' with the following arguments: {'ament_cmake_args': None, 'build_base': '/home/zeeshan/ros2_ws/build/Stage', 'catkin_cmake_args': None, 'catkin_skip_building_tests': False, 'cmake_args': None, 'cmake_clean_cache': False, 'cmake_clean_first': False, 'cmake_force_configure': False, 'cmake_target': None, 'cmake_target_skip_unavailable': False, 'install_base': '/home/zeeshan/ros2_ws/install/Stage', 'merge_install': False, 'path': '/home/zeeshan/ros2_ws/src/Stage', 'symlink_install': False, 'test_result_base': None}
[0.578s] Level 5:colcon.colcon_core.verb:set package 'configuration' build argument 'cmake_args' from command line to 'None'
[0.579s] Level 5:colcon.colcon_core.verb:set package 'configuration' build argument 'cmake_target' from command line to 'None'
[0.579s] Level 5:colcon.colcon_core.verb:set package 'configuration' build argument 'cmake_target_skip_unavailable' from command line to 'False'
[0.579s] Level 5:colcon.colcon_core.verb:set package 'configuration' build argument 'cmake_clean_cache' from command line to 'False'
[0.579s] Level 5:colcon.colcon_core.verb:set package 'configuration' build argument 'cmake_clean_first' from command line to 'False'
[0.579s] Level 5:colcon.colcon_core.verb:set package 'configuration' build argument 'cmake_force_configure' from command line to 'False'
[0.579s] Level 5:colcon.colcon_core.verb:set package 'configuration' build argument 'ament_cmake_args' from command line to 'None'
[0.579s] Level 5:colcon.colcon_core.verb:set package 'configuration' build argument 'catkin_cmake_args' from command line to 'None'
[0.579s] Level 5:colcon.colcon_core.verb:set package 'configuration' build argument 'catkin_skip_building_tests' from command line to 'False'
[0.579s] DEBUG:colcon.colcon_core.verb:Building package 'configuration' with the following arguments: {'ament_cmake_args': None, 'build_base': '/home/zeeshan/ros2_ws/build/configuration', 'catkin_cmake_args': None, 'catkin_skip_building_tests': False, 'cmake_args': None, 'cmake_clean_cache': False, 'cmake_clean_first': False, 'cmake_force_configure': False, 'cmake_target': None, 'cmake_target_skip_unavailable': False, 'install_base': '/home/zeeshan/ros2_ws/install/configuration', 'merge_install': False, 'path': '/home/zeeshan/ros2_ws/src/configuration', 'symlink_install': False, 'test_result_base': None}
[0.580s] Level 5:colcon.colcon_core.verb:set package 'my_planner' build argument 'cmake_args' from command line to 'None'
[0.580s] Level 5:colcon.colcon_core.verb:set package 'my_planner' build argument 'cmake_target' from command line to 'None'
[0.580s] Level 5:colcon.colcon_core.verb:set package 'my_planner' build argument 'cmake_target_skip_unavailable' from command line to 'False'
[0.580s] Level 5:colcon.colcon_core.verb:set package 'my_planner' build argument 'cmake_clean_cache' from command line to 'False'
[0.580s] Level 5:colcon.colcon_core.verb:set package 'my_planner' build argument 'cmake_clean_first' from command line to 'False'
[0.580s] Level 5:colcon.colcon_core.verb:set package 'my_planner' build argument 'cmake_force_configure' from command line to 'False'
[0.580s] Level 5:colcon.colcon_core.verb:set package 'my_planner' build argument 'ament_cmake_args' from command line to 'None'
[0.580s] Level 5:colcon.colcon_core.verb:set package 'my_planner' build argument 'catkin_cmake_args' from command line to 'None'
[0.580s] Level 5:colcon.colcon_core.verb:set package 'my_planner' build argument 'catkin_skip_building_tests' from command line to 'False'
[0.580s] DEBUG:colcon.colcon_core.verb:Building package 'my_planner' with the following arguments: {'ament_cmake_args': None, 'build_base': '/home/zeeshan/ros2_ws/build/my_planner', 'catkin_cmake_args': None, 'catkin_skip_building_tests': False, 'cmake_args': None, 'cmake_clean_cache': False, 'cmake_clean_first': False, 'cmake_force_configure': False, 'cmake_target': None, 'cmake_target_skip_unavailable': False, 'install_base': '/home/zeeshan/ros2_ws/install/my_planner', 'merge_install': False, 'path': '/home/zeeshan/ros2_ws/src/my_planner', 'symlink_install': False, 'test_result_base': None}
[0.581s] Level 5:colcon.colcon_core.verb:set package 'planner' build argument 'cmake_args' from command line to 'None'
[0.581s] Level 5:colcon.colcon_core.verb:set package 'planner' build argument 'cmake_target' from command line to 'None'
[0.581s] Level 5:colcon.colcon_core.verb:set package 'planner' build argument 'cmake_target_skip_unavailable' from command line to 'False'
[0.581s] Level 5:colcon.colcon_core.verb:set package 'planner' build argument 'cmake_clean_cache' from command line to 'False'
[0.581s] Level 5:colcon.colcon_core.verb:set package 'planner' build argument 'cmake_clean_first' from command line to 'False'
[0.581s] Level 5:colcon.colcon_core.verb:set package 'planner' build argument 'cmake_force_configure' from command line to 'False'
[0.581s] Level 5:colcon.colcon_core.verb:set package 'planner' build argument 'ament_cmake_args' from command line to 'None'
[0.582s] Level 5:colcon.colcon_core.verb:set package 'planner' build argument 'catkin_cmake_args' from command line to 'None'
[0.582s] Level 5:colcon.colcon_core.verb:set package 'planner' build argument 'catkin_skip_building_tests' from command line to 'False'
[0.582s] DEBUG:colcon.colcon_core.verb:Building package 'planner' with the following arguments: {'ament_cmake_args': None, 'build_base': '/home/zeeshan/ros2_ws/build/planner', 'catkin_cmake_args': None, 'catkin_skip_building_tests': False, 'cmake_args': None, 'cmake_clean_cache': False, 'cmake_clean_first': False, 'cmake_force_configure': False, 'cmake_target': None, 'cmake_target_skip_unavailable': False, 'install_base': '/home/zeeshan/ros2_ws/install/planner', 'merge_install': False, 'path': '/home/zeeshan/ros2_ws/src/planner', 'symlink_install': False, 'test_result_base': None}
[0.582s] Level 5:colcon.colcon_core.verb:set package 'simple_planner' build argument 'cmake_args' from command line to 'None'
[0.582s] Level 5:colcon.colcon_core.verb:set package 'simple_planner' build argument 'cmake_target' from command line to 'None'
[0.582s] Level 5:colcon.colcon_core.verb:set package 'simple_planner' build argument 'cmake_target_skip_unavailable' from command line to 'False'
[0.583s] Level 5:colcon.colcon_core.verb:set package 'simple_planner' build argument 'cmake_clean_cache' from command line to 'False'
[0.583s] Level 5:colcon.colcon_core.verb:set package 'simple_planner' build argument 'cmake_clean_first' from command line to 'False'
[0.583s] Level 5:colcon.colcon_core.verb:set package 'simple_planner' build argument 'cmake_force_configure' from command line to 'False'
[0.583s] Level 5:colcon.colcon_core.verb:set package 'simple_planner' build argument 'ament_cmake_args' from command line to 'None'
[0.583s] Level 5:colcon.colcon_core.verb:set package 'simple_planner' build argument 'catkin_cmake_args' from command line to 'None'
[0.583s] Level 5:colcon.colcon_core.verb:set package 'simple_planner' build argument 'catkin_skip_building_tests' from command line to 'False'
[0.583s] DEBUG:colcon.colcon_core.verb:Building package 'simple_planner' with the following arguments: {'ament_cmake_args': None, 'build_base': '/home/zeeshan/ros2_ws/build/simple_planner', 'catkin_cmake_args': None, 'catkin_skip_building_tests': False, 'cmake_args': None, 'cmake_clean_cache': False, 'cmake_clean_first': False, 'cmake_force_configure': False, 'cmake_target': None, 'cmake_target_skip_unavailable': False, 'install_base': '/home/zeeshan/ros2_ws/install/simple_planner', 'merge_install': False, 'path': '/home/zeeshan/ros2_ws/src/simple_planner', 'symlink_install': False, 'test_result_base': None}
[0.584s] Level 5:colcon.colcon_core.verb:set package 'worlds' build argument 'cmake_args' from command line to 'None'
[0.584s] Level 5:colcon.colcon_core.verb:set package 'worlds' build argument 'cmake_target' from command line to 'None'
[0.584s] Level 5:colcon.colcon_core.verb:set package 'worlds' build argument 'cmake_target_skip_unavailable' from command line to 'False'
[0.584s] Level 5:colcon.colcon_core.verb:set package 'worlds' build argument 'cmake_clean_cache' from command line to 'False'
[0.584s] Level 5:colcon.colcon_core.verb:set package 'worlds' build argument 'cmake_clean_first' from command line to 'False'
[0.584s] Level 5:colcon.colcon_core.verb:set package 'worlds' build argument 'cmake_force_configure' from command line to 'False'
[0.584s] Level 5:colcon.colcon_core.verb:set package 'worlds' build argument 'ament_cmake_args' from command line to 'None'
[0.584s] Level 5:colcon.colcon_core.verb:set package 'worlds' build argument 'catkin_cmake_args' from command line to 'None'
[0.584s] Level 5:colcon.colcon_core.verb:set package 'worlds' build argument 'catkin_skip_building_tests' from command line to 'False'
[0.584s] DEBUG:colcon.colcon_core.verb:Building package 'worlds' with the following arguments: {'ament_cmake_args': None, 'build_base': '/home/zeeshan/ros2_ws/build/worlds', 'catkin_cmake_args': None, 'catkin_skip_building_tests': False, 'cmake_args': None, 'cmake_clean_cache': False, 'cmake_clean_first': False, 'cmake_force_configure': False, 'cmake_target': None, 'cmake_target_skip_unavailable': False, 'install_base': '/home/zeeshan/ros2_ws/install/worlds', 'merge_install': False, 'path': '/home/zeeshan/ros2_ws/src/worlds', 'symlink_install': False, 'test_result_base': None}
[0.585s] Level 5:colcon.colcon_core.verb:set package 'stage_ros2' build argument 'cmake_args' from command line to 'None'
[0.585s] Level 5:colcon.colcon_core.verb:set package 'stage_ros2' build argument 'cmake_target' from command line to 'None'
[0.585s] Level 5:colcon.colcon_core.verb:set package 'stage_ros2' build argument 'cmake_target_skip_unavailable' from command line to 'False'
[0.585s] Level 5:colcon.colcon_core.verb:set package 'stage_ros2' build argument 'cmake_clean_cache' from command line to 'False'
[0.585s] Level 5:colcon.colcon_core.verb:set package 'stage_ros2' build argument 'cmake_clean_first' from command line to 'False'
[0.585s] Level 5:colcon.colcon_core.verb:set package 'stage_ros2' build argument 'cmake_force_configure' from command line to 'False'
[0.585s] Level 5:colcon.colcon_core.verb:set package 'stage_ros2' build argument 'ament_cmake_args' from command line to 'None'
[0.585s] Level 5:colcon.colcon_core.verb:set package 'stage_ros2' build argument 'catkin_cmake_args' from command line to 'None'
[0.585s] Level 5:colcon.colcon_core.verb:set package 'stage_ros2' build argument 'catkin_skip_building_tests' from command line to 'False'
[0.585s] DEBUG:colcon.colcon_core.verb:Building package 'stage_ros2' with the following arguments: {'ament_cmake_args': None, 'build_base': '/home/zeeshan/ros2_ws/build/stage_ros2', 'catkin_cmake_args': None, 'catkin_skip_building_tests': False, 'cmake_args': None, 'cmake_clean_cache': False, 'cmake_clean_first': False, 'cmake_force_configure': False, 'cmake_target': None, 'cmake_target_skip_unavailable': False, 'install_base': '/home/zeeshan/ros2_ws/install/stage_ros2', 'merge_install': False, 'path': '/home/zeeshan/ros2_ws/src/stage_ros2', 'symlink_install': False, 'test_result_base': None}
[0.586s] INFO:colcon.colcon_core.executor:Executing jobs using 'parallel' executor
[0.587s] DEBUG:colcon.colcon_parallel_executor.executor.parallel:run_until_complete
[0.588s] INFO:colcon.colcon_cmake.task.cmake.build:Building CMake package in '/home/zeeshan/ros2_ws/src/Stage'
[0.593s] INFO:colcon.colcon_core.plugin_system:Skipping extension 'colcon_core.shell.bat': Not used on non-Windows systems
[0.593s] INFO:colcon.colcon_core.shell:Skip shell extension 'powershell' for command environment: Not usable outside of PowerShell
[0.593s] DEBUG:colcon.colcon_core.shell:Skip shell extension 'dsv' for command environment
[0.601s] INFO:colcon.colcon_ros.task.ament_cmake.build:Building ROS package in '/home/zeeshan/ros2_ws/src/configuration' with build type 'ament_cmake'
[0.601s] INFO:colcon.colcon_cmake.task.cmake.build:Building CMake package in '/home/zeeshan/ros2_ws/src/configuration'
[0.602s] INFO:colcon.colcon_core.shell:Skip shell extension 'powershell' for command environment: Not usable outside of PowerShell
[0.602s] DEBUG:colcon.colcon_core.shell:Skip shell extension 'dsv' for command environment
[0.610s] INFO:colcon.colcon_ros.task.ament_cmake.build:Building ROS package in '/home/zeeshan/ros2_ws/src/my_planner' with build type 'ament_cmake'
[0.610s] INFO:colcon.colcon_cmake.task.cmake.build:Building CMake package in '/home/zeeshan/ros2_ws/src/my_planner'
[0.611s] INFO:colcon.colcon_core.shell:Skip shell extension 'powershell' for command environment: Not usable outside of PowerShell
[0.611s] DEBUG:colcon.colcon_core.shell:Skip shell extension 'dsv' for command environment
[0.619s] INFO:colcon.colcon_ros.task.ament_cmake.build:Building ROS package in '/home/zeeshan/ros2_ws/src/planner' with build type 'ament_cmake'
[0.620s] INFO:colcon.colcon_cmake.task.cmake.build:Building CMake package in '/home/zeeshan/ros2_ws/src/planner'
[0.620s] INFO:colcon.colcon_core.shell:Skip shell extension 'powershell' for command environment: Not usable outside of PowerShell
[0.620s] DEBUG:colcon.colcon_core.shell:Skip shell extension 'dsv' for command environment
[0.641s] DEBUG:colcon.colcon_core.event_handler.log_command:Invoking command in '/home/zeeshan/ros2_ws/build/Stage': /usr/bin/cmake --build /home/zeeshan/ros2_ws/build/Stage -- -j4 -l4
[0.653s] DEBUG:colcon.colcon_core.event_handler.log_command:Invoking command in '/home/zeeshan/ros2_ws/build/configuration': CMAKE_PREFIX_PATH=${CMAKE_PREFIX_PATH}:/opt/ros/humble /usr/bin/cmake --build /home/zeeshan/ros2_ws/build/configuration -- -j4 -l4
[0.655s] DEBUG:colcon.colcon_core.event_handler.log_command:Invoking command in '/home/zeeshan/ros2_ws/build/my_planner': CMAKE_PREFIX_PATH=${CMAKE_PREFIX_PATH}:/opt/ros/humble /usr/bin/cmake --build /home/zeeshan/ros2_ws/build/my_planner -- -j4 -l4
[0.674s] DEBUG:colcon.colcon_core.event_handler.log_command:Invoking command in '/home/zeeshan/ros2_ws/build/planner': CMAKE_PREFIX_PATH=${CMAKE_PREFIX_PATH}:/opt/ros/humble /usr/bin/cmake --build /home/zeeshan/ros2_ws/build/planner -- -j4 -l4
[0.736s] DEBUG:colcon.colcon_core.event_handler.log_command:Invoked command in '/home/zeeshan/ros2_ws/build/configuration' returned '0': CMAKE_PREFIX_PATH=${CMAKE_PREFIX_PATH}:/opt/ros/humble /usr/bin/cmake --build /home/zeeshan/ros2_ws/build/configuration -- -j4 -l4
[0.816s] DEBUG:colcon.colcon_core.event_handler.log_command:Invoking command in '/home/zeeshan/ros2_ws/build/configuration': CMAKE_PREFIX_PATH=${CMAKE_PREFIX_PATH}:/opt/ros/humble /usr/bin/cmake --install /home/zeeshan/ros2_ws/build/configuration
[0.839s] Level 1:colcon.colcon_core.environment:create_environment_scripts_only(configuration)
[0.845s] Level 1:colcon.colcon_core.environment:checking '/home/zeeshan/ros2_ws/install/configuration' for CMake module files
[0.846s] Level 1:colcon.colcon_core.environment:checking '/home/zeeshan/ros2_ws/install/configuration' for CMake config files
[0.847s] Level 1:colcon.colcon_core.shell:create_environment_hook('configuration', 'cmake_prefix_path')
[0.847s] INFO:colcon.colcon_core.shell:Creating environment hook '/home/zeeshan/ros2_ws/install/configuration/share/configuration/hook/cmake_prefix_path.ps1'
[0.850s] DEBUG:colcon.colcon_core.event_handler.log_command:Invoked command in '/home/zeeshan/ros2_ws/build/configuration' returned '0': CMAKE_PREFIX_PATH=${CMAKE_PREFIX_PATH}:/opt/ros/humble /usr/bin/cmake --install /home/zeeshan/ros2_ws/build/configuration
[0.856s] INFO:colcon.colcon_core.shell:Creating environment descriptor '/home/zeeshan/ros2_ws/install/configuration/share/configuration/hook/cmake_prefix_path.dsv'
[0.857s] INFO:colcon.colcon_core.shell:Creating environment hook '/home/zeeshan/ros2_ws/install/configuration/share/configuration/hook/cmake_prefix_path.sh'
[0.888s] Level 1:colcon.colcon_core.environment:checking '/home/zeeshan/ros2_ws/install/configuration/bin'
[0.888s] Level 1:colcon.colcon_core.environment:checking '/home/zeeshan/ros2_ws/install/configuration/lib/pkgconfig/configuration.pc'
[0.890s] Level 1:colcon.colcon_core.environment:checking '/home/zeeshan/ros2_ws/install/configuration/lib/python3.10/site-packages'
[0.890s] Level 1:colcon.colcon_core.environment:checking '/home/zeeshan/ros2_ws/install/configuration/bin'
[0.891s] INFO:colcon.colcon_core.shell:Creating package script '/home/zeeshan/ros2_ws/install/configuration/share/configuration/package.ps1'
[0.896s] INFO:colcon.colcon_core.shell:Creating package descriptor '/home/zeeshan/ros2_ws/install/configuration/share/configuration/package.dsv'
[0.898s] INFO:colcon.colcon_core.shell:Creating package script '/home/zeeshan/ros2_ws/install/configuration/share/configuration/package.sh'
[0.900s] INFO:colcon.colcon_core.shell:Creating package script '/home/zeeshan/ros2_ws/install/configuration/share/configuration/package.bash'
[0.902s] INFO:colcon.colcon_core.shell:Creating package script '/home/zeeshan/ros2_ws/install/configuration/share/configuration/package.zsh'
[0.907s] Level 1:colcon.colcon_core.environment:create_file_with_runtime_dependencies(/home/zeeshan/ros2_ws/install/configuration/share/colcon-core/packages/configuration)
[0.942s] DEBUG:colcon.colcon_core.event_handler.log_command:Invoked command in '/home/zeeshan/ros2_ws/build/my_planner' returned '0': CMAKE_PREFIX_PATH=${CMAKE_PREFIX_PATH}:/opt/ros/humble /usr/bin/cmake --build /home/zeeshan/ros2_ws/build/my_planner -- -j4 -l4
[0.959s] DEBUG:colcon.colcon_core.event_handler.log_command:Invoked command in '/home/zeeshan/ros2_ws/build/planner' returned '0': CMAKE_PREFIX_PATH=${CMAKE_PREFIX_PATH}:/opt/ros/humble /usr/bin/cmake --build /home/zeeshan/ros2_ws/build/planner -- -j4 -l4
[1.122s] DEBUG:colcon.colcon_core.event_handler.log_command:Invoking command in '/home/zeeshan/ros2_ws/build/planner': CMAKE_PREFIX_PATH=${CMAKE_PREFIX_PATH}:/opt/ros/humble /usr/bin/cmake --install /home/zeeshan/ros2_ws/build/planner
[1.198s] Level 1:colcon.colcon_core.environment:create_environment_scripts_only(configuration)
[1.199s] Level 1:colcon.colcon_core.environment:checking '/home/zeeshan/ros2_ws/install/configuration' for CMake module files
[1.200s] Level 1:colcon.colcon_core.environment:checking '/home/zeeshan/ros2_ws/install/configuration' for CMake config files
[1.201s] Level 1:colcon.colcon_core.shell:create_environment_hook('configuration', 'cmake_prefix_path')
[1.201s] INFO:colcon.colcon_core.shell:Creating environment hook '/home/zeeshan/ros2_ws/install/configuration/share/configuration/hook/cmake_prefix_path.ps1'
[1.204s] INFO:colcon.colcon_core.shell:Creating environment descriptor '/home/zeeshan/ros2_ws/install/configuration/share/configuration/hook/cmake_prefix_path.dsv'
[1.206s] INFO:colcon.colcon_core.shell:Creating environment hook '/home/zeeshan/ros2_ws/install/configuration/share/configuration/hook/cmake_prefix_path.sh'
[1.209s] Level 1:colcon.colcon_core.environment:checking '/home/zeeshan/ros2_ws/install/configuration/bin'
[1.209s] Level 1:colcon.colcon_core.environment:checking '/home/zeeshan/ros2_ws/install/configuration/lib/pkgconfig/configuration.pc'
[1.210s] Level 1:colcon.colcon_core.environment:checking '/home/zeeshan/ros2_ws/install/configuration/lib/python3.10/site-packages'
[1.210s] Level 1:colcon.colcon_core.environment:checking '/home/zeeshan/ros2_ws/install/configuration/bin'
[1.211s] INFO:colcon.colcon_core.shell:Creating package script '/home/zeeshan/ros2_ws/install/configuration/share/configuration/package.ps1'
[1.224s] INFO:colcon.colcon_core.shell:Creating package descriptor '/home/zeeshan/ros2_ws/install/configuration/share/configuration/package.dsv'
[1.225s] INFO:colcon.colcon_core.shell:Creating package script '/home/zeeshan/ros2_ws/install/configuration/share/configuration/package.sh'
[1.227s] INFO:colcon.colcon_core.shell:Creating package script '/home/zeeshan/ros2_ws/install/configuration/share/configuration/package.bash'
[1.228s] INFO:colcon.colcon_core.shell:Creating package script '/home/zeeshan/ros2_ws/install/configuration/share/configuration/package.zsh'
[1.229s] Level 1:colcon.colcon_core.environment:create_file_with_runtime_dependencies(/home/zeeshan/ros2_ws/install/configuration/share/colcon-core/packages/configuration)
[1.232s] INFO:colcon.colcon_ros.task.ament_cmake.build:Building ROS package in '/home/zeeshan/ros2_ws/src/simple_planner' with build type 'ament_cmake'
[1.233s] INFO:colcon.colcon_cmake.task.cmake.build:Building CMake package in '/home/zeeshan/ros2_ws/src/simple_planner'
[1.234s] INFO:colcon.colcon_core.shell:Skip shell extension 'powershell' for command environment: Not usable outside of PowerShell
[1.235s] DEBUG:colcon.colcon_core.shell:Skip shell extension 'dsv' for command environment
[1.259s] DEBUG:colcon.colcon_core.event_handler.log_command:Invoking command in '/home/zeeshan/ros2_ws/build/my_planner': CMAKE_PREFIX_PATH=${CMAKE_PREFIX_PATH}:/opt/ros/humble /usr/bin/cmake --install /home/zeeshan/ros2_ws/build/my_planner
[1.262s] Level 1:colcon.colcon_core.environment:create_environment_scripts_only(planner)
[1.263s] Level 1:colcon.colcon_core.environment:checking '/home/zeeshan/ros2_ws/install/planner' for CMake module files
[1.265s] DEBUG:colcon.colcon_core.event_handler.log_command:Invoked command in '/home/zeeshan/ros2_ws/build/planner' returned '0': CMAKE_PREFIX_PATH=${CMAKE_PREFIX_PATH}:/opt/ros/humble /usr/bin/cmake --install /home/zeeshan/ros2_ws/build/planner
[1.266s] Level 1:colcon.colcon_core.environment:checking '/home/zeeshan/ros2_ws/install/planner' for CMake config files
[1.267s] Level 1:colcon.colcon_core.shell:create_environment_hook('planner', 'cmake_prefix_path')
[1.267s] INFO:colcon.colcon_core.shell:Creating environment hook '/home/zeeshan/ros2_ws/install/planner/share/planner/hook/cmake_prefix_path.ps1'
[1.269s] INFO:colcon.colcon_core.shell:Creating environment descriptor '/home/zeeshan/ros2_ws/install/planner/share/planner/hook/cmake_prefix_path.dsv'
[1.270s] INFO:colcon.colcon_core.shell:Creating environment hook '/home/zeeshan/ros2_ws/install/planner/share/planner/hook/cmake_prefix_path.sh'
[1.271s] Level 1:colcon.colcon_core.environment:checking '/home/zeeshan/ros2_ws/install/planner/lib'
[1.274s] Level 1:colcon.colcon_core.environment:checking '/home/zeeshan/ros2_ws/install/planner/bin'
[1.274s] Level 1:colcon.colcon_core.environment:checking '/home/zeeshan/ros2_ws/install/planner/lib/pkgconfig/planner.pc'
[1.274s] Level 1:colcon.colcon_core.environment:checking '/home/zeeshan/ros2_ws/install/planner/lib/python3.10/site-packages'
[1.275s] Level 1:colcon.colcon_core.environment:checking '/home/zeeshan/ros2_ws/install/planner/bin'
[1.276s] INFO:colcon.colcon_core.shell:Creating package script '/home/zeeshan/ros2_ws/install/planner/share/planner/package.ps1'
[1.278s] INFO:colcon.colcon_core.shell:Creating package descriptor '/home/zeeshan/ros2_ws/install/planner/share/planner/package.dsv'
[1.280s] INFO:colcon.colcon_core.shell:Creating package script '/home/zeeshan/ros2_ws/install/planner/share/planner/package.sh'
[1.290s] INFO:colcon.colcon_core.shell:Creating package script '/home/zeeshan/ros2_ws/install/planner/share/planner/package.bash'
[1.295s] INFO:colcon.colcon_core.shell:Creating package script '/home/zeeshan/ros2_ws/install/planner/share/planner/package.zsh'
[1.296s] Level 1:colcon.colcon_core.environment:create_file_with_runtime_dependencies(/home/zeeshan/ros2_ws/install/planner/share/colcon-core/packages/planner)
[1.310s] DEBUG:colcon.colcon_core.event_handler.log_command:Invoking command in '/home/zeeshan/ros2_ws/build/simple_planner': CMAKE_PREFIX_PATH=${CMAKE_PREFIX_PATH}:/opt/ros/humble /usr/bin/cmake --build /home/zeeshan/ros2_ws/build/simple_planner -- -j4 -l4
[1.316s] DEBUG:colcon.colcon_core.event_handler.log_command:Invoked command in '/home/zeeshan/ros2_ws/build/Stage' returned '0': /usr/bin/cmake --build /home/zeeshan/ros2_ws/build/Stage -- -j4 -l4
[1.331s] Level 1:colcon.colcon_core.environment:create_environment_scripts_only(my_planner)
[1.332s] Level 1:colcon.colcon_core.environment:checking '/home/zeeshan/ros2_ws/install/my_planner' for CMake module files
[1.333s] Level 1:colcon.colcon_core.environment:checking '/home/zeeshan/ros2_ws/install/my_planner' for CMake config files
[1.334s] Level 1:colcon.colcon_core.shell:create_environment_hook('my_planner', 'cmake_prefix_path')
[1.335s] INFO:colcon.colcon_core.shell:Creating environment hook '/home/zeeshan/ros2_ws/install/my_planner/share/my_planner/hook/cmake_prefix_path.ps1'
[1.336s] INFO:colcon.colcon_core.shell:Creating environment descriptor '/home/zeeshan/ros2_ws/install/my_planner/share/my_planner/hook/cmake_prefix_path.dsv'
[1.337s] INFO:colcon.colcon_core.shell:Creating environment hook '/home/zeeshan/ros2_ws/install/my_planner/share/my_planner/hook/cmake_prefix_path.sh'
[1.338s] Level 1:colcon.colcon_core.environment:checking '/home/zeeshan/ros2_ws/install/my_planner/lib'
[1.339s] Level 1:colcon.colcon_core.environment:checking '/home/zeeshan/ros2_ws/install/my_planner/bin'
[1.339s] Level 1:colcon.colcon_core.environment:checking '/home/zeeshan/ros2_ws/install/my_planner/lib/pkgconfig/my_planner.pc'
[1.339s] Level 1:colcon.colcon_core.environment:checking '/home/zeeshan/ros2_ws/install/my_planner/lib/python3.10/site-packages'
[1.340s] Level 1:colcon.colcon_core.environment:checking '/home/zeeshan/ros2_ws/install/my_planner/bin'
[1.340s] DEBUG:colcon.colcon_core.event_handler.log_command:Invoked command in '/home/zeeshan/ros2_ws/build/my_planner' returned '0': CMAKE_PREFIX_PATH=${CMAKE_PREFIX_PATH}:/opt/ros/humble /usr/bin/cmake --install /home/zeeshan/ros2_ws/build/my_planner
[1.342s] INFO:colcon.colcon_core.shell:Creating package script '/home/zeeshan/ros2_ws/install/my_planner/share/my_planner/package.ps1'
[1.345s] INFO:colcon.colcon_core.shell:Creating package descriptor '/home/zeeshan/ros2_ws/install/my_planner/share/my_planner/package.dsv'
[1.349s] INFO:colcon.colcon_core.shell:Creating package script '/home/zeeshan/ros2_ws/install/my_planner/share/my_planner/package.sh'
[1.351s] INFO:colcon.colcon_core.shell:Creating package script '/home/zeeshan/ros2_ws/install/my_planner/share/my_planner/package.bash'
[1.353s] INFO:colcon.colcon_core.shell:Creating package script '/home/zeeshan/ros2_ws/install/my_planner/share/my_planner/package.zsh'
[1.354s] Level 1:colcon.colcon_core.environment:create_file_with_runtime_dependencies(/home/zeeshan/ros2_ws/install/my_planner/share/colcon-core/packages/my_planner)
[1.375s] Level 1:colcon.colcon_core.environment:create_environment_scripts_only(planner)
[1.375s] Level 1:colcon.colcon_core.environment:checking '/home/zeeshan/ros2_ws/install/planner' for CMake module files
[1.377s] Level 1:colcon.colcon_core.environment:checking '/home/zeeshan/ros2_ws/install/planner' for CMake config files
[1.377s] Level 1:colcon.colcon_core.shell:create_environment_hook('planner', 'cmake_prefix_path')
[1.378s] INFO:colcon.colcon_core.shell:Creating environment hook '/home/zeeshan/ros2_ws/install/planner/share/planner/hook/cmake_prefix_path.ps1'
[1.380s] INFO:colcon.colcon_core.shell:Creating environment descriptor '/home/zeeshan/ros2_ws/install/planner/share/planner/hook/cmake_prefix_path.dsv'
[1.381s] INFO:colcon.colcon_core.shell:Creating environment hook '/home/zeeshan/ros2_ws/install/planner/share/planner/hook/cmake_prefix_path.sh'
[1.382s] Level 1:colcon.colcon_core.environment:checking '/home/zeeshan/ros2_ws/install/planner/lib'
[1.382s] Level 1:colcon.colcon_core.environment:checking '/home/zeeshan/ros2_ws/install/planner/bin'
[1.383s] Level 1:colcon.colcon_core.environment:checking '/home/zeeshan/ros2_ws/install/planner/lib/pkgconfig/planner.pc'
[1.383s] Level 1:colcon.colcon_core.environment:checking '/home/zeeshan/ros2_ws/install/planner/lib/python3.10/site-packages'
[1.384s] Level 1:colcon.colcon_core.environment:checking '/home/zeeshan/ros2_ws/install/planner/bin'
[1.385s] INFO:colcon.colcon_core.shell:Creating package script '/home/zeeshan/ros2_ws/install/planner/share/planner/package.ps1'
[1.386s] INFO:colcon.colcon_core.shell:Creating package descriptor '/home/zeeshan/ros2_ws/install/planner/share/planner/package.dsv'
[1.387s] INFO:colcon.colcon_core.shell:Creating package script '/home/zeeshan/ros2_ws/install/planner/share/planner/package.sh'
[1.388s] INFO:colcon.colcon_core.shell:Creating package script '/home/zeeshan/ros2_ws/install/planner/share/planner/package.bash'
[1.389s] INFO:colcon.colcon_core.shell:Creating package script '/home/zeeshan/ros2_ws/install/planner/share/planner/package.zsh'
[1.391s] Level 1:colcon.colcon_core.environment:create_file_with_runtime_dependencies(/home/zeeshan/ros2_ws/install/planner/share/colcon-core/packages/planner)
[1.393s] INFO:colcon.colcon_ros.task.ament_cmake.build:Building ROS package in '/home/zeeshan/ros2_ws/src/worlds' with build type 'ament_cmake'
[1.394s] INFO:colcon.colcon_cmake.task.cmake.build:Building CMake package in '/home/zeeshan/ros2_ws/src/worlds'
[1.395s] INFO:colcon.colcon_core.shell:Skip shell extension 'powershell' for command environment: Not usable outside of PowerShell
[1.395s] DEBUG:colcon.colcon_core.shell:Skip shell extension 'dsv' for command environment
[1.418s] DEBUG:colcon.colcon_core.event_handler.log_command:Invoking command in '/home/zeeshan/ros2_ws/build/Stage': /usr/bin/cmake --install /home/zeeshan/ros2_ws/build/Stage
[1.424s] DEBUG:colcon.colcon_core.event_handler.log_command:Invoking command in '/home/zeeshan/ros2_ws/build/worlds': CMAKE_PREFIX_PATH=${CMAKE_PREFIX_PATH}:/opt/ros/humble /usr/bin/cmake --build /home/zeeshan/ros2_ws/build/worlds -- -j4 -l4
[1.464s] Level 1:colcon.colcon_core.environment:create_environment_scripts_only(my_planner)
[1.465s] Level 1:colcon.colcon_core.environment:checking '/home/zeeshan/ros2_ws/install/my_planner' for CMake module files
[1.466s] Level 1:colcon.colcon_core.environment:checking '/home/zeeshan/ros2_ws/install/my_planner' for CMake config files
[1.467s] Level 1:colcon.colcon_core.shell:create_environment_hook('my_planner', 'cmake_prefix_path')
[1.468s] INFO:colcon.colcon_core.shell:Creating environment hook '/home/zeeshan/ros2_ws/install/my_planner/share/my_planner/hook/cmake_prefix_path.ps1'
[1.469s] INFO:colcon.colcon_core.shell:Creating environment descriptor '/home/zeeshan/ros2_ws/install/my_planner/share/my_planner/hook/cmake_prefix_path.dsv'
[1.469s] INFO:colcon.colcon_core.shell:Creating environment hook '/home/zeeshan/ros2_ws/install/my_planner/share/my_planner/hook/cmake_prefix_path.sh'
[1.471s] Level 1:colcon.colcon_core.environment:checking '/home/zeeshan/ros2_ws/install/my_planner/lib'
[1.471s] Level 1:colcon.colcon_core.environment:checking '/home/zeeshan/ros2_ws/install/my_planner/bin'
[1.471s] Level 1:colcon.colcon_core.environment:checking '/home/zeeshan/ros2_ws/install/my_planner/lib/pkgconfig/my_planner.pc'
[1.471s] Level 1:colcon.colcon_core.environment:checking '/home/zeeshan/ros2_ws/install/my_planner/lib/python3.10/site-packages'
[1.472s] Level 1:colcon.colcon_core.environment:checking '/home/zeeshan/ros2_ws/install/my_planner/bin'
[1.473s] INFO:colcon.colcon_core.shell:Creating package script '/home/zeeshan/ros2_ws/install/my_planner/share/my_planner/package.ps1'
[1.474s] INFO:colcon.colcon_core.shell:Creating package descriptor '/home/zeeshan/ros2_ws/install/my_planner/share/my_planner/package.dsv'
[1.475s] INFO:colcon.colcon_core.shell:Creating package script '/home/zeeshan/ros2_ws/install/my_planner/share/my_planner/package.sh'
[1.487s] INFO:colcon.colcon_core.shell:Creating package script '/home/zeeshan/ros2_ws/install/my_planner/share/my_planner/package.bash'
[1.488s] INFO:colcon.colcon_core.shell:Creating package script '/home/zeeshan/ros2_ws/install/my_planner/share/my_planner/package.zsh'
[1.489s] Level 1:colcon.colcon_core.environment:create_file_with_runtime_dependencies(/home/zeeshan/ros2_ws/install/my_planner/share/colcon-core/packages/my_planner)
[1.490s] Level 1:colcon.colcon_core.environment:create_environment_scripts_only(Stage)
[1.491s] Level 1:colcon.colcon_core.environment:checking '/home/zeeshan/ros2_ws/install/Stage' for CMake module files
[1.492s] Level 1:colcon.colcon_core.environment:checking '/home/zeeshan/ros2_ws/install/Stage' for CMake config files
[1.493s] Level 1:colcon.colcon_core.shell:create_environment_hook('Stage', 'cmake_prefix_path')
[1.494s] INFO:colcon.colcon_core.shell:Creating environment hook '/home/zeeshan/ros2_ws/install/Stage/share/Stage/hook/cmake_prefix_path.ps1'
[1.495s] INFO:colcon.colcon_core.shell:Creating environment descriptor '/home/zeeshan/ros2_ws/install/Stage/share/Stage/hook/cmake_prefix_path.dsv'
[1.496s] INFO:colcon.colcon_core.shell:Creating environment hook '/home/zeeshan/ros2_ws/install/Stage/share/Stage/hook/cmake_prefix_path.sh'
[1.499s] Level 1:colcon.colcon_core.environment:checking '/home/zeeshan/ros2_ws/install/Stage/lib'
[1.499s] Level 1:colcon.colcon_core.shell:create_environment_hook('Stage', 'ld_library_path_lib')
[1.500s] INFO:colcon.colcon_core.shell:Creating environment hook '/home/zeeshan/ros2_ws/install/Stage/share/Stage/hook/ld_library_path_lib.ps1'
[1.501s] INFO:colcon.colcon_core.shell:Creating environment descriptor '/home/zeeshan/ros2_ws/install/Stage/share/Stage/hook/ld_library_path_lib.dsv'
[1.501s] INFO:colcon.colcon_core.shell:Creating environment hook '/home/zeeshan/ros2_ws/install/Stage/share/Stage/hook/ld_library_path_lib.sh'
[1.502s] Level 1:colcon.colcon_core.environment:checking '/home/zeeshan/ros2_ws/install/Stage/bin'
[1.502s] Level 1:colcon.colcon_core.shell:create_environment_hook('Stage', 'path')
[1.503s] INFO:colcon.colcon_core.shell:Creating environment hook '/home/zeeshan/ros2_ws/install/Stage/share/Stage/hook/path.ps1'
[1.504s] INFO:colcon.colcon_core.shell:Creating environment descriptor '/home/zeeshan/ros2_ws/install/Stage/share/Stage/hook/path.dsv'
[1.504s] INFO:colcon.colcon_core.shell:Creating environment hook '/home/zeeshan/ros2_ws/install/Stage/share/Stage/hook/path.sh'
[1.505s] Level 1:colcon.colcon_core.environment:checking '/home/zeeshan/ros2_ws/install/Stage/lib/pkgconfig/Stage.pc'
[1.506s] Level 1:colcon.colcon_core.environment:checking '/home/zeeshan/ros2_ws/install/Stage/lib/python3.10/site-packages'
[1.506s] Level 1:colcon.colcon_core.environment:checking '/home/zeeshan/ros2_ws/install/Stage/bin'
[1.506s] Level 1:colcon.colcon_core.shell:create_environment_hook('Stage', 'pythonscriptspath')
[1.507s] INFO:colcon.colcon_core.shell:Creating environment hook '/home/zeeshan/ros2_ws/install/Stage/share/Stage/hook/pythonscriptspath.ps1'
[1.497s] DEBUG:colcon.colcon_core.event_handler.log_command:Invoked command in '/home/zeeshan/ros2_ws/build/Stage' returned '0': /usr/bin/cmake --install /home/zeeshan/ros2_ws/build/Stage
[1.508s] INFO:colcon.colcon_core.shell:Creating environment descriptor '/home/zeeshan/ros2_ws/install/Stage/share/Stage/hook/pythonscriptspath.dsv'
[1.509s] INFO:colcon.colcon_core.shell:Creating environment hook '/home/zeeshan/ros2_ws/install/Stage/share/Stage/hook/pythonscriptspath.sh'
[1.511s] INFO:colcon.colcon_core.shell:Creating package script '/home/zeeshan/ros2_ws/install/Stage/share/Stage/package.ps1'
[1.513s] INFO:colcon.colcon_core.shell:Creating package descriptor '/home/zeeshan/ros2_ws/install/Stage/share/Stage/package.dsv'
[1.515s] INFO:colcon.colcon_core.shell:Creating package script '/home/zeeshan/ros2_ws/install/Stage/share/Stage/package.sh'
[1.516s] INFO:colcon.colcon_core.shell:Creating package script '/home/zeeshan/ros2_ws/install/Stage/share/Stage/package.bash'
[1.517s] INFO:colcon.colcon_core.shell:Creating package script '/home/zeeshan/ros2_ws/install/Stage/share/Stage/package.zsh'
[1.518s] Level 1:colcon.colcon_core.environment:create_file_with_runtime_dependencies(/home/zeeshan/ros2_ws/install/Stage/share/colcon-core/packages/Stage)
[1.520s] INFO:colcon.colcon_ros.task.ament_cmake.build:Building ROS package in '/home/zeeshan/ros2_ws/src/stage_ros2' with build type 'ament_cmake'
[1.520s] INFO:colcon.colcon_cmake.task.cmake.build:Building CMake package in '/home/zeeshan/ros2_ws/src/stage_ros2'
[1.521s] INFO:colcon.colcon_core.shell:Skip shell extension 'powershell' for command environment: Not usable outside of PowerShell
[1.521s] DEBUG:colcon.colcon_core.shell:Skip shell extension 'dsv' for command environment
[1.551s] DEBUG:colcon.colcon_core.event_handler.log_command:Invoking command in '/home/zeeshan/ros2_ws/build/stage_ros2': CMAKE_PREFIX_PATH=/home/zeeshan/ros2_ws/install/Stage:/home/zeeshan/ros2_ws/install/worlds:/home/zeeshan/ros2_ws/install/stage_ros2:/home/zeeshan/ros2_ws/install/simple_planner:/home/zeeshan/ros2_ws/install/planner:/home/zeeshan/ros2_ws/install/my_planner:/home/zeeshan/ros2_ws/install/configuration:/opt/ros/humble LD_LIBRARY_PATH=/home/zeeshan/ros2_ws/install/Stage/lib:/home/zeeshan/ros2_ws/install/stage_ros2/lib:/opt/ros/humble/opt/rviz_ogre_vendor/lib:/opt/ros/humble/lib/x86_64-linux-gnu:/opt/ros/humble/lib /usr/bin/cmake --build /home/zeeshan/ros2_ws/build/stage_ros2 -- -j4 -l4
[1.562s] DEBUG:colcon.colcon_core.event_handler.log_command:Invoked command in '/home/zeeshan/ros2_ws/build/worlds' returned '0': CMAKE_PREFIX_PATH=${CMAKE_PREFIX_PATH}:/opt/ros/humble /usr/bin/cmake --build /home/zeeshan/ros2_ws/build/worlds -- -j4 -l4
[1.668s] DEBUG:colcon.colcon_core.event_handler.log_command:Invoking command in '/home/zeeshan/ros2_ws/build/worlds': CMAKE_PREFIX_PATH=${CMAKE_PREFIX_PATH}:/opt/ros/humble /usr/bin/cmake --install /home/zeeshan/ros2_ws/build/worlds
[1.692s] Level 1:colcon.colcon_core.environment:create_environment_scripts_only(worlds)
[1.693s] Level 1:colcon.colcon_core.environment:checking '/home/zeeshan/ros2_ws/install/worlds' for CMake module files
[1.694s] Level 1:colcon.colcon_core.environment:checking '/home/zeeshan/ros2_ws/install/worlds' for CMake config files
[1.695s] Level 1:colcon.colcon_core.shell:create_environment_hook('worlds', 'cmake_prefix_path')
[1.695s] INFO:colcon.colcon_core.shell:Creating environment hook '/home/zeeshan/ros2_ws/install/worlds/share/worlds/hook/cmake_prefix_path.ps1'
[1.696s] INFO:colcon.colcon_core.shell:Creating environment descriptor '/home/zeeshan/ros2_ws/install/worlds/share/worlds/hook/cmake_prefix_path.dsv'
[1.697s] INFO:colcon.colcon_core.shell:Creating environment hook '/home/zeeshan/ros2_ws/install/worlds/share/worlds/hook/cmake_prefix_path.sh'
[1.698s] Level 1:colcon.colcon_core.environment:checking '/home/zeeshan/ros2_ws/install/worlds/bin'
[1.698s] Level 1:colcon.colcon_core.environment:checking '/home/zeeshan/ros2_ws/install/worlds/lib/pkgconfig/worlds.pc'
[1.699s] Level 1:colcon.colcon_core.environment:checking '/home/zeeshan/ros2_ws/install/worlds/lib/python3.10/site-packages'
[1.699s] Level 1:colcon.colcon_core.environment:checking '/home/zeeshan/ros2_ws/install/worlds/bin'
[1.700s] INFO:colcon.colcon_core.shell:Creating package script '/home/zeeshan/ros2_ws/install/worlds/share/worlds/package.ps1'
[1.700s] DEBUG:colcon.colcon_core.event_handler.log_command:Invoked command in '/home/zeeshan/ros2_ws/build/worlds' returned '0': CMAKE_PREFIX_PATH=${CMAKE_PREFIX_PATH}:/opt/ros/humble /usr/bin/cmake --install /home/zeeshan/ros2_ws/build/worlds
[1.702s] INFO:colcon.colcon_core.shell:Creating package descriptor '/home/zeeshan/ros2_ws/install/worlds/share/worlds/package.dsv'
[1.703s] INFO:colcon.colcon_core.shell:Creating package script '/home/zeeshan/ros2_ws/install/worlds/share/worlds/package.sh'
[1.704s] INFO:colcon.colcon_core.shell:Creating package script '/home/zeeshan/ros2_ws/install/worlds/share/worlds/package.bash'
[1.705s] INFO:colcon.colcon_core.shell:Creating package script '/home/zeeshan/ros2_ws/install/worlds/share/worlds/package.zsh'
[1.706s] Level 1:colcon.colcon_core.environment:create_file_with_runtime_dependencies(/home/zeeshan/ros2_ws/install/worlds/share/colcon-core/packages/worlds)
[1.756s] Level 1:colcon.colcon_core.environment:create_environment_scripts_only(worlds)
[1.757s] Level 1:colcon.colcon_core.environment:checking '/home/zeeshan/ros2_ws/install/worlds' for CMake module files
[1.758s] Level 1:colcon.colcon_core.environment:checking '/home/zeeshan/ros2_ws/install/worlds' for CMake config files
[1.760s] Level 1:colcon.colcon_core.shell:create_environment_hook('worlds', 'cmake_prefix_path')
[1.761s] INFO:colcon.colcon_core.shell:Creating environment hook '/home/zeeshan/ros2_ws/install/worlds/share/worlds/hook/cmake_prefix_path.ps1'
[1.762s] INFO:colcon.colcon_core.shell:Creating environment descriptor '/home/zeeshan/ros2_ws/install/worlds/share/worlds/hook/cmake_prefix_path.dsv'
[1.763s] INFO:colcon.colcon_core.shell:Creating environment hook '/home/zeeshan/ros2_ws/install/worlds/share/worlds/hook/cmake_prefix_path.sh'
[1.764s] Level 1:colcon.colcon_core.environment:checking '/home/zeeshan/ros2_ws/install/worlds/bin'
[1.764s] Level 1:colcon.colcon_core.environment:checking '/home/zeeshan/ros2_ws/install/worlds/lib/pkgconfig/worlds.pc'
[1.764s] Level 1:colcon.colcon_core.environment:checking '/home/zeeshan/ros2_ws/install/worlds/lib/python3.10/site-packages'
[1.765s] Level 1:colcon.colcon_core.environment:checking '/home/zeeshan/ros2_ws/install/worlds/bin'
[1.766s] INFO:colcon.colcon_core.shell:Creating package script '/home/zeeshan/ros2_ws/install/worlds/share/worlds/package.ps1'
[1.767s] INFO:colcon.colcon_core.shell:Creating package descriptor '/home/zeeshan/ros2_ws/install/worlds/share/worlds/package.dsv'
[1.768s] INFO:colcon.colcon_core.shell:Creating package script '/home/zeeshan/ros2_ws/install/worlds/share/worlds/package.sh'
[1.770s] INFO:colcon.colcon_core.shell:Creating package script '/home/zeeshan/ros2_ws/install/worlds/share/worlds/package.bash'
[1.772s] INFO:colcon.colcon_core.shell:Creating package script '/home/zeeshan/ros2_ws/install/worlds/share/worlds/package.zsh'
[1.773s] Level 1:colcon.colcon_core.environment:create_file_with_runtime_dependencies(/home/zeeshan/ros2_ws/install/worlds/share/colcon-core/packages/worlds)
[1.808s] DEBUG:colcon.colcon_core.event_handler.log_command:Invoked command in '/home/zeeshan/ros2_ws/build/stage_ros2' returned '0': CMAKE_PREFIX_PATH=/home/zeeshan/ros2_ws/install/Stage:/home/zeeshan/ros2_ws/install/worlds:/home/zeeshan/ros2_ws/install/stage_ros2:/home/zeeshan/ros2_ws/install/simple_planner:/home/zeeshan/ros2_ws/install/planner:/home/zeeshan/ros2_ws/install/my_planner:/home/zeeshan/ros2_ws/install/configuration:/opt/ros/humble LD_LIBRARY_PATH=/home/zeeshan/ros2_ws/install/Stage/lib:/home/zeeshan/ros2_ws/install/stage_ros2/lib:/opt/ros/humble/opt/rviz_ogre_vendor/lib:/opt/ros/humble/lib/x86_64-linux-gnu:/opt/ros/humble/lib /usr/bin/cmake --build /home/zeeshan/ros2_ws/build/stage_ros2 -- -j4 -l4
[1.883s] DEBUG:colcon.colcon_core.event_handler.log_command:Invoking command in '/home/zeeshan/ros2_ws/build/stage_ros2': CMAKE_PREFIX_PATH=/home/zeeshan/ros2_ws/install/Stage:/home/zeeshan/ros2_ws/install/worlds:/home/zeeshan/ros2_ws/install/stage_ros2:/home/zeeshan/ros2_ws/install/simple_planner:/home/zeeshan/ros2_ws/install/planner:/home/zeeshan/ros2_ws/install/my_planner:/home/zeeshan/ros2_ws/install/configuration:/opt/ros/humble LD_LIBRARY_PATH=/home/zeeshan/ros2_ws/install/Stage/lib:/home/zeeshan/ros2_ws/install/stage_ros2/lib:/opt/ros/humble/opt/rviz_ogre_vendor/lib:/opt/ros/humble/lib/x86_64-linux-gnu:/opt/ros/humble/lib /usr/bin/cmake --install /home/zeeshan/ros2_ws/build/stage_ros2
[1.937s] Level 1:colcon.colcon_core.environment:create_environment_scripts_only(stage_ros2)
[1.937s] Level 1:colcon.colcon_core.environment:checking '/home/zeeshan/ros2_ws/install/stage_ros2' for CMake module files
[1.938s] DEBUG:colcon.colcon_core.event_handler.log_command:Invoked command in '/home/zeeshan/ros2_ws/build/stage_ros2' returned '0': CMAKE_PREFIX_PATH=/home/zeeshan/ros2_ws/install/Stage:/home/zeeshan/ros2_ws/install/worlds:/home/zeeshan/ros2_ws/install/stage_ros2:/home/zeeshan/ros2_ws/install/simple_planner:/home/zeeshan/ros2_ws/install/planner:/home/zeeshan/ros2_ws/install/my_planner:/home/zeeshan/ros2_ws/install/configuration:/opt/ros/humble LD_LIBRARY_PATH=/home/zeeshan/ros2_ws/install/Stage/lib:/home/zeeshan/ros2_ws/install/stage_ros2/lib:/opt/ros/humble/opt/rviz_ogre_vendor/lib:/opt/ros/humble/lib/x86_64-linux-gnu:/opt/ros/humble/lib /usr/bin/cmake --install /home/zeeshan/ros2_ws/build/stage_ros2
[1.939s] Level 1:colcon.colcon_core.environment:checking '/home/zeeshan/ros2_ws/install/stage_ros2' for CMake config files
[1.940s] Level 1:colcon.colcon_core.shell:create_environment_hook('stage_ros2', 'cmake_prefix_path')
[1.941s] INFO:colcon.colcon_core.shell:Creating environment hook '/home/zeeshan/ros2_ws/install/stage_ros2/share/stage_ros2/hook/cmake_prefix_path.ps1'
[1.942s] INFO:colcon.colcon_core.shell:Creating environment descriptor '/home/zeeshan/ros2_ws/install/stage_ros2/share/stage_ros2/hook/cmake_prefix_path.dsv'
[1.942s] INFO:colcon.colcon_core.shell:Creating environment hook '/home/zeeshan/ros2_ws/install/stage_ros2/share/stage_ros2/hook/cmake_prefix_path.sh'
[1.943s] Level 1:colcon.colcon_core.environment:checking '/home/zeeshan/ros2_ws/install/stage_ros2/lib'
[1.943s] Level 1:colcon.colcon_core.shell:create_environment_hook('stage_ros2', 'ld_library_path_lib')
[1.944s] INFO:colcon.colcon_core.shell:Creating environment hook '/home/zeeshan/ros2_ws/install/stage_ros2/share/stage_ros2/hook/ld_library_path_lib.ps1'
[1.945s] INFO:colcon.colcon_core.shell:Creating environment descriptor '/home/zeeshan/ros2_ws/install/stage_ros2/share/stage_ros2/hook/ld_library_path_lib.dsv'
[1.946s] INFO:colcon.colcon_core.shell:Creating environment hook '/home/zeeshan/ros2_ws/install/stage_ros2/share/stage_ros2/hook/ld_library_path_lib.sh'
[1.946s] Level 1:colcon.colcon_core.environment:checking '/home/zeeshan/ros2_ws/install/stage_ros2/bin'
[1.947s] Level 1:colcon.colcon_core.environment:checking '/home/zeeshan/ros2_ws/install/stage_ros2/lib/pkgconfig/stage_ros2.pc'
[1.947s] Level 1:colcon.colcon_core.environment:checking '/home/zeeshan/ros2_ws/install/stage_ros2/lib/python3.10/site-packages'
[1.948s] Level 1:colcon.colcon_core.environment:checking '/home/zeeshan/ros2_ws/install/stage_ros2/bin'
[1.948s] INFO:colcon.colcon_core.shell:Creating package script '/home/zeeshan/ros2_ws/install/stage_ros2/share/stage_ros2/package.ps1'
[1.950s] INFO:colcon.colcon_core.shell:Creating package descriptor '/home/zeeshan/ros2_ws/install/stage_ros2/share/stage_ros2/package.dsv'
[1.950s] INFO:colcon.colcon_core.shell:Creating package script '/home/zeeshan/ros2_ws/install/stage_ros2/share/stage_ros2/package.sh'
[1.951s] INFO:colcon.colcon_core.shell:Creating package script '/home/zeeshan/ros2_ws/install/stage_ros2/share/stage_ros2/package.bash'
[1.952s] INFO:colcon.colcon_core.shell:Creating package script '/home/zeeshan/ros2_ws/install/stage_ros2/share/stage_ros2/package.zsh'
[1.953s] Level 1:colcon.colcon_core.environment:create_file_with_runtime_dependencies(/home/zeeshan/ros2_ws/install/stage_ros2/share/colcon-core/packages/stage_ros2)
[2.020s] Level 1:colcon.colcon_core.environment:create_environment_scripts_only(stage_ros2)
[2.020s] Level 1:colcon.colcon_core.environment:checking '/home/zeeshan/ros2_ws/install/stage_ros2' for CMake module files
[2.021s] Level 1:colcon.colcon_core.environment:checking '/home/zeeshan/ros2_ws/install/stage_ros2' for CMake config files
[2.022s] Level 1:colcon.colcon_core.shell:create_environment_hook('stage_ros2', 'cmake_prefix_path')
[2.023s] INFO:colcon.colcon_core.shell:Creating environment hook '/home/zeeshan/ros2_ws/install/stage_ros2/share/stage_ros2/hook/cmake_prefix_path.ps1'
[2.024s] INFO:colcon.colcon_core.shell:Creating environment descriptor '/home/zeeshan/ros2_ws/install/stage_ros2/share/stage_ros2/hook/cmake_prefix_path.dsv'
[2.024s] INFO:colcon.colcon_core.shell:Creating environment hook '/home/zeeshan/ros2_ws/install/stage_ros2/share/stage_ros2/hook/cmake_prefix_path.sh'
[2.025s] Level 1:colcon.colcon_core.environment:checking '/home/zeeshan/ros2_ws/install/stage_ros2/lib'
[2.026s] Level 1:colcon.colcon_core.shell:create_environment_hook('stage_ros2', 'ld_library_path_lib')
[2.026s] INFO:colcon.colcon_core.shell:Creating environment hook '/home/zeeshan/ros2_ws/install/stage_ros2/share/stage_ros2/hook/ld_library_path_lib.ps1'
[2.027s] INFO:colcon.colcon_core.shell:Creating environment descriptor '/home/zeeshan/ros2_ws/install/stage_ros2/share/stage_ros2/hook/ld_library_path_lib.dsv'
[2.028s] INFO:colcon.colcon_core.shell:Creating environment hook '/home/zeeshan/ros2_ws/install/stage_ros2/share/stage_ros2/hook/ld_library_path_lib.sh'
[2.029s] Level 1:colcon.colcon_core.environment:checking '/home/zeeshan/ros2_ws/install/stage_ros2/bin'
[2.030s] Level 1:colcon.colcon_core.environment:checking '/home/zeeshan/ros2_ws/install/stage_ros2/lib/pkgconfig/stage_ros2.pc'
[2.030s] Level 1:colcon.colcon_core.environment:checking '/home/zeeshan/ros2_ws/install/stage_ros2/lib/python3.10/site-packages'
[2.031s] Level 1:colcon.colcon_core.environment:checking '/home/zeeshan/ros2_ws/install/stage_ros2/bin'
[2.031s] INFO:colcon.colcon_core.shell:Creating package script '/home/zeeshan/ros2_ws/install/stage_ros2/share/stage_ros2/package.ps1'
[2.032s] INFO:colcon.colcon_core.shell:Creating package descriptor '/home/zeeshan/ros2_ws/install/stage_ros2/share/stage_ros2/package.dsv'
[2.033s] INFO:colcon.colcon_core.shell:Creating package script '/home/zeeshan/ros2_ws/install/stage_ros2/share/stage_ros2/package.sh'
[2.034s] INFO:colcon.colcon_core.shell:Creating package script '/home/zeeshan/ros2_ws/install/stage_ros2/share/stage_ros2/package.bash'
[2.035s] INFO:colcon.colcon_core.shell:Creating package script '/home/zeeshan/ros2_ws/install/stage_ros2/share/stage_ros2/package.zsh'
[2.035s] Level 1:colcon.colcon_core.environment:create_file_with_runtime_dependencies(/home/zeeshan/ros2_ws/install/stage_ros2/share/colcon-core/packages/stage_ros2)
[48.111s] DEBUG:colcon.colcon_core.event_handler.log_command:Invoked command in '/home/zeeshan/ros2_ws/build/simple_planner' returned '0': CMAKE_PREFIX_PATH=${CMAKE_PREFIX_PATH}:/opt/ros/humble /usr/bin/cmake --build /home/zeeshan/ros2_ws/build/simple_planner -- -j4 -l4
[48.171s] DEBUG:colcon.colcon_core.event_handler.log_command:Invoking command in '/home/zeeshan/ros2_ws/build/simple_planner': CMAKE_PREFIX_PATH=${CMAKE_PREFIX_PATH}:/opt/ros/humble /usr/bin/cmake --install /home/zeeshan/ros2_ws/build/simple_planner
[48.220s] Level 1:colcon.colcon_core.environment:create_environment_scripts_only(simple_planner)
[48.220s] Level 1:colcon.colcon_core.environment:checking '/home/zeeshan/ros2_ws/install/simple_planner' for CMake module files
[48.221s] DEBUG:colcon.colcon_core.event_handler.log_command:Invoked command in '/home/zeeshan/ros2_ws/build/simple_planner' returned '0': CMAKE_PREFIX_PATH=${CMAKE_PREFIX_PATH}:/opt/ros/humble /usr/bin/cmake --install /home/zeeshan/ros2_ws/build/simple_planner
[48.222s] Level 1:colcon.colcon_core.environment:checking '/home/zeeshan/ros2_ws/install/simple_planner' for CMake config files
[48.222s] Level 1:colcon.colcon_core.shell:create_environment_hook('simple_planner', 'cmake_prefix_path')
[48.223s] INFO:colcon.colcon_core.shell:Creating environment hook '/home/zeeshan/ros2_ws/install/simple_planner/share/simple_planner/hook/cmake_prefix_path.ps1'
[48.224s] INFO:colcon.colcon_core.shell:Creating environment descriptor '/home/zeeshan/ros2_ws/install/simple_planner/share/simple_planner/hook/cmake_prefix_path.dsv'
[48.225s] INFO:colcon.colcon_core.shell:Creating environment hook '/home/zeeshan/ros2_ws/install/simple_planner/share/simple_planner/hook/cmake_prefix_path.sh'
[48.225s] Level 1:colcon.colcon_core.environment:checking '/home/zeeshan/ros2_ws/install/simple_planner/lib'
[48.226s] Level 1:colcon.colcon_core.environment:checking '/home/zeeshan/ros2_ws/install/simple_planner/bin'
[48.226s] Level 1:colcon.colcon_core.environment:checking '/home/zeeshan/ros2_ws/install/simple_planner/lib/pkgconfig/simple_planner.pc'
[48.226s] Level 1:colcon.colcon_core.environment:checking '/home/zeeshan/ros2_ws/install/simple_planner/lib/python3.10/site-packages'
[48.227s] Level 1:colcon.colcon_core.environment:checking '/home/zeeshan/ros2_ws/install/simple_planner/bin'
[48.227s] INFO:colcon.colcon_core.shell:Creating package script '/home/zeeshan/ros2_ws/install/simple_planner/share/simple_planner/package.ps1'
[48.228s] INFO:colcon.colcon_core.shell:Creating package descriptor '/home/zeeshan/ros2_ws/install/simple_planner/share/simple_planner/package.dsv'
[48.229s] INFO:colcon.colcon_core.shell:Creating package script '/home/zeeshan/ros2_ws/install/simple_planner/share/simple_planner/package.sh'
[48.229s] INFO:colcon.colcon_core.shell:Creating package script '/home/zeeshan/ros2_ws/install/simple_planner/share/simple_planner/package.bash'
[48.230s] INFO:colcon.colcon_core.shell:Creating package script '/home/zeeshan/ros2_ws/install/simple_planner/share/simple_planner/package.zsh'
[48.231s] Level 1:colcon.colcon_core.environment:create_file_with_runtime_dependencies(/home/zeeshan/ros2_ws/install/simple_planner/share/colcon-core/packages/simple_planner)
[48.288s] Level 1:colcon.colcon_core.environment:create_environment_scripts_only(simple_planner)
[48.289s] Level 1:colcon.colcon_core.environment:checking '/home/zeeshan/ros2_ws/install/simple_planner' for CMake module files
[48.290s] Level 1:colcon.colcon_core.environment:checking '/home/zeeshan/ros2_ws/install/simple_planner' for CMake config files
[48.290s] Level 1:colcon.colcon_core.shell:create_environment_hook('simple_planner', 'cmake_prefix_path')
[48.291s] INFO:colcon.colcon_core.shell:Creating environment hook '/home/zeeshan/ros2_ws/install/simple_planner/share/simple_planner/hook/cmake_prefix_path.ps1'
[48.292s] INFO:colcon.colcon_core.shell:Creating environment descriptor '/home/zeeshan/ros2_ws/install/simple_planner/share/simple_planner/hook/cmake_prefix_path.dsv'
[48.292s] INFO:colcon.colcon_core.shell:Creating environment hook '/home/zeeshan/ros2_ws/install/simple_planner/share/simple_planner/hook/cmake_prefix_path.sh'
[48.293s] Level 1:colcon.colcon_core.environment:checking '/home/zeeshan/ros2_ws/install/simple_planner/lib'
[48.293s] Level 1:colcon.colcon_core.environment:checking '/home/zeeshan/ros2_ws/install/simple_planner/bin'
[48.294s] Level 1:colcon.colcon_core.environment:checking '/home/zeeshan/ros2_ws/install/simple_planner/lib/pkgconfig/simple_planner.pc'
[48.294s] Level 1:colcon.colcon_core.environment:checking '/home/zeeshan/ros2_ws/install/simple_planner/lib/python3.10/site-packages'
[48.294s] Level 1:colcon.colcon_core.environment:checking '/home/zeeshan/ros2_ws/install/simple_planner/bin'
[48.295s] INFO:colcon.colcon_core.shell:Creating package script '/home/zeeshan/ros2_ws/install/simple_planner/share/simple_planner/package.ps1'
[48.296s] INFO:colcon.colcon_core.shell:Creating package descriptor '/home/zeeshan/ros2_ws/install/simple_planner/share/simple_planner/package.dsv'
[48.297s] INFO:colcon.colcon_core.shell:Creating package script '/home/zeeshan/ros2_ws/install/simple_planner/share/simple_planner/package.sh'
[48.298s] INFO:colcon.colcon_core.shell:Creating package script '/home/zeeshan/ros2_ws/install/simple_planner/share/simple_planner/package.bash'
[48.299s] INFO:colcon.colcon_core.shell:Creating package script '/home/zeeshan/ros2_ws/install/simple_planner/share/simple_planner/package.zsh'
[48.299s] Level 1:colcon.colcon_core.environment:create_file_with_runtime_dependencies(/home/zeeshan/ros2_ws/install/simple_planner/share/colcon-core/packages/simple_planner)
[48.300s] DEBUG:colcon.colcon_parallel_executor.executor.parallel:closing loop
[48.300s] DEBUG:colcon.colcon_parallel_executor.executor.parallel:loop closed
[48.300s] DEBUG:colcon.colcon_parallel_executor.executor.parallel:run_until_complete finished with '0'
[48.300s] DEBUG:colcon.colcon_core.event_reactor:joining thread
[48.335s] INFO:colcon.colcon_core.plugin_system:Skipping extension 'colcon_notification.desktop_notification.terminal_notifier': Not used on non-Darwin systems
[48.335s] INFO:colcon.colcon_core.plugin_system:Skipping extension 'colcon_notification.desktop_notification.win32': Not used on non-Windows systems
[48.336s] INFO:colcon.colcon_notification.desktop_notification:Sending desktop notification using 'notify2'
[48.359s] DEBUG:colcon.colcon_core.event_reactor:joined thread
[48.359s] INFO:colcon.colcon_core.shell:Creating prefix script '/home/zeeshan/ros2_ws/install/local_setup.ps1'
[48.362s] INFO:colcon.colcon_core.shell:Creating prefix util module '/home/zeeshan/ros2_ws/install/_local_setup_util_ps1.py'
[48.365s] INFO:colcon.colcon_core.shell:Creating prefix chain script '/home/zeeshan/ros2_ws/install/setup.ps1'
[48.368s] INFO:colcon.colcon_core.shell:Creating prefix script '/home/zeeshan/ros2_ws/install/local_setup.sh'
[48.369s] INFO:colcon.colcon_core.shell:Creating prefix util module '/home/zeeshan/ros2_ws/install/_local_setup_util_sh.py'
[48.370s] INFO:colcon.colcon_core.shell:Creating prefix chain script '/home/zeeshan/ros2_ws/install/setup.sh'
[48.373s] INFO:colcon.colcon_core.shell:Creating prefix script '/home/zeeshan/ros2_ws/install/local_setup.bash'
[48.374s] INFO:colcon.colcon_core.shell:Creating prefix chain script '/home/zeeshan/ros2_ws/install/setup.bash'
[48.377s] INFO:colcon.colcon_core.shell:Creating prefix script '/home/zeeshan/ros2_ws/install/local_setup.zsh'
[48.378s] INFO:colcon.colcon_core.shell:Creating prefix chain script '/home/zeeshan/ros2_ws/install/setup.zsh'
