[0.360s] DEBUG:colcon:Command line arguments: ['/usr/bin/colcon', 'build']
[0.361s] DEBUG:colcon:Parsed command line arguments: Namespace(log_base=None, log_level=None, verb_name='build', build_base='build', install_base='install', merge_install=False, symlink_install=False, test_result_base=None, continue_on_error=False, executor='parallel', parallel_workers=4, event_handlers=None, ignore_user_meta=False, metas=['./colcon.meta'], base_paths=['.'], packages_ignore=None, packages_ignore_regex=None, paths=None, packages_up_to=None, packages_up_to_regex=None, packages_above=None, packages_above_and_dependencies=None, packages_above_depth=None, packages_select_by_dep=None, packages_skip_by_dep=None, packages_skip_up_to=None, packages_select_build_failed=False, packages_skip_build_finished=False, packages_select_test_failures=False, packages_skip_test_passed=False, packages_select=None, packages_skip=None, packages_select_regex=None, packages_skip_regex=None, packages_start=None, packages_end=None, allow_overriding=[], cmake_args=None, cmake_target=None, cmake_target_skip_unavailable=False, cmake_clean_cache=False, cmake_clean_first=False, cmake_force_configure=False, ament_cmake_args=None, catkin_cmake_args=None, catkin_skip_building_tests=False, mixin_files=None, mixin=None, verb_parser=<colcon_mixin.mixin.mixin_argument.MixinArgumentDecorator object at 0x78c0d5f46e00>, verb_extension=<colcon_core.verb.build.BuildVerb object at 0x78c0d6037f40>, main=<bound method BuildVerb.main of <colcon_core.verb.build.BuildVerb object at 0x78c0d6037f40>>, mixin_verb=('build',))
[0.552s] Level 1:colcon.colcon_core.package_discovery:discover_packages(colcon_meta) check parameters
[0.552s] Level 1:colcon.colcon_core.package_discovery:discover_packages(recursive) check parameters
[0.552s] Level 1:colcon.colcon_core.package_discovery:discover_packages(ignore) check parameters
[0.552s] Level 1:colcon.colcon_core.package_discovery:discover_packages(path) check parameters
[0.552s] Level 1:colcon.colcon_core.package_discovery:discover_packages(colcon_meta) discover
[0.552s] Level 1:colcon.colcon_core.package_discovery:discover_packages(recursive) discover
[0.552s] INFO:colcon.colcon_core.package_discovery:Crawling recursively for packages in '/home/zeeshan/ros2_ws'
[0.553s] Level 1:colcon.colcon_core.package_identification:_identify(.) by extensions ['ignore', 'ignore_ament_install']
[0.553s] Level 1:colcon.colcon_core.package_identification:_identify(.) by extension 'ignore'
[0.553s] Level 1:colcon.colcon_core.package_identification:_identify(.) by extension 'ignore_ament_install'
[0.553s] Level 1:colcon.colcon_core.package_identification:_identify(.) by extensions ['colcon_pkg']
[0.553s] Level 1:colcon.colcon_core.package_identification:_identify(.) by extension 'colcon_pkg'
[0.553s] Level 1:colcon.colcon_core.package_identification:_identify(.) by extensions ['colcon_meta']
[0.553s] Level 1:colcon.colcon_core.package_identification:_identify(.) by extension 'colcon_meta'
[0.553s] Level 1:colcon.colcon_core.package_identification:_identify(.) by extensions ['ros']
[0.553s] Level 1:colcon.colcon_core.package_identification:_identify(.) by extension 'ros'
[0.561s] Level 1:colcon.colcon_core.package_identification:_identify(.) by extensions ['cmake', 'python']
[0.561s] Level 1:colcon.colcon_core.package_identification:_identify(.) by extension 'cmake'
[0.561s] Level 1:colcon.colcon_core.package_identification:_identify(.) by extension 'python'
[0.561s] Level 1:colcon.colcon_core.package_identification:_identify(.) by extensions ['python_setup_py']
[0.561s] Level 1:colcon.colcon_core.package_identification:_identify(.) by extension 'python_setup_py'
[0.561s] Level 1:colcon.colcon_core.package_identification:_identify(build) by extensions ['ignore', 'ignore_ament_install']
[0.562s] Level 1:colcon.colcon_core.package_identification:_identify(build) by extension 'ignore'
[0.562s] Level 1:colcon.colcon_core.package_identification:_identify(build) ignored
[0.562s] Level 1:colcon.colcon_core.package_identification:_identify(install) by extensions ['ignore', 'ignore_ament_install']
[0.562s] Level 1:colcon.colcon_core.package_identification:_identify(install) by extension 'ignore'
[0.562s] Level 1:colcon.colcon_core.package_identification:_identify(install) ignored
[0.563s] Level 1:colcon.colcon_core.package_identification:_identify(log) by extensions ['ignore', 'ignore_ament_install']
[0.563s] Level 1:colcon.colcon_core.package_identification:_identify(log) by extension 'ignore'
[0.563s] Level 1:colcon.colcon_core.package_identification:_identify(log) ignored
[0.563s] Level 1:colcon.colcon_core.package_identification:_identify(src) by extensions ['ignore', 'ignore_ament_install']
[0.563s] Level 1:colcon.colcon_core.package_identification:_identify(src) by extension 'ignore'
[0.563s] Level 1:colcon.colcon_core.package_identification:_identify(src) by extension 'ignore_ament_install'
[0.564s] Level 1:colcon.colcon_core.package_identification:_identify(src) by extensions ['colcon_pkg']
[0.564s] Level 1:colcon.colcon_core.package_identification:_identify(src) by extension 'colcon_pkg'
[0.564s] Level 1:colcon.colcon_core.package_identification:_identify(src) by extensions ['colcon_meta']
[0.564s] Level 1:colcon.colcon_core.package_identification:_identify(src) by extension 'colcon_meta'
[0.564s] Level 1:colcon.colcon_core.package_identification:_identify(src) by extensions ['ros']
[0.564s] Level 1:colcon.colcon_core.package_identification:_identify(src) by extension 'ros'
[0.564s] Level 1:colcon.colcon_core.package_identification:_identify(src) by extensions ['cmake', 'python']
[0.564s] Level 1:colcon.colcon_core.package_identification:_identify(src) by extension 'cmake'
[0.564s] Level 1:colcon.colcon_core.package_identification:_identify(src) by extension 'python'
[0.565s] Level 1:colcon.colcon_core.package_identification:_identify(src) by extensions ['python_setup_py']
[0.565s] Level 1:colcon.colcon_core.package_identification:_identify(src) by extension 'python_setup_py'
[0.565s] Level 1:colcon.colcon_core.package_identification:_identify(src/Stage) by extensions ['ignore', 'ignore_ament_install']
[0.565s] Level 1:colcon.colcon_core.package_identification:_identify(src/Stage) by extension 'ignore'
[0.565s] Level 1:colcon.colcon_core.package_identification:_identify(src/Stage) by extension 'ignore_ament_install'
[0.565s] Level 1:colcon.colcon_core.package_identification:_identify(src/Stage) by extensions ['colcon_pkg']
[0.565s] Level 1:colcon.colcon_core.package_identification:_identify(src/Stage) by extension 'colcon_pkg'
[0.566s] Level 1:colcon.colcon_core.package_identification:_identify(src/Stage) by extensions ['colcon_meta']
[0.566s] Level 1:colcon.colcon_core.package_identification:_identify(src/Stage) by extension 'colcon_meta'
[0.566s] Level 1:colcon.colcon_core.package_identification:_identify(src/Stage) by extensions ['ros']
[0.566s] Level 1:colcon.colcon_core.package_identification:_identify(src/Stage) by extension 'ros'
[0.566s] Level 1:colcon.colcon_core.package_identification:_identify(src/Stage) by extensions ['cmake', 'python']
[0.566s] Level 1:colcon.colcon_core.package_identification:_identify(src/Stage) by extension 'cmake'
[0.575s] Level 1:colcon.colcon_core.package_identification:_identify(src/Stage) by extension 'python'
[0.575s] DEBUG:colcon.colcon_core.package_identification:Package 'src/Stage' with type 'cmake' and name 'Stage'
[0.576s] Level 1:colcon.colcon_core.package_identification:_identify(src/configuration) by extensions ['ignore', 'ignore_ament_install']
[0.576s] Level 1:colcon.colcon_core.package_identification:_identify(src/configuration) by extension 'ignore'
[0.576s] Level 1:colcon.colcon_core.package_identification:_identify(src/configuration) by extension 'ignore_ament_install'
[0.576s] Level 1:colcon.colcon_core.package_identification:_identify(src/configuration) by extensions ['colcon_pkg']
[0.576s] Level 1:colcon.colcon_core.package_identification:_identify(src/configuration) by extension 'colcon_pkg'
[0.576s] Level 1:colcon.colcon_core.package_identification:_identify(src/configuration) by extensions ['colcon_meta']
[0.576s] Level 1:colcon.colcon_core.package_identification:_identify(src/configuration) by extension 'colcon_meta'
[0.576s] Level 1:colcon.colcon_core.package_identification:_identify(src/configuration) by extensions ['ros']
[0.576s] Level 1:colcon.colcon_core.package_identification:_identify(src/configuration) by extension 'ros'
[0.582s] DEBUG:colcon.colcon_core.package_identification:Package 'src/configuration' with type 'ros.ament_cmake' and name 'configuration'
[0.583s] Level 1:colcon.colcon_core.package_identification:_identify(src/my_planner) by extensions ['ignore', 'ignore_ament_install']
[0.583s] Level 1:colcon.colcon_core.package_identification:_identify(src/my_planner) by extension 'ignore'
[0.583s] Level 1:colcon.colcon_core.package_identification:_identify(src/my_planner) by extension 'ignore_ament_install'
[0.583s] Level 1:colcon.colcon_core.package_identification:_identify(src/my_planner) by extensions ['colcon_pkg']
[0.583s] Level 1:colcon.colcon_core.package_identification:_identify(src/my_planner) by extension 'colcon_pkg'
[0.584s] Level 1:colcon.colcon_core.package_identification:_identify(src/my_planner) by extensions ['colcon_meta']
[0.584s] Level 1:colcon.colcon_core.package_identification:_identify(src/my_planner) by extension 'colcon_meta'
[0.584s] Level 1:colcon.colcon_core.package_identification:_identify(src/my_planner) by extensions ['ros']
[0.584s] Level 1:colcon.colcon_core.package_identification:_identify(src/my_planner) by extension 'ros'
[0.586s] DEBUG:colcon.colcon_core.package_identification:Package 'src/my_planner' with type 'ros.ament_cmake' and name 'my_planner'
[0.586s] Level 1:colcon.colcon_core.package_identification:_identify(src/planner) by extensions ['ignore', 'ignore_ament_install']
[0.586s] Level 1:colcon.colcon_core.package_identification:_identify(src/planner) by extension 'ignore'
[0.587s] Level 1:colcon.colcon_core.package_identification:_identify(src/planner) by extension 'ignore_ament_install'
[0.587s] Level 1:colcon.colcon_core.package_identification:_identify(src/planner) by extensions ['colcon_pkg']
[0.587s] Level 1:colcon.colcon_core.package_identification:_identify(src/planner) by extension 'colcon_pkg'
[0.587s] Level 1:colcon.colcon_core.package_identification:_identify(src/planner) by extensions ['colcon_meta']
[0.587s] Level 1:colcon.colcon_core.package_identification:_identify(src/planner) by extension 'colcon_meta'
[0.587s] Level 1:colcon.colcon_core.package_identification:_identify(src/planner) by extensions ['ros']
[0.587s] Level 1:colcon.colcon_core.package_identification:_identify(src/planner) by extension 'ros'
[0.589s] DEBUG:colcon.colcon_core.package_identification:Package 'src/planner' with type 'ros.ament_cmake' and name 'planner'
[0.589s] Level 1:colcon.colcon_core.package_identification:_identify(src/simple_planner) by extensions ['ignore', 'ignore_ament_install']
[0.589s] Level 1:colcon.colcon_core.package_identification:_identify(src/simple_planner) by extension 'ignore'
[0.589s] Level 1:colcon.colcon_core.package_identification:_identify(src/simple_planner) by extension 'ignore_ament_install'
[0.590s] Level 1:colcon.colcon_core.package_identification:_identify(src/simple_planner) by extensions ['colcon_pkg']
[0.590s] Level 1:colcon.colcon_core.package_identification:_identify(src/simple_planner) by extension 'colcon_pkg'
[0.590s] Level 1:colcon.colcon_core.package_identification:_identify(src/simple_planner) by extensions ['colcon_meta']
[0.590s] Level 1:colcon.colcon_core.package_identification:_identify(src/simple_planner) by extension 'colcon_meta'
[0.590s] Level 1:colcon.colcon_core.package_identification:_identify(src/simple_planner) by extensions ['ros']
[0.590s] Level 1:colcon.colcon_core.package_identification:_identify(src/simple_planner) by extension 'ros'
[0.592s] DEBUG:colcon.colcon_core.package_identification:Package 'src/simple_planner' with type 'ros.ament_cmake' and name 'simple_planner'
[0.592s] Level 1:colcon.colcon_core.package_identification:_identify(src/stage_ros2) by extensions ['ignore', 'ignore_ament_install']
[0.592s] Level 1:colcon.colcon_core.package_identification:_identify(src/stage_ros2) by extension 'ignore'
[0.593s] Level 1:colcon.colcon_core.package_identification:_identify(src/stage_ros2) by extension 'ignore_ament_install'
[0.593s] Level 1:colcon.colcon_core.package_identification:_identify(src/stage_ros2) by extensions ['colcon_pkg']
[0.593s] Level 1:colcon.colcon_core.package_identification:_identify(src/stage_ros2) by extension 'colcon_pkg'
[0.593s] Level 1:colcon.colcon_core.package_identification:_identify(src/stage_ros2) by extensions ['colcon_meta']
[0.593s] Level 1:colcon.colcon_core.package_identification:_identify(src/stage_ros2) by extension 'colcon_meta'
[0.593s] Level 1:colcon.colcon_core.package_identification:_identify(src/stage_ros2) by extensions ['ros']
[0.593s] Level 1:colcon.colcon_core.package_identification:_identify(src/stage_ros2) by extension 'ros'
[0.595s] DEBUG:colcon.colcon_core.package_identification:Package 'src/stage_ros2' with type 'ros.ament_cmake' and name 'stage_ros2'
[0.595s] Level 1:colcon.colcon_core.package_identification:_identify(src/worlds) by extensions ['ignore', 'ignore_ament_install']
[0.595s] Level 1:colcon.colcon_core.package_identification:_identify(src/worlds) by extension 'ignore'
[0.596s] Level 1:colcon.colcon_core.package_identification:_identify(src/worlds) by extension 'ignore_ament_install'
[0.596s] Level 1:colcon.colcon_core.package_identification:_identify(src/worlds) by extensions ['colcon_pkg']
[0.596s] Level 1:colcon.colcon_core.package_identification:_identify(src/worlds) by extension 'colcon_pkg'
[0.596s] Level 1:colcon.colcon_core.package_identification:_identify(src/worlds) by extensions ['colcon_meta']
[0.596s] Level 1:colcon.colcon_core.package_identification:_identify(src/worlds) by extension 'colcon_meta'
[0.596s] Level 1:colcon.colcon_core.package_identification:_identify(src/worlds) by extensions ['ros']
[0.596s] Level 1:colcon.colcon_core.package_identification:_identify(src/worlds) by extension 'ros'
[0.597s] DEBUG:colcon.colcon_core.package_identification:Package 'src/worlds' with type 'ros.ament_cmake' and name 'worlds'
[0.597s] Level 1:colcon.colcon_core.package_discovery:discover_packages(recursive) using defaults
[0.598s] Level 1:colcon.colcon_core.package_discovery:discover_packages(ignore) discover
[0.598s] Level 1:colcon.colcon_core.package_discovery:discover_packages(ignore) using defaults
[0.598s] Level 1:colcon.colcon_core.package_discovery:discover_packages(path) discover
[0.598s] Level 1:colcon.colcon_core.package_discovery:discover_packages(path) using defaults
[0.650s] Level 1:colcon.colcon_core.package_discovery:discover_packages(prefix_path) check parameters
[0.651s] Level 1:colcon.colcon_core.package_discovery:discover_packages(prefix_path) discover
[0.657s] DEBUG:colcon.colcon_installed_package_information.package_discovery:Found 7 installed packages in /home/zeeshan/ros2_ws/install
[0.661s] DEBUG:colcon.colcon_installed_package_information.package_discovery:Found 314 installed packages in /opt/ros/humble
[0.665s] Level 1:colcon.colcon_core.package_discovery:discover_packages(prefix_path) using defaults
[0.771s] Level 5:colcon.colcon_core.verb:set package 'Stage' build argument 'cmake_args' from command line to 'None'
[0.771s] Level 5:colcon.colcon_core.verb:set package 'Stage' build argument 'cmake_target' from command line to 'None'
[0.771s] Level 5:colcon.colcon_core.verb:set package 'Stage' build argument 'cmake_target_skip_unavailable' from command line to 'False'
[0.771s] Level 5:colcon.colcon_core.verb:set package 'Stage' build argument 'cmake_clean_cache' from command line to 'False'
[0.772s] Level 5:colcon.colcon_core.verb:set package 'Stage' build argument 'cmake_clean_first' from command line to 'False'
[0.772s] Level 5:colcon.colcon_core.verb:set package 'Stage' build argument 'cmake_force_configure' from command line to 'False'
[0.772s] Level 5:colcon.colcon_core.verb:set package 'Stage' build argument 'ament_cmake_args' from command line to 'None'
[0.772s] Level 5:colcon.colcon_core.verb:set package 'Stage' build argument 'catkin_cmake_args' from command line to 'None'
[0.772s] Level 5:colcon.colcon_core.verb:set package 'Stage' build argument 'catkin_skip_building_tests' from command line to 'False'
[0.772s] DEBUG:colcon.colcon_core.verb:Building package 'Stage' with the following arguments: {'ament_cmake_args': None, 'build_base': '/home/zeeshan/ros2_ws/build/Stage', 'catkin_cmake_args': None, 'catkin_skip_building_tests': False, 'cmake_args': None, 'cmake_clean_cache': False, 'cmake_clean_first': False, 'cmake_force_configure': False, 'cmake_target': None, 'cmake_target_skip_unavailable': False, 'install_base': '/home/zeeshan/ros2_ws/install/Stage', 'merge_install': False, 'path': '/home/zeeshan/ros2_ws/src/Stage', 'symlink_install': False, 'test_result_base': None}
[0.773s] Level 5:colcon.colcon_core.verb:set package 'configuration' build argument 'cmake_args' from command line to 'None'
[0.773s] Level 5:colcon.colcon_core.verb:set package 'configuration' build argument 'cmake_target' from command line to 'None'
[0.773s] Level 5:colcon.colcon_core.verb:set package 'configuration' build argument 'cmake_target_skip_unavailable' from command line to 'False'
[0.773s] Level 5:colcon.colcon_core.verb:set package 'configuration' build argument 'cmake_clean_cache' from command line to 'False'
[0.773s] Level 5:colcon.colcon_core.verb:set package 'configuration' build argument 'cmake_clean_first' from command line to 'False'
[0.773s] Level 5:colcon.colcon_core.verb:set package 'configuration' build argument 'cmake_force_configure' from command line to 'False'
[0.773s] Level 5:colcon.colcon_core.verb:set package 'configuration' build argument 'ament_cmake_args' from command line to 'None'
[0.773s] Level 5:colcon.colcon_core.verb:set package 'configuration' build argument 'catkin_cmake_args' from command line to 'None'
[0.773s] Level 5:colcon.colcon_core.verb:set package 'configuration' build argument 'catkin_skip_building_tests' from command line to 'False'
[0.773s] DEBUG:colcon.colcon_core.verb:Building package 'configuration' with the following arguments: {'ament_cmake_args': None, 'build_base': '/home/zeeshan/ros2_ws/build/configuration', 'catkin_cmake_args': None, 'catkin_skip_building_tests': False, 'cmake_args': None, 'cmake_clean_cache': False, 'cmake_clean_first': False, 'cmake_force_configure': False, 'cmake_target': None, 'cmake_target_skip_unavailable': False, 'install_base': '/home/zeeshan/ros2_ws/install/configuration', 'merge_install': False, 'path': '/home/zeeshan/ros2_ws/src/configuration', 'symlink_install': False, 'test_result_base': None}
[0.774s] Level 5:colcon.colcon_core.verb:set package 'my_planner' build argument 'cmake_args' from command line to 'None'
[0.774s] Level 5:colcon.colcon_core.verb:set package 'my_planner' build argument 'cmake_target' from command line to 'None'
[0.774s] Level 5:colcon.colcon_core.verb:set package 'my_planner' build argument 'cmake_target_skip_unavailable' from command line to 'False'
[0.774s] Level 5:colcon.colcon_core.verb:set package 'my_planner' build argument 'cmake_clean_cache' from command line to 'False'
[0.775s] Level 5:colcon.colcon_core.verb:set package 'my_planner' build argument 'cmake_clean_first' from command line to 'False'
[0.775s] Level 5:colcon.colcon_core.verb:set package 'my_planner' build argument 'cmake_force_configure' from command line to 'False'
[0.775s] Level 5:colcon.colcon_core.verb:set package 'my_planner' build argument 'ament_cmake_args' from command line to 'None'
[0.775s] Level 5:colcon.colcon_core.verb:set package 'my_planner' build argument 'catkin_cmake_args' from command line to 'None'
[0.775s] Level 5:colcon.colcon_core.verb:set package 'my_planner' build argument 'catkin_skip_building_tests' from command line to 'False'
[0.775s] DEBUG:colcon.colcon_core.verb:Building package 'my_planner' with the following arguments: {'ament_cmake_args': None, 'build_base': '/home/zeeshan/ros2_ws/build/my_planner', 'catkin_cmake_args': None, 'catkin_skip_building_tests': False, 'cmake_args': None, 'cmake_clean_cache': False, 'cmake_clean_first': False, 'cmake_force_configure': False, 'cmake_target': None, 'cmake_target_skip_unavailable': False, 'install_base': '/home/zeeshan/ros2_ws/install/my_planner', 'merge_install': False, 'path': '/home/zeeshan/ros2_ws/src/my_planner', 'symlink_install': False, 'test_result_base': None}
[0.776s] Level 5:colcon.colcon_core.verb:set package 'planner' build argument 'cmake_args' from command line to 'None'
[0.776s] Level 5:colcon.colcon_core.verb:set package 'planner' build argument 'cmake_target' from command line to 'None'
[0.776s] Level 5:colcon.colcon_core.verb:set package 'planner' build argument 'cmake_target_skip_unavailable' from command line to 'False'
[0.776s] Level 5:colcon.colcon_core.verb:set package 'planner' build argument 'cmake_clean_cache' from command line to 'False'
[0.776s] Level 5:colcon.colcon_core.verb:set package 'planner' build argument 'cmake_clean_first' from command line to 'False'
[0.776s] Level 5:colcon.colcon_core.verb:set package 'planner' build argument 'cmake_force_configure' from command line to 'False'
[0.776s] Level 5:colcon.colcon_core.verb:set package 'planner' build argument 'ament_cmake_args' from command line to 'None'
[0.776s] Level 5:colcon.colcon_core.verb:set package 'planner' build argument 'catkin_cmake_args' from command line to 'None'
[0.776s] Level 5:colcon.colcon_core.verb:set package 'planner' build argument 'catkin_skip_building_tests' from command line to 'False'
[0.776s] DEBUG:colcon.colcon_core.verb:Building package 'planner' with the following arguments: {'ament_cmake_args': None, 'build_base': '/home/zeeshan/ros2_ws/build/planner', 'catkin_cmake_args': None, 'catkin_skip_building_tests': False, 'cmake_args': None, 'cmake_clean_cache': False, 'cmake_clean_first': False, 'cmake_force_configure': False, 'cmake_target': None, 'cmake_target_skip_unavailable': False, 'install_base': '/home/zeeshan/ros2_ws/install/planner', 'merge_install': False, 'path': '/home/zeeshan/ros2_ws/src/planner', 'symlink_install': False, 'test_result_base': None}
[0.777s] Level 5:colcon.colcon_core.verb:set package 'simple_planner' build argument 'cmake_args' from command line to 'None'
[0.777s] Level 5:colcon.colcon_core.verb:set package 'simple_planner' build argument 'cmake_target' from command line to 'None'
[0.777s] Level 5:colcon.colcon_core.verb:set package 'simple_planner' build argument 'cmake_target_skip_unavailable' from command line to 'False'
[0.777s] Level 5:colcon.colcon_core.verb:set package 'simple_planner' build argument 'cmake_clean_cache' from command line to 'False'
[0.777s] Level 5:colcon.colcon_core.verb:set package 'simple_planner' build argument 'cmake_clean_first' from command line to 'False'
[0.777s] Level 5:colcon.colcon_core.verb:set package 'simple_planner' build argument 'cmake_force_configure' from command line to 'False'
[0.777s] Level 5:colcon.colcon_core.verb:set package 'simple_planner' build argument 'ament_cmake_args' from command line to 'None'
[0.778s] Level 5:colcon.colcon_core.verb:set package 'simple_planner' build argument 'catkin_cmake_args' from command line to 'None'
[0.778s] Level 5:colcon.colcon_core.verb:set package 'simple_planner' build argument 'catkin_skip_building_tests' from command line to 'False'
[0.778s] DEBUG:colcon.colcon_core.verb:Building package 'simple_planner' with the following arguments: {'ament_cmake_args': None, 'build_base': '/home/zeeshan/ros2_ws/build/simple_planner', 'catkin_cmake_args': None, 'catkin_skip_building_tests': False, 'cmake_args': None, 'cmake_clean_cache': False, 'cmake_clean_first': False, 'cmake_force_configure': False, 'cmake_target': None, 'cmake_target_skip_unavailable': False, 'install_base': '/home/zeeshan/ros2_ws/install/simple_planner', 'merge_install': False, 'path': '/home/zeeshan/ros2_ws/src/simple_planner', 'symlink_install': False, 'test_result_base': None}
[0.779s] Level 5:colcon.colcon_core.verb:set package 'worlds' build argument 'cmake_args' from command line to 'None'
[0.779s] Level 5:colcon.colcon_core.verb:set package 'worlds' build argument 'cmake_target' from command line to 'None'
[0.779s] Level 5:colcon.colcon_core.verb:set package 'worlds' build argument 'cmake_target_skip_unavailable' from command line to 'False'
[0.779s] Level 5:colcon.colcon_core.verb:set package 'worlds' build argument 'cmake_clean_cache' from command line to 'False'
[0.779s] Level 5:colcon.colcon_core.verb:set package 'worlds' build argument 'cmake_clean_first' from command line to 'False'
[0.779s] Level 5:colcon.colcon_core.verb:set package 'worlds' build argument 'cmake_force_configure' from command line to 'False'
[0.779s] Level 5:colcon.colcon_core.verb:set package 'worlds' build argument 'ament_cmake_args' from command line to 'None'
[0.779s] Level 5:colcon.colcon_core.verb:set package 'worlds' build argument 'catkin_cmake_args' from command line to 'None'
[0.779s] Level 5:colcon.colcon_core.verb:set package 'worlds' build argument 'catkin_skip_building_tests' from command line to 'False'
[0.779s] DEBUG:colcon.colcon_core.verb:Building package 'worlds' with the following arguments: {'ament_cmake_args': None, 'build_base': '/home/zeeshan/ros2_ws/build/worlds', 'catkin_cmake_args': None, 'catkin_skip_building_tests': False, 'cmake_args': None, 'cmake_clean_cache': False, 'cmake_clean_first': False, 'cmake_force_configure': False, 'cmake_target': None, 'cmake_target_skip_unavailable': False, 'install_base': '/home/zeeshan/ros2_ws/install/worlds', 'merge_install': False, 'path': '/home/zeeshan/ros2_ws/src/worlds', 'symlink_install': False, 'test_result_base': None}
[0.780s] Level 5:colcon.colcon_core.verb:set package 'stage_ros2' build argument 'cmake_args' from command line to 'None'
[0.780s] Level 5:colcon.colcon_core.verb:set package 'stage_ros2' build argument 'cmake_target' from command line to 'None'
[0.780s] Level 5:colcon.colcon_core.verb:set package 'stage_ros2' build argument 'cmake_target_skip_unavailable' from command line to 'False'
[0.780s] Level 5:colcon.colcon_core.verb:set package 'stage_ros2' build argument 'cmake_clean_cache' from command line to 'False'
[0.780s] Level 5:colcon.colcon_core.verb:set package 'stage_ros2' build argument 'cmake_clean_first' from command line to 'False'
[0.780s] Level 5:colcon.colcon_core.verb:set package 'stage_ros2' build argument 'cmake_force_configure' from command line to 'False'
[0.781s] Level 5:colcon.colcon_core.verb:set package 'stage_ros2' build argument 'ament_cmake_args' from command line to 'None'
[0.781s] Level 5:colcon.colcon_core.verb:set package 'stage_ros2' build argument 'catkin_cmake_args' from command line to 'None'
[0.781s] Level 5:colcon.colcon_core.verb:set package 'stage_ros2' build argument 'catkin_skip_building_tests' from command line to 'False'
[0.781s] DEBUG:colcon.colcon_core.verb:Building package 'stage_ros2' with the following arguments: {'ament_cmake_args': None, 'build_base': '/home/zeeshan/ros2_ws/build/stage_ros2', 'catkin_cmake_args': None, 'catkin_skip_building_tests': False, 'cmake_args': None, 'cmake_clean_cache': False, 'cmake_clean_first': False, 'cmake_force_configure': False, 'cmake_target': None, 'cmake_target_skip_unavailable': False, 'install_base': '/home/zeeshan/ros2_ws/install/stage_ros2', 'merge_install': False, 'path': '/home/zeeshan/ros2_ws/src/stage_ros2', 'symlink_install': False, 'test_result_base': None}
[0.781s] INFO:colcon.colcon_core.executor:Executing jobs using 'parallel' executor
[0.783s] DEBUG:colcon.colcon_parallel_executor.executor.parallel:run_until_complete
[0.783s] INFO:colcon.colcon_cmake.task.cmake.build:Building CMake package in '/home/zeeshan/ros2_ws/src/Stage'
[0.790s] INFO:colcon.colcon_core.plugin_system:Skipping extension 'colcon_core.shell.bat': Not used on non-Windows systems
[0.791s] INFO:colcon.colcon_core.shell:Skip shell extension 'powershell' for command environment: Not usable outside of PowerShell
[0.791s] DEBUG:colcon.colcon_core.shell:Skip shell extension 'dsv' for command environment
[0.800s] INFO:colcon.colcon_ros.task.ament_cmake.build:Building ROS package in '/home/zeeshan/ros2_ws/src/configuration' with build type 'ament_cmake'
[0.800s] INFO:colcon.colcon_cmake.task.cmake.build:Building CMake package in '/home/zeeshan/ros2_ws/src/configuration'
[0.801s] INFO:colcon.colcon_core.shell:Skip shell extension 'powershell' for command environment: Not usable outside of PowerShell
[0.801s] DEBUG:colcon.colcon_core.shell:Skip shell extension 'dsv' for command environment
[0.810s] INFO:colcon.colcon_ros.task.ament_cmake.build:Building ROS package in '/home/zeeshan/ros2_ws/src/my_planner' with build type 'ament_cmake'
[0.811s] INFO:colcon.colcon_cmake.task.cmake.build:Building CMake package in '/home/zeeshan/ros2_ws/src/my_planner'
[0.811s] INFO:colcon.colcon_core.shell:Skip shell extension 'powershell' for command environment: Not usable outside of PowerShell
[0.812s] DEBUG:colcon.colcon_core.shell:Skip shell extension 'dsv' for command environment
[0.820s] INFO:colcon.colcon_ros.task.ament_cmake.build:Building ROS package in '/home/zeeshan/ros2_ws/src/planner' with build type 'ament_cmake'
[0.821s] INFO:colcon.colcon_cmake.task.cmake.build:Building CMake package in '/home/zeeshan/ros2_ws/src/planner'
[0.821s] INFO:colcon.colcon_core.shell:Skip shell extension 'powershell' for command environment: Not usable outside of PowerShell
[0.822s] DEBUG:colcon.colcon_core.shell:Skip shell extension 'dsv' for command environment
[0.838s] DEBUG:colcon.colcon_core.event_handler.log_command:Invoking command in '/home/zeeshan/ros2_ws/build/Stage': /usr/bin/cmake --build /home/zeeshan/ros2_ws/build/Stage -- -j4 -l4
[0.854s] DEBUG:colcon.colcon_core.event_handler.log_command:Invoking command in '/home/zeeshan/ros2_ws/build/configuration': CMAKE_PREFIX_PATH=${CMAKE_PREFIX_PATH}:/opt/ros/humble /usr/bin/cmake --build /home/zeeshan/ros2_ws/build/configuration -- -j4 -l4
[0.865s] DEBUG:colcon.colcon_core.event_handler.log_command:Invoking command in '/home/zeeshan/ros2_ws/build/my_planner': CMAKE_PREFIX_PATH=${CMAKE_PREFIX_PATH}:/opt/ros/humble /usr/bin/cmake --build /home/zeeshan/ros2_ws/build/my_planner -- -j4 -l4
[0.909s] DEBUG:colcon.colcon_core.event_handler.log_command:Invoking command in '/home/zeeshan/ros2_ws/build/planner': CMAKE_PREFIX_PATH=${CMAKE_PREFIX_PATH}:/opt/ros/humble /usr/bin/cmake --build /home/zeeshan/ros2_ws/build/planner -- -j4 -l4
[0.991s] DEBUG:colcon.colcon_core.event_handler.log_command:Invoked command in '/home/zeeshan/ros2_ws/build/configuration' returned '0': CMAKE_PREFIX_PATH=${CMAKE_PREFIX_PATH}:/opt/ros/humble /usr/bin/cmake --build /home/zeeshan/ros2_ws/build/configuration -- -j4 -l4
[1.109s] DEBUG:colcon.colcon_core.event_handler.log_command:Invoking command in '/home/zeeshan/ros2_ws/build/configuration': CMAKE_PREFIX_PATH=${CMAKE_PREFIX_PATH}:/opt/ros/humble /usr/bin/cmake --install /home/zeeshan/ros2_ws/build/configuration
[1.134s] DEBUG:colcon.colcon_core.event_handler.log_command:Invoked command in '/home/zeeshan/ros2_ws/build/planner' returned '0': CMAKE_PREFIX_PATH=${CMAKE_PREFIX_PATH}:/opt/ros/humble /usr/bin/cmake --build /home/zeeshan/ros2_ws/build/planner -- -j4 -l4
[1.154s] Level 1:colcon.colcon_core.environment:create_environment_scripts_only(configuration)
[1.157s] DEBUG:colcon.colcon_core.event_handler.log_command:Invoked command in '/home/zeeshan/ros2_ws/build/configuration' returned '0': CMAKE_PREFIX_PATH=${CMAKE_PREFIX_PATH}:/opt/ros/humble /usr/bin/cmake --install /home/zeeshan/ros2_ws/build/configuration
[1.182s] Level 1:colcon.colcon_core.environment:checking '/home/zeeshan/ros2_ws/install/configuration' for CMake module files
[1.184s] Level 1:colcon.colcon_core.environment:checking '/home/zeeshan/ros2_ws/install/configuration' for CMake config files
[1.185s] Level 1:colcon.colcon_core.shell:create_environment_hook('configuration', 'cmake_prefix_path')
[1.185s] INFO:colcon.colcon_core.shell:Creating environment hook '/home/zeeshan/ros2_ws/install/configuration/share/configuration/hook/cmake_prefix_path.ps1'
[1.189s] INFO:colcon.colcon_core.shell:Creating environment descriptor '/home/zeeshan/ros2_ws/install/configuration/share/configuration/hook/cmake_prefix_path.dsv'
[1.191s] INFO:colcon.colcon_core.shell:Creating environment hook '/home/zeeshan/ros2_ws/install/configuration/share/configuration/hook/cmake_prefix_path.sh'
[1.199s] Level 1:colcon.colcon_core.environment:checking '/home/zeeshan/ros2_ws/install/configuration/bin'
[1.199s] Level 1:colcon.colcon_core.environment:checking '/home/zeeshan/ros2_ws/install/configuration/lib/pkgconfig/configuration.pc'
[1.200s] Level 1:colcon.colcon_core.environment:checking '/home/zeeshan/ros2_ws/install/configuration/lib/python3.10/site-packages'
[1.200s] Level 1:colcon.colcon_core.environment:checking '/home/zeeshan/ros2_ws/install/configuration/bin'
[1.201s] INFO:colcon.colcon_core.shell:Creating package script '/home/zeeshan/ros2_ws/install/configuration/share/configuration/package.ps1'
[1.203s] INFO:colcon.colcon_core.shell:Creating package descriptor '/home/zeeshan/ros2_ws/install/configuration/share/configuration/package.dsv'
[1.218s] INFO:colcon.colcon_core.shell:Creating package script '/home/zeeshan/ros2_ws/install/configuration/share/configuration/package.sh'
[1.220s] INFO:colcon.colcon_core.shell:Creating package script '/home/zeeshan/ros2_ws/install/configuration/share/configuration/package.bash'
[1.222s] INFO:colcon.colcon_core.shell:Creating package script '/home/zeeshan/ros2_ws/install/configuration/share/configuration/package.zsh'
[1.224s] Level 1:colcon.colcon_core.environment:create_file_with_runtime_dependencies(/home/zeeshan/ros2_ws/install/configuration/share/colcon-core/packages/configuration)
[1.245s] DEBUG:colcon.colcon_core.event_handler.log_command:Invoked command in '/home/zeeshan/ros2_ws/build/my_planner' returned '0': CMAKE_PREFIX_PATH=${CMAKE_PREFIX_PATH}:/opt/ros/humble /usr/bin/cmake --build /home/zeeshan/ros2_ws/build/my_planner -- -j4 -l4
[1.337s] Level 1:colcon.colcon_core.environment:create_environment_scripts_only(configuration)
[1.338s] Level 1:colcon.colcon_core.environment:checking '/home/zeeshan/ros2_ws/install/configuration' for CMake module files
[1.339s] Level 1:colcon.colcon_core.environment:checking '/home/zeeshan/ros2_ws/install/configuration' for CMake config files
[1.340s] Level 1:colcon.colcon_core.shell:create_environment_hook('configuration', 'cmake_prefix_path')
[1.343s] INFO:colcon.colcon_core.shell:Creating environment hook '/home/zeeshan/ros2_ws/install/configuration/share/configuration/hook/cmake_prefix_path.ps1'
[1.345s] INFO:colcon.colcon_core.shell:Creating environment descriptor '/home/zeeshan/ros2_ws/install/configuration/share/configuration/hook/cmake_prefix_path.dsv'
[1.346s] INFO:colcon.colcon_core.shell:Creating environment hook '/home/zeeshan/ros2_ws/install/configuration/share/configuration/hook/cmake_prefix_path.sh'
[1.347s] Level 1:colcon.colcon_core.environment:checking '/home/zeeshan/ros2_ws/install/configuration/bin'
[1.348s] Level 1:colcon.colcon_core.environment:checking '/home/zeeshan/ros2_ws/install/configuration/lib/pkgconfig/configuration.pc'
[1.348s] Level 1:colcon.colcon_core.environment:checking '/home/zeeshan/ros2_ws/install/configuration/lib/python3.10/site-packages'
[1.349s] Level 1:colcon.colcon_core.environment:checking '/home/zeeshan/ros2_ws/install/configuration/bin'
[1.350s] INFO:colcon.colcon_core.shell:Creating package script '/home/zeeshan/ros2_ws/install/configuration/share/configuration/package.ps1'
[1.351s] INFO:colcon.colcon_core.shell:Creating package descriptor '/home/zeeshan/ros2_ws/install/configuration/share/configuration/package.dsv'
[1.353s] INFO:colcon.colcon_core.shell:Creating package script '/home/zeeshan/ros2_ws/install/configuration/share/configuration/package.sh'
[1.354s] INFO:colcon.colcon_core.shell:Creating package script '/home/zeeshan/ros2_ws/install/configuration/share/configuration/package.bash'
[1.355s] INFO:colcon.colcon_core.shell:Creating package script '/home/zeeshan/ros2_ws/install/configuration/share/configuration/package.zsh'
[1.359s] Level 1:colcon.colcon_core.environment:create_file_with_runtime_dependencies(/home/zeeshan/ros2_ws/install/configuration/share/colcon-core/packages/configuration)
[1.361s] INFO:colcon.colcon_ros.task.ament_cmake.build:Building ROS package in '/home/zeeshan/ros2_ws/src/simple_planner' with build type 'ament_cmake'
[1.362s] INFO:colcon.colcon_cmake.task.cmake.build:Building CMake package in '/home/zeeshan/ros2_ws/src/simple_planner'
[1.362s] INFO:colcon.colcon_core.shell:Skip shell extension 'powershell' for command environment: Not usable outside of PowerShell
[1.362s] DEBUG:colcon.colcon_core.shell:Skip shell extension 'dsv' for command environment
[1.381s] DEBUG:colcon.colcon_core.event_handler.log_command:Invoking command in '/home/zeeshan/ros2_ws/build/planner': CMAKE_PREFIX_PATH=${CMAKE_PREFIX_PATH}:/opt/ros/humble /usr/bin/cmake --install /home/zeeshan/ros2_ws/build/planner
[1.398s] DEBUG:colcon.colcon_core.event_handler.log_command:Invoking command in '/home/zeeshan/ros2_ws/build/simple_planner': CMAKE_PREFIX_PATH=${CMAKE_PREFIX_PATH}:/opt/ros/humble /usr/bin/cmake --build /home/zeeshan/ros2_ws/build/simple_planner -- -j4 -l4
[1.447s] DEBUG:colcon.colcon_core.event_handler.log_command:Invoking command in '/home/zeeshan/ros2_ws/build/my_planner': CMAKE_PREFIX_PATH=${CMAKE_PREFIX_PATH}:/opt/ros/humble /usr/bin/cmake --install /home/zeeshan/ros2_ws/build/my_planner
[1.459s] Level 1:colcon.colcon_core.environment:create_environment_scripts_only(planner)
[1.460s] Level 1:colcon.colcon_core.environment:checking '/home/zeeshan/ros2_ws/install/planner' for CMake module files
[1.462s] Level 1:colcon.colcon_core.environment:checking '/home/zeeshan/ros2_ws/install/planner' for CMake config files
[1.462s] Level 1:colcon.colcon_core.shell:create_environment_hook('planner', 'cmake_prefix_path')
[1.463s] INFO:colcon.colcon_core.shell:Creating environment hook '/home/zeeshan/ros2_ws/install/planner/share/planner/hook/cmake_prefix_path.ps1'
[1.465s] INFO:colcon.colcon_core.shell:Creating environment descriptor '/home/zeeshan/ros2_ws/install/planner/share/planner/hook/cmake_prefix_path.dsv'
[1.465s] DEBUG:colcon.colcon_core.event_handler.log_command:Invoked command in '/home/zeeshan/ros2_ws/build/planner' returned '0': CMAKE_PREFIX_PATH=${CMAKE_PREFIX_PATH}:/opt/ros/humble /usr/bin/cmake --install /home/zeeshan/ros2_ws/build/planner
[1.467s] INFO:colcon.colcon_core.shell:Creating environment hook '/home/zeeshan/ros2_ws/install/planner/share/planner/hook/cmake_prefix_path.sh'
[1.470s] Level 1:colcon.colcon_core.environment:checking '/home/zeeshan/ros2_ws/install/planner/lib'
[1.471s] Level 1:colcon.colcon_core.environment:checking '/home/zeeshan/ros2_ws/install/planner/bin'
[1.473s] Level 1:colcon.colcon_core.environment:checking '/home/zeeshan/ros2_ws/install/planner/lib/pkgconfig/planner.pc'
[1.475s] Level 1:colcon.colcon_core.environment:checking '/home/zeeshan/ros2_ws/install/planner/lib/python3.10/site-packages'
[1.480s] Level 1:colcon.colcon_core.environment:checking '/home/zeeshan/ros2_ws/install/planner/bin'
[1.481s] INFO:colcon.colcon_core.shell:Creating package script '/home/zeeshan/ros2_ws/install/planner/share/planner/package.ps1'
[1.484s] INFO:colcon.colcon_core.shell:Creating package descriptor '/home/zeeshan/ros2_ws/install/planner/share/planner/package.dsv'
[1.485s] INFO:colcon.colcon_core.shell:Creating package script '/home/zeeshan/ros2_ws/install/planner/share/planner/package.sh'
[1.486s] INFO:colcon.colcon_core.shell:Creating package script '/home/zeeshan/ros2_ws/install/planner/share/planner/package.bash'
[1.487s] INFO:colcon.colcon_core.shell:Creating package script '/home/zeeshan/ros2_ws/install/planner/share/planner/package.zsh'
[1.487s] Level 1:colcon.colcon_core.environment:create_file_with_runtime_dependencies(/home/zeeshan/ros2_ws/install/planner/share/colcon-core/packages/planner)
[1.496s] DEBUG:colcon.colcon_core.event_handler.log_command:Invoked command in '/home/zeeshan/ros2_ws/build/Stage' returned '0': /usr/bin/cmake --build /home/zeeshan/ros2_ws/build/Stage -- -j4 -l4
[1.516s] Level 1:colcon.colcon_core.environment:create_environment_scripts_only(my_planner)
[1.517s] Level 1:colcon.colcon_core.environment:checking '/home/zeeshan/ros2_ws/install/my_planner' for CMake module files
[1.519s] Level 1:colcon.colcon_core.environment:checking '/home/zeeshan/ros2_ws/install/my_planner' for CMake config files
[1.519s] Level 1:colcon.colcon_core.shell:create_environment_hook('my_planner', 'cmake_prefix_path')
[1.520s] INFO:colcon.colcon_core.shell:Creating environment hook '/home/zeeshan/ros2_ws/install/my_planner/share/my_planner/hook/cmake_prefix_path.ps1'
[1.521s] DEBUG:colcon.colcon_core.event_handler.log_command:Invoked command in '/home/zeeshan/ros2_ws/build/my_planner' returned '0': CMAKE_PREFIX_PATH=${CMAKE_PREFIX_PATH}:/opt/ros/humble /usr/bin/cmake --install /home/zeeshan/ros2_ws/build/my_planner
[1.525s] INFO:colcon.colcon_core.shell:Creating environment descriptor '/home/zeeshan/ros2_ws/install/my_planner/share/my_planner/hook/cmake_prefix_path.dsv'
[1.527s] INFO:colcon.colcon_core.shell:Creating environment hook '/home/zeeshan/ros2_ws/install/my_planner/share/my_planner/hook/cmake_prefix_path.sh'
[1.529s] Level 1:colcon.colcon_core.environment:checking '/home/zeeshan/ros2_ws/install/my_planner/lib'
[1.530s] Level 1:colcon.colcon_core.environment:checking '/home/zeeshan/ros2_ws/install/my_planner/bin'
[1.530s] Level 1:colcon.colcon_core.environment:checking '/home/zeeshan/ros2_ws/install/my_planner/lib/pkgconfig/my_planner.pc'
[1.531s] Level 1:colcon.colcon_core.environment:checking '/home/zeeshan/ros2_ws/install/my_planner/lib/python3.10/site-packages'
[1.531s] Level 1:colcon.colcon_core.environment:checking '/home/zeeshan/ros2_ws/install/my_planner/bin'
[1.532s] INFO:colcon.colcon_core.shell:Creating package script '/home/zeeshan/ros2_ws/install/my_planner/share/my_planner/package.ps1'
[1.534s] INFO:colcon.colcon_core.shell:Creating package descriptor '/home/zeeshan/ros2_ws/install/my_planner/share/my_planner/package.dsv'
[1.537s] INFO:colcon.colcon_core.shell:Creating package script '/home/zeeshan/ros2_ws/install/my_planner/share/my_planner/package.sh'
[1.539s] INFO:colcon.colcon_core.shell:Creating package script '/home/zeeshan/ros2_ws/install/my_planner/share/my_planner/package.bash'
[1.540s] INFO:colcon.colcon_core.shell:Creating package script '/home/zeeshan/ros2_ws/install/my_planner/share/my_planner/package.zsh'
[1.542s] Level 1:colcon.colcon_core.environment:create_file_with_runtime_dependencies(/home/zeeshan/ros2_ws/install/my_planner/share/colcon-core/packages/my_planner)
[1.605s] Level 1:colcon.colcon_core.environment:create_environment_scripts_only(planner)
[1.606s] Level 1:colcon.colcon_core.environment:checking '/home/zeeshan/ros2_ws/install/planner' for CMake module files
[1.607s] Level 1:colcon.colcon_core.environment:checking '/home/zeeshan/ros2_ws/install/planner' for CMake config files
[1.608s] Level 1:colcon.colcon_core.shell:create_environment_hook('planner', 'cmake_prefix_path')
[1.609s] INFO:colcon.colcon_core.shell:Creating environment hook '/home/zeeshan/ros2_ws/install/planner/share/planner/hook/cmake_prefix_path.ps1'
[1.610s] INFO:colcon.colcon_core.shell:Creating environment descriptor '/home/zeeshan/ros2_ws/install/planner/share/planner/hook/cmake_prefix_path.dsv'
[1.611s] INFO:colcon.colcon_core.shell:Creating environment hook '/home/zeeshan/ros2_ws/install/planner/share/planner/hook/cmake_prefix_path.sh'
[1.613s] Level 1:colcon.colcon_core.environment:checking '/home/zeeshan/ros2_ws/install/planner/lib'
[1.613s] Level 1:colcon.colcon_core.environment:checking '/home/zeeshan/ros2_ws/install/planner/bin'
[1.613s] Level 1:colcon.colcon_core.environment:checking '/home/zeeshan/ros2_ws/install/planner/lib/pkgconfig/planner.pc'
[1.613s] Level 1:colcon.colcon_core.environment:checking '/home/zeeshan/ros2_ws/install/planner/lib/python3.10/site-packages'
[1.614s] Level 1:colcon.colcon_core.environment:checking '/home/zeeshan/ros2_ws/install/planner/bin'
[1.615s] INFO:colcon.colcon_core.shell:Creating package script '/home/zeeshan/ros2_ws/install/planner/share/planner/package.ps1'
[1.616s] INFO:colcon.colcon_core.shell:Creating package descriptor '/home/zeeshan/ros2_ws/install/planner/share/planner/package.dsv'
[1.617s] INFO:colcon.colcon_core.shell:Creating package script '/home/zeeshan/ros2_ws/install/planner/share/planner/package.sh'
[1.618s] INFO:colcon.colcon_core.shell:Creating package script '/home/zeeshan/ros2_ws/install/planner/share/planner/package.bash'
[1.619s] INFO:colcon.colcon_core.shell:Creating package script '/home/zeeshan/ros2_ws/install/planner/share/planner/package.zsh'
[1.620s] Level 1:colcon.colcon_core.environment:create_file_with_runtime_dependencies(/home/zeeshan/ros2_ws/install/planner/share/colcon-core/packages/planner)
[1.622s] INFO:colcon.colcon_ros.task.ament_cmake.build:Building ROS package in '/home/zeeshan/ros2_ws/src/worlds' with build type 'ament_cmake'
[1.623s] INFO:colcon.colcon_cmake.task.cmake.build:Building CMake package in '/home/zeeshan/ros2_ws/src/worlds'
[1.623s] INFO:colcon.colcon_core.shell:Skip shell extension 'powershell' for command environment: Not usable outside of PowerShell
[1.623s] DEBUG:colcon.colcon_core.shell:Skip shell extension 'dsv' for command environment
[1.646s] DEBUG:colcon.colcon_core.event_handler.log_command:Invoking command in '/home/zeeshan/ros2_ws/build/Stage': /usr/bin/cmake --install /home/zeeshan/ros2_ws/build/Stage
[1.649s] Level 1:colcon.colcon_core.environment:create_environment_scripts_only(my_planner)
[1.650s] Level 1:colcon.colcon_core.environment:checking '/home/zeeshan/ros2_ws/install/my_planner' for CMake module files
[1.651s] Level 1:colcon.colcon_core.environment:checking '/home/zeeshan/ros2_ws/install/my_planner' for CMake config files
[1.652s] Level 1:colcon.colcon_core.shell:create_environment_hook('my_planner', 'cmake_prefix_path')
[1.653s] INFO:colcon.colcon_core.shell:Creating environment hook '/home/zeeshan/ros2_ws/install/my_planner/share/my_planner/hook/cmake_prefix_path.ps1'
[1.655s] INFO:colcon.colcon_core.shell:Creating environment descriptor '/home/zeeshan/ros2_ws/install/my_planner/share/my_planner/hook/cmake_prefix_path.dsv'
[1.657s] INFO:colcon.colcon_core.shell:Creating environment hook '/home/zeeshan/ros2_ws/install/my_planner/share/my_planner/hook/cmake_prefix_path.sh'
[1.659s] Level 1:colcon.colcon_core.environment:checking '/home/zeeshan/ros2_ws/install/my_planner/lib'
[1.660s] Level 1:colcon.colcon_core.environment:checking '/home/zeeshan/ros2_ws/install/my_planner/bin'
[1.660s] Level 1:colcon.colcon_core.environment:checking '/home/zeeshan/ros2_ws/install/my_planner/lib/pkgconfig/my_planner.pc'
[1.661s] Level 1:colcon.colcon_core.environment:checking '/home/zeeshan/ros2_ws/install/my_planner/lib/python3.10/site-packages'
[1.662s] Level 1:colcon.colcon_core.environment:checking '/home/zeeshan/ros2_ws/install/my_planner/bin'
[1.663s] INFO:colcon.colcon_core.shell:Creating package script '/home/zeeshan/ros2_ws/install/my_planner/share/my_planner/package.ps1'
[1.672s] INFO:colcon.colcon_core.shell:Creating package descriptor '/home/zeeshan/ros2_ws/install/my_planner/share/my_planner/package.dsv'
[1.692s] INFO:colcon.colcon_core.shell:Creating package script '/home/zeeshan/ros2_ws/install/my_planner/share/my_planner/package.sh'
[1.694s] INFO:colcon.colcon_core.shell:Creating package script '/home/zeeshan/ros2_ws/install/my_planner/share/my_planner/package.bash'
[1.695s] INFO:colcon.colcon_core.shell:Creating package script '/home/zeeshan/ros2_ws/install/my_planner/share/my_planner/package.zsh'
[1.696s] Level 1:colcon.colcon_core.environment:create_file_with_runtime_dependencies(/home/zeeshan/ros2_ws/install/my_planner/share/colcon-core/packages/my_planner)
[1.722s] Level 1:colcon.colcon_core.environment:create_environment_scripts_only(Stage)
[1.722s] Level 1:colcon.colcon_core.environment:checking '/home/zeeshan/ros2_ws/install/Stage' for CMake module files
[1.723s] Level 1:colcon.colcon_core.environment:checking '/home/zeeshan/ros2_ws/install/Stage' for CMake config files
[1.724s] Level 1:colcon.colcon_core.shell:create_environment_hook('Stage', 'cmake_prefix_path')
[1.725s] INFO:colcon.colcon_core.shell:Creating environment hook '/home/zeeshan/ros2_ws/install/Stage/share/Stage/hook/cmake_prefix_path.ps1'
[1.726s] INFO:colcon.colcon_core.shell:Creating environment descriptor '/home/zeeshan/ros2_ws/install/Stage/share/Stage/hook/cmake_prefix_path.dsv'
[1.727s] INFO:colcon.colcon_core.shell:Creating environment hook '/home/zeeshan/ros2_ws/install/Stage/share/Stage/hook/cmake_prefix_path.sh'
[1.731s] Level 1:colcon.colcon_core.environment:checking '/home/zeeshan/ros2_ws/install/Stage/lib'
[1.731s] Level 1:colcon.colcon_core.shell:create_environment_hook('Stage', 'ld_library_path_lib')
[1.733s] INFO:colcon.colcon_core.shell:Creating environment hook '/home/zeeshan/ros2_ws/install/Stage/share/Stage/hook/ld_library_path_lib.ps1'
[1.734s] INFO:colcon.colcon_core.shell:Creating environment descriptor '/home/zeeshan/ros2_ws/install/Stage/share/Stage/hook/ld_library_path_lib.dsv'
[1.740s] DEBUG:colcon.colcon_core.event_handler.log_command:Invoking command in '/home/zeeshan/ros2_ws/build/worlds': CMAKE_PREFIX_PATH=${CMAKE_PREFIX_PATH}:/opt/ros/humble /usr/bin/cmake --build /home/zeeshan/ros2_ws/build/worlds -- -j4 -l4
[1.741s] DEBUG:colcon.colcon_core.event_handler.log_command:Invoked command in '/home/zeeshan/ros2_ws/build/Stage' returned '0': /usr/bin/cmake --install /home/zeeshan/ros2_ws/build/Stage
[1.742s] INFO:colcon.colcon_core.shell:Creating environment hook '/home/zeeshan/ros2_ws/install/Stage/share/Stage/hook/ld_library_path_lib.sh'
[1.743s] Level 1:colcon.colcon_core.environment:checking '/home/zeeshan/ros2_ws/install/Stage/bin'
[1.743s] Level 1:colcon.colcon_core.shell:create_environment_hook('Stage', 'path')
[1.743s] INFO:colcon.colcon_core.shell:Creating environment hook '/home/zeeshan/ros2_ws/install/Stage/share/Stage/hook/path.ps1'
[1.745s] INFO:colcon.colcon_core.shell:Creating environment descriptor '/home/zeeshan/ros2_ws/install/Stage/share/Stage/hook/path.dsv'
[1.746s] INFO:colcon.colcon_core.shell:Creating environment hook '/home/zeeshan/ros2_ws/install/Stage/share/Stage/hook/path.sh'
[1.747s] Level 1:colcon.colcon_core.environment:checking '/home/zeeshan/ros2_ws/install/Stage/lib/pkgconfig/Stage.pc'
[1.747s] Level 1:colcon.colcon_core.environment:checking '/home/zeeshan/ros2_ws/install/Stage/lib/python3.10/site-packages'
[1.748s] Level 1:colcon.colcon_core.environment:checking '/home/zeeshan/ros2_ws/install/Stage/bin'
[1.748s] Level 1:colcon.colcon_core.shell:create_environment_hook('Stage', 'pythonscriptspath')
[1.749s] INFO:colcon.colcon_core.shell:Creating environment hook '/home/zeeshan/ros2_ws/install/Stage/share/Stage/hook/pythonscriptspath.ps1'
[1.750s] INFO:colcon.colcon_core.shell:Creating environment descriptor '/home/zeeshan/ros2_ws/install/Stage/share/Stage/hook/pythonscriptspath.dsv'
[1.751s] INFO:colcon.colcon_core.shell:Creating environment hook '/home/zeeshan/ros2_ws/install/Stage/share/Stage/hook/pythonscriptspath.sh'
[1.753s] INFO:colcon.colcon_core.shell:Creating package script '/home/zeeshan/ros2_ws/install/Stage/share/Stage/package.ps1'
[1.754s] INFO:colcon.colcon_core.shell:Creating package descriptor '/home/zeeshan/ros2_ws/install/Stage/share/Stage/package.dsv'
[1.755s] INFO:colcon.colcon_core.shell:Creating package script '/home/zeeshan/ros2_ws/install/Stage/share/Stage/package.sh'
[1.756s] INFO:colcon.colcon_core.shell:Creating package script '/home/zeeshan/ros2_ws/install/Stage/share/Stage/package.bash'
[1.757s] INFO:colcon.colcon_core.shell:Creating package script '/home/zeeshan/ros2_ws/install/Stage/share/Stage/package.zsh'
[1.758s] Level 1:colcon.colcon_core.environment:create_file_with_runtime_dependencies(/home/zeeshan/ros2_ws/install/Stage/share/colcon-core/packages/Stage)
[1.759s] INFO:colcon.colcon_ros.task.ament_cmake.build:Building ROS package in '/home/zeeshan/ros2_ws/src/stage_ros2' with build type 'ament_cmake'
[1.760s] INFO:colcon.colcon_cmake.task.cmake.build:Building CMake package in '/home/zeeshan/ros2_ws/src/stage_ros2'
[1.760s] INFO:colcon.colcon_core.shell:Skip shell extension 'powershell' for command environment: Not usable outside of PowerShell
[1.761s] DEBUG:colcon.colcon_core.shell:Skip shell extension 'dsv' for command environment
[1.802s] DEBUG:colcon.colcon_core.event_handler.log_command:Invoking command in '/home/zeeshan/ros2_ws/build/stage_ros2': CMAKE_PREFIX_PATH=/home/zeeshan/ros2_ws/install/Stage:/home/zeeshan/ros2_ws/install/worlds:/home/zeeshan/ros2_ws/install/stage_ros2:/home/zeeshan/ros2_ws/install/simple_planner:/home/zeeshan/ros2_ws/install/planner:/home/zeeshan/ros2_ws/install/my_planner:/home/zeeshan/ros2_ws/install/configuration:/opt/ros/humble LD_LIBRARY_PATH=/home/zeeshan/ros2_ws/install/Stage/lib:/home/zeeshan/ros2_ws/install/stage_ros2/lib:/opt/ros/humble/opt/rviz_ogre_vendor/lib:/opt/ros/humble/lib/x86_64-linux-gnu:/opt/ros/humble/lib /usr/bin/cmake --build /home/zeeshan/ros2_ws/build/stage_ros2 -- -j4 -l4
[1.843s] DEBUG:colcon.colcon_core.event_handler.log_command:Invoked command in '/home/zeeshan/ros2_ws/build/worlds' returned '0': CMAKE_PREFIX_PATH=${CMAKE_PREFIX_PATH}:/opt/ros/humble /usr/bin/cmake --build /home/zeeshan/ros2_ws/build/worlds -- -j4 -l4
[1.912s] DEBUG:colcon.colcon_core.event_handler.log_command:Invoking command in '/home/zeeshan/ros2_ws/build/worlds': CMAKE_PREFIX_PATH=${CMAKE_PREFIX_PATH}:/opt/ros/humble /usr/bin/cmake --install /home/zeeshan/ros2_ws/build/worlds
[1.933s] Level 1:colcon.colcon_core.environment:create_environment_scripts_only(worlds)
[1.934s] Level 1:colcon.colcon_core.environment:checking '/home/zeeshan/ros2_ws/install/worlds' for CMake module files
[1.935s] DEBUG:colcon.colcon_core.event_handler.log_command:Invoked command in '/home/zeeshan/ros2_ws/build/worlds' returned '0': CMAKE_PREFIX_PATH=${CMAKE_PREFIX_PATH}:/opt/ros/humble /usr/bin/cmake --install /home/zeeshan/ros2_ws/build/worlds
[1.937s] Level 1:colcon.colcon_core.environment:checking '/home/zeeshan/ros2_ws/install/worlds' for CMake config files
[1.937s] Level 1:colcon.colcon_core.shell:create_environment_hook('worlds', 'cmake_prefix_path')
[1.938s] INFO:colcon.colcon_core.shell:Creating environment hook '/home/zeeshan/ros2_ws/install/worlds/share/worlds/hook/cmake_prefix_path.ps1'
[1.939s] INFO:colcon.colcon_core.shell:Creating environment descriptor '/home/zeeshan/ros2_ws/install/worlds/share/worlds/hook/cmake_prefix_path.dsv'
[1.940s] INFO:colcon.colcon_core.shell:Creating environment hook '/home/zeeshan/ros2_ws/install/worlds/share/worlds/hook/cmake_prefix_path.sh'
[1.941s] Level 1:colcon.colcon_core.environment:checking '/home/zeeshan/ros2_ws/install/worlds/bin'
[1.941s] Level 1:colcon.colcon_core.environment:checking '/home/zeeshan/ros2_ws/install/worlds/lib/pkgconfig/worlds.pc'
[1.942s] Level 1:colcon.colcon_core.environment:checking '/home/zeeshan/ros2_ws/install/worlds/lib/python3.10/site-packages'
[1.942s] Level 1:colcon.colcon_core.environment:checking '/home/zeeshan/ros2_ws/install/worlds/bin'
[1.943s] INFO:colcon.colcon_core.shell:Creating package script '/home/zeeshan/ros2_ws/install/worlds/share/worlds/package.ps1'
[1.944s] INFO:colcon.colcon_core.shell:Creating package descriptor '/home/zeeshan/ros2_ws/install/worlds/share/worlds/package.dsv'
[1.954s] INFO:colcon.colcon_core.shell:Creating package script '/home/zeeshan/ros2_ws/install/worlds/share/worlds/package.sh'
[1.955s] INFO:colcon.colcon_core.shell:Creating package script '/home/zeeshan/ros2_ws/install/worlds/share/worlds/package.bash'
[1.956s] INFO:colcon.colcon_core.shell:Creating package script '/home/zeeshan/ros2_ws/install/worlds/share/worlds/package.zsh'
[1.956s] Level 1:colcon.colcon_core.environment:create_file_with_runtime_dependencies(/home/zeeshan/ros2_ws/install/worlds/share/colcon-core/packages/worlds)
[2.044s] Level 1:colcon.colcon_core.environment:create_environment_scripts_only(worlds)
[2.045s] Level 1:colcon.colcon_core.environment:checking '/home/zeeshan/ros2_ws/install/worlds' for CMake module files
[2.046s] Level 1:colcon.colcon_core.environment:checking '/home/zeeshan/ros2_ws/install/worlds' for CMake config files
[2.046s] Level 1:colcon.colcon_core.shell:create_environment_hook('worlds', 'cmake_prefix_path')
[2.047s] INFO:colcon.colcon_core.shell:Creating environment hook '/home/zeeshan/ros2_ws/install/worlds/share/worlds/hook/cmake_prefix_path.ps1'
[2.048s] INFO:colcon.colcon_core.shell:Creating environment descriptor '/home/zeeshan/ros2_ws/install/worlds/share/worlds/hook/cmake_prefix_path.dsv'
[2.049s] INFO:colcon.colcon_core.shell:Creating environment hook '/home/zeeshan/ros2_ws/install/worlds/share/worlds/hook/cmake_prefix_path.sh'
[2.050s] Level 1:colcon.colcon_core.environment:checking '/home/zeeshan/ros2_ws/install/worlds/bin'
[2.050s] Level 1:colcon.colcon_core.environment:checking '/home/zeeshan/ros2_ws/install/worlds/lib/pkgconfig/worlds.pc'
[2.050s] Level 1:colcon.colcon_core.environment:checking '/home/zeeshan/ros2_ws/install/worlds/lib/python3.10/site-packages'
[2.051s] Level 1:colcon.colcon_core.environment:checking '/home/zeeshan/ros2_ws/install/worlds/bin'
[2.052s] INFO:colcon.colcon_core.shell:Creating package script '/home/zeeshan/ros2_ws/install/worlds/share/worlds/package.ps1'
[2.053s] INFO:colcon.colcon_core.shell:Creating package descriptor '/home/zeeshan/ros2_ws/install/worlds/share/worlds/package.dsv'
[2.057s] INFO:colcon.colcon_core.shell:Creating package script '/home/zeeshan/ros2_ws/install/worlds/share/worlds/package.sh'
[2.059s] INFO:colcon.colcon_core.shell:Creating package script '/home/zeeshan/ros2_ws/install/worlds/share/worlds/package.bash'
[2.067s] INFO:colcon.colcon_core.shell:Creating package script '/home/zeeshan/ros2_ws/install/worlds/share/worlds/package.zsh'
[2.069s] Level 1:colcon.colcon_core.environment:create_file_with_runtime_dependencies(/home/zeeshan/ros2_ws/install/worlds/share/colcon-core/packages/worlds)
[2.095s] DEBUG:colcon.colcon_core.event_handler.log_command:Invoked command in '/home/zeeshan/ros2_ws/build/stage_ros2' returned '0': CMAKE_PREFIX_PATH=/home/zeeshan/ros2_ws/install/Stage:/home/zeeshan/ros2_ws/install/worlds:/home/zeeshan/ros2_ws/install/stage_ros2:/home/zeeshan/ros2_ws/install/simple_planner:/home/zeeshan/ros2_ws/install/planner:/home/zeeshan/ros2_ws/install/my_planner:/home/zeeshan/ros2_ws/install/configuration:/opt/ros/humble LD_LIBRARY_PATH=/home/zeeshan/ros2_ws/install/Stage/lib:/home/zeeshan/ros2_ws/install/stage_ros2/lib:/opt/ros/humble/opt/rviz_ogre_vendor/lib:/opt/ros/humble/lib/x86_64-linux-gnu:/opt/ros/humble/lib /usr/bin/cmake --build /home/zeeshan/ros2_ws/build/stage_ros2 -- -j4 -l4
[2.195s] DEBUG:colcon.colcon_core.event_handler.log_command:Invoking command in '/home/zeeshan/ros2_ws/build/stage_ros2': CMAKE_PREFIX_PATH=/home/zeeshan/ros2_ws/install/Stage:/home/zeeshan/ros2_ws/install/worlds:/home/zeeshan/ros2_ws/install/stage_ros2:/home/zeeshan/ros2_ws/install/simple_planner:/home/zeeshan/ros2_ws/install/planner:/home/zeeshan/ros2_ws/install/my_planner:/home/zeeshan/ros2_ws/install/configuration:/opt/ros/humble LD_LIBRARY_PATH=/home/zeeshan/ros2_ws/install/Stage/lib:/home/zeeshan/ros2_ws/install/stage_ros2/lib:/opt/ros/humble/opt/rviz_ogre_vendor/lib:/opt/ros/humble/lib/x86_64-linux-gnu:/opt/ros/humble/lib /usr/bin/cmake --install /home/zeeshan/ros2_ws/build/stage_ros2
[2.251s] Level 1:colcon.colcon_core.environment:create_environment_scripts_only(stage_ros2)
[2.251s] Level 1:colcon.colcon_core.environment:checking '/home/zeeshan/ros2_ws/install/stage_ros2' for CMake module files
[2.253s] Level 1:colcon.colcon_core.environment:checking '/home/zeeshan/ros2_ws/install/stage_ros2' for CMake config files
[2.254s] Level 1:colcon.colcon_core.shell:create_environment_hook('stage_ros2', 'cmake_prefix_path')
[2.254s] INFO:colcon.colcon_core.shell:Creating environment hook '/home/zeeshan/ros2_ws/install/stage_ros2/share/stage_ros2/hook/cmake_prefix_path.ps1'
[2.255s] INFO:colcon.colcon_core.shell:Creating environment descriptor '/home/zeeshan/ros2_ws/install/stage_ros2/share/stage_ros2/hook/cmake_prefix_path.dsv'
[2.256s] INFO:colcon.colcon_core.shell:Creating environment hook '/home/zeeshan/ros2_ws/install/stage_ros2/share/stage_ros2/hook/cmake_prefix_path.sh'
[2.259s] DEBUG:colcon.colcon_core.event_handler.log_command:Invoked command in '/home/zeeshan/ros2_ws/build/stage_ros2' returned '0': CMAKE_PREFIX_PATH=/home/zeeshan/ros2_ws/install/Stage:/home/zeeshan/ros2_ws/install/worlds:/home/zeeshan/ros2_ws/install/stage_ros2:/home/zeeshan/ros2_ws/install/simple_planner:/home/zeeshan/ros2_ws/install/planner:/home/zeeshan/ros2_ws/install/my_planner:/home/zeeshan/ros2_ws/install/configuration:/opt/ros/humble LD_LIBRARY_PATH=/home/zeeshan/ros2_ws/install/Stage/lib:/home/zeeshan/ros2_ws/install/stage_ros2/lib:/opt/ros/humble/opt/rviz_ogre_vendor/lib:/opt/ros/humble/lib/x86_64-linux-gnu:/opt/ros/humble/lib /usr/bin/cmake --install /home/zeeshan/ros2_ws/build/stage_ros2
[2.259s] Level 1:colcon.colcon_core.environment:checking '/home/zeeshan/ros2_ws/install/stage_ros2/lib'
[2.260s] Level 1:colcon.colcon_core.shell:create_environment_hook('stage_ros2', 'ld_library_path_lib')
[2.260s] INFO:colcon.colcon_core.shell:Creating environment hook '/home/zeeshan/ros2_ws/install/stage_ros2/share/stage_ros2/hook/ld_library_path_lib.ps1'
[2.261s] INFO:colcon.colcon_core.shell:Creating environment descriptor '/home/zeeshan/ros2_ws/install/stage_ros2/share/stage_ros2/hook/ld_library_path_lib.dsv'
[2.263s] INFO:colcon.colcon_core.shell:Creating environment hook '/home/zeeshan/ros2_ws/install/stage_ros2/share/stage_ros2/hook/ld_library_path_lib.sh'
[2.263s] Level 1:colcon.colcon_core.environment:checking '/home/zeeshan/ros2_ws/install/stage_ros2/bin'
[2.264s] Level 1:colcon.colcon_core.environment:checking '/home/zeeshan/ros2_ws/install/stage_ros2/lib/pkgconfig/stage_ros2.pc'
[2.264s] Level 1:colcon.colcon_core.environment:checking '/home/zeeshan/ros2_ws/install/stage_ros2/lib/python3.10/site-packages'
[2.265s] Level 1:colcon.colcon_core.environment:checking '/home/zeeshan/ros2_ws/install/stage_ros2/bin'
[2.265s] INFO:colcon.colcon_core.shell:Creating package script '/home/zeeshan/ros2_ws/install/stage_ros2/share/stage_ros2/package.ps1'
[2.266s] INFO:colcon.colcon_core.shell:Creating package descriptor '/home/zeeshan/ros2_ws/install/stage_ros2/share/stage_ros2/package.dsv'
[2.267s] INFO:colcon.colcon_core.shell:Creating package script '/home/zeeshan/ros2_ws/install/stage_ros2/share/stage_ros2/package.sh'
[2.268s] INFO:colcon.colcon_core.shell:Creating package script '/home/zeeshan/ros2_ws/install/stage_ros2/share/stage_ros2/package.bash'
[2.269s] INFO:colcon.colcon_core.shell:Creating package script '/home/zeeshan/ros2_ws/install/stage_ros2/share/stage_ros2/package.zsh'
[2.269s] Level 1:colcon.colcon_core.environment:create_file_with_runtime_dependencies(/home/zeeshan/ros2_ws/install/stage_ros2/share/colcon-core/packages/stage_ros2)
[2.358s] Level 1:colcon.colcon_core.environment:create_environment_scripts_only(stage_ros2)
[2.359s] Level 1:colcon.colcon_core.environment:checking '/home/zeeshan/ros2_ws/install/stage_ros2' for CMake module files
[2.360s] Level 1:colcon.colcon_core.environment:checking '/home/zeeshan/ros2_ws/install/stage_ros2' for CMake config files
[2.361s] Level 1:colcon.colcon_core.shell:create_environment_hook('stage_ros2', 'cmake_prefix_path')
[2.364s] INFO:colcon.colcon_core.shell:Creating environment hook '/home/zeeshan/ros2_ws/install/stage_ros2/share/stage_ros2/hook/cmake_prefix_path.ps1'
[2.365s] INFO:colcon.colcon_core.shell:Creating environment descriptor '/home/zeeshan/ros2_ws/install/stage_ros2/share/stage_ros2/hook/cmake_prefix_path.dsv'
[2.366s] INFO:colcon.colcon_core.shell:Creating environment hook '/home/zeeshan/ros2_ws/install/stage_ros2/share/stage_ros2/hook/cmake_prefix_path.sh'
[2.368s] Level 1:colcon.colcon_core.environment:checking '/home/zeeshan/ros2_ws/install/stage_ros2/lib'
[2.368s] Level 1:colcon.colcon_core.shell:create_environment_hook('stage_ros2', 'ld_library_path_lib')
[2.369s] INFO:colcon.colcon_core.shell:Creating environment hook '/home/zeeshan/ros2_ws/install/stage_ros2/share/stage_ros2/hook/ld_library_path_lib.ps1'
[2.370s] INFO:colcon.colcon_core.shell:Creating environment descriptor '/home/zeeshan/ros2_ws/install/stage_ros2/share/stage_ros2/hook/ld_library_path_lib.dsv'
[2.371s] INFO:colcon.colcon_core.shell:Creating environment hook '/home/zeeshan/ros2_ws/install/stage_ros2/share/stage_ros2/hook/ld_library_path_lib.sh'
[2.372s] Level 1:colcon.colcon_core.environment:checking '/home/zeeshan/ros2_ws/install/stage_ros2/bin'
[2.372s] Level 1:colcon.colcon_core.environment:checking '/home/zeeshan/ros2_ws/install/stage_ros2/lib/pkgconfig/stage_ros2.pc'
[2.373s] Level 1:colcon.colcon_core.environment:checking '/home/zeeshan/ros2_ws/install/stage_ros2/lib/python3.10/site-packages'
[2.373s] Level 1:colcon.colcon_core.environment:checking '/home/zeeshan/ros2_ws/install/stage_ros2/bin'
[2.374s] INFO:colcon.colcon_core.shell:Creating package script '/home/zeeshan/ros2_ws/install/stage_ros2/share/stage_ros2/package.ps1'
[2.376s] INFO:colcon.colcon_core.shell:Creating package descriptor '/home/zeeshan/ros2_ws/install/stage_ros2/share/stage_ros2/package.dsv'
[2.379s] INFO:colcon.colcon_core.shell:Creating package script '/home/zeeshan/ros2_ws/install/stage_ros2/share/stage_ros2/package.sh'
[2.381s] INFO:colcon.colcon_core.shell:Creating package script '/home/zeeshan/ros2_ws/install/stage_ros2/share/stage_ros2/package.bash'
[2.382s] INFO:colcon.colcon_core.shell:Creating package script '/home/zeeshan/ros2_ws/install/stage_ros2/share/stage_ros2/package.zsh'
[2.383s] Level 1:colcon.colcon_core.environment:create_file_with_runtime_dependencies(/home/zeeshan/ros2_ws/install/stage_ros2/share/colcon-core/packages/stage_ros2)
[9.907s] DEBUG:colcon.colcon_core.event_handler.log_command:Invoked command in '/home/zeeshan/ros2_ws/build/simple_planner' returned '0': CMAKE_PREFIX_PATH=${CMAKE_PREFIX_PATH}:/opt/ros/humble /usr/bin/cmake --build /home/zeeshan/ros2_ws/build/simple_planner -- -j4 -l4
[9.968s] DEBUG:colcon.colcon_core.event_handler.log_command:Invoking command in '/home/zeeshan/ros2_ws/build/simple_planner': CMAKE_PREFIX_PATH=${CMAKE_PREFIX_PATH}:/opt/ros/humble /usr/bin/cmake --install /home/zeeshan/ros2_ws/build/simple_planner
[10.007s] Level 1:colcon.colcon_core.environment:create_environment_scripts_only(simple_planner)
[10.007s] Level 1:colcon.colcon_core.environment:checking '/home/zeeshan/ros2_ws/install/simple_planner' for CMake module files
[10.008s] DEBUG:colcon.colcon_core.event_handler.log_command:Invoked command in '/home/zeeshan/ros2_ws/build/simple_planner' returned '0': CMAKE_PREFIX_PATH=${CMAKE_PREFIX_PATH}:/opt/ros/humble /usr/bin/cmake --install /home/zeeshan/ros2_ws/build/simple_planner
[10.009s] Level 1:colcon.colcon_core.environment:checking '/home/zeeshan/ros2_ws/install/simple_planner' for CMake config files
[10.010s] Level 1:colcon.colcon_core.shell:create_environment_hook('simple_planner', 'cmake_prefix_path')
[10.010s] INFO:colcon.colcon_core.shell:Creating environment hook '/home/zeeshan/ros2_ws/install/simple_planner/share/simple_planner/hook/cmake_prefix_path.ps1'
[10.011s] INFO:colcon.colcon_core.shell:Creating environment descriptor '/home/zeeshan/ros2_ws/install/simple_planner/share/simple_planner/hook/cmake_prefix_path.dsv'
[10.011s] INFO:colcon.colcon_core.shell:Creating environment hook '/home/zeeshan/ros2_ws/install/simple_planner/share/simple_planner/hook/cmake_prefix_path.sh'
[10.012s] Level 1:colcon.colcon_core.environment:checking '/home/zeeshan/ros2_ws/install/simple_planner/lib'
[10.013s] Level 1:colcon.colcon_core.environment:checking '/home/zeeshan/ros2_ws/install/simple_planner/bin'
[10.013s] Level 1:colcon.colcon_core.environment:checking '/home/zeeshan/ros2_ws/install/simple_planner/lib/pkgconfig/simple_planner.pc'
[10.013s] Level 1:colcon.colcon_core.environment:checking '/home/zeeshan/ros2_ws/install/simple_planner/lib/python3.10/site-packages'
[10.014s] Level 1:colcon.colcon_core.environment:checking '/home/zeeshan/ros2_ws/install/simple_planner/bin'
[10.014s] INFO:colcon.colcon_core.shell:Creating package script '/home/zeeshan/ros2_ws/install/simple_planner/share/simple_planner/package.ps1'
[10.015s] INFO:colcon.colcon_core.shell:Creating package descriptor '/home/zeeshan/ros2_ws/install/simple_planner/share/simple_planner/package.dsv'
[10.016s] INFO:colcon.colcon_core.shell:Creating package script '/home/zeeshan/ros2_ws/install/simple_planner/share/simple_planner/package.sh'
[10.017s] INFO:colcon.colcon_core.shell:Creating package script '/home/zeeshan/ros2_ws/install/simple_planner/share/simple_planner/package.bash'
[10.028s] INFO:colcon.colcon_core.shell:Creating package script '/home/zeeshan/ros2_ws/install/simple_planner/share/simple_planner/package.zsh'
[10.029s] Level 1:colcon.colcon_core.environment:create_file_with_runtime_dependencies(/home/zeeshan/ros2_ws/install/simple_planner/share/colcon-core/packages/simple_planner)
[10.094s] Level 1:colcon.colcon_core.environment:create_environment_scripts_only(simple_planner)
[10.095s] Level 1:colcon.colcon_core.environment:checking '/home/zeeshan/ros2_ws/install/simple_planner' for CMake module files
[10.096s] Level 1:colcon.colcon_core.environment:checking '/home/zeeshan/ros2_ws/install/simple_planner' for CMake config files
[10.097s] Level 1:colcon.colcon_core.shell:create_environment_hook('simple_planner', 'cmake_prefix_path')
[10.097s] INFO:colcon.colcon_core.shell:Creating environment hook '/home/zeeshan/ros2_ws/install/simple_planner/share/simple_planner/hook/cmake_prefix_path.ps1'
[10.098s] INFO:colcon.colcon_core.shell:Creating environment descriptor '/home/zeeshan/ros2_ws/install/simple_planner/share/simple_planner/hook/cmake_prefix_path.dsv'
[10.099s] INFO:colcon.colcon_core.shell:Creating environment hook '/home/zeeshan/ros2_ws/install/simple_planner/share/simple_planner/hook/cmake_prefix_path.sh'
[10.100s] Level 1:colcon.colcon_core.environment:checking '/home/zeeshan/ros2_ws/install/simple_planner/lib'
[10.100s] Level 1:colcon.colcon_core.environment:checking '/home/zeeshan/ros2_ws/install/simple_planner/bin'
[10.100s] Level 1:colcon.colcon_core.environment:checking '/home/zeeshan/ros2_ws/install/simple_planner/lib/pkgconfig/simple_planner.pc'
[10.100s] Level 1:colcon.colcon_core.environment:checking '/home/zeeshan/ros2_ws/install/simple_planner/lib/python3.10/site-packages'
[10.101s] Level 1:colcon.colcon_core.environment:checking '/home/zeeshan/ros2_ws/install/simple_planner/bin'
[10.102s] INFO:colcon.colcon_core.shell:Creating package script '/home/zeeshan/ros2_ws/install/simple_planner/share/simple_planner/package.ps1'
[10.103s] INFO:colcon.colcon_core.shell:Creating package descriptor '/home/zeeshan/ros2_ws/install/simple_planner/share/simple_planner/package.dsv'
[10.104s] INFO:colcon.colcon_core.shell:Creating package script '/home/zeeshan/ros2_ws/install/simple_planner/share/simple_planner/package.sh'
[10.106s] INFO:colcon.colcon_core.shell:Creating package script '/home/zeeshan/ros2_ws/install/simple_planner/share/simple_planner/package.bash'
[10.106s] INFO:colcon.colcon_core.shell:Creating package script '/home/zeeshan/ros2_ws/install/simple_planner/share/simple_planner/package.zsh'
[10.107s] Level 1:colcon.colcon_core.environment:create_file_with_runtime_dependencies(/home/zeeshan/ros2_ws/install/simple_planner/share/colcon-core/packages/simple_planner)
[10.107s] DEBUG:colcon.colcon_parallel_executor.executor.parallel:closing loop
[10.108s] DEBUG:colcon.colcon_parallel_executor.executor.parallel:loop closed
[10.108s] DEBUG:colcon.colcon_parallel_executor.executor.parallel:run_until_complete finished with '0'
[10.109s] DEBUG:colcon.colcon_core.event_reactor:joining thread
[10.153s] INFO:colcon.colcon_core.plugin_system:Skipping extension 'colcon_notification.desktop_notification.terminal_notifier': Not used on non-Darwin systems
[10.153s] INFO:colcon.colcon_core.plugin_system:Skipping extension 'colcon_notification.desktop_notification.win32': Not used on non-Windows systems
[10.153s] INFO:colcon.colcon_notification.desktop_notification:Sending desktop notification using 'notify2'
[10.180s] DEBUG:colcon.colcon_core.event_reactor:joined thread
[10.181s] INFO:colcon.colcon_core.shell:Creating prefix script '/home/zeeshan/ros2_ws/install/local_setup.ps1'
[10.183s] INFO:colcon.colcon_core.shell:Creating prefix util module '/home/zeeshan/ros2_ws/install/_local_setup_util_ps1.py'
[10.187s] INFO:colcon.colcon_core.shell:Creating prefix chain script '/home/zeeshan/ros2_ws/install/setup.ps1'
[10.190s] INFO:colcon.colcon_core.shell:Creating prefix script '/home/zeeshan/ros2_ws/install/local_setup.sh'
[10.192s] INFO:colcon.colcon_core.shell:Creating prefix util module '/home/zeeshan/ros2_ws/install/_local_setup_util_sh.py'
[10.193s] INFO:colcon.colcon_core.shell:Creating prefix chain script '/home/zeeshan/ros2_ws/install/setup.sh'
[10.196s] INFO:colcon.colcon_core.shell:Creating prefix script '/home/zeeshan/ros2_ws/install/local_setup.bash'
[10.197s] INFO:colcon.colcon_core.shell:Creating prefix chain script '/home/zeeshan/ros2_ws/install/setup.bash'
[10.200s] INFO:colcon.colcon_core.shell:Creating prefix script '/home/zeeshan/ros2_ws/install/local_setup.zsh'
[10.202s] INFO:colcon.colcon_core.shell:Creating prefix chain script '/home/zeeshan/ros2_ws/install/setup.zsh'
