[100%] Built target planner_node
-- Install configuration: ""
-- Execute custom install script
-- Symlinking: /home/zeeshan/ros2_ws/install/planner/lib/planner/planner_node
-- Symlinking: /home/zeeshan/ros2_ws/install/planner/share/planner/launch/planner_launch.py
-- Symlinking: /home/zeeshan/ros2_ws/install/planner/share/ament_index/resource_index/package_run_dependencies/planner
-- Symlinking: /home/zeeshan/ros2_ws/install/planner/share/ament_index/resource_index/parent_prefix_path/planner
-- Symlinking: /home/zeeshan/ros2_ws/install/planner/share/planner/environment/ament_prefix_path.sh
-- Symlinking: /home/zeeshan/ros2_ws/install/planner/share/planner/environment/ament_prefix_path.dsv
-- Symlinking: /home/zeeshan/ros2_ws/install/planner/share/planner/environment/path.sh
-- Symlinking: /home/zeeshan/ros2_ws/install/planner/share/planner/environment/path.dsv
-- Symlinking: /home/zeeshan/ros2_ws/install/planner/share/planner/local_setup.bash
-- Symlinking: /home/zeeshan/ros2_ws/install/planner/share/planner/local_setup.sh
-- Symlinking: /home/zeeshan/ros2_ws/install/planner/share/planner/local_setup.zsh
-- Symlinking: /home/zeeshan/ros2_ws/install/planner/share/planner/local_setup.dsv
-- Symlinking: /home/zeeshan/ros2_ws/install/planner/share/planner/package.dsv
-- Symlinking: /home/zeeshan/ros2_ws/install/planner/share/ament_index/resource_index/packages/planner
-- Symlinking: /home/zeeshan/ros2_ws/install/planner/share/planner/cmake/plannerConfig.cmake
-- Symlinking: /home/zeeshan/ros2_ws/install/planner/share/planner/cmake/plannerConfig-version.cmake
-- Symlinking: /home/zeeshan/ros2_ws/install/planner/share/planner/package.xml
