[0.264s] DEBUG:colcon:Command line arguments: ['/usr/bin/colcon', 'build']
[0.264s] DEBUG:colcon:Parsed command line arguments: Namespace(log_base=None, log_level=None, verb_name='build', build_base='build', install_base='install', merge_install=False, symlink_install=False, test_result_base=None, continue_on_error=False, executor='parallel', parallel_workers=4, event_handlers=None, ignore_user_meta=False, metas=['./colcon.meta'], base_paths=['.'], packages_ignore=None, packages_ignore_regex=None, paths=None, packages_up_to=None, packages_up_to_regex=None, packages_above=None, packages_above_and_dependencies=None, packages_above_depth=None, packages_select_by_dep=None, packages_skip_by_dep=None, packages_skip_up_to=None, packages_select_build_failed=False, packages_skip_build_finished=False, packages_select_test_failures=False, packages_skip_test_passed=False, packages_select=None, packages_skip=None, packages_select_regex=None, packages_skip_regex=None, packages_start=None, packages_end=None, allow_overriding=[], cmake_args=None, cmake_target=None, cmake_target_skip_unavailable=False, cmake_clean_cache=False, cmake_clean_first=False, cmake_force_configure=False, ament_cmake_args=None, catkin_cmake_args=None, catkin_skip_building_tests=False, mixin_files=None, mixin=None, verb_parser=<colcon_mixin.mixin.mixin_argument.MixinArgumentDecorator object at 0x798fc4e12dd0>, verb_extension=<colcon_core.verb.build.BuildVerb object at 0x798fc4efff10>, main=<bound method BuildVerb.main of <colcon_core.verb.build.BuildVerb object at 0x798fc4efff10>>, mixin_verb=('build',))
[0.406s] Level 1:colcon.colcon_core.package_discovery:discover_packages(colcon_meta) check parameters
[0.406s] Level 1:colcon.colcon_core.package_discovery:discover_packages(recursive) check parameters
[0.406s] Level 1:colcon.colcon_core.package_discovery:discover_packages(ignore) check parameters
[0.406s] Level 1:colcon.colcon_core.package_discovery:discover_packages(path) check parameters
[0.406s] Level 1:colcon.colcon_core.package_discovery:discover_packages(colcon_meta) discover
[0.406s] Level 1:colcon.colcon_core.package_discovery:discover_packages(recursive) discover
[0.406s] INFO:colcon.colcon_core.package_discovery:Crawling recursively for packages in '/home/zeeshan/ros2_ws'
[0.406s] Level 1:colcon.colcon_core.package_identification:_identify(.) by extensions ['ignore', 'ignore_ament_install']
[0.407s] Level 1:colcon.colcon_core.package_identification:_identify(.) by extension 'ignore'
[0.407s] Level 1:colcon.colcon_core.package_identification:_identify(.) by extension 'ignore_ament_install'
[0.407s] Level 1:colcon.colcon_core.package_identification:_identify(.) by extensions ['colcon_pkg']
[0.407s] Level 1:colcon.colcon_core.package_identification:_identify(.) by extension 'colcon_pkg'
[0.407s] Level 1:colcon.colcon_core.package_identification:_identify(.) by extensions ['colcon_meta']
[0.407s] Level 1:colcon.colcon_core.package_identification:_identify(.) by extension 'colcon_meta'
[0.407s] Level 1:colcon.colcon_core.package_identification:_identify(.) by extensions ['ros']
[0.407s] Level 1:colcon.colcon_core.package_identification:_identify(.) by extension 'ros'
[0.413s] Level 1:colcon.colcon_core.package_identification:_identify(.) by extensions ['cmake', 'python']
[0.413s] Level 1:colcon.colcon_core.package_identification:_identify(.) by extension 'cmake'
[0.413s] Level 1:colcon.colcon_core.package_identification:_identify(.) by extension 'python'
[0.413s] Level 1:colcon.colcon_core.package_identification:_identify(.) by extensions ['python_setup_py']
[0.413s] Level 1:colcon.colcon_core.package_identification:_identify(.) by extension 'python_setup_py'
[0.414s] Level 1:colcon.colcon_core.package_identification:_identify(build) by extensions ['ignore', 'ignore_ament_install']
[0.414s] Level 1:colcon.colcon_core.package_identification:_identify(build) by extension 'ignore'
[0.414s] Level 1:colcon.colcon_core.package_identification:_identify(build) ignored
[0.414s] Level 1:colcon.colcon_core.package_identification:_identify(install) by extensions ['ignore', 'ignore_ament_install']
[0.414s] Level 1:colcon.colcon_core.package_identification:_identify(install) by extension 'ignore'
[0.414s] Level 1:colcon.colcon_core.package_identification:_identify(install) ignored
[0.415s] Level 1:colcon.colcon_core.package_identification:_identify(log) by extensions ['ignore', 'ignore_ament_install']
[0.415s] Level 1:colcon.colcon_core.package_identification:_identify(log) by extension 'ignore'
[0.415s] Level 1:colcon.colcon_core.package_identification:_identify(log) ignored
[0.415s] Level 1:colcon.colcon_core.package_identification:_identify(src) by extensions ['ignore', 'ignore_ament_install']
[0.415s] Level 1:colcon.colcon_core.package_identification:_identify(src) by extension 'ignore'
[0.415s] Level 1:colcon.colcon_core.package_identification:_identify(src) by extension 'ignore_ament_install'
[0.415s] Level 1:colcon.colcon_core.package_identification:_identify(src) by extensions ['colcon_pkg']
[0.415s] Level 1:colcon.colcon_core.package_identification:_identify(src) by extension 'colcon_pkg'
[0.416s] Level 1:colcon.colcon_core.package_identification:_identify(src) by extensions ['colcon_meta']
[0.416s] Level 1:colcon.colcon_core.package_identification:_identify(src) by extension 'colcon_meta'
[0.416s] Level 1:colcon.colcon_core.package_identification:_identify(src) by extensions ['ros']
[0.416s] Level 1:colcon.colcon_core.package_identification:_identify(src) by extension 'ros'
[0.416s] Level 1:colcon.colcon_core.package_identification:_identify(src) by extensions ['cmake', 'python']
[0.416s] Level 1:colcon.colcon_core.package_identification:_identify(src) by extension 'cmake'
[0.416s] Level 1:colcon.colcon_core.package_identification:_identify(src) by extension 'python'
[0.416s] Level 1:colcon.colcon_core.package_identification:_identify(src) by extensions ['python_setup_py']
[0.416s] Level 1:colcon.colcon_core.package_identification:_identify(src) by extension 'python_setup_py'
[0.416s] Level 1:colcon.colcon_core.package_identification:_identify(src/Stage) by extensions ['ignore', 'ignore_ament_install']
[0.417s] Level 1:colcon.colcon_core.package_identification:_identify(src/Stage) by extension 'ignore'
[0.417s] Level 1:colcon.colcon_core.package_identification:_identify(src/Stage) by extension 'ignore_ament_install'
[0.417s] Level 1:colcon.colcon_core.package_identification:_identify(src/Stage) by extensions ['colcon_pkg']
[0.417s] Level 1:colcon.colcon_core.package_identification:_identify(src/Stage) by extension 'colcon_pkg'
[0.417s] Level 1:colcon.colcon_core.package_identification:_identify(src/Stage) by extensions ['colcon_meta']
[0.417s] Level 1:colcon.colcon_core.package_identification:_identify(src/Stage) by extension 'colcon_meta'
[0.417s] Level 1:colcon.colcon_core.package_identification:_identify(src/Stage) by extensions ['ros']
[0.417s] Level 1:colcon.colcon_core.package_identification:_identify(src/Stage) by extension 'ros'
[0.417s] Level 1:colcon.colcon_core.package_identification:_identify(src/Stage) by extensions ['cmake', 'python']
[0.417s] Level 1:colcon.colcon_core.package_identification:_identify(src/Stage) by extension 'cmake'
[0.425s] Level 1:colcon.colcon_core.package_identification:_identify(src/Stage) by extension 'python'
[0.425s] DEBUG:colcon.colcon_core.package_identification:Package 'src/Stage' with type 'cmake' and name 'Stage'
[0.426s] Level 1:colcon.colcon_core.package_identification:_identify(src/configuration) by extensions ['ignore', 'ignore_ament_install']
[0.426s] Level 1:colcon.colcon_core.package_identification:_identify(src/configuration) by extension 'ignore'
[0.426s] Level 1:colcon.colcon_core.package_identification:_identify(src/configuration) by extension 'ignore_ament_install'
[0.426s] Level 1:colcon.colcon_core.package_identification:_identify(src/configuration) by extensions ['colcon_pkg']
[0.426s] Level 1:colcon.colcon_core.package_identification:_identify(src/configuration) by extension 'colcon_pkg'
[0.426s] Level 1:colcon.colcon_core.package_identification:_identify(src/configuration) by extensions ['colcon_meta']
[0.426s] Level 1:colcon.colcon_core.package_identification:_identify(src/configuration) by extension 'colcon_meta'
[0.426s] Level 1:colcon.colcon_core.package_identification:_identify(src/configuration) by extensions ['ros']
[0.426s] Level 1:colcon.colcon_core.package_identification:_identify(src/configuration) by extension 'ros'
[0.431s] DEBUG:colcon.colcon_core.package_identification:Package 'src/configuration' with type 'ros.ament_cmake' and name 'configuration'
[0.431s] Level 1:colcon.colcon_core.package_identification:_identify(src/my_planner) by extensions ['ignore', 'ignore_ament_install']
[0.431s] Level 1:colcon.colcon_core.package_identification:_identify(src/my_planner) by extension 'ignore'
[0.431s] Level 1:colcon.colcon_core.package_identification:_identify(src/my_planner) by extension 'ignore_ament_install'
[0.431s] Level 1:colcon.colcon_core.package_identification:_identify(src/my_planner) by extensions ['colcon_pkg']
[0.432s] Level 1:colcon.colcon_core.package_identification:_identify(src/my_planner) by extension 'colcon_pkg'
[0.432s] Level 1:colcon.colcon_core.package_identification:_identify(src/my_planner) by extensions ['colcon_meta']
[0.432s] Level 1:colcon.colcon_core.package_identification:_identify(src/my_planner) by extension 'colcon_meta'
[0.432s] Level 1:colcon.colcon_core.package_identification:_identify(src/my_planner) by extensions ['ros']
[0.432s] Level 1:colcon.colcon_core.package_identification:_identify(src/my_planner) by extension 'ros'
[0.434s] DEBUG:colcon.colcon_core.package_identification:Package 'src/my_planner' with type 'ros.ament_cmake' and name 'my_planner'
[0.434s] Level 1:colcon.colcon_core.package_identification:_identify(src/planner) by extensions ['ignore', 'ignore_ament_install']
[0.434s] Level 1:colcon.colcon_core.package_identification:_identify(src/planner) by extension 'ignore'
[0.434s] Level 1:colcon.colcon_core.package_identification:_identify(src/planner) by extension 'ignore_ament_install'
[0.434s] Level 1:colcon.colcon_core.package_identification:_identify(src/planner) by extensions ['colcon_pkg']
[0.434s] Level 1:colcon.colcon_core.package_identification:_identify(src/planner) by extension 'colcon_pkg'
[0.434s] Level 1:colcon.colcon_core.package_identification:_identify(src/planner) by extensions ['colcon_meta']
[0.434s] Level 1:colcon.colcon_core.package_identification:_identify(src/planner) by extension 'colcon_meta'
[0.435s] Level 1:colcon.colcon_core.package_identification:_identify(src/planner) by extensions ['ros']
[0.435s] Level 1:colcon.colcon_core.package_identification:_identify(src/planner) by extension 'ros'
[0.436s] DEBUG:colcon.colcon_core.package_identification:Package 'src/planner' with type 'ros.ament_cmake' and name 'planner'
[0.436s] Level 1:colcon.colcon_core.package_identification:_identify(src/simple_planner) by extensions ['ignore', 'ignore_ament_install']
[0.436s] Level 1:colcon.colcon_core.package_identification:_identify(src/simple_planner) by extension 'ignore'
[0.436s] Level 1:colcon.colcon_core.package_identification:_identify(src/simple_planner) by extension 'ignore_ament_install'
[0.436s] Level 1:colcon.colcon_core.package_identification:_identify(src/simple_planner) by extensions ['colcon_pkg']
[0.436s] Level 1:colcon.colcon_core.package_identification:_identify(src/simple_planner) by extension 'colcon_pkg'
[0.437s] Level 1:colcon.colcon_core.package_identification:_identify(src/simple_planner) by extensions ['colcon_meta']
[0.437s] Level 1:colcon.colcon_core.package_identification:_identify(src/simple_planner) by extension 'colcon_meta'
[0.437s] Level 1:colcon.colcon_core.package_identification:_identify(src/simple_planner) by extensions ['ros']
[0.437s] Level 1:colcon.colcon_core.package_identification:_identify(src/simple_planner) by extension 'ros'
[0.438s] DEBUG:colcon.colcon_core.package_identification:Package 'src/simple_planner' with type 'ros.ament_cmake' and name 'simple_planner'
[0.438s] Level 1:colcon.colcon_core.package_identification:_identify(src/stage_ros2) by extensions ['ignore', 'ignore_ament_install']
[0.438s] Level 1:colcon.colcon_core.package_identification:_identify(src/stage_ros2) by extension 'ignore'
[0.438s] Level 1:colcon.colcon_core.package_identification:_identify(src/stage_ros2) by extension 'ignore_ament_install'
[0.439s] Level 1:colcon.colcon_core.package_identification:_identify(src/stage_ros2) by extensions ['colcon_pkg']
[0.439s] Level 1:colcon.colcon_core.package_identification:_identify(src/stage_ros2) by extension 'colcon_pkg'
[0.439s] Level 1:colcon.colcon_core.package_identification:_identify(src/stage_ros2) by extensions ['colcon_meta']
[0.439s] Level 1:colcon.colcon_core.package_identification:_identify(src/stage_ros2) by extension 'colcon_meta'
[0.439s] Level 1:colcon.colcon_core.package_identification:_identify(src/stage_ros2) by extensions ['ros']
[0.439s] Level 1:colcon.colcon_core.package_identification:_identify(src/stage_ros2) by extension 'ros'
[0.440s] DEBUG:colcon.colcon_core.package_identification:Package 'src/stage_ros2' with type 'ros.ament_cmake' and name 'stage_ros2'
[0.441s] Level 1:colcon.colcon_core.package_identification:_identify(src/worlds) by extensions ['ignore', 'ignore_ament_install']
[0.441s] Level 1:colcon.colcon_core.package_identification:_identify(src/worlds) by extension 'ignore'
[0.441s] Level 1:colcon.colcon_core.package_identification:_identify(src/worlds) by extension 'ignore_ament_install'
[0.441s] Level 1:colcon.colcon_core.package_identification:_identify(src/worlds) by extensions ['colcon_pkg']
[0.441s] Level 1:colcon.colcon_core.package_identification:_identify(src/worlds) by extension 'colcon_pkg'
[0.441s] Level 1:colcon.colcon_core.package_identification:_identify(src/worlds) by extensions ['colcon_meta']
[0.441s] Level 1:colcon.colcon_core.package_identification:_identify(src/worlds) by extension 'colcon_meta'
[0.441s] Level 1:colcon.colcon_core.package_identification:_identify(src/worlds) by extensions ['ros']
[0.441s] Level 1:colcon.colcon_core.package_identification:_identify(src/worlds) by extension 'ros'
[0.442s] DEBUG:colcon.colcon_core.package_identification:Package 'src/worlds' with type 'ros.ament_cmake' and name 'worlds'
[0.442s] Level 1:colcon.colcon_core.package_discovery:discover_packages(recursive) using defaults
[0.442s] Level 1:colcon.colcon_core.package_discovery:discover_packages(ignore) discover
[0.442s] Level 1:colcon.colcon_core.package_discovery:discover_packages(ignore) using defaults
[0.443s] Level 1:colcon.colcon_core.package_discovery:discover_packages(path) discover
[0.443s] Level 1:colcon.colcon_core.package_discovery:discover_packages(path) using defaults
[0.482s] Level 1:colcon.colcon_core.package_discovery:discover_packages(prefix_path) check parameters
[0.482s] Level 1:colcon.colcon_core.package_discovery:discover_packages(prefix_path) discover
[0.488s] DEBUG:colcon.colcon_installed_package_information.package_discovery:Found 7 installed packages in /home/zeeshan/ros2_ws/install
[0.491s] DEBUG:colcon.colcon_installed_package_information.package_discovery:Found 314 installed packages in /opt/ros/humble
[0.496s] Level 1:colcon.colcon_core.package_discovery:discover_packages(prefix_path) using defaults
[0.592s] Level 5:colcon.colcon_core.verb:set package 'Stage' build argument 'cmake_args' from command line to 'None'
[0.592s] Level 5:colcon.colcon_core.verb:set package 'Stage' build argument 'cmake_target' from command line to 'None'
[0.592s] Level 5:colcon.colcon_core.verb:set package 'Stage' build argument 'cmake_target_skip_unavailable' from command line to 'False'
[0.592s] Level 5:colcon.colcon_core.verb:set package 'Stage' build argument 'cmake_clean_cache' from command line to 'False'
[0.592s] Level 5:colcon.colcon_core.verb:set package 'Stage' build argument 'cmake_clean_first' from command line to 'False'
[0.593s] Level 5:colcon.colcon_core.verb:set package 'Stage' build argument 'cmake_force_configure' from command line to 'False'
[0.593s] Level 5:colcon.colcon_core.verb:set package 'Stage' build argument 'ament_cmake_args' from command line to 'None'
[0.593s] Level 5:colcon.colcon_core.verb:set package 'Stage' build argument 'catkin_cmake_args' from command line to 'None'
[0.593s] Level 5:colcon.colcon_core.verb:set package 'Stage' build argument 'catkin_skip_building_tests' from command line to 'False'
[0.593s] DEBUG:colcon.colcon_core.verb:Building package 'Stage' with the following arguments: {'ament_cmake_args': None, 'build_base': '/home/zeeshan/ros2_ws/build/Stage', 'catkin_cmake_args': None, 'catkin_skip_building_tests': False, 'cmake_args': None, 'cmake_clean_cache': False, 'cmake_clean_first': False, 'cmake_force_configure': False, 'cmake_target': None, 'cmake_target_skip_unavailable': False, 'install_base': '/home/zeeshan/ros2_ws/install/Stage', 'merge_install': False, 'path': '/home/zeeshan/ros2_ws/src/Stage', 'symlink_install': False, 'test_result_base': None}
[0.594s] Level 5:colcon.colcon_core.verb:set package 'configuration' build argument 'cmake_args' from command line to 'None'
[0.594s] Level 5:colcon.colcon_core.verb:set package 'configuration' build argument 'cmake_target' from command line to 'None'
[0.594s] Level 5:colcon.colcon_core.verb:set package 'configuration' build argument 'cmake_target_skip_unavailable' from command line to 'False'
[0.594s] Level 5:colcon.colcon_core.verb:set package 'configuration' build argument 'cmake_clean_cache' from command line to 'False'
[0.594s] Level 5:colcon.colcon_core.verb:set package 'configuration' build argument 'cmake_clean_first' from command line to 'False'
[0.594s] Level 5:colcon.colcon_core.verb:set package 'configuration' build argument 'cmake_force_configure' from command line to 'False'
[0.594s] Level 5:colcon.colcon_core.verb:set package 'configuration' build argument 'ament_cmake_args' from command line to 'None'
[0.594s] Level 5:colcon.colcon_core.verb:set package 'configuration' build argument 'catkin_cmake_args' from command line to 'None'
[0.594s] Level 5:colcon.colcon_core.verb:set package 'configuration' build argument 'catkin_skip_building_tests' from command line to 'False'
[0.594s] DEBUG:colcon.colcon_core.verb:Building package 'configuration' with the following arguments: {'ament_cmake_args': None, 'build_base': '/home/zeeshan/ros2_ws/build/configuration', 'catkin_cmake_args': None, 'catkin_skip_building_tests': False, 'cmake_args': None, 'cmake_clean_cache': False, 'cmake_clean_first': False, 'cmake_force_configure': False, 'cmake_target': None, 'cmake_target_skip_unavailable': False, 'install_base': '/home/zeeshan/ros2_ws/install/configuration', 'merge_install': False, 'path': '/home/zeeshan/ros2_ws/src/configuration', 'symlink_install': False, 'test_result_base': None}
[0.595s] Level 5:colcon.colcon_core.verb:set package 'my_planner' build argument 'cmake_args' from command line to 'None'
[0.595s] Level 5:colcon.colcon_core.verb:set package 'my_planner' build argument 'cmake_target' from command line to 'None'
[0.595s] Level 5:colcon.colcon_core.verb:set package 'my_planner' build argument 'cmake_target_skip_unavailable' from command line to 'False'
[0.595s] Level 5:colcon.colcon_core.verb:set package 'my_planner' build argument 'cmake_clean_cache' from command line to 'False'
[0.595s] Level 5:colcon.colcon_core.verb:set package 'my_planner' build argument 'cmake_clean_first' from command line to 'False'
[0.595s] Level 5:colcon.colcon_core.verb:set package 'my_planner' build argument 'cmake_force_configure' from command line to 'False'
[0.595s] Level 5:colcon.colcon_core.verb:set package 'my_planner' build argument 'ament_cmake_args' from command line to 'None'
[0.595s] Level 5:colcon.colcon_core.verb:set package 'my_planner' build argument 'catkin_cmake_args' from command line to 'None'
[0.595s] Level 5:colcon.colcon_core.verb:set package 'my_planner' build argument 'catkin_skip_building_tests' from command line to 'False'
[0.595s] DEBUG:colcon.colcon_core.verb:Building package 'my_planner' with the following arguments: {'ament_cmake_args': None, 'build_base': '/home/zeeshan/ros2_ws/build/my_planner', 'catkin_cmake_args': None, 'catkin_skip_building_tests': False, 'cmake_args': None, 'cmake_clean_cache': False, 'cmake_clean_first': False, 'cmake_force_configure': False, 'cmake_target': None, 'cmake_target_skip_unavailable': False, 'install_base': '/home/zeeshan/ros2_ws/install/my_planner', 'merge_install': False, 'path': '/home/zeeshan/ros2_ws/src/my_planner', 'symlink_install': False, 'test_result_base': None}
[0.596s] Level 5:colcon.colcon_core.verb:set package 'planner' build argument 'cmake_args' from command line to 'None'
[0.596s] Level 5:colcon.colcon_core.verb:set package 'planner' build argument 'cmake_target' from command line to 'None'
[0.596s] Level 5:colcon.colcon_core.verb:set package 'planner' build argument 'cmake_target_skip_unavailable' from command line to 'False'
[0.596s] Level 5:colcon.colcon_core.verb:set package 'planner' build argument 'cmake_clean_cache' from command line to 'False'
[0.596s] Level 5:colcon.colcon_core.verb:set package 'planner' build argument 'cmake_clean_first' from command line to 'False'
[0.596s] Level 5:colcon.colcon_core.verb:set package 'planner' build argument 'cmake_force_configure' from command line to 'False'
[0.596s] Level 5:colcon.colcon_core.verb:set package 'planner' build argument 'ament_cmake_args' from command line to 'None'
[0.597s] Level 5:colcon.colcon_core.verb:set package 'planner' build argument 'catkin_cmake_args' from command line to 'None'
[0.597s] Level 5:colcon.colcon_core.verb:set package 'planner' build argument 'catkin_skip_building_tests' from command line to 'False'
[0.597s] DEBUG:colcon.colcon_core.verb:Building package 'planner' with the following arguments: {'ament_cmake_args': None, 'build_base': '/home/zeeshan/ros2_ws/build/planner', 'catkin_cmake_args': None, 'catkin_skip_building_tests': False, 'cmake_args': None, 'cmake_clean_cache': False, 'cmake_clean_first': False, 'cmake_force_configure': False, 'cmake_target': None, 'cmake_target_skip_unavailable': False, 'install_base': '/home/zeeshan/ros2_ws/install/planner', 'merge_install': False, 'path': '/home/zeeshan/ros2_ws/src/planner', 'symlink_install': False, 'test_result_base': None}
[0.597s] Level 5:colcon.colcon_core.verb:set package 'simple_planner' build argument 'cmake_args' from command line to 'None'
[0.597s] Level 5:colcon.colcon_core.verb:set package 'simple_planner' build argument 'cmake_target' from command line to 'None'
[0.597s] Level 5:colcon.colcon_core.verb:set package 'simple_planner' build argument 'cmake_target_skip_unavailable' from command line to 'False'
[0.598s] Level 5:colcon.colcon_core.verb:set package 'simple_planner' build argument 'cmake_clean_cache' from command line to 'False'
[0.598s] Level 5:colcon.colcon_core.verb:set package 'simple_planner' build argument 'cmake_clean_first' from command line to 'False'
[0.598s] Level 5:colcon.colcon_core.verb:set package 'simple_planner' build argument 'cmake_force_configure' from command line to 'False'
[0.598s] Level 5:colcon.colcon_core.verb:set package 'simple_planner' build argument 'ament_cmake_args' from command line to 'None'
[0.598s] Level 5:colcon.colcon_core.verb:set package 'simple_planner' build argument 'catkin_cmake_args' from command line to 'None'
[0.598s] Level 5:colcon.colcon_core.verb:set package 'simple_planner' build argument 'catkin_skip_building_tests' from command line to 'False'
[0.598s] DEBUG:colcon.colcon_core.verb:Building package 'simple_planner' with the following arguments: {'ament_cmake_args': None, 'build_base': '/home/zeeshan/ros2_ws/build/simple_planner', 'catkin_cmake_args': None, 'catkin_skip_building_tests': False, 'cmake_args': None, 'cmake_clean_cache': False, 'cmake_clean_first': False, 'cmake_force_configure': False, 'cmake_target': None, 'cmake_target_skip_unavailable': False, 'install_base': '/home/zeeshan/ros2_ws/install/simple_planner', 'merge_install': False, 'path': '/home/zeeshan/ros2_ws/src/simple_planner', 'symlink_install': False, 'test_result_base': None}
[0.599s] Level 5:colcon.colcon_core.verb:set package 'worlds' build argument 'cmake_args' from command line to 'None'
[0.599s] Level 5:colcon.colcon_core.verb:set package 'worlds' build argument 'cmake_target' from command line to 'None'
[0.599s] Level 5:colcon.colcon_core.verb:set package 'worlds' build argument 'cmake_target_skip_unavailable' from command line to 'False'
[0.599s] Level 5:colcon.colcon_core.verb:set package 'worlds' build argument 'cmake_clean_cache' from command line to 'False'
[0.599s] Level 5:colcon.colcon_core.verb:set package 'worlds' build argument 'cmake_clean_first' from command line to 'False'
[0.599s] Level 5:colcon.colcon_core.verb:set package 'worlds' build argument 'cmake_force_configure' from command line to 'False'
[0.599s] Level 5:colcon.colcon_core.verb:set package 'worlds' build argument 'ament_cmake_args' from command line to 'None'
[0.599s] Level 5:colcon.colcon_core.verb:set package 'worlds' build argument 'catkin_cmake_args' from command line to 'None'
[0.599s] Level 5:colcon.colcon_core.verb:set package 'worlds' build argument 'catkin_skip_building_tests' from command line to 'False'
[0.599s] DEBUG:colcon.colcon_core.verb:Building package 'worlds' with the following arguments: {'ament_cmake_args': None, 'build_base': '/home/zeeshan/ros2_ws/build/worlds', 'catkin_cmake_args': None, 'catkin_skip_building_tests': False, 'cmake_args': None, 'cmake_clean_cache': False, 'cmake_clean_first': False, 'cmake_force_configure': False, 'cmake_target': None, 'cmake_target_skip_unavailable': False, 'install_base': '/home/zeeshan/ros2_ws/install/worlds', 'merge_install': False, 'path': '/home/zeeshan/ros2_ws/src/worlds', 'symlink_install': False, 'test_result_base': None}
[0.600s] Level 5:colcon.colcon_core.verb:set package 'stage_ros2' build argument 'cmake_args' from command line to 'None'
[0.600s] Level 5:colcon.colcon_core.verb:set package 'stage_ros2' build argument 'cmake_target' from command line to 'None'
[0.600s] Level 5:colcon.colcon_core.verb:set package 'stage_ros2' build argument 'cmake_target_skip_unavailable' from command line to 'False'
[0.600s] Level 5:colcon.colcon_core.verb:set package 'stage_ros2' build argument 'cmake_clean_cache' from command line to 'False'
[0.600s] Level 5:colcon.colcon_core.verb:set package 'stage_ros2' build argument 'cmake_clean_first' from command line to 'False'
[0.600s] Level 5:colcon.colcon_core.verb:set package 'stage_ros2' build argument 'cmake_force_configure' from command line to 'False'
[0.600s] Level 5:colcon.colcon_core.verb:set package 'stage_ros2' build argument 'ament_cmake_args' from command line to 'None'
[0.600s] Level 5:colcon.colcon_core.verb:set package 'stage_ros2' build argument 'catkin_cmake_args' from command line to 'None'
[0.600s] Level 5:colcon.colcon_core.verb:set package 'stage_ros2' build argument 'catkin_skip_building_tests' from command line to 'False'
[0.600s] DEBUG:colcon.colcon_core.verb:Building package 'stage_ros2' with the following arguments: {'ament_cmake_args': None, 'build_base': '/home/zeeshan/ros2_ws/build/stage_ros2', 'catkin_cmake_args': None, 'catkin_skip_building_tests': False, 'cmake_args': None, 'cmake_clean_cache': False, 'cmake_clean_first': False, 'cmake_force_configure': False, 'cmake_target': None, 'cmake_target_skip_unavailable': False, 'install_base': '/home/zeeshan/ros2_ws/install/stage_ros2', 'merge_install': False, 'path': '/home/zeeshan/ros2_ws/src/stage_ros2', 'symlink_install': False, 'test_result_base': None}
[0.601s] INFO:colcon.colcon_core.executor:Executing jobs using 'parallel' executor
[0.603s] DEBUG:colcon.colcon_parallel_executor.executor.parallel:run_until_complete
[0.603s] INFO:colcon.colcon_cmake.task.cmake.build:Building CMake package in '/home/zeeshan/ros2_ws/src/Stage'
[0.608s] INFO:colcon.colcon_core.plugin_system:Skipping extension 'colcon_core.shell.bat': Not used on non-Windows systems
[0.608s] INFO:colcon.colcon_core.shell:Skip shell extension 'powershell' for command environment: Not usable outside of PowerShell
[0.608s] DEBUG:colcon.colcon_core.shell:Skip shell extension 'dsv' for command environment
[0.623s] INFO:colcon.colcon_ros.task.ament_cmake.build:Building ROS package in '/home/zeeshan/ros2_ws/src/configuration' with build type 'ament_cmake'
[0.624s] INFO:colcon.colcon_cmake.task.cmake.build:Building CMake package in '/home/zeeshan/ros2_ws/src/configuration'
[0.625s] INFO:colcon.colcon_core.shell:Skip shell extension 'powershell' for command environment: Not usable outside of PowerShell
[0.625s] DEBUG:colcon.colcon_core.shell:Skip shell extension 'dsv' for command environment
[0.646s] INFO:colcon.colcon_ros.task.ament_cmake.build:Building ROS package in '/home/zeeshan/ros2_ws/src/my_planner' with build type 'ament_cmake'
[0.646s] INFO:colcon.colcon_cmake.task.cmake.build:Building CMake package in '/home/zeeshan/ros2_ws/src/my_planner'
[0.647s] INFO:colcon.colcon_core.shell:Skip shell extension 'powershell' for command environment: Not usable outside of PowerShell
[0.647s] DEBUG:colcon.colcon_core.shell:Skip shell extension 'dsv' for command environment
[0.691s] INFO:colcon.colcon_ros.task.ament_cmake.build:Building ROS package in '/home/zeeshan/ros2_ws/src/planner' with build type 'ament_cmake'
[0.692s] INFO:colcon.colcon_cmake.task.cmake.build:Building CMake package in '/home/zeeshan/ros2_ws/src/planner'
[0.692s] INFO:colcon.colcon_core.shell:Skip shell extension 'powershell' for command environment: Not usable outside of PowerShell
[0.692s] DEBUG:colcon.colcon_core.shell:Skip shell extension 'dsv' for command environment
[0.735s] DEBUG:colcon.colcon_core.event_handler.log_command:Invoking command in '/home/zeeshan/ros2_ws/build/Stage': /usr/bin/cmake --build /home/zeeshan/ros2_ws/build/Stage -- -j4 -l4
[0.746s] DEBUG:colcon.colcon_core.event_handler.log_command:Invoking command in '/home/zeeshan/ros2_ws/build/configuration': CMAKE_PREFIX_PATH=${CMAKE_PREFIX_PATH}:/opt/ros/humble /usr/bin/cmake --build /home/zeeshan/ros2_ws/build/configuration -- -j4 -l4
[0.761s] DEBUG:colcon.colcon_core.event_handler.log_command:Invoking command in '/home/zeeshan/ros2_ws/build/my_planner': CMAKE_PREFIX_PATH=${CMAKE_PREFIX_PATH}:/opt/ros/humble /usr/bin/cmake --build /home/zeeshan/ros2_ws/build/my_planner -- -j4 -l4
[0.831s] DEBUG:colcon.colcon_core.event_handler.log_command:Invoking command in '/home/zeeshan/ros2_ws/build/planner': CMAKE_PREFIX_PATH=${CMAKE_PREFIX_PATH}:/opt/ros/humble /usr/bin/cmake --build /home/zeeshan/ros2_ws/build/planner -- -j4 -l4
[0.888s] DEBUG:colcon.colcon_core.event_handler.log_command:Invoked command in '/home/zeeshan/ros2_ws/build/configuration' returned '0': CMAKE_PREFIX_PATH=${CMAKE_PREFIX_PATH}:/opt/ros/humble /usr/bin/cmake --build /home/zeeshan/ros2_ws/build/configuration -- -j4 -l4
[0.974s] DEBUG:colcon.colcon_core.event_handler.log_command:Invoked command in '/home/zeeshan/ros2_ws/build/my_planner' returned '0': CMAKE_PREFIX_PATH=${CMAKE_PREFIX_PATH}:/opt/ros/humble /usr/bin/cmake --build /home/zeeshan/ros2_ws/build/my_planner -- -j4 -l4
[1.044s] DEBUG:colcon.colcon_core.event_handler.log_command:Invoking command in '/home/zeeshan/ros2_ws/build/configuration': CMAKE_PREFIX_PATH=${CMAKE_PREFIX_PATH}:/opt/ros/humble /usr/bin/cmake --install /home/zeeshan/ros2_ws/build/configuration
[1.085s] DEBUG:colcon.colcon_core.event_handler.log_command:Invoked command in '/home/zeeshan/ros2_ws/build/planner' returned '0': CMAKE_PREFIX_PATH=${CMAKE_PREFIX_PATH}:/opt/ros/humble /usr/bin/cmake --build /home/zeeshan/ros2_ws/build/planner -- -j4 -l4
[1.096s] Level 1:colcon.colcon_core.environment:create_environment_scripts_only(configuration)
[1.102s] Level 1:colcon.colcon_core.environment:checking '/home/zeeshan/ros2_ws/install/configuration' for CMake module files
[1.103s] DEBUG:colcon.colcon_core.event_handler.log_command:Invoked command in '/home/zeeshan/ros2_ws/build/configuration' returned '0': CMAKE_PREFIX_PATH=${CMAKE_PREFIX_PATH}:/opt/ros/humble /usr/bin/cmake --install /home/zeeshan/ros2_ws/build/configuration
[1.105s] Level 1:colcon.colcon_core.environment:checking '/home/zeeshan/ros2_ws/install/configuration' for CMake config files
[1.105s] Level 1:colcon.colcon_core.shell:create_environment_hook('configuration', 'cmake_prefix_path')
[1.106s] INFO:colcon.colcon_core.shell:Creating environment hook '/home/zeeshan/ros2_ws/install/configuration/share/configuration/hook/cmake_prefix_path.ps1'
[1.107s] INFO:colcon.colcon_core.shell:Creating environment descriptor '/home/zeeshan/ros2_ws/install/configuration/share/configuration/hook/cmake_prefix_path.dsv'
[1.109s] INFO:colcon.colcon_core.shell:Creating environment hook '/home/zeeshan/ros2_ws/install/configuration/share/configuration/hook/cmake_prefix_path.sh'
[1.111s] Level 1:colcon.colcon_core.environment:checking '/home/zeeshan/ros2_ws/install/configuration/bin'
[1.112s] Level 1:colcon.colcon_core.environment:checking '/home/zeeshan/ros2_ws/install/configuration/lib/pkgconfig/configuration.pc'
[1.112s] Level 1:colcon.colcon_core.environment:checking '/home/zeeshan/ros2_ws/install/configuration/lib/python3.10/site-packages'
[1.112s] Level 1:colcon.colcon_core.environment:checking '/home/zeeshan/ros2_ws/install/configuration/bin'
[1.113s] INFO:colcon.colcon_core.shell:Creating package script '/home/zeeshan/ros2_ws/install/configuration/share/configuration/package.ps1'
[1.115s] INFO:colcon.colcon_core.shell:Creating package descriptor '/home/zeeshan/ros2_ws/install/configuration/share/configuration/package.dsv'
[1.116s] INFO:colcon.colcon_core.shell:Creating package script '/home/zeeshan/ros2_ws/install/configuration/share/configuration/package.sh'
[1.118s] INFO:colcon.colcon_core.shell:Creating package script '/home/zeeshan/ros2_ws/install/configuration/share/configuration/package.bash'
[1.121s] INFO:colcon.colcon_core.shell:Creating package script '/home/zeeshan/ros2_ws/install/configuration/share/configuration/package.zsh'
[1.123s] Level 1:colcon.colcon_core.environment:create_file_with_runtime_dependencies(/home/zeeshan/ros2_ws/install/configuration/share/colcon-core/packages/configuration)
[1.143s] DEBUG:colcon.colcon_core.event_handler.log_command:Invoking command in '/home/zeeshan/ros2_ws/build/my_planner': CMAKE_PREFIX_PATH=${CMAKE_PREFIX_PATH}:/opt/ros/humble /usr/bin/cmake --install /home/zeeshan/ros2_ws/build/my_planner
[1.186s] DEBUG:colcon.colcon_core.event_handler.log_command:Invoking command in '/home/zeeshan/ros2_ws/build/planner': CMAKE_PREFIX_PATH=${CMAKE_PREFIX_PATH}:/opt/ros/humble /usr/bin/cmake --install /home/zeeshan/ros2_ws/build/planner
[1.198s] Level 1:colcon.colcon_core.environment:create_environment_scripts_only(configuration)
[1.199s] Level 1:colcon.colcon_core.environment:checking '/home/zeeshan/ros2_ws/install/configuration' for CMake module files
[1.200s] Level 1:colcon.colcon_core.environment:checking '/home/zeeshan/ros2_ws/install/configuration' for CMake config files
[1.201s] Level 1:colcon.colcon_core.shell:create_environment_hook('configuration', 'cmake_prefix_path')
[1.201s] INFO:colcon.colcon_core.shell:Creating environment hook '/home/zeeshan/ros2_ws/install/configuration/share/configuration/hook/cmake_prefix_path.ps1'
[1.206s] INFO:colcon.colcon_core.shell:Creating environment descriptor '/home/zeeshan/ros2_ws/install/configuration/share/configuration/hook/cmake_prefix_path.dsv'
[1.213s] INFO:colcon.colcon_core.shell:Creating environment hook '/home/zeeshan/ros2_ws/install/configuration/share/configuration/hook/cmake_prefix_path.sh'
[1.214s] Level 1:colcon.colcon_core.environment:checking '/home/zeeshan/ros2_ws/install/configuration/bin'
[1.215s] Level 1:colcon.colcon_core.environment:checking '/home/zeeshan/ros2_ws/install/configuration/lib/pkgconfig/configuration.pc'
[1.215s] Level 1:colcon.colcon_core.environment:checking '/home/zeeshan/ros2_ws/install/configuration/lib/python3.10/site-packages'
[1.216s] Level 1:colcon.colcon_core.environment:checking '/home/zeeshan/ros2_ws/install/configuration/bin'
[1.216s] INFO:colcon.colcon_core.shell:Creating package script '/home/zeeshan/ros2_ws/install/configuration/share/configuration/package.ps1'
[1.218s] INFO:colcon.colcon_core.shell:Creating package descriptor '/home/zeeshan/ros2_ws/install/configuration/share/configuration/package.dsv'
[1.219s] INFO:colcon.colcon_core.shell:Creating package script '/home/zeeshan/ros2_ws/install/configuration/share/configuration/package.sh'
[1.220s] INFO:colcon.colcon_core.shell:Creating package script '/home/zeeshan/ros2_ws/install/configuration/share/configuration/package.bash'
[1.221s] INFO:colcon.colcon_core.shell:Creating package script '/home/zeeshan/ros2_ws/install/configuration/share/configuration/package.zsh'
[1.222s] Level 1:colcon.colcon_core.environment:create_file_with_runtime_dependencies(/home/zeeshan/ros2_ws/install/configuration/share/colcon-core/packages/configuration)
[1.223s] INFO:colcon.colcon_ros.task.ament_cmake.build:Building ROS package in '/home/zeeshan/ros2_ws/src/simple_planner' with build type 'ament_cmake'
[1.223s] INFO:colcon.colcon_cmake.task.cmake.build:Building CMake package in '/home/zeeshan/ros2_ws/src/simple_planner'
[1.224s] INFO:colcon.colcon_core.shell:Skip shell extension 'powershell' for command environment: Not usable outside of PowerShell
[1.224s] DEBUG:colcon.colcon_core.shell:Skip shell extension 'dsv' for command environment
[1.235s] Level 1:colcon.colcon_core.environment:create_environment_scripts_only(my_planner)
[1.236s] Level 1:colcon.colcon_core.environment:checking '/home/zeeshan/ros2_ws/install/my_planner' for CMake module files
[1.238s] Level 1:colcon.colcon_core.environment:checking '/home/zeeshan/ros2_ws/install/my_planner' for CMake config files
[1.239s] DEBUG:colcon.colcon_core.event_handler.log_command:Invoked command in '/home/zeeshan/ros2_ws/build/my_planner' returned '0': CMAKE_PREFIX_PATH=${CMAKE_PREFIX_PATH}:/opt/ros/humble /usr/bin/cmake --install /home/zeeshan/ros2_ws/build/my_planner
[1.239s] Level 1:colcon.colcon_core.shell:create_environment_hook('my_planner', 'cmake_prefix_path')
[1.240s] INFO:colcon.colcon_core.shell:Creating environment hook '/home/zeeshan/ros2_ws/install/my_planner/share/my_planner/hook/cmake_prefix_path.ps1'
[1.241s] INFO:colcon.colcon_core.shell:Creating environment descriptor '/home/zeeshan/ros2_ws/install/my_planner/share/my_planner/hook/cmake_prefix_path.dsv'
[1.242s] INFO:colcon.colcon_core.shell:Creating environment hook '/home/zeeshan/ros2_ws/install/my_planner/share/my_planner/hook/cmake_prefix_path.sh'
[1.243s] Level 1:colcon.colcon_core.environment:checking '/home/zeeshan/ros2_ws/install/my_planner/lib'
[1.244s] Level 1:colcon.colcon_core.environment:checking '/home/zeeshan/ros2_ws/install/my_planner/bin'
[1.244s] Level 1:colcon.colcon_core.environment:checking '/home/zeeshan/ros2_ws/install/my_planner/lib/pkgconfig/my_planner.pc'
[1.245s] Level 1:colcon.colcon_core.environment:checking '/home/zeeshan/ros2_ws/install/my_planner/lib/python3.10/site-packages'
[1.245s] Level 1:colcon.colcon_core.environment:checking '/home/zeeshan/ros2_ws/install/my_planner/bin'
[1.246s] INFO:colcon.colcon_core.shell:Creating package script '/home/zeeshan/ros2_ws/install/my_planner/share/my_planner/package.ps1'
[1.247s] INFO:colcon.colcon_core.shell:Creating package descriptor '/home/zeeshan/ros2_ws/install/my_planner/share/my_planner/package.dsv'
[1.247s] INFO:colcon.colcon_core.shell:Creating package script '/home/zeeshan/ros2_ws/install/my_planner/share/my_planner/package.sh'
[1.248s] INFO:colcon.colcon_core.shell:Creating package script '/home/zeeshan/ros2_ws/install/my_planner/share/my_planner/package.bash'
[1.249s] INFO:colcon.colcon_core.shell:Creating package script '/home/zeeshan/ros2_ws/install/my_planner/share/my_planner/package.zsh'
[1.249s] Level 1:colcon.colcon_core.environment:create_file_with_runtime_dependencies(/home/zeeshan/ros2_ws/install/my_planner/share/colcon-core/packages/my_planner)
[1.253s] DEBUG:colcon.colcon_core.event_handler.log_command:Invoked command in '/home/zeeshan/ros2_ws/build/Stage' returned '0': /usr/bin/cmake --build /home/zeeshan/ros2_ws/build/Stage -- -j4 -l4
[1.257s] Level 1:colcon.colcon_core.environment:create_environment_scripts_only(planner)
[1.258s] DEBUG:colcon.colcon_core.event_handler.log_command:Invoked command in '/home/zeeshan/ros2_ws/build/planner' returned '0': CMAKE_PREFIX_PATH=${CMAKE_PREFIX_PATH}:/opt/ros/humble /usr/bin/cmake --install /home/zeeshan/ros2_ws/build/planner
[1.259s] Level 1:colcon.colcon_core.environment:checking '/home/zeeshan/ros2_ws/install/planner' for CMake module files
[1.260s] Level 1:colcon.colcon_core.environment:checking '/home/zeeshan/ros2_ws/install/planner' for CMake config files
[1.261s] Level 1:colcon.colcon_core.shell:create_environment_hook('planner', 'cmake_prefix_path')
[1.262s] INFO:colcon.colcon_core.shell:Creating environment hook '/home/zeeshan/ros2_ws/install/planner/share/planner/hook/cmake_prefix_path.ps1'
[1.263s] INFO:colcon.colcon_core.shell:Creating environment descriptor '/home/zeeshan/ros2_ws/install/planner/share/planner/hook/cmake_prefix_path.dsv'
[1.264s] INFO:colcon.colcon_core.shell:Creating environment hook '/home/zeeshan/ros2_ws/install/planner/share/planner/hook/cmake_prefix_path.sh'
[1.265s] Level 1:colcon.colcon_core.environment:checking '/home/zeeshan/ros2_ws/install/planner/lib'
[1.265s] Level 1:colcon.colcon_core.environment:checking '/home/zeeshan/ros2_ws/install/planner/bin'
[1.265s] Level 1:colcon.colcon_core.environment:checking '/home/zeeshan/ros2_ws/install/planner/lib/pkgconfig/planner.pc'
[1.266s] Level 1:colcon.colcon_core.environment:checking '/home/zeeshan/ros2_ws/install/planner/lib/python3.10/site-packages'
[1.267s] Level 1:colcon.colcon_core.environment:checking '/home/zeeshan/ros2_ws/install/planner/bin'
[1.268s] INFO:colcon.colcon_core.shell:Creating package script '/home/zeeshan/ros2_ws/install/planner/share/planner/package.ps1'
[1.269s] INFO:colcon.colcon_core.shell:Creating package descriptor '/home/zeeshan/ros2_ws/install/planner/share/planner/package.dsv'
[1.270s] INFO:colcon.colcon_core.shell:Creating package script '/home/zeeshan/ros2_ws/install/planner/share/planner/package.sh'
[1.271s] INFO:colcon.colcon_core.shell:Creating package script '/home/zeeshan/ros2_ws/install/planner/share/planner/package.bash'
[1.272s] INFO:colcon.colcon_core.shell:Creating package script '/home/zeeshan/ros2_ws/install/planner/share/planner/package.zsh'
[1.272s] Level 1:colcon.colcon_core.environment:create_file_with_runtime_dependencies(/home/zeeshan/ros2_ws/install/planner/share/colcon-core/packages/planner)
[1.281s] DEBUG:colcon.colcon_core.event_handler.log_command:Invoking command in '/home/zeeshan/ros2_ws/build/simple_planner': CMAKE_PREFIX_PATH=${CMAKE_PREFIX_PATH}:/opt/ros/humble /usr/bin/cmake --build /home/zeeshan/ros2_ws/build/simple_planner -- -j4 -l4
[1.338s] Level 1:colcon.colcon_core.environment:create_environment_scripts_only(planner)
[1.339s] Level 1:colcon.colcon_core.environment:checking '/home/zeeshan/ros2_ws/install/planner' for CMake module files
[1.341s] Level 1:colcon.colcon_core.environment:checking '/home/zeeshan/ros2_ws/install/planner' for CMake config files
[1.341s] Level 1:colcon.colcon_core.shell:create_environment_hook('planner', 'cmake_prefix_path')
[1.342s] INFO:colcon.colcon_core.shell:Creating environment hook '/home/zeeshan/ros2_ws/install/planner/share/planner/hook/cmake_prefix_path.ps1'
[1.344s] INFO:colcon.colcon_core.shell:Creating environment descriptor '/home/zeeshan/ros2_ws/install/planner/share/planner/hook/cmake_prefix_path.dsv'
[1.346s] INFO:colcon.colcon_core.shell:Creating environment hook '/home/zeeshan/ros2_ws/install/planner/share/planner/hook/cmake_prefix_path.sh'
[1.348s] Level 1:colcon.colcon_core.environment:checking '/home/zeeshan/ros2_ws/install/planner/lib'
[1.348s] Level 1:colcon.colcon_core.environment:checking '/home/zeeshan/ros2_ws/install/planner/bin'
[1.348s] Level 1:colcon.colcon_core.environment:checking '/home/zeeshan/ros2_ws/install/planner/lib/pkgconfig/planner.pc'
[1.349s] Level 1:colcon.colcon_core.environment:checking '/home/zeeshan/ros2_ws/install/planner/lib/python3.10/site-packages'
[1.350s] Level 1:colcon.colcon_core.environment:checking '/home/zeeshan/ros2_ws/install/planner/bin'
[1.351s] INFO:colcon.colcon_core.shell:Creating package script '/home/zeeshan/ros2_ws/install/planner/share/planner/package.ps1'
[1.356s] INFO:colcon.colcon_core.shell:Creating package descriptor '/home/zeeshan/ros2_ws/install/planner/share/planner/package.dsv'
[1.357s] INFO:colcon.colcon_core.shell:Creating package script '/home/zeeshan/ros2_ws/install/planner/share/planner/package.sh'
[1.359s] INFO:colcon.colcon_core.shell:Creating package script '/home/zeeshan/ros2_ws/install/planner/share/planner/package.bash'
[1.360s] INFO:colcon.colcon_core.shell:Creating package script '/home/zeeshan/ros2_ws/install/planner/share/planner/package.zsh'
[1.361s] Level 1:colcon.colcon_core.environment:create_file_with_runtime_dependencies(/home/zeeshan/ros2_ws/install/planner/share/colcon-core/packages/planner)
[1.364s] INFO:colcon.colcon_ros.task.ament_cmake.build:Building ROS package in '/home/zeeshan/ros2_ws/src/worlds' with build type 'ament_cmake'
[1.364s] INFO:colcon.colcon_cmake.task.cmake.build:Building CMake package in '/home/zeeshan/ros2_ws/src/worlds'
[1.365s] INFO:colcon.colcon_core.shell:Skip shell extension 'powershell' for command environment: Not usable outside of PowerShell
[1.365s] DEBUG:colcon.colcon_core.shell:Skip shell extension 'dsv' for command environment
[1.380s] DEBUG:colcon.colcon_core.event_handler.log_command:Invoking command in '/home/zeeshan/ros2_ws/build/Stage': /usr/bin/cmake --install /home/zeeshan/ros2_ws/build/Stage
[1.381s] Level 1:colcon.colcon_core.environment:create_environment_scripts_only(my_planner)
[1.382s] Level 1:colcon.colcon_core.environment:checking '/home/zeeshan/ros2_ws/install/my_planner' for CMake module files
[1.383s] Level 1:colcon.colcon_core.environment:checking '/home/zeeshan/ros2_ws/install/my_planner' for CMake config files
[1.384s] Level 1:colcon.colcon_core.shell:create_environment_hook('my_planner', 'cmake_prefix_path')
[1.384s] INFO:colcon.colcon_core.shell:Creating environment hook '/home/zeeshan/ros2_ws/install/my_planner/share/my_planner/hook/cmake_prefix_path.ps1'
[1.386s] INFO:colcon.colcon_core.shell:Creating environment descriptor '/home/zeeshan/ros2_ws/install/my_planner/share/my_planner/hook/cmake_prefix_path.dsv'
[1.389s] INFO:colcon.colcon_core.shell:Creating environment hook '/home/zeeshan/ros2_ws/install/my_planner/share/my_planner/hook/cmake_prefix_path.sh'
[1.390s] Level 1:colcon.colcon_core.environment:checking '/home/zeeshan/ros2_ws/install/my_planner/lib'
[1.390s] Level 1:colcon.colcon_core.environment:checking '/home/zeeshan/ros2_ws/install/my_planner/bin'
[1.391s] Level 1:colcon.colcon_core.environment:checking '/home/zeeshan/ros2_ws/install/my_planner/lib/pkgconfig/my_planner.pc'
[1.392s] Level 1:colcon.colcon_core.environment:checking '/home/zeeshan/ros2_ws/install/my_planner/lib/python3.10/site-packages'
[1.392s] Level 1:colcon.colcon_core.environment:checking '/home/zeeshan/ros2_ws/install/my_planner/bin'
[1.393s] INFO:colcon.colcon_core.shell:Creating package script '/home/zeeshan/ros2_ws/install/my_planner/share/my_planner/package.ps1'
[1.394s] INFO:colcon.colcon_core.shell:Creating package descriptor '/home/zeeshan/ros2_ws/install/my_planner/share/my_planner/package.dsv'
[1.396s] INFO:colcon.colcon_core.shell:Creating package script '/home/zeeshan/ros2_ws/install/my_planner/share/my_planner/package.sh'
[1.397s] INFO:colcon.colcon_core.shell:Creating package script '/home/zeeshan/ros2_ws/install/my_planner/share/my_planner/package.bash'
[1.398s] INFO:colcon.colcon_core.shell:Creating package script '/home/zeeshan/ros2_ws/install/my_planner/share/my_planner/package.zsh'
[1.400s] Level 1:colcon.colcon_core.environment:create_file_with_runtime_dependencies(/home/zeeshan/ros2_ws/install/my_planner/share/colcon-core/packages/my_planner)
[1.434s] Level 1:colcon.colcon_core.environment:create_environment_scripts_only(Stage)
[1.435s] Level 1:colcon.colcon_core.environment:checking '/home/zeeshan/ros2_ws/install/Stage' for CMake module files
[1.439s] DEBUG:colcon.colcon_core.event_handler.log_command:Invoking command in '/home/zeeshan/ros2_ws/build/worlds': CMAKE_PREFIX_PATH=${CMAKE_PREFIX_PATH}:/opt/ros/humble /usr/bin/cmake --build /home/zeeshan/ros2_ws/build/worlds -- -j4 -l4
[1.440s] DEBUG:colcon.colcon_core.event_handler.log_command:Invoked command in '/home/zeeshan/ros2_ws/build/Stage' returned '0': /usr/bin/cmake --install /home/zeeshan/ros2_ws/build/Stage
[1.441s] Level 1:colcon.colcon_core.environment:checking '/home/zeeshan/ros2_ws/install/Stage' for CMake config files
[1.442s] Level 1:colcon.colcon_core.shell:create_environment_hook('Stage', 'cmake_prefix_path')
[1.443s] INFO:colcon.colcon_core.shell:Creating environment hook '/home/zeeshan/ros2_ws/install/Stage/share/Stage/hook/cmake_prefix_path.ps1'
[1.444s] INFO:colcon.colcon_core.shell:Creating environment descriptor '/home/zeeshan/ros2_ws/install/Stage/share/Stage/hook/cmake_prefix_path.dsv'
[1.445s] INFO:colcon.colcon_core.shell:Creating environment hook '/home/zeeshan/ros2_ws/install/Stage/share/Stage/hook/cmake_prefix_path.sh'
[1.446s] Level 1:colcon.colcon_core.environment:checking '/home/zeeshan/ros2_ws/install/Stage/lib'
[1.446s] Level 1:colcon.colcon_core.shell:create_environment_hook('Stage', 'ld_library_path_lib')
[1.447s] INFO:colcon.colcon_core.shell:Creating environment hook '/home/zeeshan/ros2_ws/install/Stage/share/Stage/hook/ld_library_path_lib.ps1'
[1.448s] INFO:colcon.colcon_core.shell:Creating environment descriptor '/home/zeeshan/ros2_ws/install/Stage/share/Stage/hook/ld_library_path_lib.dsv'
[1.449s] INFO:colcon.colcon_core.shell:Creating environment hook '/home/zeeshan/ros2_ws/install/Stage/share/Stage/hook/ld_library_path_lib.sh'
[1.450s] Level 1:colcon.colcon_core.environment:checking '/home/zeeshan/ros2_ws/install/Stage/bin'
[1.450s] Level 1:colcon.colcon_core.shell:create_environment_hook('Stage', 'path')
[1.451s] INFO:colcon.colcon_core.shell:Creating environment hook '/home/zeeshan/ros2_ws/install/Stage/share/Stage/hook/path.ps1'
[1.452s] INFO:colcon.colcon_core.shell:Creating environment descriptor '/home/zeeshan/ros2_ws/install/Stage/share/Stage/hook/path.dsv'
[1.453s] INFO:colcon.colcon_core.shell:Creating environment hook '/home/zeeshan/ros2_ws/install/Stage/share/Stage/hook/path.sh'
[1.454s] Level 1:colcon.colcon_core.environment:checking '/home/zeeshan/ros2_ws/install/Stage/lib/pkgconfig/Stage.pc'
[1.455s] Level 1:colcon.colcon_core.environment:checking '/home/zeeshan/ros2_ws/install/Stage/lib/python3.10/site-packages'
[1.455s] Level 1:colcon.colcon_core.environment:checking '/home/zeeshan/ros2_ws/install/Stage/bin'
[1.456s] Level 1:colcon.colcon_core.shell:create_environment_hook('Stage', 'pythonscriptspath')
[1.456s] INFO:colcon.colcon_core.shell:Creating environment hook '/home/zeeshan/ros2_ws/install/Stage/share/Stage/hook/pythonscriptspath.ps1'
[1.457s] INFO:colcon.colcon_core.shell:Creating environment descriptor '/home/zeeshan/ros2_ws/install/Stage/share/Stage/hook/pythonscriptspath.dsv'
[1.458s] INFO:colcon.colcon_core.shell:Creating environment hook '/home/zeeshan/ros2_ws/install/Stage/share/Stage/hook/pythonscriptspath.sh'
[1.460s] INFO:colcon.colcon_core.shell:Creating package script '/home/zeeshan/ros2_ws/install/Stage/share/Stage/package.ps1'
[1.462s] INFO:colcon.colcon_core.shell:Creating package descriptor '/home/zeeshan/ros2_ws/install/Stage/share/Stage/package.dsv'
[1.463s] INFO:colcon.colcon_core.shell:Creating package script '/home/zeeshan/ros2_ws/install/Stage/share/Stage/package.sh'
[1.465s] INFO:colcon.colcon_core.shell:Creating package script '/home/zeeshan/ros2_ws/install/Stage/share/Stage/package.bash'
[1.466s] INFO:colcon.colcon_core.shell:Creating package script '/home/zeeshan/ros2_ws/install/Stage/share/Stage/package.zsh'
[1.466s] Level 1:colcon.colcon_core.environment:create_file_with_runtime_dependencies(/home/zeeshan/ros2_ws/install/Stage/share/colcon-core/packages/Stage)
[1.469s] INFO:colcon.colcon_ros.task.ament_cmake.build:Building ROS package in '/home/zeeshan/ros2_ws/src/stage_ros2' with build type 'ament_cmake'
[1.469s] INFO:colcon.colcon_cmake.task.cmake.build:Building CMake package in '/home/zeeshan/ros2_ws/src/stage_ros2'
[1.470s] INFO:colcon.colcon_core.shell:Skip shell extension 'powershell' for command environment: Not usable outside of PowerShell
[1.470s] DEBUG:colcon.colcon_core.shell:Skip shell extension 'dsv' for command environment
[1.496s] DEBUG:colcon.colcon_core.event_handler.log_command:Invoking command in '/home/zeeshan/ros2_ws/build/stage_ros2': CMAKE_PREFIX_PATH=/home/zeeshan/ros2_ws/install/Stage:/home/zeeshan/ros2_ws/install/worlds:/home/zeeshan/ros2_ws/install/stage_ros2:/home/zeeshan/ros2_ws/install/simple_planner:/home/zeeshan/ros2_ws/install/planner:/home/zeeshan/ros2_ws/install/my_planner:/home/zeeshan/ros2_ws/install/configuration:/opt/ros/humble LD_LIBRARY_PATH=/home/zeeshan/ros2_ws/install/Stage/lib:/home/zeeshan/ros2_ws/install/stage_ros2/lib:/opt/ros/humble/opt/rviz_ogre_vendor/lib:/opt/ros/humble/lib/x86_64-linux-gnu:/opt/ros/humble/lib /usr/bin/cmake --build /home/zeeshan/ros2_ws/build/stage_ros2 -- -j4 -l4
[1.525s] DEBUG:colcon.colcon_core.event_handler.log_command:Invoked command in '/home/zeeshan/ros2_ws/build/worlds' returned '0': CMAKE_PREFIX_PATH=${CMAKE_PREFIX_PATH}:/opt/ros/humble /usr/bin/cmake --build /home/zeeshan/ros2_ws/build/worlds -- -j4 -l4
[1.771s] DEBUG:colcon.colcon_core.event_handler.log_command:Invoking command in '/home/zeeshan/ros2_ws/build/worlds': CMAKE_PREFIX_PATH=${CMAKE_PREFIX_PATH}:/opt/ros/humble /usr/bin/cmake --install /home/zeeshan/ros2_ws/build/worlds
[1.821s] Level 1:colcon.colcon_core.environment:create_environment_scripts_only(worlds)
[1.822s] Level 1:colcon.colcon_core.environment:checking '/home/zeeshan/ros2_ws/install/worlds' for CMake module files
[1.823s] Level 1:colcon.colcon_core.environment:checking '/home/zeeshan/ros2_ws/install/worlds' for CMake config files
[1.824s] Level 1:colcon.colcon_core.shell:create_environment_hook('worlds', 'cmake_prefix_path')
[1.824s] INFO:colcon.colcon_core.shell:Creating environment hook '/home/zeeshan/ros2_ws/install/worlds/share/worlds/hook/cmake_prefix_path.ps1'
[1.825s] INFO:colcon.colcon_core.shell:Creating environment descriptor '/home/zeeshan/ros2_ws/install/worlds/share/worlds/hook/cmake_prefix_path.dsv'
[1.826s] DEBUG:colcon.colcon_core.event_handler.log_command:Invoked command in '/home/zeeshan/ros2_ws/build/worlds' returned '0': CMAKE_PREFIX_PATH=${CMAKE_PREFIX_PATH}:/opt/ros/humble /usr/bin/cmake --install /home/zeeshan/ros2_ws/build/worlds
[1.827s] INFO:colcon.colcon_core.shell:Creating environment hook '/home/zeeshan/ros2_ws/install/worlds/share/worlds/hook/cmake_prefix_path.sh'
[1.829s] Level 1:colcon.colcon_core.environment:checking '/home/zeeshan/ros2_ws/install/worlds/bin'
[1.829s] Level 1:colcon.colcon_core.environment:checking '/home/zeeshan/ros2_ws/install/worlds/lib/pkgconfig/worlds.pc'
[1.830s] Level 1:colcon.colcon_core.environment:checking '/home/zeeshan/ros2_ws/install/worlds/lib/python3.10/site-packages'
[1.830s] Level 1:colcon.colcon_core.environment:checking '/home/zeeshan/ros2_ws/install/worlds/bin'
[1.831s] INFO:colcon.colcon_core.shell:Creating package script '/home/zeeshan/ros2_ws/install/worlds/share/worlds/package.ps1'
[1.832s] INFO:colcon.colcon_core.shell:Creating package descriptor '/home/zeeshan/ros2_ws/install/worlds/share/worlds/package.dsv'
[1.834s] INFO:colcon.colcon_core.shell:Creating package script '/home/zeeshan/ros2_ws/install/worlds/share/worlds/package.sh'
[1.843s] INFO:colcon.colcon_core.shell:Creating package script '/home/zeeshan/ros2_ws/install/worlds/share/worlds/package.bash'
[1.844s] INFO:colcon.colcon_core.shell:Creating package script '/home/zeeshan/ros2_ws/install/worlds/share/worlds/package.zsh'
[1.845s] Level 1:colcon.colcon_core.environment:create_file_with_runtime_dependencies(/home/zeeshan/ros2_ws/install/worlds/share/colcon-core/packages/worlds)
[1.893s] DEBUG:colcon.colcon_core.event_handler.log_command:Invoked command in '/home/zeeshan/ros2_ws/build/stage_ros2' returned '0': CMAKE_PREFIX_PATH=/home/zeeshan/ros2_ws/install/Stage:/home/zeeshan/ros2_ws/install/worlds:/home/zeeshan/ros2_ws/install/stage_ros2:/home/zeeshan/ros2_ws/install/simple_planner:/home/zeeshan/ros2_ws/install/planner:/home/zeeshan/ros2_ws/install/my_planner:/home/zeeshan/ros2_ws/install/configuration:/opt/ros/humble LD_LIBRARY_PATH=/home/zeeshan/ros2_ws/install/Stage/lib:/home/zeeshan/ros2_ws/install/stage_ros2/lib:/opt/ros/humble/opt/rviz_ogre_vendor/lib:/opt/ros/humble/lib/x86_64-linux-gnu:/opt/ros/humble/lib /usr/bin/cmake --build /home/zeeshan/ros2_ws/build/stage_ros2 -- -j4 -l4
[1.929s] Level 1:colcon.colcon_core.environment:create_environment_scripts_only(worlds)
[1.930s] Level 1:colcon.colcon_core.environment:checking '/home/zeeshan/ros2_ws/install/worlds' for CMake module files
[1.931s] Level 1:colcon.colcon_core.environment:checking '/home/zeeshan/ros2_ws/install/worlds' for CMake config files
[1.931s] Level 1:colcon.colcon_core.shell:create_environment_hook('worlds', 'cmake_prefix_path')
[1.932s] INFO:colcon.colcon_core.shell:Creating environment hook '/home/zeeshan/ros2_ws/install/worlds/share/worlds/hook/cmake_prefix_path.ps1'
[1.933s] INFO:colcon.colcon_core.shell:Creating environment descriptor '/home/zeeshan/ros2_ws/install/worlds/share/worlds/hook/cmake_prefix_path.dsv'
[1.934s] INFO:colcon.colcon_core.shell:Creating environment hook '/home/zeeshan/ros2_ws/install/worlds/share/worlds/hook/cmake_prefix_path.sh'
[1.935s] Level 1:colcon.colcon_core.environment:checking '/home/zeeshan/ros2_ws/install/worlds/bin'
[1.935s] Level 1:colcon.colcon_core.environment:checking '/home/zeeshan/ros2_ws/install/worlds/lib/pkgconfig/worlds.pc'
[1.936s] Level 1:colcon.colcon_core.environment:checking '/home/zeeshan/ros2_ws/install/worlds/lib/python3.10/site-packages'
[1.936s] Level 1:colcon.colcon_core.environment:checking '/home/zeeshan/ros2_ws/install/worlds/bin'
[1.937s] INFO:colcon.colcon_core.shell:Creating package script '/home/zeeshan/ros2_ws/install/worlds/share/worlds/package.ps1'
[1.939s] INFO:colcon.colcon_core.shell:Creating package descriptor '/home/zeeshan/ros2_ws/install/worlds/share/worlds/package.dsv'
[1.940s] INFO:colcon.colcon_core.shell:Creating package script '/home/zeeshan/ros2_ws/install/worlds/share/worlds/package.sh'
[1.942s] INFO:colcon.colcon_core.shell:Creating package script '/home/zeeshan/ros2_ws/install/worlds/share/worlds/package.bash'
[1.943s] INFO:colcon.colcon_core.shell:Creating package script '/home/zeeshan/ros2_ws/install/worlds/share/worlds/package.zsh'
[1.944s] Level 1:colcon.colcon_core.environment:create_file_with_runtime_dependencies(/home/zeeshan/ros2_ws/install/worlds/share/colcon-core/packages/worlds)
[2.014s] DEBUG:colcon.colcon_core.event_handler.log_command:Invoking command in '/home/zeeshan/ros2_ws/build/stage_ros2': CMAKE_PREFIX_PATH=/home/zeeshan/ros2_ws/install/Stage:/home/zeeshan/ros2_ws/install/worlds:/home/zeeshan/ros2_ws/install/stage_ros2:/home/zeeshan/ros2_ws/install/simple_planner:/home/zeeshan/ros2_ws/install/planner:/home/zeeshan/ros2_ws/install/my_planner:/home/zeeshan/ros2_ws/install/configuration:/opt/ros/humble LD_LIBRARY_PATH=/home/zeeshan/ros2_ws/install/Stage/lib:/home/zeeshan/ros2_ws/install/stage_ros2/lib:/opt/ros/humble/opt/rviz_ogre_vendor/lib:/opt/ros/humble/lib/x86_64-linux-gnu:/opt/ros/humble/lib /usr/bin/cmake --install /home/zeeshan/ros2_ws/build/stage_ros2
[2.084s] Level 1:colcon.colcon_core.environment:create_environment_scripts_only(stage_ros2)
[2.084s] Level 1:colcon.colcon_core.environment:checking '/home/zeeshan/ros2_ws/install/stage_ros2' for CMake module files
[2.086s] Level 1:colcon.colcon_core.environment:checking '/home/zeeshan/ros2_ws/install/stage_ros2' for CMake config files
[2.087s] DEBUG:colcon.colcon_core.event_handler.log_command:Invoked command in '/home/zeeshan/ros2_ws/build/stage_ros2' returned '0': CMAKE_PREFIX_PATH=/home/zeeshan/ros2_ws/install/Stage:/home/zeeshan/ros2_ws/install/worlds:/home/zeeshan/ros2_ws/install/stage_ros2:/home/zeeshan/ros2_ws/install/simple_planner:/home/zeeshan/ros2_ws/install/planner:/home/zeeshan/ros2_ws/install/my_planner:/home/zeeshan/ros2_ws/install/configuration:/opt/ros/humble LD_LIBRARY_PATH=/home/zeeshan/ros2_ws/install/Stage/lib:/home/zeeshan/ros2_ws/install/stage_ros2/lib:/opt/ros/humble/opt/rviz_ogre_vendor/lib:/opt/ros/humble/lib/x86_64-linux-gnu:/opt/ros/humble/lib /usr/bin/cmake --install /home/zeeshan/ros2_ws/build/stage_ros2
[2.088s] Level 1:colcon.colcon_core.shell:create_environment_hook('stage_ros2', 'cmake_prefix_path')
[2.088s] INFO:colcon.colcon_core.shell:Creating environment hook '/home/zeeshan/ros2_ws/install/stage_ros2/share/stage_ros2/hook/cmake_prefix_path.ps1'
[2.089s] INFO:colcon.colcon_core.shell:Creating environment descriptor '/home/zeeshan/ros2_ws/install/stage_ros2/share/stage_ros2/hook/cmake_prefix_path.dsv'
[2.090s] INFO:colcon.colcon_core.shell:Creating environment hook '/home/zeeshan/ros2_ws/install/stage_ros2/share/stage_ros2/hook/cmake_prefix_path.sh'
[2.091s] Level 1:colcon.colcon_core.environment:checking '/home/zeeshan/ros2_ws/install/stage_ros2/lib'
[2.091s] Level 1:colcon.colcon_core.shell:create_environment_hook('stage_ros2', 'ld_library_path_lib')
[2.092s] INFO:colcon.colcon_core.shell:Creating environment hook '/home/zeeshan/ros2_ws/install/stage_ros2/share/stage_ros2/hook/ld_library_path_lib.ps1'
[2.093s] INFO:colcon.colcon_core.shell:Creating environment descriptor '/home/zeeshan/ros2_ws/install/stage_ros2/share/stage_ros2/hook/ld_library_path_lib.dsv'
[2.094s] INFO:colcon.colcon_core.shell:Creating environment hook '/home/zeeshan/ros2_ws/install/stage_ros2/share/stage_ros2/hook/ld_library_path_lib.sh'
[2.094s] Level 1:colcon.colcon_core.environment:checking '/home/zeeshan/ros2_ws/install/stage_ros2/bin'
[2.095s] Level 1:colcon.colcon_core.environment:checking '/home/zeeshan/ros2_ws/install/stage_ros2/lib/pkgconfig/stage_ros2.pc'
[2.095s] Level 1:colcon.colcon_core.environment:checking '/home/zeeshan/ros2_ws/install/stage_ros2/lib/python3.10/site-packages'
[2.096s] Level 1:colcon.colcon_core.environment:checking '/home/zeeshan/ros2_ws/install/stage_ros2/bin'
[2.096s] INFO:colcon.colcon_core.shell:Creating package script '/home/zeeshan/ros2_ws/install/stage_ros2/share/stage_ros2/package.ps1'
[2.098s] INFO:colcon.colcon_core.shell:Creating package descriptor '/home/zeeshan/ros2_ws/install/stage_ros2/share/stage_ros2/package.dsv'
[2.099s] INFO:colcon.colcon_core.shell:Creating package script '/home/zeeshan/ros2_ws/install/stage_ros2/share/stage_ros2/package.sh'
[2.100s] INFO:colcon.colcon_core.shell:Creating package script '/home/zeeshan/ros2_ws/install/stage_ros2/share/stage_ros2/package.bash'
[2.101s] INFO:colcon.colcon_core.shell:Creating package script '/home/zeeshan/ros2_ws/install/stage_ros2/share/stage_ros2/package.zsh'
[2.101s] Level 1:colcon.colcon_core.environment:create_file_with_runtime_dependencies(/home/zeeshan/ros2_ws/install/stage_ros2/share/colcon-core/packages/stage_ros2)
[2.188s] Level 1:colcon.colcon_core.environment:create_environment_scripts_only(stage_ros2)
[2.189s] Level 1:colcon.colcon_core.environment:checking '/home/zeeshan/ros2_ws/install/stage_ros2' for CMake module files
[2.190s] Level 1:colcon.colcon_core.environment:checking '/home/zeeshan/ros2_ws/install/stage_ros2' for CMake config files
[2.191s] Level 1:colcon.colcon_core.shell:create_environment_hook('stage_ros2', 'cmake_prefix_path')
[2.192s] INFO:colcon.colcon_core.shell:Creating environment hook '/home/zeeshan/ros2_ws/install/stage_ros2/share/stage_ros2/hook/cmake_prefix_path.ps1'
[2.193s] INFO:colcon.colcon_core.shell:Creating environment descriptor '/home/zeeshan/ros2_ws/install/stage_ros2/share/stage_ros2/hook/cmake_prefix_path.dsv'
[2.193s] INFO:colcon.colcon_core.shell:Creating environment hook '/home/zeeshan/ros2_ws/install/stage_ros2/share/stage_ros2/hook/cmake_prefix_path.sh'
[2.194s] Level 1:colcon.colcon_core.environment:checking '/home/zeeshan/ros2_ws/install/stage_ros2/lib'
[2.195s] Level 1:colcon.colcon_core.shell:create_environment_hook('stage_ros2', 'ld_library_path_lib')
[2.195s] INFO:colcon.colcon_core.shell:Creating environment hook '/home/zeeshan/ros2_ws/install/stage_ros2/share/stage_ros2/hook/ld_library_path_lib.ps1'
[2.196s] INFO:colcon.colcon_core.shell:Creating environment descriptor '/home/zeeshan/ros2_ws/install/stage_ros2/share/stage_ros2/hook/ld_library_path_lib.dsv'
[2.197s] INFO:colcon.colcon_core.shell:Creating environment hook '/home/zeeshan/ros2_ws/install/stage_ros2/share/stage_ros2/hook/ld_library_path_lib.sh'
[2.197s] Level 1:colcon.colcon_core.environment:checking '/home/zeeshan/ros2_ws/install/stage_ros2/bin'
[2.197s] Level 1:colcon.colcon_core.environment:checking '/home/zeeshan/ros2_ws/install/stage_ros2/lib/pkgconfig/stage_ros2.pc'
[2.198s] Level 1:colcon.colcon_core.environment:checking '/home/zeeshan/ros2_ws/install/stage_ros2/lib/python3.10/site-packages'
[2.198s] Level 1:colcon.colcon_core.environment:checking '/home/zeeshan/ros2_ws/install/stage_ros2/bin'
[2.199s] INFO:colcon.colcon_core.shell:Creating package script '/home/zeeshan/ros2_ws/install/stage_ros2/share/stage_ros2/package.ps1'
[2.200s] INFO:colcon.colcon_core.shell:Creating package descriptor '/home/zeeshan/ros2_ws/install/stage_ros2/share/stage_ros2/package.dsv'
[2.201s] INFO:colcon.colcon_core.shell:Creating package script '/home/zeeshan/ros2_ws/install/stage_ros2/share/stage_ros2/package.sh'
[2.202s] INFO:colcon.colcon_core.shell:Creating package script '/home/zeeshan/ros2_ws/install/stage_ros2/share/stage_ros2/package.bash'
[2.203s] INFO:colcon.colcon_core.shell:Creating package script '/home/zeeshan/ros2_ws/install/stage_ros2/share/stage_ros2/package.zsh'
[2.204s] Level 1:colcon.colcon_core.environment:create_file_with_runtime_dependencies(/home/zeeshan/ros2_ws/install/stage_ros2/share/colcon-core/packages/stage_ros2)
[31.736s] DEBUG:colcon.colcon_core.event_handler.log_command:Invoked command in '/home/zeeshan/ros2_ws/build/simple_planner' returned '0': CMAKE_PREFIX_PATH=${CMAKE_PREFIX_PATH}:/opt/ros/humble /usr/bin/cmake --build /home/zeeshan/ros2_ws/build/simple_planner -- -j4 -l4
[31.793s] DEBUG:colcon.colcon_core.event_handler.log_command:Invoking command in '/home/zeeshan/ros2_ws/build/simple_planner': CMAKE_PREFIX_PATH=${CMAKE_PREFIX_PATH}:/opt/ros/humble /usr/bin/cmake --install /home/zeeshan/ros2_ws/build/simple_planner
[31.828s] Level 1:colcon.colcon_core.environment:create_environment_scripts_only(simple_planner)
[31.829s] Level 1:colcon.colcon_core.environment:checking '/home/zeeshan/ros2_ws/install/simple_planner' for CMake module files
[31.829s] DEBUG:colcon.colcon_core.event_handler.log_command:Invoked command in '/home/zeeshan/ros2_ws/build/simple_planner' returned '0': CMAKE_PREFIX_PATH=${CMAKE_PREFIX_PATH}:/opt/ros/humble /usr/bin/cmake --install /home/zeeshan/ros2_ws/build/simple_planner
[31.830s] Level 1:colcon.colcon_core.environment:checking '/home/zeeshan/ros2_ws/install/simple_planner' for CMake config files
[31.830s] Level 1:colcon.colcon_core.shell:create_environment_hook('simple_planner', 'cmake_prefix_path')
[31.831s] INFO:colcon.colcon_core.shell:Creating environment hook '/home/zeeshan/ros2_ws/install/simple_planner/share/simple_planner/hook/cmake_prefix_path.ps1'
[31.832s] INFO:colcon.colcon_core.shell:Creating environment descriptor '/home/zeeshan/ros2_ws/install/simple_planner/share/simple_planner/hook/cmake_prefix_path.dsv'
[31.832s] INFO:colcon.colcon_core.shell:Creating environment hook '/home/zeeshan/ros2_ws/install/simple_planner/share/simple_planner/hook/cmake_prefix_path.sh'
[31.833s] Level 1:colcon.colcon_core.environment:checking '/home/zeeshan/ros2_ws/install/simple_planner/lib'
[31.833s] Level 1:colcon.colcon_core.environment:checking '/home/zeeshan/ros2_ws/install/simple_planner/bin'
[31.834s] Level 1:colcon.colcon_core.environment:checking '/home/zeeshan/ros2_ws/install/simple_planner/lib/pkgconfig/simple_planner.pc'
[31.834s] Level 1:colcon.colcon_core.environment:checking '/home/zeeshan/ros2_ws/install/simple_planner/lib/python3.10/site-packages'
[31.834s] Level 1:colcon.colcon_core.environment:checking '/home/zeeshan/ros2_ws/install/simple_planner/bin'
[31.835s] INFO:colcon.colcon_core.shell:Creating package script '/home/zeeshan/ros2_ws/install/simple_planner/share/simple_planner/package.ps1'
[31.836s] INFO:colcon.colcon_core.shell:Creating package descriptor '/home/zeeshan/ros2_ws/install/simple_planner/share/simple_planner/package.dsv'
[31.836s] INFO:colcon.colcon_core.shell:Creating package script '/home/zeeshan/ros2_ws/install/simple_planner/share/simple_planner/package.sh'
[31.837s] INFO:colcon.colcon_core.shell:Creating package script '/home/zeeshan/ros2_ws/install/simple_planner/share/simple_planner/package.bash'
[31.837s] INFO:colcon.colcon_core.shell:Creating package script '/home/zeeshan/ros2_ws/install/simple_planner/share/simple_planner/package.zsh'
[31.838s] Level 1:colcon.colcon_core.environment:create_file_with_runtime_dependencies(/home/zeeshan/ros2_ws/install/simple_planner/share/colcon-core/packages/simple_planner)
[31.891s] Level 1:colcon.colcon_core.environment:create_environment_scripts_only(simple_planner)
[31.892s] Level 1:colcon.colcon_core.environment:checking '/home/zeeshan/ros2_ws/install/simple_planner' for CMake module files
[31.893s] Level 1:colcon.colcon_core.environment:checking '/home/zeeshan/ros2_ws/install/simple_planner' for CMake config files
[31.893s] Level 1:colcon.colcon_core.shell:create_environment_hook('simple_planner', 'cmake_prefix_path')
[31.894s] INFO:colcon.colcon_core.shell:Creating environment hook '/home/zeeshan/ros2_ws/install/simple_planner/share/simple_planner/hook/cmake_prefix_path.ps1'
[31.895s] INFO:colcon.colcon_core.shell:Creating environment descriptor '/home/zeeshan/ros2_ws/install/simple_planner/share/simple_planner/hook/cmake_prefix_path.dsv'
[31.895s] INFO:colcon.colcon_core.shell:Creating environment hook '/home/zeeshan/ros2_ws/install/simple_planner/share/simple_planner/hook/cmake_prefix_path.sh'
[31.896s] Level 1:colcon.colcon_core.environment:checking '/home/zeeshan/ros2_ws/install/simple_planner/lib'
[31.896s] Level 1:colcon.colcon_core.environment:checking '/home/zeeshan/ros2_ws/install/simple_planner/bin'
[31.896s] Level 1:colcon.colcon_core.environment:checking '/home/zeeshan/ros2_ws/install/simple_planner/lib/pkgconfig/simple_planner.pc'
[31.897s] Level 1:colcon.colcon_core.environment:checking '/home/zeeshan/ros2_ws/install/simple_planner/lib/python3.10/site-packages'
[31.897s] Level 1:colcon.colcon_core.environment:checking '/home/zeeshan/ros2_ws/install/simple_planner/bin'
[31.898s] INFO:colcon.colcon_core.shell:Creating package script '/home/zeeshan/ros2_ws/install/simple_planner/share/simple_planner/package.ps1'
[31.898s] INFO:colcon.colcon_core.shell:Creating package descriptor '/home/zeeshan/ros2_ws/install/simple_planner/share/simple_planner/package.dsv'
[31.899s] INFO:colcon.colcon_core.shell:Creating package script '/home/zeeshan/ros2_ws/install/simple_planner/share/simple_planner/package.sh'
[31.900s] INFO:colcon.colcon_core.shell:Creating package script '/home/zeeshan/ros2_ws/install/simple_planner/share/simple_planner/package.bash'
[31.901s] INFO:colcon.colcon_core.shell:Creating package script '/home/zeeshan/ros2_ws/install/simple_planner/share/simple_planner/package.zsh'
[31.901s] Level 1:colcon.colcon_core.environment:create_file_with_runtime_dependencies(/home/zeeshan/ros2_ws/install/simple_planner/share/colcon-core/packages/simple_planner)
[31.902s] DEBUG:colcon.colcon_parallel_executor.executor.parallel:closing loop
[31.903s] DEBUG:colcon.colcon_parallel_executor.executor.parallel:loop closed
[31.903s] DEBUG:colcon.colcon_parallel_executor.executor.parallel:run_until_complete finished with '0'
[31.903s] DEBUG:colcon.colcon_core.event_reactor:joining thread
[31.938s] INFO:colcon.colcon_core.plugin_system:Skipping extension 'colcon_notification.desktop_notification.terminal_notifier': Not used on non-Darwin systems
[31.938s] INFO:colcon.colcon_core.plugin_system:Skipping extension 'colcon_notification.desktop_notification.win32': Not used on non-Windows systems
[31.938s] INFO:colcon.colcon_notification.desktop_notification:Sending desktop notification using 'notify2'
[31.962s] DEBUG:colcon.colcon_core.event_reactor:joined thread
[31.962s] INFO:colcon.colcon_core.shell:Creating prefix script '/home/zeeshan/ros2_ws/install/local_setup.ps1'
[31.964s] INFO:colcon.colcon_core.shell:Creating prefix util module '/home/zeeshan/ros2_ws/install/_local_setup_util_ps1.py'
[31.967s] INFO:colcon.colcon_core.shell:Creating prefix chain script '/home/zeeshan/ros2_ws/install/setup.ps1'
[31.970s] INFO:colcon.colcon_core.shell:Creating prefix script '/home/zeeshan/ros2_ws/install/local_setup.sh'
[31.971s] INFO:colcon.colcon_core.shell:Creating prefix util module '/home/zeeshan/ros2_ws/install/_local_setup_util_sh.py'
[31.972s] INFO:colcon.colcon_core.shell:Creating prefix chain script '/home/zeeshan/ros2_ws/install/setup.sh'
[31.975s] INFO:colcon.colcon_core.shell:Creating prefix script '/home/zeeshan/ros2_ws/install/local_setup.bash'
[31.976s] INFO:colcon.colcon_core.shell:Creating prefix chain script '/home/zeeshan/ros2_ws/install/setup.bash'
[31.979s] INFO:colcon.colcon_core.shell:Creating prefix script '/home/zeeshan/ros2_ws/install/local_setup.zsh'
[31.980s] INFO:colcon.colcon_core.shell:Creating prefix chain script '/home/zeeshan/ros2_ws/install/setup.zsh'
