[0.041s] Invoking command in '/home/zeeshan/ros2_ws/build/my_planner': CMAKE_PREFIX_PATH=${CMAKE_PREFIX_PATH}:/opt/ros/humble /usr/bin/cmake --build /home/zeeshan/ros2_ws/build/my_planner -- -j4 -l4
[0.176s] [100%] Built target planner_node
[0.201s] Invoked command in '/home/zeeshan/ros2_ws/build/my_planner' returned '0': CMAKE_PREFIX_PATH=${CMAKE_PREFIX_PATH}:/opt/ros/humble /usr/bin/cmake --build /home/zeeshan/ros2_ws/build/my_planner -- -j4 -l4
[0.444s] Invoking command in '/home/zeeshan/ros2_ws/build/my_planner': CMAKE_PREFIX_PATH=${CMAKE_PREFIX_PATH}:/opt/ros/humble /usr/bin/cmake --install /home/zeeshan/ros2_ws/build/my_planner
[0.473s] -- Install configuration: "Debug"
[0.476s] -- Execute custom install script
[0.478s] -- Up-to-date symlink: /home/zeeshan/ros2_ws/install/my_planner/lib/my_planner/planner_node
[0.480s] -- Up-to-date symlink: /home/zeeshan/ros2_ws/install/my_planner/share/my_planner/launch/display_launch.py
[0.481s] -- Up-to-date symlink: /home/zeeshan/ros2_ws/install/my_planner/share/my_planner/config/rviz_config.rviz
[0.483s] -- Up-to-date symlink: /home/zeeshan/ros2_ws/install/my_planner/share/ament_index/resource_index/package_run_dependencies/my_planner
[0.484s] -- Up-to-date symlink: /home/zeeshan/ros2_ws/install/my_planner/share/ament_index/resource_index/parent_prefix_path/my_planner
[0.485s] -- Up-to-date symlink: /home/zeeshan/ros2_ws/install/my_planner/share/my_planner/environment/ament_prefix_path.sh
[0.486s] -- Up-to-date symlink: /home/zeeshan/ros2_ws/install/my_planner/share/my_planner/environment/ament_prefix_path.dsv
[0.489s] -- Up-to-date symlink: /home/zeeshan/ros2_ws/install/my_planner/share/my_planner/environment/path.sh
[0.490s] -- Up-to-date symlink: /home/zeeshan/ros2_ws/install/my_planner/share/my_planner/environment/path.dsv
[0.494s] -- Up-to-date symlink: /home/zeeshan/ros2_ws/install/my_planner/share/my_planner/local_setup.bash
[0.504s] -- Up-to-date symlink: /home/zeeshan/ros2_ws/install/my_planner/share/my_planner/local_setup.sh
[0.505s] -- Up-to-date symlink: /home/zeeshan/ros2_ws/install/my_planner/share/my_planner/local_setup.zsh
[0.505s] -- Up-to-date symlink: /home/zeeshan/ros2_ws/install/my_planner/share/my_planner/local_setup.dsv
[0.505s] -- Symlinking: /home/zeeshan/ros2_ws/install/my_planner/share/my_planner/package.dsv
[0.562s] -- Up-to-date symlink: /home/zeeshan/ros2_ws/install/my_planner/share/ament_index/resource_index/packages/my_planner
[0.562s] -- Up-to-date symlink: /home/zeeshan/ros2_ws/install/my_planner/share/my_planner/cmake/my_plannerConfig.cmake
[0.562s] -- Up-to-date symlink: /home/zeeshan/ros2_ws/install/my_planner/share/my_planner/cmake/my_plannerConfig-version.cmake
[0.562s] -- Up-to-date symlink: /home/zeeshan/ros2_ws/install/my_planner/share/my_planner/package.xml
[0.620s] Invoked command in '/home/zeeshan/ros2_ws/build/my_planner' returned '0': CMAKE_PREFIX_PATH=${CMAKE_PREFIX_PATH}:/opt/ros/humble /usr/bin/cmake --install /home/zeeshan/ros2_ws/build/my_planner
