-- Found ament_cmake: 1.3.9 (/opt/ros/humble/share/ament_cmake/cmake)
-- Override CMake install command with custom implementation using symlinks instead of copying resources
-- Found rclcpp: 16.0.9 (/opt/ros/humble/share/rclcpp/cmake)
-- Found rosidl_generator_c: 3.1.5 (/opt/ros/humble/share/rosidl_generator_c/cmake)
-- Found rosidl_adapter: 3.1.5 (/opt/ros/humble/share/rosidl_adapter/cmake)
-- Found rosidl_generator_cpp: 3.1.5 (/opt/ros/humble/share/rosidl_generator_cpp/cmake)
-- Using all available rosidl_typesupport_c: rosidl_typesupport_fastrtps_c;rosidl_typesupport_introspection_c
-- Using all available rosidl_typesupport_cpp: rosidl_typesupport_fastrtps_cpp;rosidl_typesupport_introspection_cpp
-- Found rmw_implementation_cmake: 6.1.2 (/opt/ros/humble/share/rmw_implementation_cmake/cmake)
-- Found rmw_fastrtps_cpp: 6.2.6 (/opt/ros/humble/share/rmw_fastrtps_cpp/cmake)
-- Using RMW implementation 'rmw_fastrtps_cpp' as default
-- Found rclcpp_components: 16.0.9 (/opt/ros/humble/share/rclcpp_components/cmake)
-- Found sensor_msgs: 4.2.4 (/opt/ros/humble/share/sensor_msgs/cmake)
-- Found nav_msgs: 4.2.4 (/opt/ros/humble/share/nav_msgs/cmake)
-- Found tf2_ros: 0.25.7 (/opt/ros/humble/share/tf2_ros/cmake)
-- Found tf2_geometry_msgs: 0.25.7 (/opt/ros/humble/share/tf2_geometry_msgs/cmake)
-- Found eigen3_cmake_module: 0.1.1 (/opt/ros/humble/share/eigen3_cmake_module/cmake)
-- Found Eigen3: TRUE (found version "3.4.0") 
-- Ensuring Eigen3 include directory is part of orocos-kdl CMake target
-- Found std_srvs: 4.2.4 (/opt/ros/humble/share/std_srvs/cmake)
-- Found ament_lint_auto: 0.12.11 (/opt/ros/humble/share/ament_lint_auto/cmake)
-- Added test 'cppcheck' to perform static code analysis on C / C++ code
-- Configured cppcheck include dirs: /home/zeeshan/ros2_ws/src/stage_ros2/./include;$<BUILD_INTERFACE:/home/zeeshan/ros2_ws/src/stage_ros2/include>
-- Configured cppcheck exclude dirs and/or files: 
-- Added test 'flake8' to check Python code syntax and style conventions
-- Added test 'lint_cmake' to check CMake code style
-- Added test 'pep257' to check Python code against some of the docstring style conventions in PEP 257
-- Added test 'uncrustify' to check C / C++ code style
-- Configured uncrustify additional arguments: 
-- Added test 'xmllint' to check XML markup files
-- Configuring done
-- Generating done
-- Build files have been written to: /home/zeeshan/ros2_ws/build/stage_ros2
[ 14%] [32mBuilding CXX object CMakeFiles/stage_node.dir/src/stage_node.cpp.o[0m
[ 42%] [32mBuilding CXX object CMakeFiles/stage_node.dir/src/ranger.cpp.o[0m
[ 42%] [32mBuilding CXX object CMakeFiles/stage_node.dir/src/vehicle.cpp.o[0m
[ 57%] [32mBuilding CXX object CMakeFiles/stage_node.dir/src/camera.cpp.o[0m
[ 71%] [32m[1mLinking CXX shared library libstage_node.so[0m
[ 71%] Built target stage_node
[ 85%] [32mBuilding CXX object CMakeFiles/stage_ros2.dir/src/main.cpp.o[0m
[100%] [32m[1mLinking CXX executable stage_ros2[0m
[100%] Built target stage_ros2
-- Install configuration: ""
-- Execute custom install script
-- Symlinking: /home/zeeshan/ros2_ws/install/stage_ros2/share/stage_ros2/environment/library_path.sh
-- Symlinking: /home/zeeshan/ros2_ws/install/stage_ros2/share/stage_ros2/environment/library_path.dsv
-- Symlinking: /home/zeeshan/ros2_ws/install/stage_ros2/share/stage_ros2//launch/demo.launch.py
-- Symlinking: /home/zeeshan/ros2_ws/install/stage_ros2/share/stage_ros2//launch/f710.launch.py
-- Symlinking: /home/zeeshan/ros2_ws/install/stage_ros2/share/stage_ros2//launch/rviz.launch.py
-- Symlinking: /home/zeeshan/ros2_ws/install/stage_ros2/share/stage_ros2//launch/rviz_ns.launch.py
-- Symlinking: /home/zeeshan/ros2_ws/install/stage_ros2/share/stage_ros2//launch/stage.launch.py
-- Symlinking: /home/zeeshan/ros2_ws/install/stage_ros2/share/stage_ros2//world/bitmaps/cave.png
-- Symlinking: /home/zeeshan/ros2_ws/install/stage_ros2/share/stage_ros2//world/bitmaps/hallway.pgm
-- Symlinking: /home/zeeshan/ros2_ws/install/stage_ros2/share/stage_ros2//world/bitmaps/hallway.png
-- Symlinking: /home/zeeshan/ros2_ws/install/stage_ros2/share/stage_ros2//world/bitmaps/line.png
-- Symlinking: /home/zeeshan/ros2_ws/install/stage_ros2/share/stage_ros2//world/bitmaps/straden.png
-- Symlinking: /home/zeeshan/ros2_ws/install/stage_ros2/share/stage_ros2//world/bitmaps/warehouse008.pgm
-- Symlinking: /home/zeeshan/ros2_ws/install/stage_ros2/share/stage_ros2//world/bitmaps/warehouse032.pgm
-- Symlinking: /home/zeeshan/ros2_ws/install/stage_ros2/share/stage_ros2//world/bitmaps/warehouse200.pgm
-- Symlinking: /home/zeeshan/ros2_ws/install/stage_ros2/share/stage_ros2//world/bitmaps/willow-full.pgm
-- Symlinking: /home/zeeshan/ros2_ws/install/stage_ros2/share/stage_ros2//world/cave.world
-- Symlinking: /home/zeeshan/ros2_ws/install/stage_ros2/share/stage_ros2//world/cave_seven_robots.world
-- Symlinking: /home/zeeshan/ros2_ws/install/stage_ros2/share/stage_ros2//world/cave_three_robots.world
-- Symlinking: /home/zeeshan/ros2_ws/install/stage_ros2/share/stage_ros2//world/hallway.world
-- Symlinking: /home/zeeshan/ros2_ws/install/stage_ros2/share/stage_ros2//world/include/pioneer2dx.inc
-- Symlinking: /home/zeeshan/ros2_ws/install/stage_ros2/share/stage_ros2//world/include/robots.inc
-- Symlinking: /home/zeeshan/ros2_ws/install/stage_ros2/share/stage_ros2//world/lines.world
-- Symlinking: /home/zeeshan/ros2_ws/install/stage_ros2/share/stage_ros2//world/straden.world
-- Symlinking: /home/zeeshan/ros2_ws/install/stage_ros2/share/stage_ros2//world/willow-four-erratics-multisensor.world
-- Symlinking: /home/zeeshan/ros2_ws/install/stage_ros2/share/stage_ros2//config/rviz/cave.rviz
-- Symlinking: /home/zeeshan/ros2_ws/install/stage_ros2/share/stage_ros2//config/rviz/cave_seven_robots.rviz
-- Symlinking: /home/zeeshan/ros2_ws/install/stage_ros2/share/stage_ros2//config/rviz/cave_three_robots.rviz
-- Symlinking: /home/zeeshan/ros2_ws/install/stage_ros2/share/stage_ros2//config/rviz/lines.rviz
-- Symlinking: /home/zeeshan/ros2_ws/install/stage_ros2/share/stage_ros2//config/rviz/robot0.rviz
-- Symlinking: /home/zeeshan/ros2_ws/install/stage_ros2/share/stage_ros2//config/rviz/robot_ns.rviz
-- Symlinking: /home/zeeshan/ros2_ws/install/stage_ros2/share/stage_ros2//config/rviz/robot_ns_depth.rviz
-- Symlinking: /home/zeeshan/ros2_ws/install/stage_ros2/share/stage_ros2//config/teleop_twist_joy/f710.config.yaml
-- Symlinking: /home/zeeshan/ros2_ws/install/stage_ros2/lib/libstage_node.so
-- Symlinking: /home/zeeshan/ros2_ws/install/stage_ros2/lib/stage_ros2/stage_ros2
-- Symlinking: /home/zeeshan/ros2_ws/install/stage_ros2/share/ament_index/resource_index/package_run_dependencies/stage_ros2
-- Symlinking: /home/zeeshan/ros2_ws/install/stage_ros2/share/ament_index/resource_index/parent_prefix_path/stage_ros2
-- Symlinking: /home/zeeshan/ros2_ws/install/stage_ros2/share/stage_ros2/environment/ament_prefix_path.sh
-- Symlinking: /home/zeeshan/ros2_ws/install/stage_ros2/share/stage_ros2/environment/ament_prefix_path.dsv
-- Symlinking: /home/zeeshan/ros2_ws/install/stage_ros2/share/stage_ros2/environment/path.sh
-- Symlinking: /home/zeeshan/ros2_ws/install/stage_ros2/share/stage_ros2/environment/path.dsv
-- Symlinking: /home/zeeshan/ros2_ws/install/stage_ros2/share/stage_ros2/local_setup.bash
-- Symlinking: /home/zeeshan/ros2_ws/install/stage_ros2/share/stage_ros2/local_setup.sh
-- Symlinking: /home/zeeshan/ros2_ws/install/stage_ros2/share/stage_ros2/local_setup.zsh
-- Symlinking: /home/zeeshan/ros2_ws/install/stage_ros2/share/stage_ros2/local_setup.dsv
-- Symlinking: /home/zeeshan/ros2_ws/install/stage_ros2/share/stage_ros2/package.dsv
-- Symlinking: /home/zeeshan/ros2_ws/install/stage_ros2/share/ament_index/resource_index/packages/stage_ros2
-- Symlinking: /home/zeeshan/ros2_ws/install/stage_ros2/share/stage_ros2/cmake/stage_ros2Config.cmake
-- Symlinking: /home/zeeshan/ros2_ws/install/stage_ros2/share/stage_ros2/cmake/stage_ros2Config-version.cmake
-- Symlinking: /home/zeeshan/ros2_ws/install/stage_ros2/share/stage_ros2/package.xml
