[0.015s] Invoking command in '/home/zeeshan/ros2_ws/build/stage_ros2': CMAKE_PREFIX_PATH=/home/zeeshan/ros2_ws/install/Stage:/opt/ros/humble LD_LIBRARY_PATH=/home/zeeshan/ros2_ws/install/Stage/lib:${LD_LIBRARY_PATH} PATH=/home/zeeshan/ros2_ws/install/Stage/bin:${PATH} /usr/bin/cmake /home/zeeshan/ros2_ws/src/stage_ros2 -DOpenGL_GL_PREFERENCE=LEGACY -DAMENT_CMAKE_SYMLINK_INSTALL=1 -DCMAKE_INSTALL_PREFIX=/home/zeeshan/ros2_ws/install/stage_ros2
[0.038s] -- Found ament_cmake: 1.3.9 (/opt/ros/humble/share/ament_cmake/cmake)
[0.272s] -- Override CMake install command with custom implementation using symlinks instead of copying resources
[0.285s] -- Found rclcpp: 16.0.9 (/opt/ros/humble/share/rclcpp/cmake)
[0.340s] -- Found rosidl_generator_c: 3.1.5 (/opt/ros/humble/share/rosidl_generator_c/cmake)
[0.346s] -- Found rosidl_adapter: 3.1.5 (/opt/ros/humble/share/rosidl_adapter/cmake)
[0.358s] -- Found rosidl_generator_cpp: 3.1.5 (/opt/ros/humble/share/rosidl_generator_cpp/cmake)
[0.383s] -- Using all available rosidl_typesupport_c: rosidl_typesupport_fastrtps_c;rosidl_typesupport_introspection_c
[0.421s] -- Using all available rosidl_typesupport_cpp: rosidl_typesupport_fastrtps_cpp;rosidl_typesupport_introspection_cpp
[0.558s] -- Found rmw_implementation_cmake: 6.1.2 (/opt/ros/humble/share/rmw_implementation_cmake/cmake)
[0.561s] -- Found rmw_fastrtps_cpp: 6.2.6 (/opt/ros/humble/share/rmw_fastrtps_cpp/cmake)
[0.784s] -- Using RMW implementation 'rmw_fastrtps_cpp' as default
[1.166s] -- Found rclcpp_components: 16.0.9 (/opt/ros/humble/share/rclcpp_components/cmake)
[1.310s] -- Found sensor_msgs: 4.2.4 (/opt/ros/humble/share/sensor_msgs/cmake)
[1.632s] -- Found nav_msgs: 4.2.4 (/opt/ros/humble/share/nav_msgs/cmake)
[1.972s] -- Found tf2_ros: 0.25.7 (/opt/ros/humble/share/tf2_ros/cmake)
[2.662s] -- Found tf2_geometry_msgs: 0.25.7 (/opt/ros/humble/share/tf2_geometry_msgs/cmake)
[2.692s] -- Found eigen3_cmake_module: 0.1.1 (/opt/ros/humble/share/eigen3_cmake_module/cmake)
[2.696s] -- Found Eigen3: TRUE (found version "3.4.0") 
[2.697s] -- Ensuring Eigen3 include directory is part of orocos-kdl CMake target
[2.736s] -- Found std_srvs: 4.2.4 (/opt/ros/humble/share/std_srvs/cmake)
[2.805s] -- Found ament_lint_auto: 0.12.11 (/opt/ros/humble/share/ament_lint_auto/cmake)
[3.012s] -- Added test 'cppcheck' to perform static code analysis on C / C++ code
[3.012s] -- Configured cppcheck include dirs: /home/zeeshan/ros2_ws/src/stage_ros2/./include;$<BUILD_INTERFACE:/home/zeeshan/ros2_ws/src/stage_ros2/include>
[3.012s] -- Configured cppcheck exclude dirs and/or files: 
[3.015s] -- Added test 'flake8' to check Python code syntax and style conventions
[3.019s] -- Added test 'lint_cmake' to check CMake code style
[3.022s] -- Added test 'pep257' to check Python code against some of the docstring style conventions in PEP 257
[3.034s] -- Added test 'uncrustify' to check C / C++ code style
[3.034s] -- Configured uncrustify additional arguments: 
[3.037s] -- Added test 'xmllint' to check XML markup files
[3.040s] -- Configuring done
[3.082s] -- Generating done
[3.086s] -- Build files have been written to: /home/zeeshan/ros2_ws/build/stage_ros2
[3.104s] Invoked command in '/home/zeeshan/ros2_ws/build/stage_ros2' returned '0': CMAKE_PREFIX_PATH=/home/zeeshan/ros2_ws/install/Stage:/opt/ros/humble LD_LIBRARY_PATH=/home/zeeshan/ros2_ws/install/Stage/lib:${LD_LIBRARY_PATH} PATH=/home/zeeshan/ros2_ws/install/Stage/bin:${PATH} /usr/bin/cmake /home/zeeshan/ros2_ws/src/stage_ros2 -DOpenGL_GL_PREFERENCE=LEGACY -DAMENT_CMAKE_SYMLINK_INSTALL=1 -DCMAKE_INSTALL_PREFIX=/home/zeeshan/ros2_ws/install/stage_ros2
[3.106s] Invoking command in '/home/zeeshan/ros2_ws/build/stage_ros2': CMAKE_PREFIX_PATH=/home/zeeshan/ros2_ws/install/Stage:/opt/ros/humble LD_LIBRARY_PATH=/home/zeeshan/ros2_ws/install/Stage/lib:${LD_LIBRARY_PATH} PATH=/home/zeeshan/ros2_ws/install/Stage/bin:${PATH} /usr/bin/cmake --build /home/zeeshan/ros2_ws/build/stage_ros2 -- -j4 -l4
[3.206s] [ 14%] [32mBuilding CXX object CMakeFiles/stage_node.dir/src/stage_node.cpp.o[0m
[17.448s] [ 42%] [32mBuilding CXX object CMakeFiles/stage_node.dir/src/ranger.cpp.o[0m
[17.448s] [ 42%] [32mBuilding CXX object CMakeFiles/stage_node.dir/src/vehicle.cpp.o[0m
[17.449s] [ 57%] [32mBuilding CXX object CMakeFiles/stage_node.dir/src/camera.cpp.o[0m
[41.372s] [ 71%] [32m[1mLinking CXX shared library libstage_node.so[0m
[44.094s] [ 71%] Built target stage_node
[44.133s] [ 85%] [32mBuilding CXX object CMakeFiles/stage_ros2.dir/src/main.cpp.o[0m
[52.170s] [100%] [32m[1mLinking CXX executable stage_ros2[0m
[53.927s] [100%] Built target stage_ros2
[53.948s] Invoked command in '/home/zeeshan/ros2_ws/build/stage_ros2' returned '0': CMAKE_PREFIX_PATH=/home/zeeshan/ros2_ws/install/Stage:/opt/ros/humble LD_LIBRARY_PATH=/home/zeeshan/ros2_ws/install/Stage/lib:${LD_LIBRARY_PATH} PATH=/home/zeeshan/ros2_ws/install/Stage/bin:${PATH} /usr/bin/cmake --build /home/zeeshan/ros2_ws/build/stage_ros2 -- -j4 -l4
[54.006s] Invoking command in '/home/zeeshan/ros2_ws/build/stage_ros2': CMAKE_PREFIX_PATH=/home/zeeshan/ros2_ws/install/Stage:/opt/ros/humble LD_LIBRARY_PATH=/home/zeeshan/ros2_ws/install/Stage/lib:${LD_LIBRARY_PATH} PATH=/home/zeeshan/ros2_ws/install/Stage/bin:${PATH} /usr/bin/cmake --install /home/zeeshan/ros2_ws/build/stage_ros2
[54.020s] -- Install configuration: ""
[54.020s] -- Execute custom install script
[54.021s] -- Symlinking: /home/zeeshan/ros2_ws/install/stage_ros2/share/stage_ros2/environment/library_path.sh
[54.039s] -- Symlinking: /home/zeeshan/ros2_ws/install/stage_ros2/share/stage_ros2/environment/library_path.dsv
[54.056s] -- Symlinking: /home/zeeshan/ros2_ws/install/stage_ros2/share/stage_ros2//launch/demo.launch.py
[54.073s] -- Symlinking: /home/zeeshan/ros2_ws/install/stage_ros2/share/stage_ros2//launch/f710.launch.py
[54.090s] -- Symlinking: /home/zeeshan/ros2_ws/install/stage_ros2/share/stage_ros2//launch/rviz.launch.py
[54.107s] -- Symlinking: /home/zeeshan/ros2_ws/install/stage_ros2/share/stage_ros2//launch/rviz_ns.launch.py
[54.125s] -- Symlinking: /home/zeeshan/ros2_ws/install/stage_ros2/share/stage_ros2//launch/stage.launch.py
[54.143s] -- Symlinking: /home/zeeshan/ros2_ws/install/stage_ros2/share/stage_ros2//world/bitmaps/cave.png
[54.160s] -- Symlinking: /home/zeeshan/ros2_ws/install/stage_ros2/share/stage_ros2//world/bitmaps/hallway.pgm
[54.177s] -- Symlinking: /home/zeeshan/ros2_ws/install/stage_ros2/share/stage_ros2//world/bitmaps/hallway.png
[54.194s] -- Symlinking: /home/zeeshan/ros2_ws/install/stage_ros2/share/stage_ros2//world/bitmaps/line.png
[54.211s] -- Symlinking: /home/zeeshan/ros2_ws/install/stage_ros2/share/stage_ros2//world/bitmaps/straden.png
[54.229s] -- Symlinking: /home/zeeshan/ros2_ws/install/stage_ros2/share/stage_ros2//world/bitmaps/warehouse008.pgm
[54.247s] -- Symlinking: /home/zeeshan/ros2_ws/install/stage_ros2/share/stage_ros2//world/bitmaps/warehouse032.pgm
[54.264s] -- Symlinking: /home/zeeshan/ros2_ws/install/stage_ros2/share/stage_ros2//world/bitmaps/warehouse200.pgm
[54.282s] -- Symlinking: /home/zeeshan/ros2_ws/install/stage_ros2/share/stage_ros2//world/bitmaps/willow-full.pgm
[54.301s] -- Symlinking: /home/zeeshan/ros2_ws/install/stage_ros2/share/stage_ros2//world/cave.world
[54.318s] -- Symlinking: /home/zeeshan/ros2_ws/install/stage_ros2/share/stage_ros2//world/cave_seven_robots.world
[54.335s] -- Symlinking: /home/zeeshan/ros2_ws/install/stage_ros2/share/stage_ros2//world/cave_three_robots.world
[54.352s] -- Symlinking: /home/zeeshan/ros2_ws/install/stage_ros2/share/stage_ros2//world/hallway.world
[54.369s] -- Symlinking: /home/zeeshan/ros2_ws/install/stage_ros2/share/stage_ros2//world/include/pioneer2dx.inc
[54.386s] -- Symlinking: /home/zeeshan/ros2_ws/install/stage_ros2/share/stage_ros2//world/include/robots.inc
[54.404s] -- Symlinking: /home/zeeshan/ros2_ws/install/stage_ros2/share/stage_ros2//world/lines.world
[54.421s] -- Symlinking: /home/zeeshan/ros2_ws/install/stage_ros2/share/stage_ros2//world/straden.world
[54.439s] -- Symlinking: /home/zeeshan/ros2_ws/install/stage_ros2/share/stage_ros2//world/willow-four-erratics-multisensor.world
[54.456s] -- Symlinking: /home/zeeshan/ros2_ws/install/stage_ros2/share/stage_ros2//config/rviz/cave.rviz
[54.473s] -- Symlinking: /home/zeeshan/ros2_ws/install/stage_ros2/share/stage_ros2//config/rviz/cave_seven_robots.rviz
[54.490s] -- Symlinking: /home/zeeshan/ros2_ws/install/stage_ros2/share/stage_ros2//config/rviz/cave_three_robots.rviz
[54.508s] -- Symlinking: /home/zeeshan/ros2_ws/install/stage_ros2/share/stage_ros2//config/rviz/lines.rviz
[54.525s] -- Symlinking: /home/zeeshan/ros2_ws/install/stage_ros2/share/stage_ros2//config/rviz/robot0.rviz
[54.543s] -- Symlinking: /home/zeeshan/ros2_ws/install/stage_ros2/share/stage_ros2//config/rviz/robot_ns.rviz
[54.560s] -- Symlinking: /home/zeeshan/ros2_ws/install/stage_ros2/share/stage_ros2//config/rviz/robot_ns_depth.rviz
[54.579s] -- Symlinking: /home/zeeshan/ros2_ws/install/stage_ros2/share/stage_ros2//config/teleop_twist_joy/f710.config.yaml
[54.598s] -- Symlinking: /home/zeeshan/ros2_ws/install/stage_ros2/lib/libstage_node.so
[54.617s] -- Symlinking: /home/zeeshan/ros2_ws/install/stage_ros2/lib/stage_ros2/stage_ros2
[54.636s] -- Symlinking: /home/zeeshan/ros2_ws/install/stage_ros2/share/ament_index/resource_index/package_run_dependencies/stage_ros2
[54.655s] -- Symlinking: /home/zeeshan/ros2_ws/install/stage_ros2/share/ament_index/resource_index/parent_prefix_path/stage_ros2
[54.673s] -- Symlinking: /home/zeeshan/ros2_ws/install/stage_ros2/share/stage_ros2/environment/ament_prefix_path.sh
[54.691s] -- Symlinking: /home/zeeshan/ros2_ws/install/stage_ros2/share/stage_ros2/environment/ament_prefix_path.dsv
[54.710s] -- Symlinking: /home/zeeshan/ros2_ws/install/stage_ros2/share/stage_ros2/environment/path.sh
[54.728s] -- Symlinking: /home/zeeshan/ros2_ws/install/stage_ros2/share/stage_ros2/environment/path.dsv
[54.749s] -- Symlinking: /home/zeeshan/ros2_ws/install/stage_ros2/share/stage_ros2/local_setup.bash
[54.768s] -- Symlinking: /home/zeeshan/ros2_ws/install/stage_ros2/share/stage_ros2/local_setup.sh
[54.787s] -- Symlinking: /home/zeeshan/ros2_ws/install/stage_ros2/share/stage_ros2/local_setup.zsh
[54.806s] -- Symlinking: /home/zeeshan/ros2_ws/install/stage_ros2/share/stage_ros2/local_setup.dsv
[54.825s] -- Symlinking: /home/zeeshan/ros2_ws/install/stage_ros2/share/stage_ros2/package.dsv
[54.844s] -- Symlinking: /home/zeeshan/ros2_ws/install/stage_ros2/share/ament_index/resource_index/packages/stage_ros2
[54.863s] -- Symlinking: /home/zeeshan/ros2_ws/install/stage_ros2/share/stage_ros2/cmake/stage_ros2Config.cmake
[54.882s] -- Symlinking: /home/zeeshan/ros2_ws/install/stage_ros2/share/stage_ros2/cmake/stage_ros2Config-version.cmake
[54.901s] -- Symlinking: /home/zeeshan/ros2_ws/install/stage_ros2/share/stage_ros2/package.xml
[54.923s] Invoked command in '/home/zeeshan/ros2_ws/build/stage_ros2' returned '0': CMAKE_PREFIX_PATH=/home/zeeshan/ros2_ws/install/Stage:/opt/ros/humble LD_LIBRARY_PATH=/home/zeeshan/ros2_ws/install/Stage/lib:${LD_LIBRARY_PATH} PATH=/home/zeeshan/ros2_ws/install/Stage/bin:${PATH} /usr/bin/cmake --install /home/zeeshan/ros2_ws/build/stage_ros2
