[0.074s] Invoking command in '/home/zeeshan/ros2_ws/build/stage_ros2': CMAKE_PREFIX_PATH=/home/zeeshan/ros2_ws/install/Stage:/home/zeeshan/ros2_ws/install/worlds:/home/zeeshan/ros2_ws/install/stage_ros2:/home/zeeshan/ros2_ws/install/simple_planner:/home/zeeshan/ros2_ws/install/planner:/home/zeeshan/ros2_ws/install/my_planner:/home/zeeshan/ros2_ws/install/configuration:/opt/ros/humble LD_LIBRARY_PATH=/home/zeeshan/ros2_ws/install/Stage/lib:/home/zeeshan/ros2_ws/install/stage_ros2/lib:/opt/ros/humble/opt/rviz_ogre_vendor/lib:/opt/ros/humble/lib/x86_64-linux-gnu:/opt/ros/humble/lib /usr/bin/cmake --build /home/zeeshan/ros2_ws/build/stage_ros2 -- -j4 -l4
[0.311s] [ 71%] Built target stage_node
[0.399s] [100%] Built target stage_ros2
[0.452s] Invoked command in '/home/zeeshan/ros2_ws/build/stage_ros2' returned '0': CMAKE_PREFIX_PATH=/home/zeeshan/ros2_ws/install/Stage:/home/zeeshan/ros2_ws/install/worlds:/home/zeeshan/ros2_ws/install/stage_ros2:/home/zeeshan/ros2_ws/install/simple_planner:/home/zeeshan/ros2_ws/install/planner:/home/zeeshan/ros2_ws/install/my_planner:/home/zeeshan/ros2_ws/install/configuration:/opt/ros/humble LD_LIBRARY_PATH=/home/zeeshan/ros2_ws/install/Stage/lib:/home/zeeshan/ros2_ws/install/stage_ros2/lib:/opt/ros/humble/opt/rviz_ogre_vendor/lib:/opt/ros/humble/lib/x86_64-linux-gnu:/opt/ros/humble/lib /usr/bin/cmake --build /home/zeeshan/ros2_ws/build/stage_ros2 -- -j4 -l4
[0.566s] Invoking command in '/home/zeeshan/ros2_ws/build/stage_ros2': CMAKE_PREFIX_PATH=/home/zeeshan/ros2_ws/install/Stage:/home/zeeshan/ros2_ws/install/worlds:/home/zeeshan/ros2_ws/install/stage_ros2:/home/zeeshan/ros2_ws/install/simple_planner:/home/zeeshan/ros2_ws/install/planner:/home/zeeshan/ros2_ws/install/my_planner:/home/zeeshan/ros2_ws/install/configuration:/opt/ros/humble LD_LIBRARY_PATH=/home/zeeshan/ros2_ws/install/Stage/lib:/home/zeeshan/ros2_ws/install/stage_ros2/lib:/opt/ros/humble/opt/rviz_ogre_vendor/lib:/opt/ros/humble/lib/x86_64-linux-gnu:/opt/ros/humble/lib /usr/bin/cmake --install /home/zeeshan/ros2_ws/build/stage_ros2
[0.586s] -- Install configuration: ""
[0.589s] -- Execute custom install script
[0.591s] -- Up-to-date symlink: /home/zeeshan/ros2_ws/install/stage_ros2/share/stage_ros2/environment/library_path.sh
[0.593s] -- Up-to-date symlink: /home/zeeshan/ros2_ws/install/stage_ros2/share/stage_ros2/environment/library_path.dsv
[0.595s] -- Up-to-date symlink: /home/zeeshan/ros2_ws/install/stage_ros2/share/stage_ros2//launch/demo.launch.py
[0.597s] -- Up-to-date symlink: /home/zeeshan/ros2_ws/install/stage_ros2/share/stage_ros2//launch/f710.launch.py
[0.599s] -- Up-to-date symlink: /home/zeeshan/ros2_ws/install/stage_ros2/share/stage_ros2//launch/rviz.launch.py
[0.601s] -- Up-to-date symlink: /home/zeeshan/ros2_ws/install/stage_ros2/share/stage_ros2//launch/rviz_ns.launch.py
[0.603s] -- Up-to-date symlink: /home/zeeshan/ros2_ws/install/stage_ros2/share/stage_ros2//launch/stage.launch.py
[0.606s] -- Up-to-date symlink: /home/zeeshan/ros2_ws/install/stage_ros2/share/stage_ros2//world/bitmaps/cave.png
[0.607s] -- Up-to-date symlink: /home/zeeshan/ros2_ws/install/stage_ros2/share/stage_ros2//world/bitmaps/hallway.pgm
[0.609s] -- Up-to-date symlink: /home/zeeshan/ros2_ws/install/stage_ros2/share/stage_ros2//world/bitmaps/hallway.png
[0.611s] -- Up-to-date symlink: /home/zeeshan/ros2_ws/install/stage_ros2/share/stage_ros2//world/bitmaps/line.png
[0.612s] -- Up-to-date symlink: /home/zeeshan/ros2_ws/install/stage_ros2/share/stage_ros2//world/bitmaps/straden.png
[0.614s] -- Up-to-date symlink: /home/zeeshan/ros2_ws/install/stage_ros2/share/stage_ros2//world/bitmaps/warehouse008.pgm
[0.616s] -- Up-to-date symlink: /home/zeeshan/ros2_ws/install/stage_ros2/share/stage_ros2//world/bitmaps/warehouse032.pgm
[0.617s] -- Up-to-date symlink: /home/zeeshan/ros2_ws/install/stage_ros2/share/stage_ros2//world/bitmaps/warehouse200.pgm
[0.617s] -- Up-to-date symlink: /home/zeeshan/ros2_ws/install/stage_ros2/share/stage_ros2//world/bitmaps/willow-full.pgm
[0.618s] -- Up-to-date symlink: /home/zeeshan/ros2_ws/install/stage_ros2/share/stage_ros2//world/cave.world
[0.618s] -- Up-to-date symlink: /home/zeeshan/ros2_ws/install/stage_ros2/share/stage_ros2//world/cave_seven_robots.world
[0.619s] -- Up-to-date symlink: /home/zeeshan/ros2_ws/install/stage_ros2/share/stage_ros2//world/cave_three_robots.world
[0.620s] -- Up-to-date symlink: /home/zeeshan/ros2_ws/install/stage_ros2/share/stage_ros2//world/hallway.world
[0.620s] -- Up-to-date symlink: /home/zeeshan/ros2_ws/install/stage_ros2/share/stage_ros2//world/include/pioneer2dx.inc
[0.621s] -- Up-to-date symlink: /home/zeeshan/ros2_ws/install/stage_ros2/share/stage_ros2//world/include/robots.inc
[0.621s] -- Up-to-date symlink: /home/zeeshan/ros2_ws/install/stage_ros2/share/stage_ros2//world/lines.world
[0.622s] -- Up-to-date symlink: /home/zeeshan/ros2_ws/install/stage_ros2/share/stage_ros2//world/straden.world
[0.622s] -- Up-to-date symlink: /home/zeeshan/ros2_ws/install/stage_ros2/share/stage_ros2//world/willow-four-erratics-multisensor.world
[0.624s] -- Up-to-date symlink: /home/zeeshan/ros2_ws/install/stage_ros2/share/stage_ros2//config/rviz/cave.rviz
[0.624s] -- Up-to-date symlink: /home/zeeshan/ros2_ws/install/stage_ros2/share/stage_ros2//config/rviz/cave_seven_robots.rviz
[0.625s] -- Up-to-date symlink: /home/zeeshan/ros2_ws/install/stage_ros2/share/stage_ros2//config/rviz/cave_three_robots.rviz
[0.626s] -- Up-to-date symlink: /home/zeeshan/ros2_ws/install/stage_ros2/share/stage_ros2//config/rviz/lines.rviz
[0.626s] -- Up-to-date symlink: /home/zeeshan/ros2_ws/install/stage_ros2/share/stage_ros2//config/rviz/robot0.rviz
[0.627s] -- Up-to-date symlink: /home/zeeshan/ros2_ws/install/stage_ros2/share/stage_ros2//config/rviz/robot_ns.rviz
[0.627s] -- Up-to-date symlink: /home/zeeshan/ros2_ws/install/stage_ros2/share/stage_ros2//config/rviz/robot_ns_depth.rviz
[0.628s] -- Up-to-date symlink: /home/zeeshan/ros2_ws/install/stage_ros2/share/stage_ros2//config/teleop_twist_joy/f710.config.yaml
[0.629s] -- Up-to-date symlink: /home/zeeshan/ros2_ws/install/stage_ros2/lib/libstage_node.so
[0.630s] -- Up-to-date symlink: /home/zeeshan/ros2_ws/install/stage_ros2/lib/stage_ros2/stage_ros2
[0.630s] -- Up-to-date symlink: /home/zeeshan/ros2_ws/install/stage_ros2/share/ament_index/resource_index/package_run_dependencies/stage_ros2
[0.631s] -- Up-to-date symlink: /home/zeeshan/ros2_ws/install/stage_ros2/share/ament_index/resource_index/parent_prefix_path/stage_ros2
[0.632s] -- Up-to-date symlink: /home/zeeshan/ros2_ws/install/stage_ros2/share/stage_ros2/environment/ament_prefix_path.sh
[0.633s] -- Up-to-date symlink: /home/zeeshan/ros2_ws/install/stage_ros2/share/stage_ros2/environment/ament_prefix_path.dsv
[0.634s] -- Up-to-date symlink: /home/zeeshan/ros2_ws/install/stage_ros2/share/stage_ros2/environment/path.sh
[0.635s] -- Up-to-date symlink: /home/zeeshan/ros2_ws/install/stage_ros2/share/stage_ros2/environment/path.dsv
[0.635s] -- Up-to-date symlink: /home/zeeshan/ros2_ws/install/stage_ros2/share/stage_ros2/local_setup.bash
[0.636s] -- Up-to-date symlink: /home/zeeshan/ros2_ws/install/stage_ros2/share/stage_ros2/local_setup.sh
[0.637s] -- Up-to-date symlink: /home/zeeshan/ros2_ws/install/stage_ros2/share/stage_ros2/local_setup.zsh
[0.638s] -- Up-to-date symlink: /home/zeeshan/ros2_ws/install/stage_ros2/share/stage_ros2/local_setup.dsv
[0.639s] -- Symlinking: /home/zeeshan/ros2_ws/install/stage_ros2/share/stage_ros2/package.dsv
[0.667s] -- Up-to-date symlink: /home/zeeshan/ros2_ws/install/stage_ros2/share/ament_index/resource_index/packages/stage_ros2
[0.667s] -- Up-to-date symlink: /home/zeeshan/ros2_ws/install/stage_ros2/share/stage_ros2/cmake/stage_ros2Config.cmake
[0.667s] -- Up-to-date symlink: /home/zeeshan/ros2_ws/install/stage_ros2/share/stage_ros2/cmake/stage_ros2Config-version.cmake
[0.667s] -- Up-to-date symlink: /home/zeeshan/ros2_ws/install/stage_ros2/share/stage_ros2/package.xml
[0.669s] Invoked command in '/home/zeeshan/ros2_ws/build/stage_ros2' returned '0': CMAKE_PREFIX_PATH=/home/zeeshan/ros2_ws/install/Stage:/home/zeeshan/ros2_ws/install/worlds:/home/zeeshan/ros2_ws/install/stage_ros2:/home/zeeshan/ros2_ws/install/simple_planner:/home/zeeshan/ros2_ws/install/planner:/home/zeeshan/ros2_ws/install/my_planner:/home/zeeshan/ros2_ws/install/configuration:/opt/ros/humble LD_LIBRARY_PATH=/home/zeeshan/ros2_ws/install/Stage/lib:/home/zeeshan/ros2_ws/install/stage_ros2/lib:/opt/ros/humble/opt/rviz_ogre_vendor/lib:/opt/ros/humble/lib/x86_64-linux-gnu:/opt/ros/humble/lib /usr/bin/cmake --install /home/zeeshan/ros2_ws/build/stage_ros2
