-- Found ament_cmake: 1.3.9 (/opt/ros/humble/share/ament_cmake/cmake)
-- Found ament_lint_auto: 0.12.11 (/opt/ros/humble/share/ament_lint_auto/cmake)
-- Added test 'lint_cmake' to check CMake code style
-- Added test 'xmllint' to check XML markup files
-- Configuring done
-- Generating done
-- Build files have been written to: /home/zeeshan/ros2_ws/build/configuration
-- Install configuration: ""
-- Up-to-date: /home/zeeshan/ros2_ws/install/configuration/share/ament_index/resource_index/package_run_dependencies/configuration
-- Installing: /home/zeeshan/ros2_ws/install/configuration/share/ament_index/resource_index/parent_prefix_path/configuration
-- Up-to-date: /home/zeeshan/ros2_ws/install/configuration/share/configuration/environment/ament_prefix_path.sh
-- Installing: /home/zeeshan/ros2_ws/install/configuration/share/configuration/environment/ament_prefix_path.dsv
-- Up-to-date: /home/zeeshan/ros2_ws/install/configuration/share/configuration/environment/path.sh
-- Installing: /home/zeeshan/ros2_ws/install/configuration/share/configuration/environment/path.dsv
-- Up-to-date: /home/zeeshan/ros2_ws/install/configuration/share/configuration/local_setup.bash
-- Up-to-date: /home/zeeshan/ros2_ws/install/configuration/share/configuration/local_setup.sh
-- Up-to-date: /home/zeeshan/ros2_ws/install/configuration/share/configuration/local_setup.zsh
-- Installing: /home/zeeshan/ros2_ws/install/configuration/share/configuration/local_setup.dsv
-- Installing: /home/zeeshan/ros2_ws/install/configuration/share/configuration/package.dsv
-- Up-to-date: /home/zeeshan/ros2_ws/install/configuration/share/ament_index/resource_index/packages/configuration
-- Up-to-date: /home/zeeshan/ros2_ws/install/configuration/share/configuration/cmake/configurationConfig.cmake
-- Up-to-date: /home/zeeshan/ros2_ws/install/configuration/share/configuration/cmake/configurationConfig-version.cmake
-- Installing: /home/zeeshan/ros2_ws/install/configuration/share/configuration/package.xml
