[0.020s] Invoking command in '/home/zeeshan/ros2_ws/build/my_planner': CMAKE_PREFIX_PATH=/opt/ros/humble /usr/bin/cmake /home/zeeshan/ros2_ws/src/my_planner -DCMAKE_INSTALL_PREFIX=/home/zeeshan/ros2_ws/install/my_planner
[0.287s] -- The C compiler identification is GNU 11.4.0
[0.468s] -- The CXX compiler identification is GNU 11.4.0
[0.484s] -- Detecting C compiler ABI info
[0.618s] -- Detecting C compiler ABI info - done
[0.634s] -- Check for working C compiler: /usr/bin/cc - skipped
[0.635s] -- Detecting C compile features
[0.636s] -- Detecting C compile features - done
[0.643s] -- Detecting CXX compiler ABI info
[0.792s] -- Detecting CXX compiler ABI info - done
[0.809s] -- Check for working CXX compiler: /usr/bin/c++ - skipped
[0.809s] -- Detecting CXX compile features
[0.810s] -- Detecting CXX compile features - done
[0.819s] -- Found ament_cmake: 1.3.9 (/opt/ros/humble/share/ament_cmake/cmake)
[1.678s] -- Found Python3: /usr/bin/python3 (found version "3.10.12") found components: Interpreter 
[1.857s] -- Found rclcpp: 16.0.9 (/opt/ros/humble/share/rclcpp/cmake)
[1.950s] -- Found rosidl_generator_c: 3.1.5 (/opt/ros/humble/share/rosidl_generator_c/cmake)
[1.960s] -- Found rosidl_adapter: 3.1.5 (/opt/ros/humble/share/rosidl_adapter/cmake)
[1.980s] -- Found rosidl_generator_cpp: 3.1.5 (/opt/ros/humble/share/rosidl_generator_cpp/cmake)
[2.013s] -- Using all available rosidl_typesupport_c: rosidl_typesupport_fastrtps_c;rosidl_typesupport_introspection_c
[2.059s] -- Using all available rosidl_typesupport_cpp: rosidl_typesupport_fastrtps_cpp;rosidl_typesupport_introspection_cpp
[2.224s] -- Found rmw_implementation_cmake: 6.1.2 (/opt/ros/humble/share/rmw_implementation_cmake/cmake)
[2.230s] -- Found rmw_fastrtps_cpp: 6.2.6 (/opt/ros/humble/share/rmw_fastrtps_cpp/cmake)
[2.427s] -- Found OpenSSL: /usr/lib/x86_64-linux-gnu/libcrypto.so (found version "3.0.2")  
[2.473s] -- Found FastRTPS: /opt/ros/humble/include  
[2.559s] -- Using RMW implementation 'rmw_fastrtps_cpp' as default
[2.581s] -- Looking for pthread.h
[2.727s] -- Looking for pthread.h - found
[2.728s] -- Performing Test CMAKE_HAVE_LIBC_PTHREAD
[2.867s] -- Performing Test CMAKE_HAVE_LIBC_PTHREAD - Success
[2.869s] -- Found Threads: TRUE  
[3.267s] -- Found visualization_msgs: 4.2.4 (/opt/ros/humble/share/visualization_msgs/cmake)
[3.953s] -- Found nav_msgs: 4.2.4 (/opt/ros/humble/share/nav_msgs/cmake)
[4.170s] -- Found tf2_ros: 0.25.7 (/opt/ros/humble/share/tf2_ros/cmake)
[5.047s] -- Found tf2_geometry_msgs: 0.25.7 (/opt/ros/humble/share/tf2_geometry_msgs/cmake)
[5.077s] -- Found eigen3_cmake_module: 0.1.1 (/opt/ros/humble/share/eigen3_cmake_module/cmake)
[5.079s] -- Found Eigen3: TRUE (found version "3.4.0") 
[5.080s] -- Ensuring Eigen3 include directory is part of orocos-kdl CMake target
[5.234s] -- Configuring done
[5.267s] -- Generating done
[5.271s] -- Build files have been written to: /home/zeeshan/ros2_ws/build/my_planner
[5.289s] Invoked command in '/home/zeeshan/ros2_ws/build/my_planner' returned '0': CMAKE_PREFIX_PATH=/opt/ros/humble /usr/bin/cmake /home/zeeshan/ros2_ws/src/my_planner -DCMAKE_INSTALL_PREFIX=/home/zeeshan/ros2_ws/install/my_planner
[5.293s] Invoking command in '/home/zeeshan/ros2_ws/build/my_planner': CMAKE_PREFIX_PATH=/opt/ros/humble /usr/bin/cmake --build /home/zeeshan/ros2_ws/build/my_planner -- -j4 -l4
[5.376s] [35m[1mConsolidate compiler generated dependencies of target planner_node[0m
[5.453s] [ 20%] [32mBuilding CXX object CMakeFiles/planner_node.dir/src/planner_node.cpp.o[0m
[29.932s] [ 40%] [32m[1mLinking CXX executable planner_node[0m
[32.412s] [100%] Built target planner_node
[32.433s] Invoked command in '/home/zeeshan/ros2_ws/build/my_planner' returned '0': CMAKE_PREFIX_PATH=/opt/ros/humble /usr/bin/cmake --build /home/zeeshan/ros2_ws/build/my_planner -- -j4 -l4
[32.502s] Invoking command in '/home/zeeshan/ros2_ws/build/my_planner': CMAKE_PREFIX_PATH=/opt/ros/humble /usr/bin/cmake --install /home/zeeshan/ros2_ws/build/my_planner
[32.517s] -- Install configuration: ""
[32.518s] -- Installing: /home/zeeshan/ros2_ws/install/my_planner/lib/my_planner/planner_node
[32.537s] -- Set runtime path of "/home/zeeshan/ros2_ws/install/my_planner/lib/my_planner/planner_node" to ""
[32.537s] -- Up-to-date: /home/zeeshan/ros2_ws/install/my_planner/share/my_planner/launch
[32.537s] -- Installing: /home/zeeshan/ros2_ws/install/my_planner/share/my_planner/launch/display_launch.py
[32.537s] -- Up-to-date: /home/zeeshan/ros2_ws/install/my_planner/share/my_planner/config
[32.537s] -- Up-to-date: /home/zeeshan/ros2_ws/install/my_planner/share/my_planner/config/rviz_config.rviz
[32.538s] -- Up-to-date: /home/zeeshan/ros2_ws/install/my_planner/share/ament_index/resource_index/package_run_dependencies/my_planner
[32.538s] -- Installing: /home/zeeshan/ros2_ws/install/my_planner/share/ament_index/resource_index/parent_prefix_path/my_planner
[32.538s] -- Up-to-date: /home/zeeshan/ros2_ws/install/my_planner/share/my_planner/environment/ament_prefix_path.sh
[32.538s] -- Installing: /home/zeeshan/ros2_ws/install/my_planner/share/my_planner/environment/ament_prefix_path.dsv
[32.538s] -- Up-to-date: /home/zeeshan/ros2_ws/install/my_planner/share/my_planner/environment/path.sh
[32.539s] -- Installing: /home/zeeshan/ros2_ws/install/my_planner/share/my_planner/environment/path.dsv
[32.539s] -- Up-to-date: /home/zeeshan/ros2_ws/install/my_planner/share/my_planner/local_setup.bash
[32.539s] -- Up-to-date: /home/zeeshan/ros2_ws/install/my_planner/share/my_planner/local_setup.sh
[32.539s] -- Up-to-date: /home/zeeshan/ros2_ws/install/my_planner/share/my_planner/local_setup.zsh
[32.539s] -- Installing: /home/zeeshan/ros2_ws/install/my_planner/share/my_planner/local_setup.dsv
[32.540s] -- Installing: /home/zeeshan/ros2_ws/install/my_planner/share/my_planner/package.dsv
[32.540s] -- Up-to-date: /home/zeeshan/ros2_ws/install/my_planner/share/ament_index/resource_index/packages/my_planner
[32.540s] -- Up-to-date: /home/zeeshan/ros2_ws/install/my_planner/share/my_planner/cmake/my_plannerConfig.cmake
[32.540s] -- Up-to-date: /home/zeeshan/ros2_ws/install/my_planner/share/my_planner/cmake/my_plannerConfig-version.cmake
[32.540s] -- Up-to-date: /home/zeeshan/ros2_ws/install/my_planner/share/my_planner/package.xml
[32.543s] Invoked command in '/home/zeeshan/ros2_ws/build/my_planner' returned '0': CMAKE_PREFIX_PATH=/opt/ros/humble /usr/bin/cmake --install /home/zeeshan/ros2_ws/build/my_planner
