[0.022s] Invoking command in '/home/zeeshan/ros2_ws/build/stage_ros2': CMAKE_PREFIX_PATH=/home/zeeshan/ros2_ws/install/Stage:/opt/ros/humble LD_LIBRARY_PATH=/home/zeeshan/ros2_ws/install/Stage/lib:${LD_LIBRARY_PATH} PATH=/home/zeeshan/ros2_ws/install/Stage/bin:${PATH} /usr/bin/cmake --build /home/zeeshan/ros2_ws/build/stage_ros2 -- -j4 -l4
[0.172s] [ 71%] Built target stage_node
[0.229s] [100%] Built target stage_ros2
[0.250s] Invoked command in '/home/zeeshan/ros2_ws/build/stage_ros2' returned '0': CMAKE_PREFIX_PATH=/home/zeeshan/ros2_ws/install/Stage:/opt/ros/humble LD_LIBRARY_PATH=/home/zeeshan/ros2_ws/install/Stage/lib:${LD_LIBRARY_PATH} PATH=/home/zeeshan/ros2_ws/install/Stage/bin:${PATH} /usr/bin/cmake --build /home/zeeshan/ros2_ws/build/stage_ros2 -- -j4 -l4
[0.311s] Invoking command in '/home/zeeshan/ros2_ws/build/stage_ros2': CMAKE_PREFIX_PATH=/home/zeeshan/ros2_ws/install/Stage:/opt/ros/humble LD_LIBRARY_PATH=/home/zeeshan/ros2_ws/install/Stage/lib:${LD_LIBRARY_PATH} PATH=/home/zeeshan/ros2_ws/install/Stage/bin:${PATH} /usr/bin/cmake --install /home/zeeshan/ros2_ws/build/stage_ros2
[0.324s] -- Install configuration: ""
[0.325s] -- Execute custom install script
[0.327s] -- Up-to-date symlink: /home/zeeshan/ros2_ws/install/stage_ros2/share/stage_ros2/environment/library_path.sh
[0.327s] -- Up-to-date symlink: /home/zeeshan/ros2_ws/install/stage_ros2/share/stage_ros2/environment/library_path.dsv
[0.329s] -- Up-to-date symlink: /home/zeeshan/ros2_ws/install/stage_ros2/share/stage_ros2//launch/demo.launch.py
[0.329s] -- Up-to-date symlink: /home/zeeshan/ros2_ws/install/stage_ros2/share/stage_ros2//launch/f710.launch.py
[0.329s] -- Up-to-date symlink: /home/zeeshan/ros2_ws/install/stage_ros2/share/stage_ros2//launch/rviz.launch.py
[0.330s] -- Up-to-date symlink: /home/zeeshan/ros2_ws/install/stage_ros2/share/stage_ros2//launch/rviz_ns.launch.py
[0.330s] -- Up-to-date symlink: /home/zeeshan/ros2_ws/install/stage_ros2/share/stage_ros2//launch/stage.launch.py
[0.332s] -- Up-to-date symlink: /home/zeeshan/ros2_ws/install/stage_ros2/share/stage_ros2//world/bitmaps/cave.png
[0.332s] -- Up-to-date symlink: /home/zeeshan/ros2_ws/install/stage_ros2/share/stage_ros2//world/bitmaps/hallway.pgm
[0.333s] -- Up-to-date symlink: /home/zeeshan/ros2_ws/install/stage_ros2/share/stage_ros2//world/bitmaps/hallway.png
[0.333s] -- Up-to-date symlink: /home/zeeshan/ros2_ws/install/stage_ros2/share/stage_ros2//world/bitmaps/line.png
[0.333s] -- Up-to-date symlink: /home/zeeshan/ros2_ws/install/stage_ros2/share/stage_ros2//world/bitmaps/straden.png
[0.333s] -- Up-to-date symlink: /home/zeeshan/ros2_ws/install/stage_ros2/share/stage_ros2//world/bitmaps/warehouse008.pgm
[0.334s] -- Up-to-date symlink: /home/zeeshan/ros2_ws/install/stage_ros2/share/stage_ros2//world/bitmaps/warehouse032.pgm
[0.334s] -- Up-to-date symlink: /home/zeeshan/ros2_ws/install/stage_ros2/share/stage_ros2//world/bitmaps/warehouse200.pgm
[0.334s] -- Up-to-date symlink: /home/zeeshan/ros2_ws/install/stage_ros2/share/stage_ros2//world/bitmaps/willow-full.pgm
[0.334s] -- Up-to-date symlink: /home/zeeshan/ros2_ws/install/stage_ros2/share/stage_ros2//world/cave.world
[0.335s] -- Up-to-date symlink: /home/zeeshan/ros2_ws/install/stage_ros2/share/stage_ros2//world/cave_seven_robots.world
[0.335s] -- Up-to-date symlink: /home/zeeshan/ros2_ws/install/stage_ros2/share/stage_ros2//world/cave_three_robots.world
[0.335s] -- Up-to-date symlink: /home/zeeshan/ros2_ws/install/stage_ros2/share/stage_ros2//world/hallway.world
[0.335s] -- Up-to-date symlink: /home/zeeshan/ros2_ws/install/stage_ros2/share/stage_ros2//world/include/pioneer2dx.inc
[0.336s] -- Up-to-date symlink: /home/zeeshan/ros2_ws/install/stage_ros2/share/stage_ros2//world/include/robots.inc
[0.336s] -- Up-to-date symlink: /home/zeeshan/ros2_ws/install/stage_ros2/share/stage_ros2//world/lines.world
[0.336s] -- Up-to-date symlink: /home/zeeshan/ros2_ws/install/stage_ros2/share/stage_ros2//world/straden.world
[0.336s] -- Up-to-date symlink: /home/zeeshan/ros2_ws/install/stage_ros2/share/stage_ros2//world/willow-four-erratics-multisensor.world
[0.339s] -- Up-to-date symlink: /home/zeeshan/ros2_ws/install/stage_ros2/share/stage_ros2//config/rviz/cave.rviz
[0.339s] -- Up-to-date symlink: /home/zeeshan/ros2_ws/install/stage_ros2/share/stage_ros2//config/rviz/cave_seven_robots.rviz
[0.339s] -- Up-to-date symlink: /home/zeeshan/ros2_ws/install/stage_ros2/share/stage_ros2//config/rviz/cave_three_robots.rviz
[0.339s] -- Up-to-date symlink: /home/zeeshan/ros2_ws/install/stage_ros2/share/stage_ros2//config/rviz/lines.rviz
[0.340s] -- Up-to-date symlink: /home/zeeshan/ros2_ws/install/stage_ros2/share/stage_ros2//config/rviz/robot0.rviz
[0.340s] -- Up-to-date symlink: /home/zeeshan/ros2_ws/install/stage_ros2/share/stage_ros2//config/rviz/robot_ns.rviz
[0.340s] -- Up-to-date symlink: /home/zeeshan/ros2_ws/install/stage_ros2/share/stage_ros2//config/rviz/robot_ns_depth.rviz
[0.341s] -- Up-to-date symlink: /home/zeeshan/ros2_ws/install/stage_ros2/share/stage_ros2//config/teleop_twist_joy/f710.config.yaml
[0.341s] -- Up-to-date symlink: /home/zeeshan/ros2_ws/install/stage_ros2/lib/libstage_node.so
[0.342s] -- Up-to-date symlink: /home/zeeshan/ros2_ws/install/stage_ros2/lib/stage_ros2/stage_ros2
[0.343s] -- Up-to-date symlink: /home/zeeshan/ros2_ws/install/stage_ros2/share/ament_index/resource_index/package_run_dependencies/stage_ros2
[0.344s] -- Up-to-date symlink: /home/zeeshan/ros2_ws/install/stage_ros2/share/ament_index/resource_index/parent_prefix_path/stage_ros2
[0.344s] -- Up-to-date symlink: /home/zeeshan/ros2_ws/install/stage_ros2/share/stage_ros2/environment/ament_prefix_path.sh
[0.345s] -- Up-to-date symlink: /home/zeeshan/ros2_ws/install/stage_ros2/share/stage_ros2/environment/ament_prefix_path.dsv
[0.345s] -- Up-to-date symlink: /home/zeeshan/ros2_ws/install/stage_ros2/share/stage_ros2/environment/path.sh
[0.345s] -- Up-to-date symlink: /home/zeeshan/ros2_ws/install/stage_ros2/share/stage_ros2/environment/path.dsv
[0.346s] -- Up-to-date symlink: /home/zeeshan/ros2_ws/install/stage_ros2/share/stage_ros2/local_setup.bash
[0.346s] -- Up-to-date symlink: /home/zeeshan/ros2_ws/install/stage_ros2/share/stage_ros2/local_setup.sh
[0.346s] -- Up-to-date symlink: /home/zeeshan/ros2_ws/install/stage_ros2/share/stage_ros2/local_setup.zsh
[0.347s] -- Up-to-date symlink: /home/zeeshan/ros2_ws/install/stage_ros2/share/stage_ros2/local_setup.dsv
[0.347s] -- Symlinking: /home/zeeshan/ros2_ws/install/stage_ros2/share/stage_ros2/package.dsv
[0.366s] -- Up-to-date symlink: /home/zeeshan/ros2_ws/install/stage_ros2/share/ament_index/resource_index/packages/stage_ros2
[0.366s] -- Up-to-date symlink: /home/zeeshan/ros2_ws/install/stage_ros2/share/stage_ros2/cmake/stage_ros2Config.cmake
[0.366s] -- Up-to-date symlink: /home/zeeshan/ros2_ws/install/stage_ros2/share/stage_ros2/cmake/stage_ros2Config-version.cmake
[0.367s] -- Up-to-date symlink: /home/zeeshan/ros2_ws/install/stage_ros2/share/stage_ros2/package.xml
[0.371s] Invoked command in '/home/zeeshan/ros2_ws/build/stage_ros2' returned '0': CMAKE_PREFIX_PATH=/home/zeeshan/ros2_ws/install/Stage:/opt/ros/humble LD_LIBRARY_PATH=/home/zeeshan/ros2_ws/install/Stage/lib:${LD_LIBRARY_PATH} PATH=/home/zeeshan/ros2_ws/install/Stage/bin:${PATH} /usr/bin/cmake --install /home/zeeshan/ros2_ws/build/stage_ros2
