[0.049s] Invoking command in '/home/zeeshan/ros2_ws/build/Stage': /usr/bin/cmake --build /home/zeeshan/ros2_ws/build/Stage -- -j4 -l4
[0.230s] [ 57%] Built target stage
[0.325s] [ 61%] Built target stagebinary
[0.348s] [ 64%] Built target sink
[0.349s] [ 67%] Built target source
[0.367s] [ 71%] Built target fasr
[0.437s] [ 74%] Built target wander
[0.447s] [ 77%] Built target pioneer_flocking
[0.482s] [ 81%] Built target lasernoise
[0.508s] [ 84%] Built target rasterize
[0.570s] [ 88%] Built target dynamic
[0.595s] [ 93%] Built target fasr2
[0.595s] [ 96%] Built target expand_pioneer
[0.613s] [100%] Built target expand_swarm
[0.684s] Invoked command in '/home/zeeshan/ros2_ws/build/Stage' returned '0': /usr/bin/cmake --build /home/zeeshan/ros2_ws/build/Stage -- -j4 -l4
[0.908s] Invoking command in '/home/zeeshan/ros2_ws/build/Stage': /usr/bin/cmake --install /home/zeeshan/ros2_ws/build/Stage
[0.939s] -- Install configuration: "RELEASE"
[0.939s] -- Up-to-date: /home/zeeshan/ros2_ws/install/Stage/lib/pkgconfig/stage.pc
[0.941s] -- Up-to-date: /home/zeeshan/ros2_ws/install/Stage/lib/cmake/Stage/stage-config.cmake
[0.942s] -- Up-to-date: /home/zeeshan/ros2_ws/install/Stage/lib/cmake/Stage/stage-config-version.cmake
[0.944s] -- Up-to-date: /home/zeeshan/ros2_ws/install/Stage/bin/stage
[0.946s] -- Up-to-date: /home/zeeshan/ros2_ws/install/Stage/lib/libstage.so.4.3.0
[0.946s] -- Up-to-date: /home/zeeshan/ros2_ws/install/Stage/lib/libstage.so
[0.947s] -- Up-to-date: /home/zeeshan/ros2_ws/install/Stage/include/Stage-4.3/stage.hh
[0.950s] -- Up-to-date: /home/zeeshan/ros2_ws/install/Stage/lib/Stage-4.3/fasr.so
[0.950s] -- Up-to-date: /home/zeeshan/ros2_ws/install/Stage/lib/Stage-4.3/sink.so
[0.950s] -- Up-to-date: /home/zeeshan/ros2_ws/install/Stage/lib/Stage-4.3/source.so
[0.950s] -- Up-to-date: /home/zeeshan/ros2_ws/install/Stage/lib/Stage-4.3/wander.so
[0.951s] -- Up-to-date: /home/zeeshan/ros2_ws/install/Stage/lib/Stage-4.3/pioneer_flocking.so
[0.951s] -- Up-to-date: /home/zeeshan/ros2_ws/install/Stage/lib/Stage-4.3/rasterize.so
[0.951s] -- Up-to-date: /home/zeeshan/ros2_ws/install/Stage/lib/Stage-4.3/lasernoise.so
[0.952s] -- Up-to-date: /home/zeeshan/ros2_ws/install/Stage/lib/Stage-4.3/dynamic.so
[0.955s] -- Up-to-date: /home/zeeshan/ros2_ws/install/Stage/lib/Stage-4.3/fasr2.so
[0.956s] -- Up-to-date: /home/zeeshan/ros2_ws/install/Stage/share/stage/assets/blue.png
[0.957s] -- Up-to-date: /home/zeeshan/ros2_ws/install/Stage/share/stage/assets/death.png
[0.958s] -- Up-to-date: /home/zeeshan/ros2_ws/install/Stage/share/stage/assets/green.png
[0.959s] -- Up-to-date: /home/zeeshan/ros2_ws/install/Stage/share/stage/assets/logo.png
[0.960s] -- Up-to-date: /home/zeeshan/ros2_ws/install/Stage/share/stage/assets/mains.png
[0.961s] -- Up-to-date: /home/zeeshan/ros2_ws/install/Stage/share/stage/assets/mainspower.png
[0.961s] -- Up-to-date: /home/zeeshan/ros2_ws/install/Stage/share/stage/assets/question_mark.png
[0.962s] -- Up-to-date: /home/zeeshan/ros2_ws/install/Stage/share/stage/assets/red.png
[0.963s] -- Up-to-date: /home/zeeshan/ros2_ws/install/Stage/share/stage/assets/stagelogo.png
[0.963s] -- Up-to-date: /home/zeeshan/ros2_ws/install/Stage/share/stage/assets/stall-old.png
[0.964s] -- Up-to-date: /home/zeeshan/ros2_ws/install/Stage/share/stage/assets/stall.png
[0.966s] -- Up-to-date: /home/zeeshan/ros2_ws/install/Stage/share/stage/assets/rgb.txt
[0.967s] -- Up-to-date: /home/zeeshan/ros2_ws/install/Stage/share/stage/rgb.txt
[0.967s] -- Up-to-date: /home/zeeshan/ros2_ws/install/Stage/share/stage/worlds/amcl-sonar.cfg
[0.967s] -- Up-to-date: /home/zeeshan/ros2_ws/install/Stage/share/stage/worlds/autolab.cfg
[0.967s] -- Up-to-date: /home/zeeshan/ros2_ws/install/Stage/share/stage/worlds/camera.cfg
[0.968s] -- Up-to-date: /home/zeeshan/ros2_ws/install/Stage/share/stage/worlds/everything.cfg
[0.968s] -- Up-to-date: /home/zeeshan/ros2_ws/install/Stage/share/stage/worlds/lsp_test.cfg
[0.971s] -- Up-to-date: /home/zeeshan/ros2_ws/install/Stage/share/stage/worlds/mbicp.cfg
[0.988s] -- Up-to-date: /home/zeeshan/ros2_ws/install/Stage/share/stage/worlds/nd.cfg
[0.988s] -- Up-to-date: /home/zeeshan/ros2_ws/install/Stage/share/stage/worlds/roomba.cfg
[0.988s] -- Up-to-date: /home/zeeshan/ros2_ws/install/Stage/share/stage/worlds/simple.cfg
[0.988s] -- Up-to-date: /home/zeeshan/ros2_ws/install/Stage/share/stage/worlds/test.cfg
[0.989s] -- Up-to-date: /home/zeeshan/ros2_ws/install/Stage/share/stage/worlds/uoa_robotics_lab.cfg
[0.989s] -- Up-to-date: /home/zeeshan/ros2_ws/install/Stage/share/stage/worlds/vfh.cfg
[0.989s] -- Up-to-date: /home/zeeshan/ros2_ws/install/Stage/share/stage/worlds/wavefront-remote.cfg
[0.989s] -- Up-to-date: /home/zeeshan/ros2_ws/install/Stage/share/stage/worlds/wavefront.cfg
[0.990s] -- Up-to-date: /home/zeeshan/ros2_ws/install/Stage/share/stage/worlds/wifi.cfg
[0.990s] -- Up-to-date: /home/zeeshan/ros2_ws/install/Stage/share/stage/worlds/SFU.world
[0.990s] -- Up-to-date: /home/zeeshan/ros2_ws/install/Stage/share/stage/worlds/autolab.world
[0.990s] -- Up-to-date: /home/zeeshan/ros2_ws/install/Stage/share/stage/worlds/camera.world
[0.991s] -- Up-to-date: /home/zeeshan/ros2_ws/install/Stage/share/stage/worlds/circuit.world
[0.991s] -- Up-to-date: /home/zeeshan/ros2_ws/install/Stage/share/stage/worlds/everything.world
[0.991s] -- Up-to-date: /home/zeeshan/ros2_ws/install/Stage/share/stage/worlds/fasr.world
[0.991s] -- Up-to-date: /home/zeeshan/ros2_ws/install/Stage/share/stage/worlds/fasr2.world
[0.991s] -- Up-to-date: /home/zeeshan/ros2_ws/install/Stage/share/stage/worlds/fasr_plan.world
[0.992s] -- Up-to-date: /home/zeeshan/ros2_ws/install/Stage/share/stage/worlds/large.world
[0.992s] -- Up-to-date: /home/zeeshan/ros2_ws/install/Stage/share/stage/worlds/lsp_test.world
[0.992s] -- Up-to-date: /home/zeeshan/ros2_ws/install/Stage/share/stage/worlds/mbicp.world
[0.992s] -- Up-to-date: /home/zeeshan/ros2_ws/install/Stage/share/stage/worlds/pioneer_flocking.world
[0.993s] -- Up-to-date: /home/zeeshan/ros2_ws/install/Stage/share/stage/worlds/pioneer_follow.world
[0.998s] -- Up-to-date: /home/zeeshan/ros2_ws/install/Stage/share/stage/worlds/pioneer_walle.world
[0.998s] -- Up-to-date: /home/zeeshan/ros2_ws/install/Stage/share/stage/worlds/roomba.world
[0.999s] -- Up-to-date: /home/zeeshan/ros2_ws/install/Stage/share/stage/worlds/sensor_noise_demo.world
[0.999s] -- Up-to-date: /home/zeeshan/ros2_ws/install/Stage/share/stage/worlds/sensor_noise_module_demo.world
[1.000s] -- Up-to-date: /home/zeeshan/ros2_ws/install/Stage/share/stage/worlds/simple.world
[1.001s] -- Up-to-date: /home/zeeshan/ros2_ws/install/Stage/share/stage/worlds/uoa_robotics_lab.world
[1.003s] -- Up-to-date: /home/zeeshan/ros2_ws/install/Stage/share/stage/worlds/wifi.world
[1.003s] -- Up-to-date: /home/zeeshan/ros2_ws/install/Stage/share/stage/worlds/beacons.inc
[1.003s] -- Up-to-date: /home/zeeshan/ros2_ws/install/Stage/share/stage/worlds/chatterbox.inc
[1.004s] -- Up-to-date: /home/zeeshan/ros2_ws/install/Stage/share/stage/worlds/hokuyo.inc
[1.004s] -- Up-to-date: /home/zeeshan/ros2_ws/install/Stage/share/stage/worlds/irobot.inc
[1.004s] -- Up-to-date: /home/zeeshan/ros2_ws/install/Stage/share/stage/worlds/map.inc
[1.004s] -- Up-to-date: /home/zeeshan/ros2_ws/install/Stage/share/stage/worlds/objects.inc
[1.005s] -- Up-to-date: /home/zeeshan/ros2_ws/install/Stage/share/stage/worlds/pantilt.inc
[1.005s] -- Up-to-date: /home/zeeshan/ros2_ws/install/Stage/share/stage/worlds/pioneer.inc
[1.005s] -- Up-to-date: /home/zeeshan/ros2_ws/install/Stage/share/stage/worlds/sick.inc
[1.006s] -- Up-to-date: /home/zeeshan/ros2_ws/install/Stage/share/stage/worlds/ubot.inc
[1.006s] -- Up-to-date: /home/zeeshan/ros2_ws/install/Stage/share/stage/worlds/uoa_robotics_lab_models.inc
[1.006s] -- Up-to-date: /home/zeeshan/ros2_ws/install/Stage/share/stage/worlds/walle.inc
[1.006s] -- Up-to-date: /home/zeeshan/ros2_ws/install/Stage/share/stage/worlds/cfggen.sh
[1.007s] -- Up-to-date: /home/zeeshan/ros2_ws/install/Stage/share/stage/worlds/test.sh
[1.007s] -- Up-to-date: /home/zeeshan/ros2_ws/install/Stage/share/stage/worlds/worldgen.sh
[1.007s] -- Up-to-date: /home/zeeshan/ros2_ws/install/Stage/lib/Stage-4.3/expand_swarm.so
[1.007s] -- Up-to-date: /home/zeeshan/ros2_ws/install/Stage/lib/Stage-4.3/expand_pioneer.so
[1.008s] -- Up-to-date: /home/zeeshan/ros2_ws/install/Stage/share/stage/worlds/bitmaps/889_05.png
[1.008s] -- Up-to-date: /home/zeeshan/ros2_ws/install/Stage/share/stage/worlds/bitmaps/SFU_1200x615.png
[1.008s] -- Up-to-date: /home/zeeshan/ros2_ws/install/Stage/share/stage/worlds/bitmaps/SRI-AIC-kwing.png
[1.008s] -- Up-to-date: /home/zeeshan/ros2_ws/install/Stage/share/stage/worlds/bitmaps/autolab.png
[1.008s] -- Up-to-date: /home/zeeshan/ros2_ws/install/Stage/share/stage/worlds/bitmaps/cave.png
[1.009s] -- Up-to-date: /home/zeeshan/ros2_ws/install/Stage/share/stage/worlds/bitmaps/cave_compact.png
[1.010s] -- Up-to-date: /home/zeeshan/ros2_ws/install/Stage/share/stage/worlds/bitmaps/cave_filled.png
[1.011s] -- Up-to-date: /home/zeeshan/ros2_ws/install/Stage/share/stage/worlds/bitmaps/frieburg.png
[1.012s] -- Up-to-date: /home/zeeshan/ros2_ws/install/Stage/share/stage/worlds/bitmaps/ghost.png
[1.013s] -- Up-to-date: /home/zeeshan/ros2_ws/install/Stage/share/stage/worlds/bitmaps/hospital.png
[1.014s] -- Up-to-date: /home/zeeshan/ros2_ws/install/Stage/share/stage/worlds/bitmaps/hospital_section.png
[1.016s] -- Up-to-date: /home/zeeshan/ros2_ws/install/Stage/share/stage/worlds/bitmaps/human_outline.png
[1.016s] -- Up-to-date: /home/zeeshan/ros2_ws/install/Stage/share/stage/worlds/bitmaps/mbicp.png
[1.018s] -- Up-to-date: /home/zeeshan/ros2_ws/install/Stage/share/stage/worlds/bitmaps/rink.png
[1.018s] -- Up-to-date: /home/zeeshan/ros2_ws/install/Stage/share/stage/worlds/bitmaps/sal2.png
[1.018s] -- Up-to-date: /home/zeeshan/ros2_ws/install/Stage/share/stage/worlds/bitmaps/simple_rooms.png
[1.018s] -- Up-to-date: /home/zeeshan/ros2_ws/install/Stage/share/stage/worlds/bitmaps/space_invader.png
[1.018s] -- Up-to-date: /home/zeeshan/ros2_ws/install/Stage/share/stage/worlds/bitmaps/submarine.png
[1.019s] -- Up-to-date: /home/zeeshan/ros2_ws/install/Stage/share/stage/worlds/bitmaps/submarine_small.png
[1.019s] -- Up-to-date: /home/zeeshan/ros2_ws/install/Stage/share/stage/worlds/bitmaps/table.png
[1.019s] -- Up-to-date: /home/zeeshan/ros2_ws/install/Stage/share/stage/worlds/bitmaps/uoa_robotics_lab.png
[1.022s] -- Up-to-date: /home/zeeshan/ros2_ws/install/Stage/share/stage/worlds/wifi/commando.world
[1.022s] -- Up-to-date: /home/zeeshan/ros2_ws/install/Stage/share/stage/worlds/wifi/hosp_wifi.world
[1.023s] -- Up-to-date: /home/zeeshan/ros2_ws/install/Stage/share/stage/worlds/wifi/hosp_wifi_5.world
[1.024s] -- Up-to-date: /home/zeeshan/ros2_ws/install/Stage/share/stage/worlds/wifi/wifi.world
[1.024s] -- Up-to-date: /home/zeeshan/ros2_ws/install/Stage/share/stage/worlds/wifi/wifi_itu.world
[1.025s] -- Up-to-date: /home/zeeshan/ros2_ws/install/Stage/share/stage/worlds/wifi/wifi_logdistance.world
[1.026s] -- Up-to-date: /home/zeeshan/ros2_ws/install/Stage/share/stage/worlds/wifi/wifi_ray.world
[1.026s] -- Up-to-date: /home/zeeshan/ros2_ws/install/Stage/share/stage/worlds/wifi/wifi_simple.world
[1.027s] -- Up-to-date: /home/zeeshan/ros2_ws/install/Stage/share/stage/worlds/wifi/map.inc
[1.028s] Invoked command in '/home/zeeshan/ros2_ws/build/Stage' returned '0': /usr/bin/cmake --install /home/zeeshan/ros2_ws/build/Stage
