[0.221s] DEBUG:colcon:Command line arguments: ['/usr/bin/colcon', 'build']
[0.221s] DEBUG:colcon:Parsed command line arguments: Namespace(log_base=None, log_level=None, verb_name='build', build_base='build', install_base='install', merge_install=False, symlink_install=False, test_result_base=None, continue_on_error=False, executor='parallel', parallel_workers=4, event_handlers=None, ignore_user_meta=False, metas=['./colcon.meta'], base_paths=['.'], packages_ignore=None, packages_ignore_regex=None, paths=None, packages_up_to=None, packages_up_to_regex=None, packages_above=None, packages_above_and_dependencies=None, packages_above_depth=None, packages_select_by_dep=None, packages_skip_by_dep=None, packages_skip_up_to=None, packages_select_build_failed=False, packages_skip_build_finished=False, packages_select_test_failures=False, packages_skip_test_passed=False, packages_select=None, packages_skip=None, packages_select_regex=None, packages_skip_regex=None, packages_start=None, packages_end=None, allow_overriding=[], cmake_args=None, cmake_target=None, cmake_target_skip_unavailable=False, cmake_clean_cache=False, cmake_clean_first=False, cmake_force_configure=False, ament_cmake_args=None, catkin_cmake_args=None, catkin_skip_building_tests=False, mixin_files=None, mixin=None, verb_parser=<colcon_mixin.mixin.mixin_argument.MixinArgumentDecorator object at 0x7be8d5e42dd0>, verb_extension=<colcon_core.verb.build.BuildVerb object at 0x7be8d5f37f10>, main=<bound method BuildVerb.main of <colcon_core.verb.build.BuildVerb object at 0x7be8d5f37f10>>, mixin_verb=('build',))
[0.366s] Level 1:colcon.colcon_core.package_discovery:discover_packages(colcon_meta) check parameters
[0.366s] Level 1:colcon.colcon_core.package_discovery:discover_packages(recursive) check parameters
[0.366s] Level 1:colcon.colcon_core.package_discovery:discover_packages(ignore) check parameters
[0.367s] Level 1:colcon.colcon_core.package_discovery:discover_packages(path) check parameters
[0.367s] Level 1:colcon.colcon_core.package_discovery:discover_packages(colcon_meta) discover
[0.367s] Level 1:colcon.colcon_core.package_discovery:discover_packages(recursive) discover
[0.367s] INFO:colcon.colcon_core.package_discovery:Crawling recursively for packages in '/home/zeeshan/ros2_ws'
[0.367s] Level 1:colcon.colcon_core.package_identification:_identify(.) by extensions ['ignore', 'ignore_ament_install']
[0.367s] Level 1:colcon.colcon_core.package_identification:_identify(.) by extension 'ignore'
[0.367s] Level 1:colcon.colcon_core.package_identification:_identify(.) by extension 'ignore_ament_install'
[0.367s] Level 1:colcon.colcon_core.package_identification:_identify(.) by extensions ['colcon_pkg']
[0.368s] Level 1:colcon.colcon_core.package_identification:_identify(.) by extension 'colcon_pkg'
[0.368s] Level 1:colcon.colcon_core.package_identification:_identify(.) by extensions ['colcon_meta']
[0.368s] Level 1:colcon.colcon_core.package_identification:_identify(.) by extension 'colcon_meta'
[0.368s] Level 1:colcon.colcon_core.package_identification:_identify(.) by extensions ['ros']
[0.368s] Level 1:colcon.colcon_core.package_identification:_identify(.) by extension 'ros'
[0.374s] Level 1:colcon.colcon_core.package_identification:_identify(.) by extensions ['cmake', 'python']
[0.374s] Level 1:colcon.colcon_core.package_identification:_identify(.) by extension 'cmake'
[0.374s] Level 1:colcon.colcon_core.package_identification:_identify(.) by extension 'python'
[0.374s] Level 1:colcon.colcon_core.package_identification:_identify(.) by extensions ['python_setup_py']
[0.374s] Level 1:colcon.colcon_core.package_identification:_identify(.) by extension 'python_setup_py'
[0.374s] Level 1:colcon.colcon_core.package_identification:_identify(build) by extensions ['ignore', 'ignore_ament_install']
[0.375s] Level 1:colcon.colcon_core.package_identification:_identify(build) by extension 'ignore'
[0.375s] Level 1:colcon.colcon_core.package_identification:_identify(build) ignored
[0.375s] Level 1:colcon.colcon_core.package_identification:_identify(install) by extensions ['ignore', 'ignore_ament_install']
[0.375s] Level 1:colcon.colcon_core.package_identification:_identify(install) by extension 'ignore'
[0.375s] Level 1:colcon.colcon_core.package_identification:_identify(install) ignored
[0.376s] Level 1:colcon.colcon_core.package_identification:_identify(log) by extensions ['ignore', 'ignore_ament_install']
[0.376s] Level 1:colcon.colcon_core.package_identification:_identify(log) by extension 'ignore'
[0.376s] Level 1:colcon.colcon_core.package_identification:_identify(log) ignored
[0.376s] Level 1:colcon.colcon_core.package_identification:_identify(src) by extensions ['ignore', 'ignore_ament_install']
[0.376s] Level 1:colcon.colcon_core.package_identification:_identify(src) by extension 'ignore'
[0.376s] Level 1:colcon.colcon_core.package_identification:_identify(src) by extension 'ignore_ament_install'
[0.376s] Level 1:colcon.colcon_core.package_identification:_identify(src) by extensions ['colcon_pkg']
[0.376s] Level 1:colcon.colcon_core.package_identification:_identify(src) by extension 'colcon_pkg'
[0.377s] Level 1:colcon.colcon_core.package_identification:_identify(src) by extensions ['colcon_meta']
[0.377s] Level 1:colcon.colcon_core.package_identification:_identify(src) by extension 'colcon_meta'
[0.377s] Level 1:colcon.colcon_core.package_identification:_identify(src) by extensions ['ros']
[0.377s] Level 1:colcon.colcon_core.package_identification:_identify(src) by extension 'ros'
[0.377s] Level 1:colcon.colcon_core.package_identification:_identify(src) by extensions ['cmake', 'python']
[0.377s] Level 1:colcon.colcon_core.package_identification:_identify(src) by extension 'cmake'
[0.377s] Level 1:colcon.colcon_core.package_identification:_identify(src) by extension 'python'
[0.377s] Level 1:colcon.colcon_core.package_identification:_identify(src) by extensions ['python_setup_py']
[0.377s] Level 1:colcon.colcon_core.package_identification:_identify(src) by extension 'python_setup_py'
[0.378s] Level 1:colcon.colcon_core.package_identification:_identify(src/Stage) by extensions ['ignore', 'ignore_ament_install']
[0.378s] Level 1:colcon.colcon_core.package_identification:_identify(src/Stage) by extension 'ignore'
[0.378s] Level 1:colcon.colcon_core.package_identification:_identify(src/Stage) by extension 'ignore_ament_install'
[0.378s] Level 1:colcon.colcon_core.package_identification:_identify(src/Stage) by extensions ['colcon_pkg']
[0.378s] Level 1:colcon.colcon_core.package_identification:_identify(src/Stage) by extension 'colcon_pkg'
[0.378s] Level 1:colcon.colcon_core.package_identification:_identify(src/Stage) by extensions ['colcon_meta']
[0.378s] Level 1:colcon.colcon_core.package_identification:_identify(src/Stage) by extension 'colcon_meta'
[0.378s] Level 1:colcon.colcon_core.package_identification:_identify(src/Stage) by extensions ['ros']
[0.378s] Level 1:colcon.colcon_core.package_identification:_identify(src/Stage) by extension 'ros'
[0.378s] Level 1:colcon.colcon_core.package_identification:_identify(src/Stage) by extensions ['cmake', 'python']
[0.379s] Level 1:colcon.colcon_core.package_identification:_identify(src/Stage) by extension 'cmake'
[0.387s] Level 1:colcon.colcon_core.package_identification:_identify(src/Stage) by extension 'python'
[0.387s] DEBUG:colcon.colcon_core.package_identification:Package 'src/Stage' with type 'cmake' and name 'Stage'
[0.387s] Level 1:colcon.colcon_core.package_identification:_identify(src/configuration) by extensions ['ignore', 'ignore_ament_install']
[0.387s] Level 1:colcon.colcon_core.package_identification:_identify(src/configuration) by extension 'ignore'
[0.387s] Level 1:colcon.colcon_core.package_identification:_identify(src/configuration) by extension 'ignore_ament_install'
[0.388s] Level 1:colcon.colcon_core.package_identification:_identify(src/configuration) by extensions ['colcon_pkg']
[0.388s] Level 1:colcon.colcon_core.package_identification:_identify(src/configuration) by extension 'colcon_pkg'
[0.388s] Level 1:colcon.colcon_core.package_identification:_identify(src/configuration) by extensions ['colcon_meta']
[0.388s] Level 1:colcon.colcon_core.package_identification:_identify(src/configuration) by extension 'colcon_meta'
[0.388s] Level 1:colcon.colcon_core.package_identification:_identify(src/configuration) by extensions ['ros']
[0.388s] Level 1:colcon.colcon_core.package_identification:_identify(src/configuration) by extension 'ros'
[0.392s] DEBUG:colcon.colcon_core.package_identification:Package 'src/configuration' with type 'ros.ament_cmake' and name 'configuration'
[0.393s] Level 1:colcon.colcon_core.package_identification:_identify(src/my_planner) by extensions ['ignore', 'ignore_ament_install']
[0.393s] Level 1:colcon.colcon_core.package_identification:_identify(src/my_planner) by extension 'ignore'
[0.393s] Level 1:colcon.colcon_core.package_identification:_identify(src/my_planner) by extension 'ignore_ament_install'
[0.393s] Level 1:colcon.colcon_core.package_identification:_identify(src/my_planner) by extensions ['colcon_pkg']
[0.393s] Level 1:colcon.colcon_core.package_identification:_identify(src/my_planner) by extension 'colcon_pkg'
[0.393s] Level 1:colcon.colcon_core.package_identification:_identify(src/my_planner) by extensions ['colcon_meta']
[0.393s] Level 1:colcon.colcon_core.package_identification:_identify(src/my_planner) by extension 'colcon_meta'
[0.394s] Level 1:colcon.colcon_core.package_identification:_identify(src/my_planner) by extensions ['ros']
[0.394s] Level 1:colcon.colcon_core.package_identification:_identify(src/my_planner) by extension 'ros'
[0.395s] DEBUG:colcon.colcon_core.package_identification:Package 'src/my_planner' with type 'ros.ament_cmake' and name 'my_planner'
[0.396s] Level 1:colcon.colcon_core.package_identification:_identify(src/planner) by extensions ['ignore', 'ignore_ament_install']
[0.396s] Level 1:colcon.colcon_core.package_identification:_identify(src/planner) by extension 'ignore'
[0.396s] Level 1:colcon.colcon_core.package_identification:_identify(src/planner) by extension 'ignore_ament_install'
[0.396s] Level 1:colcon.colcon_core.package_identification:_identify(src/planner) by extensions ['colcon_pkg']
[0.396s] Level 1:colcon.colcon_core.package_identification:_identify(src/planner) by extension 'colcon_pkg'
[0.396s] Level 1:colcon.colcon_core.package_identification:_identify(src/planner) by extensions ['colcon_meta']
[0.396s] Level 1:colcon.colcon_core.package_identification:_identify(src/planner) by extension 'colcon_meta'
[0.396s] Level 1:colcon.colcon_core.package_identification:_identify(src/planner) by extensions ['ros']
[0.397s] Level 1:colcon.colcon_core.package_identification:_identify(src/planner) by extension 'ros'
[0.398s] DEBUG:colcon.colcon_core.package_identification:Package 'src/planner' with type 'ros.ament_cmake' and name 'planner'
[0.399s] Level 1:colcon.colcon_core.package_identification:_identify(src/simple_planner) by extensions ['ignore', 'ignore_ament_install']
[0.399s] Level 1:colcon.colcon_core.package_identification:_identify(src/simple_planner) by extension 'ignore'
[0.399s] Level 1:colcon.colcon_core.package_identification:_identify(src/simple_planner) by extension 'ignore_ament_install'
[0.399s] Level 1:colcon.colcon_core.package_identification:_identify(src/simple_planner) by extensions ['colcon_pkg']
[0.399s] Level 1:colcon.colcon_core.package_identification:_identify(src/simple_planner) by extension 'colcon_pkg'
[0.399s] Level 1:colcon.colcon_core.package_identification:_identify(src/simple_planner) by extensions ['colcon_meta']
[0.399s] Level 1:colcon.colcon_core.package_identification:_identify(src/simple_planner) by extension 'colcon_meta'
[0.399s] Level 1:colcon.colcon_core.package_identification:_identify(src/simple_planner) by extensions ['ros']
[0.399s] Level 1:colcon.colcon_core.package_identification:_identify(src/simple_planner) by extension 'ros'
[0.401s] DEBUG:colcon.colcon_core.package_identification:Package 'src/simple_planner' with type 'ros.ament_cmake' and name 'simple_planner'
[0.401s] Level 1:colcon.colcon_core.package_identification:_identify(src/stage_ros2) by extensions ['ignore', 'ignore_ament_install']
[0.402s] Level 1:colcon.colcon_core.package_identification:_identify(src/stage_ros2) by extension 'ignore'
[0.402s] Level 1:colcon.colcon_core.package_identification:_identify(src/stage_ros2) by extension 'ignore_ament_install'
[0.402s] Level 1:colcon.colcon_core.package_identification:_identify(src/stage_ros2) by extensions ['colcon_pkg']
[0.402s] Level 1:colcon.colcon_core.package_identification:_identify(src/stage_ros2) by extension 'colcon_pkg'
[0.402s] Level 1:colcon.colcon_core.package_identification:_identify(src/stage_ros2) by extensions ['colcon_meta']
[0.402s] Level 1:colcon.colcon_core.package_identification:_identify(src/stage_ros2) by extension 'colcon_meta'
[0.402s] Level 1:colcon.colcon_core.package_identification:_identify(src/stage_ros2) by extensions ['ros']
[0.402s] Level 1:colcon.colcon_core.package_identification:_identify(src/stage_ros2) by extension 'ros'
[0.404s] DEBUG:colcon.colcon_core.package_identification:Package 'src/stage_ros2' with type 'ros.ament_cmake' and name 'stage_ros2'
[0.404s] Level 1:colcon.colcon_core.package_identification:_identify(src/worlds) by extensions ['ignore', 'ignore_ament_install']
[0.404s] Level 1:colcon.colcon_core.package_identification:_identify(src/worlds) by extension 'ignore'
[0.404s] Level 1:colcon.colcon_core.package_identification:_identify(src/worlds) by extension 'ignore_ament_install'
[0.404s] Level 1:colcon.colcon_core.package_identification:_identify(src/worlds) by extensions ['colcon_pkg']
[0.404s] Level 1:colcon.colcon_core.package_identification:_identify(src/worlds) by extension 'colcon_pkg'
[0.404s] Level 1:colcon.colcon_core.package_identification:_identify(src/worlds) by extensions ['colcon_meta']
[0.404s] Level 1:colcon.colcon_core.package_identification:_identify(src/worlds) by extension 'colcon_meta'
[0.405s] Level 1:colcon.colcon_core.package_identification:_identify(src/worlds) by extensions ['ros']
[0.405s] Level 1:colcon.colcon_core.package_identification:_identify(src/worlds) by extension 'ros'
[0.406s] DEBUG:colcon.colcon_core.package_identification:Package 'src/worlds' with type 'ros.ament_cmake' and name 'worlds'
[0.406s] Level 1:colcon.colcon_core.package_discovery:discover_packages(recursive) using defaults
[0.406s] Level 1:colcon.colcon_core.package_discovery:discover_packages(ignore) discover
[0.406s] Level 1:colcon.colcon_core.package_discovery:discover_packages(ignore) using defaults
[0.406s] Level 1:colcon.colcon_core.package_discovery:discover_packages(path) discover
[0.406s] Level 1:colcon.colcon_core.package_discovery:discover_packages(path) using defaults
[0.446s] Level 1:colcon.colcon_core.package_discovery:discover_packages(prefix_path) check parameters
[0.446s] Level 1:colcon.colcon_core.package_discovery:discover_packages(prefix_path) discover
[0.451s] DEBUG:colcon.colcon_installed_package_information.package_discovery:Found 7 installed packages in /home/zeeshan/ros2_ws/install
[0.454s] DEBUG:colcon.colcon_installed_package_information.package_discovery:Found 314 installed packages in /opt/ros/humble
[0.458s] Level 1:colcon.colcon_core.package_discovery:discover_packages(prefix_path) using defaults
[0.554s] Level 5:colcon.colcon_core.verb:set package 'Stage' build argument 'cmake_args' from command line to 'None'
[0.555s] Level 5:colcon.colcon_core.verb:set package 'Stage' build argument 'cmake_target' from command line to 'None'
[0.555s] Level 5:colcon.colcon_core.verb:set package 'Stage' build argument 'cmake_target_skip_unavailable' from command line to 'False'
[0.555s] Level 5:colcon.colcon_core.verb:set package 'Stage' build argument 'cmake_clean_cache' from command line to 'False'
[0.555s] Level 5:colcon.colcon_core.verb:set package 'Stage' build argument 'cmake_clean_first' from command line to 'False'
[0.555s] Level 5:colcon.colcon_core.verb:set package 'Stage' build argument 'cmake_force_configure' from command line to 'False'
[0.555s] Level 5:colcon.colcon_core.verb:set package 'Stage' build argument 'ament_cmake_args' from command line to 'None'
[0.555s] Level 5:colcon.colcon_core.verb:set package 'Stage' build argument 'catkin_cmake_args' from command line to 'None'
[0.555s] Level 5:colcon.colcon_core.verb:set package 'Stage' build argument 'catkin_skip_building_tests' from command line to 'False'
[0.555s] DEBUG:colcon.colcon_core.verb:Building package 'Stage' with the following arguments: {'ament_cmake_args': None, 'build_base': '/home/zeeshan/ros2_ws/build/Stage', 'catkin_cmake_args': None, 'catkin_skip_building_tests': False, 'cmake_args': None, 'cmake_clean_cache': False, 'cmake_clean_first': False, 'cmake_force_configure': False, 'cmake_target': None, 'cmake_target_skip_unavailable': False, 'install_base': '/home/zeeshan/ros2_ws/install/Stage', 'merge_install': False, 'path': '/home/zeeshan/ros2_ws/src/Stage', 'symlink_install': False, 'test_result_base': None}
[0.556s] Level 5:colcon.colcon_core.verb:set package 'configuration' build argument 'cmake_args' from command line to 'None'
[0.556s] Level 5:colcon.colcon_core.verb:set package 'configuration' build argument 'cmake_target' from command line to 'None'
[0.556s] Level 5:colcon.colcon_core.verb:set package 'configuration' build argument 'cmake_target_skip_unavailable' from command line to 'False'
[0.556s] Level 5:colcon.colcon_core.verb:set package 'configuration' build argument 'cmake_clean_cache' from command line to 'False'
[0.556s] Level 5:colcon.colcon_core.verb:set package 'configuration' build argument 'cmake_clean_first' from command line to 'False'
[0.556s] Level 5:colcon.colcon_core.verb:set package 'configuration' build argument 'cmake_force_configure' from command line to 'False'
[0.556s] Level 5:colcon.colcon_core.verb:set package 'configuration' build argument 'ament_cmake_args' from command line to 'None'
[0.557s] Level 5:colcon.colcon_core.verb:set package 'configuration' build argument 'catkin_cmake_args' from command line to 'None'
[0.557s] Level 5:colcon.colcon_core.verb:set package 'configuration' build argument 'catkin_skip_building_tests' from command line to 'False'
[0.557s] DEBUG:colcon.colcon_core.verb:Building package 'configuration' with the following arguments: {'ament_cmake_args': None, 'build_base': '/home/zeeshan/ros2_ws/build/configuration', 'catkin_cmake_args': None, 'catkin_skip_building_tests': False, 'cmake_args': None, 'cmake_clean_cache': False, 'cmake_clean_first': False, 'cmake_force_configure': False, 'cmake_target': None, 'cmake_target_skip_unavailable': False, 'install_base': '/home/zeeshan/ros2_ws/install/configuration', 'merge_install': False, 'path': '/home/zeeshan/ros2_ws/src/configuration', 'symlink_install': False, 'test_result_base': None}
[0.557s] Level 5:colcon.colcon_core.verb:set package 'my_planner' build argument 'cmake_args' from command line to 'None'
[0.558s] Level 5:colcon.colcon_core.verb:set package 'my_planner' build argument 'cmake_target' from command line to 'None'
[0.558s] Level 5:colcon.colcon_core.verb:set package 'my_planner' build argument 'cmake_target_skip_unavailable' from command line to 'False'
[0.558s] Level 5:colcon.colcon_core.verb:set package 'my_planner' build argument 'cmake_clean_cache' from command line to 'False'
[0.558s] Level 5:colcon.colcon_core.verb:set package 'my_planner' build argument 'cmake_clean_first' from command line to 'False'
[0.558s] Level 5:colcon.colcon_core.verb:set package 'my_planner' build argument 'cmake_force_configure' from command line to 'False'
[0.558s] Level 5:colcon.colcon_core.verb:set package 'my_planner' build argument 'ament_cmake_args' from command line to 'None'
[0.558s] Level 5:colcon.colcon_core.verb:set package 'my_planner' build argument 'catkin_cmake_args' from command line to 'None'
[0.558s] Level 5:colcon.colcon_core.verb:set package 'my_planner' build argument 'catkin_skip_building_tests' from command line to 'False'
[0.558s] DEBUG:colcon.colcon_core.verb:Building package 'my_planner' with the following arguments: {'ament_cmake_args': None, 'build_base': '/home/zeeshan/ros2_ws/build/my_planner', 'catkin_cmake_args': None, 'catkin_skip_building_tests': False, 'cmake_args': None, 'cmake_clean_cache': False, 'cmake_clean_first': False, 'cmake_force_configure': False, 'cmake_target': None, 'cmake_target_skip_unavailable': False, 'install_base': '/home/zeeshan/ros2_ws/install/my_planner', 'merge_install': False, 'path': '/home/zeeshan/ros2_ws/src/my_planner', 'symlink_install': False, 'test_result_base': None}
[0.559s] Level 5:colcon.colcon_core.verb:set package 'planner' build argument 'cmake_args' from command line to 'None'
[0.559s] Level 5:colcon.colcon_core.verb:set package 'planner' build argument 'cmake_target' from command line to 'None'
[0.559s] Level 5:colcon.colcon_core.verb:set package 'planner' build argument 'cmake_target_skip_unavailable' from command line to 'False'
[0.559s] Level 5:colcon.colcon_core.verb:set package 'planner' build argument 'cmake_clean_cache' from command line to 'False'
[0.559s] Level 5:colcon.colcon_core.verb:set package 'planner' build argument 'cmake_clean_first' from command line to 'False'
[0.559s] Level 5:colcon.colcon_core.verb:set package 'planner' build argument 'cmake_force_configure' from command line to 'False'
[0.559s] Level 5:colcon.colcon_core.verb:set package 'planner' build argument 'ament_cmake_args' from command line to 'None'
[0.559s] Level 5:colcon.colcon_core.verb:set package 'planner' build argument 'catkin_cmake_args' from command line to 'None'
[0.559s] Level 5:colcon.colcon_core.verb:set package 'planner' build argument 'catkin_skip_building_tests' from command line to 'False'
[0.559s] DEBUG:colcon.colcon_core.verb:Building package 'planner' with the following arguments: {'ament_cmake_args': None, 'build_base': '/home/zeeshan/ros2_ws/build/planner', 'catkin_cmake_args': None, 'catkin_skip_building_tests': False, 'cmake_args': None, 'cmake_clean_cache': False, 'cmake_clean_first': False, 'cmake_force_configure': False, 'cmake_target': None, 'cmake_target_skip_unavailable': False, 'install_base': '/home/zeeshan/ros2_ws/install/planner', 'merge_install': False, 'path': '/home/zeeshan/ros2_ws/src/planner', 'symlink_install': False, 'test_result_base': None}
[0.560s] Level 5:colcon.colcon_core.verb:set package 'simple_planner' build argument 'cmake_args' from command line to 'None'
[0.560s] Level 5:colcon.colcon_core.verb:set package 'simple_planner' build argument 'cmake_target' from command line to 'None'
[0.560s] Level 5:colcon.colcon_core.verb:set package 'simple_planner' build argument 'cmake_target_skip_unavailable' from command line to 'False'
[0.560s] Level 5:colcon.colcon_core.verb:set package 'simple_planner' build argument 'cmake_clean_cache' from command line to 'False'
[0.560s] Level 5:colcon.colcon_core.verb:set package 'simple_planner' build argument 'cmake_clean_first' from command line to 'False'
[0.560s] Level 5:colcon.colcon_core.verb:set package 'simple_planner' build argument 'cmake_force_configure' from command line to 'False'
[0.560s] Level 5:colcon.colcon_core.verb:set package 'simple_planner' build argument 'ament_cmake_args' from command line to 'None'
[0.561s] Level 5:colcon.colcon_core.verb:set package 'simple_planner' build argument 'catkin_cmake_args' from command line to 'None'
[0.561s] Level 5:colcon.colcon_core.verb:set package 'simple_planner' build argument 'catkin_skip_building_tests' from command line to 'False'
[0.561s] DEBUG:colcon.colcon_core.verb:Building package 'simple_planner' with the following arguments: {'ament_cmake_args': None, 'build_base': '/home/zeeshan/ros2_ws/build/simple_planner', 'catkin_cmake_args': None, 'catkin_skip_building_tests': False, 'cmake_args': None, 'cmake_clean_cache': False, 'cmake_clean_first': False, 'cmake_force_configure': False, 'cmake_target': None, 'cmake_target_skip_unavailable': False, 'install_base': '/home/zeeshan/ros2_ws/install/simple_planner', 'merge_install': False, 'path': '/home/zeeshan/ros2_ws/src/simple_planner', 'symlink_install': False, 'test_result_base': None}
[0.561s] Level 5:colcon.colcon_core.verb:set package 'worlds' build argument 'cmake_args' from command line to 'None'
[0.561s] Level 5:colcon.colcon_core.verb:set package 'worlds' build argument 'cmake_target' from command line to 'None'
[0.562s] Level 5:colcon.colcon_core.verb:set package 'worlds' build argument 'cmake_target_skip_unavailable' from command line to 'False'
[0.562s] Level 5:colcon.colcon_core.verb:set package 'worlds' build argument 'cmake_clean_cache' from command line to 'False'
[0.562s] Level 5:colcon.colcon_core.verb:set package 'worlds' build argument 'cmake_clean_first' from command line to 'False'
[0.562s] Level 5:colcon.colcon_core.verb:set package 'worlds' build argument 'cmake_force_configure' from command line to 'False'
[0.562s] Level 5:colcon.colcon_core.verb:set package 'worlds' build argument 'ament_cmake_args' from command line to 'None'
[0.562s] Level 5:colcon.colcon_core.verb:set package 'worlds' build argument 'catkin_cmake_args' from command line to 'None'
[0.562s] Level 5:colcon.colcon_core.verb:set package 'worlds' build argument 'catkin_skip_building_tests' from command line to 'False'
[0.562s] DEBUG:colcon.colcon_core.verb:Building package 'worlds' with the following arguments: {'ament_cmake_args': None, 'build_base': '/home/zeeshan/ros2_ws/build/worlds', 'catkin_cmake_args': None, 'catkin_skip_building_tests': False, 'cmake_args': None, 'cmake_clean_cache': False, 'cmake_clean_first': False, 'cmake_force_configure': False, 'cmake_target': None, 'cmake_target_skip_unavailable': False, 'install_base': '/home/zeeshan/ros2_ws/install/worlds', 'merge_install': False, 'path': '/home/zeeshan/ros2_ws/src/worlds', 'symlink_install': False, 'test_result_base': None}
[0.563s] Level 5:colcon.colcon_core.verb:set package 'stage_ros2' build argument 'cmake_args' from command line to 'None'
[0.563s] Level 5:colcon.colcon_core.verb:set package 'stage_ros2' build argument 'cmake_target' from command line to 'None'
[0.563s] Level 5:colcon.colcon_core.verb:set package 'stage_ros2' build argument 'cmake_target_skip_unavailable' from command line to 'False'
[0.563s] Level 5:colcon.colcon_core.verb:set package 'stage_ros2' build argument 'cmake_clean_cache' from command line to 'False'
[0.563s] Level 5:colcon.colcon_core.verb:set package 'stage_ros2' build argument 'cmake_clean_first' from command line to 'False'
[0.563s] Level 5:colcon.colcon_core.verb:set package 'stage_ros2' build argument 'cmake_force_configure' from command line to 'False'
[0.563s] Level 5:colcon.colcon_core.verb:set package 'stage_ros2' build argument 'ament_cmake_args' from command line to 'None'
[0.563s] Level 5:colcon.colcon_core.verb:set package 'stage_ros2' build argument 'catkin_cmake_args' from command line to 'None'
[0.563s] Level 5:colcon.colcon_core.verb:set package 'stage_ros2' build argument 'catkin_skip_building_tests' from command line to 'False'
[0.563s] DEBUG:colcon.colcon_core.verb:Building package 'stage_ros2' with the following arguments: {'ament_cmake_args': None, 'build_base': '/home/zeeshan/ros2_ws/build/stage_ros2', 'catkin_cmake_args': None, 'catkin_skip_building_tests': False, 'cmake_args': None, 'cmake_clean_cache': False, 'cmake_clean_first': False, 'cmake_force_configure': False, 'cmake_target': None, 'cmake_target_skip_unavailable': False, 'install_base': '/home/zeeshan/ros2_ws/install/stage_ros2', 'merge_install': False, 'path': '/home/zeeshan/ros2_ws/src/stage_ros2', 'symlink_install': False, 'test_result_base': None}
[0.564s] INFO:colcon.colcon_core.executor:Executing jobs using 'parallel' executor
[0.566s] DEBUG:colcon.colcon_parallel_executor.executor.parallel:run_until_complete
[0.566s] INFO:colcon.colcon_cmake.task.cmake.build:Building CMake package in '/home/zeeshan/ros2_ws/src/Stage'
[0.570s] INFO:colcon.colcon_core.plugin_system:Skipping extension 'colcon_core.shell.bat': Not used on non-Windows systems
[0.571s] INFO:colcon.colcon_core.shell:Skip shell extension 'powershell' for command environment: Not usable outside of PowerShell
[0.571s] DEBUG:colcon.colcon_core.shell:Skip shell extension 'dsv' for command environment
[0.579s] INFO:colcon.colcon_ros.task.ament_cmake.build:Building ROS package in '/home/zeeshan/ros2_ws/src/configuration' with build type 'ament_cmake'
[0.579s] INFO:colcon.colcon_cmake.task.cmake.build:Building CMake package in '/home/zeeshan/ros2_ws/src/configuration'
[0.580s] INFO:colcon.colcon_core.shell:Skip shell extension 'powershell' for command environment: Not usable outside of PowerShell
[0.580s] DEBUG:colcon.colcon_core.shell:Skip shell extension 'dsv' for command environment
[0.588s] INFO:colcon.colcon_ros.task.ament_cmake.build:Building ROS package in '/home/zeeshan/ros2_ws/src/my_planner' with build type 'ament_cmake'
[0.588s] INFO:colcon.colcon_cmake.task.cmake.build:Building CMake package in '/home/zeeshan/ros2_ws/src/my_planner'
[0.589s] INFO:colcon.colcon_core.shell:Skip shell extension 'powershell' for command environment: Not usable outside of PowerShell
[0.589s] DEBUG:colcon.colcon_core.shell:Skip shell extension 'dsv' for command environment
[0.597s] INFO:colcon.colcon_ros.task.ament_cmake.build:Building ROS package in '/home/zeeshan/ros2_ws/src/planner' with build type 'ament_cmake'
[0.598s] INFO:colcon.colcon_cmake.task.cmake.build:Building CMake package in '/home/zeeshan/ros2_ws/src/planner'
[0.598s] INFO:colcon.colcon_core.shell:Skip shell extension 'powershell' for command environment: Not usable outside of PowerShell
[0.598s] DEBUG:colcon.colcon_core.shell:Skip shell extension 'dsv' for command environment
[0.617s] DEBUG:colcon.colcon_core.event_handler.log_command:Invoking command in '/home/zeeshan/ros2_ws/build/Stage': /usr/bin/cmake --build /home/zeeshan/ros2_ws/build/Stage -- -j4 -l4
[0.624s] DEBUG:colcon.colcon_core.event_handler.log_command:Invoking command in '/home/zeeshan/ros2_ws/build/configuration': CMAKE_PREFIX_PATH=${CMAKE_PREFIX_PATH}:/opt/ros/humble /usr/bin/cmake --build /home/zeeshan/ros2_ws/build/configuration -- -j4 -l4
[0.637s] DEBUG:colcon.colcon_core.event_handler.log_command:Invoking command in '/home/zeeshan/ros2_ws/build/my_planner': CMAKE_PREFIX_PATH=${CMAKE_PREFIX_PATH}:/opt/ros/humble /usr/bin/cmake --build /home/zeeshan/ros2_ws/build/my_planner -- -j4 -l4
[0.657s] DEBUG:colcon.colcon_core.event_handler.log_command:Invoking command in '/home/zeeshan/ros2_ws/build/planner': CMAKE_PREFIX_PATH=${CMAKE_PREFIX_PATH}:/opt/ros/humble /usr/bin/cmake --build /home/zeeshan/ros2_ws/build/planner -- -j4 -l4
[0.706s] DEBUG:colcon.colcon_core.event_handler.log_command:Invoked command in '/home/zeeshan/ros2_ws/build/configuration' returned '0': CMAKE_PREFIX_PATH=${CMAKE_PREFIX_PATH}:/opt/ros/humble /usr/bin/cmake --build /home/zeeshan/ros2_ws/build/configuration -- -j4 -l4
[0.878s] DEBUG:colcon.colcon_core.event_handler.log_command:Invoking command in '/home/zeeshan/ros2_ws/build/configuration': CMAKE_PREFIX_PATH=${CMAKE_PREFIX_PATH}:/opt/ros/humble /usr/bin/cmake --install /home/zeeshan/ros2_ws/build/configuration
[0.894s] DEBUG:colcon.colcon_core.event_handler.log_command:Invoked command in '/home/zeeshan/ros2_ws/build/my_planner' returned '0': CMAKE_PREFIX_PATH=${CMAKE_PREFIX_PATH}:/opt/ros/humble /usr/bin/cmake --build /home/zeeshan/ros2_ws/build/my_planner -- -j4 -l4
[0.906s] DEBUG:colcon.colcon_core.event_handler.log_command:Invoked command in '/home/zeeshan/ros2_ws/build/planner' returned '0': CMAKE_PREFIX_PATH=${CMAKE_PREFIX_PATH}:/opt/ros/humble /usr/bin/cmake --build /home/zeeshan/ros2_ws/build/planner -- -j4 -l4
[0.909s] Level 1:colcon.colcon_core.environment:create_environment_scripts_only(configuration)
[0.917s] DEBUG:colcon.colcon_core.event_handler.log_command:Invoked command in '/home/zeeshan/ros2_ws/build/configuration' returned '0': CMAKE_PREFIX_PATH=${CMAKE_PREFIX_PATH}:/opt/ros/humble /usr/bin/cmake --install /home/zeeshan/ros2_ws/build/configuration
[0.920s] Level 1:colcon.colcon_core.environment:checking '/home/zeeshan/ros2_ws/install/configuration' for CMake module files
[0.921s] Level 1:colcon.colcon_core.environment:checking '/home/zeeshan/ros2_ws/install/configuration' for CMake config files
[0.925s] Level 1:colcon.colcon_core.shell:create_environment_hook('configuration', 'cmake_prefix_path')
[0.926s] INFO:colcon.colcon_core.shell:Creating environment hook '/home/zeeshan/ros2_ws/install/configuration/share/configuration/hook/cmake_prefix_path.ps1'
[0.930s] INFO:colcon.colcon_core.shell:Creating environment descriptor '/home/zeeshan/ros2_ws/install/configuration/share/configuration/hook/cmake_prefix_path.dsv'
[0.937s] INFO:colcon.colcon_core.shell:Creating environment hook '/home/zeeshan/ros2_ws/install/configuration/share/configuration/hook/cmake_prefix_path.sh'
[0.940s] Level 1:colcon.colcon_core.environment:checking '/home/zeeshan/ros2_ws/install/configuration/bin'
[0.941s] Level 1:colcon.colcon_core.environment:checking '/home/zeeshan/ros2_ws/install/configuration/lib/pkgconfig/configuration.pc'
[0.941s] Level 1:colcon.colcon_core.environment:checking '/home/zeeshan/ros2_ws/install/configuration/lib/python3.10/site-packages'
[0.942s] Level 1:colcon.colcon_core.environment:checking '/home/zeeshan/ros2_ws/install/configuration/bin'
[0.948s] INFO:colcon.colcon_core.shell:Creating package script '/home/zeeshan/ros2_ws/install/configuration/share/configuration/package.ps1'
[0.961s] INFO:colcon.colcon_core.shell:Creating package descriptor '/home/zeeshan/ros2_ws/install/configuration/share/configuration/package.dsv'
[0.963s] INFO:colcon.colcon_core.shell:Creating package script '/home/zeeshan/ros2_ws/install/configuration/share/configuration/package.sh'
[0.968s] INFO:colcon.colcon_core.shell:Creating package script '/home/zeeshan/ros2_ws/install/configuration/share/configuration/package.bash'
[0.971s] INFO:colcon.colcon_core.shell:Creating package script '/home/zeeshan/ros2_ws/install/configuration/share/configuration/package.zsh'
[0.973s] Level 1:colcon.colcon_core.environment:create_file_with_runtime_dependencies(/home/zeeshan/ros2_ws/install/configuration/share/colcon-core/packages/configuration)
[1.061s] DEBUG:colcon.colcon_core.event_handler.log_command:Invoking command in '/home/zeeshan/ros2_ws/build/planner': CMAKE_PREFIX_PATH=${CMAKE_PREFIX_PATH}:/opt/ros/humble /usr/bin/cmake --install /home/zeeshan/ros2_ws/build/planner
[1.066s] DEBUG:colcon.colcon_core.event_handler.log_command:Invoking command in '/home/zeeshan/ros2_ws/build/my_planner': CMAKE_PREFIX_PATH=${CMAKE_PREFIX_PATH}:/opt/ros/humble /usr/bin/cmake --install /home/zeeshan/ros2_ws/build/my_planner
[1.075s] Level 1:colcon.colcon_core.environment:create_environment_scripts_only(configuration)
[1.076s] Level 1:colcon.colcon_core.environment:checking '/home/zeeshan/ros2_ws/install/configuration' for CMake module files
[1.086s] Level 1:colcon.colcon_core.environment:checking '/home/zeeshan/ros2_ws/install/configuration' for CMake config files
[1.086s] Level 1:colcon.colcon_core.shell:create_environment_hook('configuration', 'cmake_prefix_path')
[1.087s] INFO:colcon.colcon_core.shell:Creating environment hook '/home/zeeshan/ros2_ws/install/configuration/share/configuration/hook/cmake_prefix_path.ps1'
[1.088s] INFO:colcon.colcon_core.shell:Creating environment descriptor '/home/zeeshan/ros2_ws/install/configuration/share/configuration/hook/cmake_prefix_path.dsv'
[1.090s] INFO:colcon.colcon_core.shell:Creating environment hook '/home/zeeshan/ros2_ws/install/configuration/share/configuration/hook/cmake_prefix_path.sh'
[1.092s] Level 1:colcon.colcon_core.environment:checking '/home/zeeshan/ros2_ws/install/configuration/bin'
[1.092s] Level 1:colcon.colcon_core.environment:checking '/home/zeeshan/ros2_ws/install/configuration/lib/pkgconfig/configuration.pc'
[1.093s] Level 1:colcon.colcon_core.environment:checking '/home/zeeshan/ros2_ws/install/configuration/lib/python3.10/site-packages'
[1.094s] Level 1:colcon.colcon_core.environment:checking '/home/zeeshan/ros2_ws/install/configuration/bin'
[1.095s] INFO:colcon.colcon_core.shell:Creating package script '/home/zeeshan/ros2_ws/install/configuration/share/configuration/package.ps1'
[1.098s] INFO:colcon.colcon_core.shell:Creating package descriptor '/home/zeeshan/ros2_ws/install/configuration/share/configuration/package.dsv'
[1.101s] INFO:colcon.colcon_core.shell:Creating package script '/home/zeeshan/ros2_ws/install/configuration/share/configuration/package.sh'
[1.103s] INFO:colcon.colcon_core.shell:Creating package script '/home/zeeshan/ros2_ws/install/configuration/share/configuration/package.bash'
[1.104s] INFO:colcon.colcon_core.shell:Creating package script '/home/zeeshan/ros2_ws/install/configuration/share/configuration/package.zsh'
[1.105s] Level 1:colcon.colcon_core.environment:create_file_with_runtime_dependencies(/home/zeeshan/ros2_ws/install/configuration/share/colcon-core/packages/configuration)
[1.107s] INFO:colcon.colcon_ros.task.ament_cmake.build:Building ROS package in '/home/zeeshan/ros2_ws/src/simple_planner' with build type 'ament_cmake'
[1.107s] INFO:colcon.colcon_cmake.task.cmake.build:Building CMake package in '/home/zeeshan/ros2_ws/src/simple_planner'
[1.109s] INFO:colcon.colcon_core.shell:Skip shell extension 'powershell' for command environment: Not usable outside of PowerShell
[1.111s] DEBUG:colcon.colcon_core.shell:Skip shell extension 'dsv' for command environment
[1.130s] Level 1:colcon.colcon_core.environment:create_environment_scripts_only(my_planner)
[1.131s] Level 1:colcon.colcon_core.environment:checking '/home/zeeshan/ros2_ws/install/my_planner' for CMake module files
[1.135s] Level 1:colcon.colcon_core.environment:checking '/home/zeeshan/ros2_ws/install/my_planner' for CMake config files
[1.136s] DEBUG:colcon.colcon_core.event_handler.log_command:Invoked command in '/home/zeeshan/ros2_ws/build/my_planner' returned '0': CMAKE_PREFIX_PATH=${CMAKE_PREFIX_PATH}:/opt/ros/humble /usr/bin/cmake --install /home/zeeshan/ros2_ws/build/my_planner
[1.136s] Level 1:colcon.colcon_core.shell:create_environment_hook('my_planner', 'cmake_prefix_path')
[1.137s] INFO:colcon.colcon_core.shell:Creating environment hook '/home/zeeshan/ros2_ws/install/my_planner/share/my_planner/hook/cmake_prefix_path.ps1'
[1.138s] INFO:colcon.colcon_core.shell:Creating environment descriptor '/home/zeeshan/ros2_ws/install/my_planner/share/my_planner/hook/cmake_prefix_path.dsv'
[1.139s] INFO:colcon.colcon_core.shell:Creating environment hook '/home/zeeshan/ros2_ws/install/my_planner/share/my_planner/hook/cmake_prefix_path.sh'
[1.140s] Level 1:colcon.colcon_core.environment:checking '/home/zeeshan/ros2_ws/install/my_planner/lib'
[1.141s] Level 1:colcon.colcon_core.environment:checking '/home/zeeshan/ros2_ws/install/my_planner/bin'
[1.141s] Level 1:colcon.colcon_core.environment:checking '/home/zeeshan/ros2_ws/install/my_planner/lib/pkgconfig/my_planner.pc'
[1.141s] Level 1:colcon.colcon_core.environment:checking '/home/zeeshan/ros2_ws/install/my_planner/lib/python3.10/site-packages'
[1.142s] Level 1:colcon.colcon_core.environment:checking '/home/zeeshan/ros2_ws/install/my_planner/bin'
[1.142s] INFO:colcon.colcon_core.shell:Creating package script '/home/zeeshan/ros2_ws/install/my_planner/share/my_planner/package.ps1'
[1.144s] INFO:colcon.colcon_core.shell:Creating package descriptor '/home/zeeshan/ros2_ws/install/my_planner/share/my_planner/package.dsv'
[1.145s] INFO:colcon.colcon_core.shell:Creating package script '/home/zeeshan/ros2_ws/install/my_planner/share/my_planner/package.sh'
[1.146s] INFO:colcon.colcon_core.shell:Creating package script '/home/zeeshan/ros2_ws/install/my_planner/share/my_planner/package.bash'
[1.146s] INFO:colcon.colcon_core.shell:Creating package script '/home/zeeshan/ros2_ws/install/my_planner/share/my_planner/package.zsh'
[1.147s] Level 1:colcon.colcon_core.environment:create_file_with_runtime_dependencies(/home/zeeshan/ros2_ws/install/my_planner/share/colcon-core/packages/my_planner)
[1.149s] Level 1:colcon.colcon_core.environment:create_environment_scripts_only(planner)
[1.150s] Level 1:colcon.colcon_core.environment:checking '/home/zeeshan/ros2_ws/install/planner' for CMake module files
[1.150s] DEBUG:colcon.colcon_core.event_handler.log_command:Invoked command in '/home/zeeshan/ros2_ws/build/planner' returned '0': CMAKE_PREFIX_PATH=${CMAKE_PREFIX_PATH}:/opt/ros/humble /usr/bin/cmake --install /home/zeeshan/ros2_ws/build/planner
[1.152s] Level 1:colcon.colcon_core.environment:checking '/home/zeeshan/ros2_ws/install/planner' for CMake config files
[1.152s] Level 1:colcon.colcon_core.shell:create_environment_hook('planner', 'cmake_prefix_path')
[1.153s] INFO:colcon.colcon_core.shell:Creating environment hook '/home/zeeshan/ros2_ws/install/planner/share/planner/hook/cmake_prefix_path.ps1'
[1.155s] INFO:colcon.colcon_core.shell:Creating environment descriptor '/home/zeeshan/ros2_ws/install/planner/share/planner/hook/cmake_prefix_path.dsv'
[1.156s] INFO:colcon.colcon_core.shell:Creating environment hook '/home/zeeshan/ros2_ws/install/planner/share/planner/hook/cmake_prefix_path.sh'
[1.158s] Level 1:colcon.colcon_core.environment:checking '/home/zeeshan/ros2_ws/install/planner/lib'
[1.159s] Level 1:colcon.colcon_core.environment:checking '/home/zeeshan/ros2_ws/install/planner/bin'
[1.159s] Level 1:colcon.colcon_core.environment:checking '/home/zeeshan/ros2_ws/install/planner/lib/pkgconfig/planner.pc'
[1.160s] Level 1:colcon.colcon_core.environment:checking '/home/zeeshan/ros2_ws/install/planner/lib/python3.10/site-packages'
[1.160s] Level 1:colcon.colcon_core.environment:checking '/home/zeeshan/ros2_ws/install/planner/bin'
[1.162s] INFO:colcon.colcon_core.shell:Creating package script '/home/zeeshan/ros2_ws/install/planner/share/planner/package.ps1'
[1.164s] INFO:colcon.colcon_core.shell:Creating package descriptor '/home/zeeshan/ros2_ws/install/planner/share/planner/package.dsv'
[1.166s] INFO:colcon.colcon_core.shell:Creating package script '/home/zeeshan/ros2_ws/install/planner/share/planner/package.sh'
[1.168s] INFO:colcon.colcon_core.shell:Creating package script '/home/zeeshan/ros2_ws/install/planner/share/planner/package.bash'
[1.169s] INFO:colcon.colcon_core.shell:Creating package script '/home/zeeshan/ros2_ws/install/planner/share/planner/package.zsh'
[1.170s] Level 1:colcon.colcon_core.environment:create_file_with_runtime_dependencies(/home/zeeshan/ros2_ws/install/planner/share/colcon-core/packages/planner)
[1.174s] DEBUG:colcon.colcon_core.event_handler.log_command:Invoked command in '/home/zeeshan/ros2_ws/build/Stage' returned '0': /usr/bin/cmake --build /home/zeeshan/ros2_ws/build/Stage -- -j4 -l4
[1.191s] DEBUG:colcon.colcon_core.event_handler.log_command:Invoking command in '/home/zeeshan/ros2_ws/build/simple_planner': CMAKE_PREFIX_PATH=${CMAKE_PREFIX_PATH}:/opt/ros/humble /usr/bin/cmake --build /home/zeeshan/ros2_ws/build/simple_planner -- -j4 -l4
[1.229s] Level 1:colcon.colcon_core.environment:create_environment_scripts_only(my_planner)
[1.229s] Level 1:colcon.colcon_core.environment:checking '/home/zeeshan/ros2_ws/install/my_planner' for CMake module files
[1.230s] Level 1:colcon.colcon_core.environment:checking '/home/zeeshan/ros2_ws/install/my_planner' for CMake config files
[1.231s] Level 1:colcon.colcon_core.shell:create_environment_hook('my_planner', 'cmake_prefix_path')
[1.232s] INFO:colcon.colcon_core.shell:Creating environment hook '/home/zeeshan/ros2_ws/install/my_planner/share/my_planner/hook/cmake_prefix_path.ps1'
[1.233s] INFO:colcon.colcon_core.shell:Creating environment descriptor '/home/zeeshan/ros2_ws/install/my_planner/share/my_planner/hook/cmake_prefix_path.dsv'
[1.234s] INFO:colcon.colcon_core.shell:Creating environment hook '/home/zeeshan/ros2_ws/install/my_planner/share/my_planner/hook/cmake_prefix_path.sh'
[1.235s] Level 1:colcon.colcon_core.environment:checking '/home/zeeshan/ros2_ws/install/my_planner/lib'
[1.236s] Level 1:colcon.colcon_core.environment:checking '/home/zeeshan/ros2_ws/install/my_planner/bin'
[1.236s] Level 1:colcon.colcon_core.environment:checking '/home/zeeshan/ros2_ws/install/my_planner/lib/pkgconfig/my_planner.pc'
[1.236s] Level 1:colcon.colcon_core.environment:checking '/home/zeeshan/ros2_ws/install/my_planner/lib/python3.10/site-packages'
[1.237s] Level 1:colcon.colcon_core.environment:checking '/home/zeeshan/ros2_ws/install/my_planner/bin'
[1.237s] INFO:colcon.colcon_core.shell:Creating package script '/home/zeeshan/ros2_ws/install/my_planner/share/my_planner/package.ps1'
[1.239s] INFO:colcon.colcon_core.shell:Creating package descriptor '/home/zeeshan/ros2_ws/install/my_planner/share/my_planner/package.dsv'
[1.240s] INFO:colcon.colcon_core.shell:Creating package script '/home/zeeshan/ros2_ws/install/my_planner/share/my_planner/package.sh'
[1.241s] INFO:colcon.colcon_core.shell:Creating package script '/home/zeeshan/ros2_ws/install/my_planner/share/my_planner/package.bash'
[1.242s] INFO:colcon.colcon_core.shell:Creating package script '/home/zeeshan/ros2_ws/install/my_planner/share/my_planner/package.zsh'
[1.242s] Level 1:colcon.colcon_core.environment:create_file_with_runtime_dependencies(/home/zeeshan/ros2_ws/install/my_planner/share/colcon-core/packages/my_planner)
[1.244s] INFO:colcon.colcon_ros.task.ament_cmake.build:Building ROS package in '/home/zeeshan/ros2_ws/src/worlds' with build type 'ament_cmake'
[1.245s] INFO:colcon.colcon_cmake.task.cmake.build:Building CMake package in '/home/zeeshan/ros2_ws/src/worlds'
[1.245s] INFO:colcon.colcon_core.shell:Skip shell extension 'powershell' for command environment: Not usable outside of PowerShell
[1.245s] DEBUG:colcon.colcon_core.shell:Skip shell extension 'dsv' for command environment
[1.255s] Level 1:colcon.colcon_core.environment:create_environment_scripts_only(planner)
[1.256s] Level 1:colcon.colcon_core.environment:checking '/home/zeeshan/ros2_ws/install/planner' for CMake module files
[1.257s] Level 1:colcon.colcon_core.environment:checking '/home/zeeshan/ros2_ws/install/planner' for CMake config files
[1.257s] Level 1:colcon.colcon_core.shell:create_environment_hook('planner', 'cmake_prefix_path')
[1.258s] INFO:colcon.colcon_core.shell:Creating environment hook '/home/zeeshan/ros2_ws/install/planner/share/planner/hook/cmake_prefix_path.ps1'
[1.260s] INFO:colcon.colcon_core.shell:Creating environment descriptor '/home/zeeshan/ros2_ws/install/planner/share/planner/hook/cmake_prefix_path.dsv'
[1.261s] INFO:colcon.colcon_core.shell:Creating environment hook '/home/zeeshan/ros2_ws/install/planner/share/planner/hook/cmake_prefix_path.sh'
[1.263s] Level 1:colcon.colcon_core.environment:checking '/home/zeeshan/ros2_ws/install/planner/lib'
[1.263s] Level 1:colcon.colcon_core.environment:checking '/home/zeeshan/ros2_ws/install/planner/bin'
[1.263s] Level 1:colcon.colcon_core.environment:checking '/home/zeeshan/ros2_ws/install/planner/lib/pkgconfig/planner.pc'
[1.264s] Level 1:colcon.colcon_core.environment:checking '/home/zeeshan/ros2_ws/install/planner/lib/python3.10/site-packages'
[1.264s] Level 1:colcon.colcon_core.environment:checking '/home/zeeshan/ros2_ws/install/planner/bin'
[1.265s] INFO:colcon.colcon_core.shell:Creating package script '/home/zeeshan/ros2_ws/install/planner/share/planner/package.ps1'
[1.266s] INFO:colcon.colcon_core.shell:Creating package descriptor '/home/zeeshan/ros2_ws/install/planner/share/planner/package.dsv'
[1.268s] INFO:colcon.colcon_core.shell:Creating package script '/home/zeeshan/ros2_ws/install/planner/share/planner/package.sh'
[1.269s] INFO:colcon.colcon_core.shell:Creating package script '/home/zeeshan/ros2_ws/install/planner/share/planner/package.bash'
[1.269s] INFO:colcon.colcon_core.shell:Creating package script '/home/zeeshan/ros2_ws/install/planner/share/planner/package.zsh'
[1.270s] Level 1:colcon.colcon_core.environment:create_file_with_runtime_dependencies(/home/zeeshan/ros2_ws/install/planner/share/colcon-core/packages/planner)
[1.274s] DEBUG:colcon.colcon_core.event_handler.log_command:Invoking command in '/home/zeeshan/ros2_ws/build/Stage': /usr/bin/cmake --install /home/zeeshan/ros2_ws/build/Stage
[1.283s] DEBUG:colcon.colcon_core.event_handler.log_command:Invoking command in '/home/zeeshan/ros2_ws/build/worlds': CMAKE_PREFIX_PATH=${CMAKE_PREFIX_PATH}:/opt/ros/humble /usr/bin/cmake --build /home/zeeshan/ros2_ws/build/worlds -- -j4 -l4
[1.315s] Level 1:colcon.colcon_core.environment:create_environment_scripts_only(Stage)
[1.315s] Level 1:colcon.colcon_core.environment:checking '/home/zeeshan/ros2_ws/install/Stage' for CMake module files
[1.316s] Level 1:colcon.colcon_core.environment:checking '/home/zeeshan/ros2_ws/install/Stage' for CMake config files
[1.317s] Level 1:colcon.colcon_core.shell:create_environment_hook('Stage', 'cmake_prefix_path')
[1.318s] INFO:colcon.colcon_core.shell:Creating environment hook '/home/zeeshan/ros2_ws/install/Stage/share/Stage/hook/cmake_prefix_path.ps1'
[1.319s] INFO:colcon.colcon_core.shell:Creating environment descriptor '/home/zeeshan/ros2_ws/install/Stage/share/Stage/hook/cmake_prefix_path.dsv'
[1.320s] INFO:colcon.colcon_core.shell:Creating environment hook '/home/zeeshan/ros2_ws/install/Stage/share/Stage/hook/cmake_prefix_path.sh'
[1.321s] Level 1:colcon.colcon_core.environment:checking '/home/zeeshan/ros2_ws/install/Stage/lib'
[1.321s] Level 1:colcon.colcon_core.shell:create_environment_hook('Stage', 'ld_library_path_lib')
[1.322s] INFO:colcon.colcon_core.shell:Creating environment hook '/home/zeeshan/ros2_ws/install/Stage/share/Stage/hook/ld_library_path_lib.ps1'
[1.322s] INFO:colcon.colcon_core.shell:Creating environment descriptor '/home/zeeshan/ros2_ws/install/Stage/share/Stage/hook/ld_library_path_lib.dsv'
[1.323s] INFO:colcon.colcon_core.shell:Creating environment hook '/home/zeeshan/ros2_ws/install/Stage/share/Stage/hook/ld_library_path_lib.sh'
[1.324s] Level 1:colcon.colcon_core.environment:checking '/home/zeeshan/ros2_ws/install/Stage/bin'
[1.325s] Level 1:colcon.colcon_core.shell:create_environment_hook('Stage', 'path')
[1.325s] INFO:colcon.colcon_core.shell:Creating environment hook '/home/zeeshan/ros2_ws/install/Stage/share/Stage/hook/path.ps1'
[1.326s] INFO:colcon.colcon_core.shell:Creating environment descriptor '/home/zeeshan/ros2_ws/install/Stage/share/Stage/hook/path.dsv'
[1.327s] INFO:colcon.colcon_core.shell:Creating environment hook '/home/zeeshan/ros2_ws/install/Stage/share/Stage/hook/path.sh'
[1.328s] Level 1:colcon.colcon_core.environment:checking '/home/zeeshan/ros2_ws/install/Stage/lib/pkgconfig/Stage.pc'
[1.339s] Level 1:colcon.colcon_core.environment:checking '/home/zeeshan/ros2_ws/install/Stage/lib/python3.10/site-packages'
[1.339s] Level 1:colcon.colcon_core.environment:checking '/home/zeeshan/ros2_ws/install/Stage/bin'
[1.339s] Level 1:colcon.colcon_core.shell:create_environment_hook('Stage', 'pythonscriptspath')
[1.340s] INFO:colcon.colcon_core.shell:Creating environment hook '/home/zeeshan/ros2_ws/install/Stage/share/Stage/hook/pythonscriptspath.ps1'
[1.341s] INFO:colcon.colcon_core.shell:Creating environment descriptor '/home/zeeshan/ros2_ws/install/Stage/share/Stage/hook/pythonscriptspath.dsv'
[1.342s] INFO:colcon.colcon_core.shell:Creating environment hook '/home/zeeshan/ros2_ws/install/Stage/share/Stage/hook/pythonscriptspath.sh'
[1.343s] INFO:colcon.colcon_core.shell:Creating package script '/home/zeeshan/ros2_ws/install/Stage/share/Stage/package.ps1'
[1.345s] INFO:colcon.colcon_core.shell:Creating package descriptor '/home/zeeshan/ros2_ws/install/Stage/share/Stage/package.dsv'
[1.346s] INFO:colcon.colcon_core.shell:Creating package script '/home/zeeshan/ros2_ws/install/Stage/share/Stage/package.sh'
[1.348s] INFO:colcon.colcon_core.shell:Creating package script '/home/zeeshan/ros2_ws/install/Stage/share/Stage/package.bash'
[1.338s] DEBUG:colcon.colcon_core.event_handler.log_command:Invoked command in '/home/zeeshan/ros2_ws/build/Stage' returned '0': /usr/bin/cmake --install /home/zeeshan/ros2_ws/build/Stage
[1.349s] INFO:colcon.colcon_core.shell:Creating package script '/home/zeeshan/ros2_ws/install/Stage/share/Stage/package.zsh'
[1.349s] Level 1:colcon.colcon_core.environment:create_file_with_runtime_dependencies(/home/zeeshan/ros2_ws/install/Stage/share/colcon-core/packages/Stage)
[1.351s] INFO:colcon.colcon_ros.task.ament_cmake.build:Building ROS package in '/home/zeeshan/ros2_ws/src/stage_ros2' with build type 'ament_cmake'
[1.351s] INFO:colcon.colcon_cmake.task.cmake.build:Building CMake package in '/home/zeeshan/ros2_ws/src/stage_ros2'
[1.352s] INFO:colcon.colcon_core.shell:Skip shell extension 'powershell' for command environment: Not usable outside of PowerShell
[1.352s] DEBUG:colcon.colcon_core.shell:Skip shell extension 'dsv' for command environment
[1.377s] DEBUG:colcon.colcon_core.event_handler.log_command:Invoking command in '/home/zeeshan/ros2_ws/build/stage_ros2': CMAKE_PREFIX_PATH=/home/zeeshan/ros2_ws/install/Stage:/home/zeeshan/ros2_ws/install/worlds:/home/zeeshan/ros2_ws/install/stage_ros2:/home/zeeshan/ros2_ws/install/simple_planner:/home/zeeshan/ros2_ws/install/planner:/home/zeeshan/ros2_ws/install/my_planner:/home/zeeshan/ros2_ws/install/configuration:/opt/ros/humble LD_LIBRARY_PATH=/home/zeeshan/ros2_ws/install/Stage/lib:/home/zeeshan/ros2_ws/install/stage_ros2/lib:/opt/ros/humble/opt/rviz_ogre_vendor/lib:/opt/ros/humble/lib/x86_64-linux-gnu:/opt/ros/humble/lib /usr/bin/cmake --build /home/zeeshan/ros2_ws/build/stage_ros2 -- -j4 -l4
[1.380s] DEBUG:colcon.colcon_core.event_handler.log_command:Invoked command in '/home/zeeshan/ros2_ws/build/worlds' returned '0': CMAKE_PREFIX_PATH=${CMAKE_PREFIX_PATH}:/opt/ros/humble /usr/bin/cmake --build /home/zeeshan/ros2_ws/build/worlds -- -j4 -l4
[1.449s] DEBUG:colcon.colcon_core.event_handler.log_command:Invoking command in '/home/zeeshan/ros2_ws/build/worlds': CMAKE_PREFIX_PATH=${CMAKE_PREFIX_PATH}:/opt/ros/humble /usr/bin/cmake --install /home/zeeshan/ros2_ws/build/worlds
[1.469s] Level 1:colcon.colcon_core.environment:create_environment_scripts_only(worlds)
[1.470s] Level 1:colcon.colcon_core.environment:checking '/home/zeeshan/ros2_ws/install/worlds' for CMake module files
[1.471s] Level 1:colcon.colcon_core.environment:checking '/home/zeeshan/ros2_ws/install/worlds' for CMake config files
[1.472s] DEBUG:colcon.colcon_core.event_handler.log_command:Invoked command in '/home/zeeshan/ros2_ws/build/worlds' returned '0': CMAKE_PREFIX_PATH=${CMAKE_PREFIX_PATH}:/opt/ros/humble /usr/bin/cmake --install /home/zeeshan/ros2_ws/build/worlds
[1.472s] Level 1:colcon.colcon_core.shell:create_environment_hook('worlds', 'cmake_prefix_path')
[1.473s] INFO:colcon.colcon_core.shell:Creating environment hook '/home/zeeshan/ros2_ws/install/worlds/share/worlds/hook/cmake_prefix_path.ps1'
[1.474s] INFO:colcon.colcon_core.shell:Creating environment descriptor '/home/zeeshan/ros2_ws/install/worlds/share/worlds/hook/cmake_prefix_path.dsv'
[1.474s] INFO:colcon.colcon_core.shell:Creating environment hook '/home/zeeshan/ros2_ws/install/worlds/share/worlds/hook/cmake_prefix_path.sh'
[1.475s] Level 1:colcon.colcon_core.environment:checking '/home/zeeshan/ros2_ws/install/worlds/bin'
[1.476s] Level 1:colcon.colcon_core.environment:checking '/home/zeeshan/ros2_ws/install/worlds/lib/pkgconfig/worlds.pc'
[1.476s] Level 1:colcon.colcon_core.environment:checking '/home/zeeshan/ros2_ws/install/worlds/lib/python3.10/site-packages'
[1.477s] Level 1:colcon.colcon_core.environment:checking '/home/zeeshan/ros2_ws/install/worlds/bin'
[1.478s] INFO:colcon.colcon_core.shell:Creating package script '/home/zeeshan/ros2_ws/install/worlds/share/worlds/package.ps1'
[1.479s] INFO:colcon.colcon_core.shell:Creating package descriptor '/home/zeeshan/ros2_ws/install/worlds/share/worlds/package.dsv'
[1.480s] INFO:colcon.colcon_core.shell:Creating package script '/home/zeeshan/ros2_ws/install/worlds/share/worlds/package.sh'
[1.481s] INFO:colcon.colcon_core.shell:Creating package script '/home/zeeshan/ros2_ws/install/worlds/share/worlds/package.bash'
[1.482s] INFO:colcon.colcon_core.shell:Creating package script '/home/zeeshan/ros2_ws/install/worlds/share/worlds/package.zsh'
[1.482s] Level 1:colcon.colcon_core.environment:create_file_with_runtime_dependencies(/home/zeeshan/ros2_ws/install/worlds/share/colcon-core/packages/worlds)
[1.539s] Level 1:colcon.colcon_core.environment:create_environment_scripts_only(worlds)
[1.539s] Level 1:colcon.colcon_core.environment:checking '/home/zeeshan/ros2_ws/install/worlds' for CMake module files
[1.541s] Level 1:colcon.colcon_core.environment:checking '/home/zeeshan/ros2_ws/install/worlds' for CMake config files
[1.541s] Level 1:colcon.colcon_core.shell:create_environment_hook('worlds', 'cmake_prefix_path')
[1.546s] INFO:colcon.colcon_core.shell:Creating environment hook '/home/zeeshan/ros2_ws/install/worlds/share/worlds/hook/cmake_prefix_path.ps1'
[1.551s] INFO:colcon.colcon_core.shell:Creating environment descriptor '/home/zeeshan/ros2_ws/install/worlds/share/worlds/hook/cmake_prefix_path.dsv'
[1.551s] INFO:colcon.colcon_core.shell:Creating environment hook '/home/zeeshan/ros2_ws/install/worlds/share/worlds/hook/cmake_prefix_path.sh'
[1.553s] Level 1:colcon.colcon_core.environment:checking '/home/zeeshan/ros2_ws/install/worlds/bin'
[1.553s] Level 1:colcon.colcon_core.environment:checking '/home/zeeshan/ros2_ws/install/worlds/lib/pkgconfig/worlds.pc'
[1.553s] Level 1:colcon.colcon_core.environment:checking '/home/zeeshan/ros2_ws/install/worlds/lib/python3.10/site-packages'
[1.554s] Level 1:colcon.colcon_core.environment:checking '/home/zeeshan/ros2_ws/install/worlds/bin'
[1.555s] INFO:colcon.colcon_core.shell:Creating package script '/home/zeeshan/ros2_ws/install/worlds/share/worlds/package.ps1'
[1.556s] INFO:colcon.colcon_core.shell:Creating package descriptor '/home/zeeshan/ros2_ws/install/worlds/share/worlds/package.dsv'
[1.558s] INFO:colcon.colcon_core.shell:Creating package script '/home/zeeshan/ros2_ws/install/worlds/share/worlds/package.sh'
[1.559s] INFO:colcon.colcon_core.shell:Creating package script '/home/zeeshan/ros2_ws/install/worlds/share/worlds/package.bash'
[1.560s] INFO:colcon.colcon_core.shell:Creating package script '/home/zeeshan/ros2_ws/install/worlds/share/worlds/package.zsh'
[1.561s] Level 1:colcon.colcon_core.environment:create_file_with_runtime_dependencies(/home/zeeshan/ros2_ws/install/worlds/share/colcon-core/packages/worlds)
[1.612s] DEBUG:colcon.colcon_core.event_handler.log_command:Invoked command in '/home/zeeshan/ros2_ws/build/stage_ros2' returned '0': CMAKE_PREFIX_PATH=/home/zeeshan/ros2_ws/install/Stage:/home/zeeshan/ros2_ws/install/worlds:/home/zeeshan/ros2_ws/install/stage_ros2:/home/zeeshan/ros2_ws/install/simple_planner:/home/zeeshan/ros2_ws/install/planner:/home/zeeshan/ros2_ws/install/my_planner:/home/zeeshan/ros2_ws/install/configuration:/opt/ros/humble LD_LIBRARY_PATH=/home/zeeshan/ros2_ws/install/Stage/lib:/home/zeeshan/ros2_ws/install/stage_ros2/lib:/opt/ros/humble/opt/rviz_ogre_vendor/lib:/opt/ros/humble/lib/x86_64-linux-gnu:/opt/ros/humble/lib /usr/bin/cmake --build /home/zeeshan/ros2_ws/build/stage_ros2 -- -j4 -l4
[1.675s] DEBUG:colcon.colcon_core.event_handler.log_command:Invoking command in '/home/zeeshan/ros2_ws/build/stage_ros2': CMAKE_PREFIX_PATH=/home/zeeshan/ros2_ws/install/Stage:/home/zeeshan/ros2_ws/install/worlds:/home/zeeshan/ros2_ws/install/stage_ros2:/home/zeeshan/ros2_ws/install/simple_planner:/home/zeeshan/ros2_ws/install/planner:/home/zeeshan/ros2_ws/install/my_planner:/home/zeeshan/ros2_ws/install/configuration:/opt/ros/humble LD_LIBRARY_PATH=/home/zeeshan/ros2_ws/install/Stage/lib:/home/zeeshan/ros2_ws/install/stage_ros2/lib:/opt/ros/humble/opt/rviz_ogre_vendor/lib:/opt/ros/humble/lib/x86_64-linux-gnu:/opt/ros/humble/lib /usr/bin/cmake --install /home/zeeshan/ros2_ws/build/stage_ros2
[1.726s] Level 1:colcon.colcon_core.environment:create_environment_scripts_only(stage_ros2)
[1.727s] DEBUG:colcon.colcon_core.event_handler.log_command:Invoked command in '/home/zeeshan/ros2_ws/build/stage_ros2' returned '0': CMAKE_PREFIX_PATH=/home/zeeshan/ros2_ws/install/Stage:/home/zeeshan/ros2_ws/install/worlds:/home/zeeshan/ros2_ws/install/stage_ros2:/home/zeeshan/ros2_ws/install/simple_planner:/home/zeeshan/ros2_ws/install/planner:/home/zeeshan/ros2_ws/install/my_planner:/home/zeeshan/ros2_ws/install/configuration:/opt/ros/humble LD_LIBRARY_PATH=/home/zeeshan/ros2_ws/install/Stage/lib:/home/zeeshan/ros2_ws/install/stage_ros2/lib:/opt/ros/humble/opt/rviz_ogre_vendor/lib:/opt/ros/humble/lib/x86_64-linux-gnu:/opt/ros/humble/lib /usr/bin/cmake --install /home/zeeshan/ros2_ws/build/stage_ros2
[1.727s] Level 1:colcon.colcon_core.environment:checking '/home/zeeshan/ros2_ws/install/stage_ros2' for CMake module files
[1.729s] Level 1:colcon.colcon_core.environment:checking '/home/zeeshan/ros2_ws/install/stage_ros2' for CMake config files
[1.730s] Level 1:colcon.colcon_core.shell:create_environment_hook('stage_ros2', 'cmake_prefix_path')
[1.730s] INFO:colcon.colcon_core.shell:Creating environment hook '/home/zeeshan/ros2_ws/install/stage_ros2/share/stage_ros2/hook/cmake_prefix_path.ps1'
[1.731s] INFO:colcon.colcon_core.shell:Creating environment descriptor '/home/zeeshan/ros2_ws/install/stage_ros2/share/stage_ros2/hook/cmake_prefix_path.dsv'
[1.731s] INFO:colcon.colcon_core.shell:Creating environment hook '/home/zeeshan/ros2_ws/install/stage_ros2/share/stage_ros2/hook/cmake_prefix_path.sh'
[1.733s] Level 1:colcon.colcon_core.environment:checking '/home/zeeshan/ros2_ws/install/stage_ros2/lib'
[1.733s] Level 1:colcon.colcon_core.shell:create_environment_hook('stage_ros2', 'ld_library_path_lib')
[1.733s] INFO:colcon.colcon_core.shell:Creating environment hook '/home/zeeshan/ros2_ws/install/stage_ros2/share/stage_ros2/hook/ld_library_path_lib.ps1'
[1.734s] INFO:colcon.colcon_core.shell:Creating environment descriptor '/home/zeeshan/ros2_ws/install/stage_ros2/share/stage_ros2/hook/ld_library_path_lib.dsv'
[1.735s] INFO:colcon.colcon_core.shell:Creating environment hook '/home/zeeshan/ros2_ws/install/stage_ros2/share/stage_ros2/hook/ld_library_path_lib.sh'
[1.735s] Level 1:colcon.colcon_core.environment:checking '/home/zeeshan/ros2_ws/install/stage_ros2/bin'
[1.735s] Level 1:colcon.colcon_core.environment:checking '/home/zeeshan/ros2_ws/install/stage_ros2/lib/pkgconfig/stage_ros2.pc'
[1.736s] Level 1:colcon.colcon_core.environment:checking '/home/zeeshan/ros2_ws/install/stage_ros2/lib/python3.10/site-packages'
[1.736s] Level 1:colcon.colcon_core.environment:checking '/home/zeeshan/ros2_ws/install/stage_ros2/bin'
[1.737s] INFO:colcon.colcon_core.shell:Creating package script '/home/zeeshan/ros2_ws/install/stage_ros2/share/stage_ros2/package.ps1'
[1.738s] INFO:colcon.colcon_core.shell:Creating package descriptor '/home/zeeshan/ros2_ws/install/stage_ros2/share/stage_ros2/package.dsv'
[1.739s] INFO:colcon.colcon_core.shell:Creating package script '/home/zeeshan/ros2_ws/install/stage_ros2/share/stage_ros2/package.sh'
[1.740s] INFO:colcon.colcon_core.shell:Creating package script '/home/zeeshan/ros2_ws/install/stage_ros2/share/stage_ros2/package.bash'
[1.741s] INFO:colcon.colcon_core.shell:Creating package script '/home/zeeshan/ros2_ws/install/stage_ros2/share/stage_ros2/package.zsh'
[1.741s] Level 1:colcon.colcon_core.environment:create_file_with_runtime_dependencies(/home/zeeshan/ros2_ws/install/stage_ros2/share/colcon-core/packages/stage_ros2)
[1.803s] Level 1:colcon.colcon_core.environment:create_environment_scripts_only(stage_ros2)
[1.804s] Level 1:colcon.colcon_core.environment:checking '/home/zeeshan/ros2_ws/install/stage_ros2' for CMake module files
[1.805s] Level 1:colcon.colcon_core.environment:checking '/home/zeeshan/ros2_ws/install/stage_ros2' for CMake config files
[1.806s] Level 1:colcon.colcon_core.shell:create_environment_hook('stage_ros2', 'cmake_prefix_path')
[1.806s] INFO:colcon.colcon_core.shell:Creating environment hook '/home/zeeshan/ros2_ws/install/stage_ros2/share/stage_ros2/hook/cmake_prefix_path.ps1'
[1.807s] INFO:colcon.colcon_core.shell:Creating environment descriptor '/home/zeeshan/ros2_ws/install/stage_ros2/share/stage_ros2/hook/cmake_prefix_path.dsv'
[1.808s] INFO:colcon.colcon_core.shell:Creating environment hook '/home/zeeshan/ros2_ws/install/stage_ros2/share/stage_ros2/hook/cmake_prefix_path.sh'
[1.809s] Level 1:colcon.colcon_core.environment:checking '/home/zeeshan/ros2_ws/install/stage_ros2/lib'
[1.809s] Level 1:colcon.colcon_core.shell:create_environment_hook('stage_ros2', 'ld_library_path_lib')
[1.810s] INFO:colcon.colcon_core.shell:Creating environment hook '/home/zeeshan/ros2_ws/install/stage_ros2/share/stage_ros2/hook/ld_library_path_lib.ps1'
[1.811s] INFO:colcon.colcon_core.shell:Creating environment descriptor '/home/zeeshan/ros2_ws/install/stage_ros2/share/stage_ros2/hook/ld_library_path_lib.dsv'
[1.811s] INFO:colcon.colcon_core.shell:Creating environment hook '/home/zeeshan/ros2_ws/install/stage_ros2/share/stage_ros2/hook/ld_library_path_lib.sh'
[1.812s] Level 1:colcon.colcon_core.environment:checking '/home/zeeshan/ros2_ws/install/stage_ros2/bin'
[1.812s] Level 1:colcon.colcon_core.environment:checking '/home/zeeshan/ros2_ws/install/stage_ros2/lib/pkgconfig/stage_ros2.pc'
[1.812s] Level 1:colcon.colcon_core.environment:checking '/home/zeeshan/ros2_ws/install/stage_ros2/lib/python3.10/site-packages'
[1.813s] Level 1:colcon.colcon_core.environment:checking '/home/zeeshan/ros2_ws/install/stage_ros2/bin'
[1.814s] INFO:colcon.colcon_core.shell:Creating package script '/home/zeeshan/ros2_ws/install/stage_ros2/share/stage_ros2/package.ps1'
[1.815s] INFO:colcon.colcon_core.shell:Creating package descriptor '/home/zeeshan/ros2_ws/install/stage_ros2/share/stage_ros2/package.dsv'
[1.816s] INFO:colcon.colcon_core.shell:Creating package script '/home/zeeshan/ros2_ws/install/stage_ros2/share/stage_ros2/package.sh'
[1.817s] INFO:colcon.colcon_core.shell:Creating package script '/home/zeeshan/ros2_ws/install/stage_ros2/share/stage_ros2/package.bash'
[1.817s] INFO:colcon.colcon_core.shell:Creating package script '/home/zeeshan/ros2_ws/install/stage_ros2/share/stage_ros2/package.zsh'
[1.818s] Level 1:colcon.colcon_core.environment:create_file_with_runtime_dependencies(/home/zeeshan/ros2_ws/install/stage_ros2/share/colcon-core/packages/stage_ros2)
[5.254s] DEBUG:colcon.colcon_core.event_handler.log_command:Invoked command in '/home/zeeshan/ros2_ws/build/simple_planner' returned '2': CMAKE_PREFIX_PATH=${CMAKE_PREFIX_PATH}:/opt/ros/humble /usr/bin/cmake --build /home/zeeshan/ros2_ws/build/simple_planner -- -j4 -l4
[5.317s] Level 1:colcon.colcon_core.environment:create_environment_scripts_only(simple_planner)
[5.318s] Level 1:colcon.colcon_core.environment:checking '/home/zeeshan/ros2_ws/install/simple_planner' for CMake module files
[5.319s] Level 1:colcon.colcon_core.environment:checking '/home/zeeshan/ros2_ws/install/simple_planner' for CMake config files
[5.319s] Level 1:colcon.colcon_core.shell:create_environment_hook('simple_planner', 'cmake_prefix_path')
[5.320s] INFO:colcon.colcon_core.shell:Creating environment hook '/home/zeeshan/ros2_ws/install/simple_planner/share/simple_planner/hook/cmake_prefix_path.ps1'
[5.321s] INFO:colcon.colcon_core.shell:Creating environment descriptor '/home/zeeshan/ros2_ws/install/simple_planner/share/simple_planner/hook/cmake_prefix_path.dsv'
[5.321s] INFO:colcon.colcon_core.shell:Creating environment hook '/home/zeeshan/ros2_ws/install/simple_planner/share/simple_planner/hook/cmake_prefix_path.sh'
[5.322s] Level 1:colcon.colcon_core.environment:checking '/home/zeeshan/ros2_ws/install/simple_planner/lib'
[5.322s] Level 1:colcon.colcon_core.environment:checking '/home/zeeshan/ros2_ws/install/simple_planner/bin'
[5.322s] Level 1:colcon.colcon_core.environment:checking '/home/zeeshan/ros2_ws/install/simple_planner/lib/pkgconfig/simple_planner.pc'
[5.323s] Level 1:colcon.colcon_core.environment:checking '/home/zeeshan/ros2_ws/install/simple_planner/lib/python3.10/site-packages'
[5.323s] Level 1:colcon.colcon_core.environment:checking '/home/zeeshan/ros2_ws/install/simple_planner/bin'
[5.324s] INFO:colcon.colcon_core.shell:Creating package script '/home/zeeshan/ros2_ws/install/simple_planner/share/simple_planner/package.ps1'
[5.325s] INFO:colcon.colcon_core.shell:Creating package descriptor '/home/zeeshan/ros2_ws/install/simple_planner/share/simple_planner/package.dsv'
[5.326s] INFO:colcon.colcon_core.shell:Creating package script '/home/zeeshan/ros2_ws/install/simple_planner/share/simple_planner/package.sh'
[5.326s] INFO:colcon.colcon_core.shell:Creating package script '/home/zeeshan/ros2_ws/install/simple_planner/share/simple_planner/package.bash'
[5.327s] INFO:colcon.colcon_core.shell:Creating package script '/home/zeeshan/ros2_ws/install/simple_planner/share/simple_planner/package.zsh'
[5.327s] Level 1:colcon.colcon_core.environment:create_file_with_runtime_dependencies(/home/zeeshan/ros2_ws/install/simple_planner/share/colcon-core/packages/simple_planner)
[5.338s] DEBUG:colcon.colcon_parallel_executor.executor.parallel:closing loop
[5.339s] DEBUG:colcon.colcon_parallel_executor.executor.parallel:loop closed
[5.339s] DEBUG:colcon.colcon_parallel_executor.executor.parallel:run_until_complete finished with '2'
[5.339s] DEBUG:colcon.colcon_core.event_reactor:joining thread
[5.373s] INFO:colcon.colcon_core.plugin_system:Skipping extension 'colcon_notification.desktop_notification.terminal_notifier': Not used on non-Darwin systems
[5.374s] INFO:colcon.colcon_core.plugin_system:Skipping extension 'colcon_notification.desktop_notification.win32': Not used on non-Windows systems
[5.375s] INFO:colcon.colcon_notification.desktop_notification:Sending desktop notification using 'notify2'
[5.401s] DEBUG:colcon.colcon_core.event_reactor:joined thread
[5.402s] INFO:colcon.colcon_core.shell:Creating prefix script '/home/zeeshan/ros2_ws/install/local_setup.ps1'
[5.404s] INFO:colcon.colcon_core.shell:Creating prefix util module '/home/zeeshan/ros2_ws/install/_local_setup_util_ps1.py'
[5.407s] INFO:colcon.colcon_core.shell:Creating prefix chain script '/home/zeeshan/ros2_ws/install/setup.ps1'
[5.411s] INFO:colcon.colcon_core.shell:Creating prefix script '/home/zeeshan/ros2_ws/install/local_setup.sh'
[5.412s] INFO:colcon.colcon_core.shell:Creating prefix util module '/home/zeeshan/ros2_ws/install/_local_setup_util_sh.py'
[5.413s] INFO:colcon.colcon_core.shell:Creating prefix chain script '/home/zeeshan/ros2_ws/install/setup.sh'
[5.416s] INFO:colcon.colcon_core.shell:Creating prefix script '/home/zeeshan/ros2_ws/install/local_setup.bash'
[5.418s] INFO:colcon.colcon_core.shell:Creating prefix chain script '/home/zeeshan/ros2_ws/install/setup.bash'
[5.421s] INFO:colcon.colcon_core.shell:Creating prefix script '/home/zeeshan/ros2_ws/install/local_setup.zsh'
[5.422s] INFO:colcon.colcon_core.shell:Creating prefix chain script '/home/zeeshan/ros2_ws/install/setup.zsh'
