[0.017s] Invoking command in '/home/zeeshan/ros2_ws/build/my_planner': CMAKE_PREFIX_PATH=${CMAKE_PREFIX_PATH}:/opt/ros/humble /usr/bin/cmake /home/zeeshan/ros2_ws/src/my_planner -DCMAKE_INSTALL_PREFIX=/home/zeeshan/ros2_ws/install/my_planner
[0.125s] -- The C compiler identification is GNU 11.4.0
[0.230s] -- The CXX compiler identification is GNU 11.4.0
[0.243s] -- Detecting C compiler ABI info
[0.368s] -- Detecting C compiler ABI info - done
[0.384s] -- Check for working C compiler: /usr/bin/cc - skipped
[0.385s] -- Detecting C compile features
[0.385s] -- Detecting C compile features - done
[0.391s] -- Detecting CXX compiler ABI info
[0.541s] -- Detecting CXX compiler ABI info - done
[0.558s] -- Check for working CXX compiler: /usr/bin/c++ - skipped
[0.558s] -- Detecting CXX compile features
[0.559s] -- Detecting CXX compile features - done
[0.564s] -- Found ament_cmake: 1.3.9 (/opt/ros/humble/share/ament_cmake/cmake)
[1.427s] -- Found Python3: /usr/bin/python3 (found version "3.10.12") found components: Interpreter 
[1.590s] -- Found rclcpp: 16.0.9 (/opt/ros/humble/share/rclcpp/cmake)
[1.666s] -- Found rosidl_generator_c: 3.1.5 (/opt/ros/humble/share/rosidl_generator_c/cmake)
[1.676s] -- Found rosidl_adapter: 3.1.5 (/opt/ros/humble/share/rosidl_adapter/cmake)
[1.692s] -- Found rosidl_generator_cpp: 3.1.5 (/opt/ros/humble/share/rosidl_generator_cpp/cmake)
[1.720s] -- Using all available rosidl_typesupport_c: rosidl_typesupport_fastrtps_c;rosidl_typesupport_introspection_c
[1.761s] -- Using all available rosidl_typesupport_cpp: rosidl_typesupport_fastrtps_cpp;rosidl_typesupport_introspection_cpp
[1.912s] -- Found rmw_implementation_cmake: 6.1.2 (/opt/ros/humble/share/rmw_implementation_cmake/cmake)
[1.916s] -- Found rmw_fastrtps_cpp: 6.2.6 (/opt/ros/humble/share/rmw_fastrtps_cpp/cmake)
[2.100s] -- Found OpenSSL: /usr/lib/x86_64-linux-gnu/libcrypto.so (found version "3.0.2")  
[2.147s] -- Found FastRTPS: /opt/ros/humble/include  
[2.234s] -- Using RMW implementation 'rmw_fastrtps_cpp' as default
[2.252s] -- Looking for pthread.h
[2.388s] -- Looking for pthread.h - found
[2.389s] -- Performing Test CMAKE_HAVE_LIBC_PTHREAD
[2.526s] -- Performing Test CMAKE_HAVE_LIBC_PTHREAD - Success
[2.528s] -- Found Threads: TRUE  
[2.911s] -- Found visualization_msgs: 4.2.4 (/opt/ros/humble/share/visualization_msgs/cmake)
[3.584s] -- Found nav_msgs: 4.2.4 (/opt/ros/humble/share/nav_msgs/cmake)
[3.796s] -- Found tf2_ros: 0.25.7 (/opt/ros/humble/share/tf2_ros/cmake)
[4.645s] -- Found tf2_geometry_msgs: 0.25.7 (/opt/ros/humble/share/tf2_geometry_msgs/cmake)
[4.672s] -- Found eigen3_cmake_module: 0.1.1 (/opt/ros/humble/share/eigen3_cmake_module/cmake)
[4.674s] -- Found Eigen3: TRUE (found version "3.4.0") 
[4.675s] -- Ensuring Eigen3 include directory is part of orocos-kdl CMake target
[4.827s] -- Configuring done
[4.853s] -- Generating done
[4.857s] -- Build files have been written to: /home/zeeshan/ros2_ws/build/my_planner
[4.877s] Invoked command in '/home/zeeshan/ros2_ws/build/my_planner' returned '0': CMAKE_PREFIX_PATH=${CMAKE_PREFIX_PATH}:/opt/ros/humble /usr/bin/cmake /home/zeeshan/ros2_ws/src/my_planner -DCMAKE_INSTALL_PREFIX=/home/zeeshan/ros2_ws/install/my_planner
[4.881s] Invoking command in '/home/zeeshan/ros2_ws/build/my_planner': CMAKE_PREFIX_PATH=${CMAKE_PREFIX_PATH}:/opt/ros/humble /usr/bin/cmake --build /home/zeeshan/ros2_ws/build/my_planner -- -j4 -l4
[4.963s] [35m[1mConsolidate compiler generated dependencies of target planner_node[0m
[5.007s] [100%] Built target planner_node
[5.028s] Invoked command in '/home/zeeshan/ros2_ws/build/my_planner' returned '0': CMAKE_PREFIX_PATH=${CMAKE_PREFIX_PATH}:/opt/ros/humble /usr/bin/cmake --build /home/zeeshan/ros2_ws/build/my_planner -- -j4 -l4
[5.099s] Invoking command in '/home/zeeshan/ros2_ws/build/my_planner': CMAKE_PREFIX_PATH=${CMAKE_PREFIX_PATH}:/opt/ros/humble /usr/bin/cmake --install /home/zeeshan/ros2_ws/build/my_planner
[5.113s] -- Install configuration: ""
[5.113s] -- Up-to-date: /home/zeeshan/ros2_ws/install/my_planner/lib/my_planner/planner_node
[5.113s] -- Up-to-date: /home/zeeshan/ros2_ws/install/my_planner/share/my_planner/launch
[5.114s] -- Up-to-date: /home/zeeshan/ros2_ws/install/my_planner/share/my_planner/launch/display_launch.py
[5.114s] -- Up-to-date: /home/zeeshan/ros2_ws/install/my_planner/share/my_planner/config
[5.114s] -- Up-to-date: /home/zeeshan/ros2_ws/install/my_planner/share/my_planner/config/rviz_config.rviz
[5.115s] -- Up-to-date: /home/zeeshan/ros2_ws/install/my_planner/share/ament_index/resource_index/package_run_dependencies/my_planner
[5.115s] -- Up-to-date: /home/zeeshan/ros2_ws/install/my_planner/share/ament_index/resource_index/parent_prefix_path/my_planner
[5.115s] -- Up-to-date: /home/zeeshan/ros2_ws/install/my_planner/share/my_planner/environment/ament_prefix_path.sh
[5.115s] -- Installing: /home/zeeshan/ros2_ws/install/my_planner/share/my_planner/environment/ament_prefix_path.dsv
[5.115s] -- Up-to-date: /home/zeeshan/ros2_ws/install/my_planner/share/my_planner/environment/path.sh
[5.116s] -- Installing: /home/zeeshan/ros2_ws/install/my_planner/share/my_planner/environment/path.dsv
[5.116s] -- Up-to-date: /home/zeeshan/ros2_ws/install/my_planner/share/my_planner/local_setup.bash
[5.116s] -- Up-to-date: /home/zeeshan/ros2_ws/install/my_planner/share/my_planner/local_setup.sh
[5.116s] -- Up-to-date: /home/zeeshan/ros2_ws/install/my_planner/share/my_planner/local_setup.zsh
[5.116s] -- Installing: /home/zeeshan/ros2_ws/install/my_planner/share/my_planner/local_setup.dsv
[5.116s] -- Installing: /home/zeeshan/ros2_ws/install/my_planner/share/my_planner/package.dsv
[5.117s] -- Up-to-date: /home/zeeshan/ros2_ws/install/my_planner/share/ament_index/resource_index/packages/my_planner
[5.117s] -- Up-to-date: /home/zeeshan/ros2_ws/install/my_planner/share/my_planner/cmake/my_plannerConfig.cmake
[5.117s] -- Up-to-date: /home/zeeshan/ros2_ws/install/my_planner/share/my_planner/cmake/my_plannerConfig-version.cmake
[5.117s] -- Up-to-date: /home/zeeshan/ros2_ws/install/my_planner/share/my_planner/package.xml
[5.120s] Invoked command in '/home/zeeshan/ros2_ws/build/my_planner' returned '0': CMAKE_PREFIX_PATH=${CMAKE_PREFIX_PATH}:/opt/ros/humble /usr/bin/cmake --install /home/zeeshan/ros2_ws/build/my_planner
