-- The C compiler identification is GNU 11.4.0
-- The CXX compiler identification is GNU 11.4.0
-- Detecting C compiler ABI info
-- Detecting C compiler ABI info - done
-- Check for working C compiler: /usr/bin/cc - skipped
-- Detecting C compile features
-- Detecting C compile features - done
-- Detecting CXX compiler ABI info
-- Detecting CXX compiler ABI info - done
-- Check for working CXX compiler: /usr/bin/c++ - skipped
-- Detecting CXX compile features
-- Detecting CXX compile features - done
-- Found ament_cmake: 1.3.9 (/opt/ros/humble/share/ament_cmake/cmake)
-- Found Python3: /usr/bin/python3 (found version "3.10.12") found components: Interpreter 
-- Found rclcpp: 16.0.9 (/opt/ros/humble/share/rclcpp/cmake)
-- Found rosidl_generator_c: 3.1.5 (/opt/ros/humble/share/rosidl_generator_c/cmake)
-- Found rosidl_adapter: 3.1.5 (/opt/ros/humble/share/rosidl_adapter/cmake)
-- Found rosidl_generator_cpp: 3.1.5 (/opt/ros/humble/share/rosidl_generator_cpp/cmake)
-- Using all available rosidl_typesupport_c: rosidl_typesupport_fastrtps_c;rosidl_typesupport_introspection_c
-- Using all available rosidl_typesupport_cpp: rosidl_typesupport_fastrtps_cpp;rosidl_typesupport_introspection_cpp
-- Found rmw_implementation_cmake: 6.1.2 (/opt/ros/humble/share/rmw_implementation_cmake/cmake)
-- Found rmw_fastrtps_cpp: 6.2.6 (/opt/ros/humble/share/rmw_fastrtps_cpp/cmake)
-- Found OpenSSL: /usr/lib/x86_64-linux-gnu/libcrypto.so (found version "3.0.2")  
-- Found FastRTPS: /opt/ros/humble/include  
-- Using RMW implementation 'rmw_fastrtps_cpp' as default
-- Looking for pthread.h
-- Looking for pthread.h - found
-- Performing Test CMAKE_HAVE_LIBC_PTHREAD
-- Performing Test CMAKE_HAVE_LIBC_PTHREAD - Success
-- Found Threads: TRUE  
-- Found visualization_msgs: 4.2.4 (/opt/ros/humble/share/visualization_msgs/cmake)
-- Found nav_msgs: 4.2.4 (/opt/ros/humble/share/nav_msgs/cmake)
-- Found tf2_ros: 0.25.7 (/opt/ros/humble/share/tf2_ros/cmake)
-- Found tf2_geometry_msgs: 0.25.7 (/opt/ros/humble/share/tf2_geometry_msgs/cmake)
-- Found eigen3_cmake_module: 0.1.1 (/opt/ros/humble/share/eigen3_cmake_module/cmake)
-- Found Eigen3: TRUE (found version "3.4.0") 
-- Ensuring Eigen3 include directory is part of orocos-kdl CMake target
-- Configuring done
-- Generating done
-- Build files have been written to: /home/zeeshan/ros2_ws/build/my_planner
[35m[1mConsolidate compiler generated dependencies of target planner_node[0m
[ 20%] [32mBuilding CXX object CMakeFiles/planner_node.dir/src/visualizer.cpp.o[0m
[ 40%] [32mBuilding CXX object CMakeFiles/planner_node.dir/src/map.cpp.o[0m
[ 60%] [32mBuilding CXX object CMakeFiles/planner_node.dir/src/planner_node.cpp.o[0m
[ 80%] [32mBuilding CXX object CMakeFiles/planner_node.dir/src/astar.cpp.o[0m
[01m[K/home/zeeshan/ros2_ws/src/my_planner/src/astar.cpp:[m[K In function ‘[01m[Kstd::vector<std::pair<int, int> > astar(const Map&, int, int, int, int)[m[K’:
[01m[K/home/zeeshan/ros2_ws/src/my_planner/src/astar.cpp:31:51:[m[K [01;31m[Kerror: [m[K‘[01m[Kint Map::width_[m[K’ is private within this context
   31 |     std::vector<std::vector<bool>> closed_set(map.[01;31m[Kwidth_[m[K, std::vector<bool>(map.height_, false));
      |                                                   [01;31m[K^~~~~~[m[K
In file included from [01m[K/home/zeeshan/ros2_ws/src/my_planner/src/astar.hpp:6[m[K,
                 from [01m[K/home/zeeshan/ros2_ws/src/my_planner/src/astar.cpp:1[m[K:
[01m[K/home/zeeshan/ros2_ws/src/my_planner/src/map.hpp:19:9:[m[K [01;36m[Knote: [m[Kdeclared private here
   19 |     int [01;36m[Kwidth_[m[K;
      |         [01;36m[K^~~~~~[m[K
[01m[K/home/zeeshan/ros2_ws/src/my_planner/src/astar.cpp:31:51:[m[K [01;36m[Knote: [m[Kfield ‘[01m[Kint Map::width_[m[K’ can be accessed via ‘[01m[Kint Map::getWidth() const[m[K’
   31 |     std::vector<std::vector<bool>> closed_set(map.[01;36m[Kwidth_[m[K, std::vector<bool>(map.height_, false));
      |                                                   [01;36m[K^~~~~~[m[K
      |                                                   [32m[KgetWidth()[m[K
[01m[K/home/zeeshan/ros2_ws/src/my_planner/src/astar.cpp:31:81:[m[K [01;31m[Kerror: [m[K‘[01m[Kint Map::height_[m[K’ is private within this context
   31 |     std::vector<std::vector<bool>> closed_set(map.width_, std::vector<bool>(map.[01;31m[Kheight_[m[K, false));
      |                                                                                 [01;31m[K^~~~~~~[m[K
In file included from [01m[K/home/zeeshan/ros2_ws/src/my_planner/src/astar.hpp:6[m[K,
                 from [01m[K/home/zeeshan/ros2_ws/src/my_planner/src/astar.cpp:1[m[K:
[01m[K/home/zeeshan/ros2_ws/src/my_planner/src/map.hpp:20:9:[m[K [01;36m[Knote: [m[Kdeclared private here
   20 |     int [01;36m[Kheight_[m[K;
      |         [01;36m[K^~~~~~~[m[K
[01m[K/home/zeeshan/ros2_ws/src/my_planner/src/astar.cpp:65:37:[m[K [01;31m[Kerror: [m[K‘[01m[Kint Map::width_[m[K’ is private within this context
   65 |             if (nx >= 0 && nx < map.[01;31m[Kwidth_[m[K && ny >= 0 && ny < map.height_ && !closed_set[nx][ny] && !map.isOccupied(nx, ny))
      |                                     [01;31m[K^~~~~~[m[K
In file included from [01m[K/home/zeeshan/ros2_ws/src/my_planner/src/astar.hpp:6[m[K,
                 from [01m[K/home/zeeshan/ros2_ws/src/my_planner/src/astar.cpp:1[m[K:
[01m[K/home/zeeshan/ros2_ws/src/my_planner/src/map.hpp:19:9:[m[K [01;36m[Knote: [m[Kdeclared private here
   19 |     int [01;36m[Kwidth_[m[K;
      |         [01;36m[K^~~~~~[m[K
[01m[K/home/zeeshan/ros2_ws/src/my_planner/src/astar.cpp:65:37:[m[K [01;36m[Knote: [m[Kfield ‘[01m[Kint Map::width_[m[K’ can be accessed via ‘[01m[Kint Map::getWidth() const[m[K’
   65 |             if (nx >= 0 && nx < map.[01;36m[Kwidth_[m[K && ny >= 0 && ny < map.height_ && !closed_set[nx][ny] && !map.isOccupied(nx, ny))
      |                                     [01;36m[K^~~~~~[m[K
      |                                     [32m[KgetWidth()[m[K
[01m[K/home/zeeshan/ros2_ws/src/my_planner/src/astar.cpp:65:67:[m[K [01;31m[Kerror: [m[K‘[01m[Kint Map::height_[m[K’ is private within this context
   65 |             if (nx >= 0 && nx < map.width_ && ny >= 0 && ny < map.[01;31m[Kheight_[m[K && !closed_set[nx][ny] && !map.isOccupied(nx, ny))
      |                                                                   [01;31m[K^~~~~~~[m[K
In file included from [01m[K/home/zeeshan/ros2_ws/src/my_planner/src/astar.hpp:6[m[K,
                 from [01m[K/home/zeeshan/ros2_ws/src/my_planner/src/astar.cpp:1[m[K:
[01m[K/home/zeeshan/ros2_ws/src/my_planner/src/map.hpp:20:9:[m[K [01;36m[Knote: [m[Kdeclared private here
   20 |     int [01;36m[Kheight_[m[K;
      |         [01;36m[K^~~~~~~[m[K
[01m[K/home/zeeshan/ros2_ws/src/my_planner/src/astar.cpp:65:67:[m[K [01;36m[Knote: [m[Kfield ‘[01m[Kint Map::height_[m[K’ can be accessed via ‘[01m[Kint Map::getHeight() const[m[K’
   65 |             if (nx >= 0 && nx < map.width_ && ny >= 0 && ny < map.[01;36m[Kheight_[m[K && !closed_set[nx][ny] && !map.isOccupied(nx, ny))
      |                                                                   [01;36m[K^~~~~~~[m[K
      |                                                                   [32m[KgetHeight()[m[K
gmake[2]: *** [CMakeFiles/planner_node.dir/build.make:104: CMakeFiles/planner_node.dir/src/astar.cpp.o] Error 1
gmake[2]: *** Waiting for unfinished jobs....
gmake[1]: *** [CMakeFiles/Makefile2:137: CMakeFiles/planner_node.dir/all] Error 2
gmake: *** [Makefile:146: all] Error 2
