[0.049s] Invoking command in '/home/zeeshan/ros2_ws/build/stage_ros2': CMAKE_PREFIX_PATH=/home/zeeshan/ros2_ws/install/Stage:/opt/ros/humble LD_LIBRARY_PATH=/home/zeeshan/ros2_ws/install/Stage/lib:${LD_LIBRARY_PATH} PATH=/home/zeeshan/ros2_ws/install/Stage/bin:${PATH} /usr/bin/cmake --build /home/zeeshan/ros2_ws/build/stage_ros2 -- -j4 -l4
[0.254s] [ 71%] Built target stage_node
[0.322s] [100%] Built target stage_ros2
[0.350s] Invoked command in '/home/zeeshan/ros2_ws/build/stage_ros2' returned '0': CMAKE_PREFIX_PATH=/home/zeeshan/ros2_ws/install/Stage:/opt/ros/humble LD_LIBRARY_PATH=/home/zeeshan/ros2_ws/install/Stage/lib:${LD_LIBRARY_PATH} PATH=/home/zeeshan/ros2_ws/install/Stage/bin:${PATH} /usr/bin/cmake --build /home/zeeshan/ros2_ws/build/stage_ros2 -- -j4 -l4
[0.678s] Invoking command in '/home/zeeshan/ros2_ws/build/stage_ros2': CMAKE_PREFIX_PATH=/home/zeeshan/ros2_ws/install/Stage:/opt/ros/humble LD_LIBRARY_PATH=/home/zeeshan/ros2_ws/install/Stage/lib:${LD_LIBRARY_PATH} PATH=/home/zeeshan/ros2_ws/install/Stage/bin:${PATH} /usr/bin/cmake --install /home/zeeshan/ros2_ws/build/stage_ros2
[0.697s] -- Install configuration: ""
[0.698s] -- Execute custom install script
[0.699s] -- Up-to-date symlink: /home/zeeshan/ros2_ws/install/stage_ros2/share/stage_ros2/environment/library_path.sh
[0.699s] -- Up-to-date symlink: /home/zeeshan/ros2_ws/install/stage_ros2/share/stage_ros2/environment/library_path.dsv
[0.700s] -- Up-to-date symlink: /home/zeeshan/ros2_ws/install/stage_ros2/share/stage_ros2//launch/demo.launch.py
[0.700s] -- Up-to-date symlink: /home/zeeshan/ros2_ws/install/stage_ros2/share/stage_ros2//launch/f710.launch.py
[0.701s] -- Up-to-date symlink: /home/zeeshan/ros2_ws/install/stage_ros2/share/stage_ros2//launch/rviz.launch.py
[0.701s] -- Up-to-date symlink: /home/zeeshan/ros2_ws/install/stage_ros2/share/stage_ros2//launch/rviz_ns.launch.py
[0.701s] -- Up-to-date symlink: /home/zeeshan/ros2_ws/install/stage_ros2/share/stage_ros2//launch/stage.launch.py
[0.702s] -- Up-to-date symlink: /home/zeeshan/ros2_ws/install/stage_ros2/share/stage_ros2//world/bitmaps/cave.png
[0.702s] -- Up-to-date symlink: /home/zeeshan/ros2_ws/install/stage_ros2/share/stage_ros2//world/bitmaps/hallway.pgm
[0.703s] -- Up-to-date symlink: /home/zeeshan/ros2_ws/install/stage_ros2/share/stage_ros2//world/bitmaps/hallway.png
[0.703s] -- Up-to-date symlink: /home/zeeshan/ros2_ws/install/stage_ros2/share/stage_ros2//world/bitmaps/line.png
[0.703s] -- Up-to-date symlink: /home/zeeshan/ros2_ws/install/stage_ros2/share/stage_ros2//world/bitmaps/straden.png
[0.703s] -- Up-to-date symlink: /home/zeeshan/ros2_ws/install/stage_ros2/share/stage_ros2//world/bitmaps/warehouse008.pgm
[0.704s] -- Up-to-date symlink: /home/zeeshan/ros2_ws/install/stage_ros2/share/stage_ros2//world/bitmaps/warehouse032.pgm
[0.704s] -- Up-to-date symlink: /home/zeeshan/ros2_ws/install/stage_ros2/share/stage_ros2//world/bitmaps/warehouse200.pgm
[0.704s] -- Up-to-date symlink: /home/zeeshan/ros2_ws/install/stage_ros2/share/stage_ros2//world/bitmaps/willow-full.pgm
[0.705s] -- Up-to-date symlink: /home/zeeshan/ros2_ws/install/stage_ros2/share/stage_ros2//world/cave.world
[0.705s] -- Up-to-date symlink: /home/zeeshan/ros2_ws/install/stage_ros2/share/stage_ros2//world/cave_seven_robots.world
[0.705s] -- Up-to-date symlink: /home/zeeshan/ros2_ws/install/stage_ros2/share/stage_ros2//world/cave_three_robots.world
[0.706s] -- Up-to-date symlink: /home/zeeshan/ros2_ws/install/stage_ros2/share/stage_ros2//world/hallway.world
[0.706s] -- Up-to-date symlink: /home/zeeshan/ros2_ws/install/stage_ros2/share/stage_ros2//world/include/pioneer2dx.inc
[0.706s] -- Up-to-date symlink: /home/zeeshan/ros2_ws/install/stage_ros2/share/stage_ros2//world/include/robots.inc
[0.706s] -- Up-to-date symlink: /home/zeeshan/ros2_ws/install/stage_ros2/share/stage_ros2//world/lines.world
[0.707s] -- Up-to-date symlink: /home/zeeshan/ros2_ws/install/stage_ros2/share/stage_ros2//world/straden.world
[0.707s] -- Up-to-date symlink: /home/zeeshan/ros2_ws/install/stage_ros2/share/stage_ros2//world/willow-four-erratics-multisensor.world
[0.709s] -- Up-to-date symlink: /home/zeeshan/ros2_ws/install/stage_ros2/share/stage_ros2//config/rviz/cave.rviz
[0.709s] -- Up-to-date symlink: /home/zeeshan/ros2_ws/install/stage_ros2/share/stage_ros2//config/rviz/cave_seven_robots.rviz
[0.709s] -- Up-to-date symlink: /home/zeeshan/ros2_ws/install/stage_ros2/share/stage_ros2//config/rviz/cave_three_robots.rviz
[0.709s] -- Up-to-date symlink: /home/zeeshan/ros2_ws/install/stage_ros2/share/stage_ros2//config/rviz/lines.rviz
[0.710s] -- Up-to-date symlink: /home/zeeshan/ros2_ws/install/stage_ros2/share/stage_ros2//config/rviz/robot0.rviz
[0.710s] -- Up-to-date symlink: /home/zeeshan/ros2_ws/install/stage_ros2/share/stage_ros2//config/rviz/robot_ns.rviz
[0.710s] -- Up-to-date symlink: /home/zeeshan/ros2_ws/install/stage_ros2/share/stage_ros2//config/rviz/robot_ns_depth.rviz
[0.710s] -- Up-to-date symlink: /home/zeeshan/ros2_ws/install/stage_ros2/share/stage_ros2//config/teleop_twist_joy/f710.config.yaml
[0.711s] -- Up-to-date symlink: /home/zeeshan/ros2_ws/install/stage_ros2/lib/libstage_node.so
[0.712s] -- Up-to-date symlink: /home/zeeshan/ros2_ws/install/stage_ros2/lib/stage_ros2/stage_ros2
[0.712s] -- Up-to-date symlink: /home/zeeshan/ros2_ws/install/stage_ros2/share/ament_index/resource_index/package_run_dependencies/stage_ros2
[0.713s] -- Up-to-date symlink: /home/zeeshan/ros2_ws/install/stage_ros2/share/ament_index/resource_index/parent_prefix_path/stage_ros2
[0.713s] -- Up-to-date symlink: /home/zeeshan/ros2_ws/install/stage_ros2/share/stage_ros2/environment/ament_prefix_path.sh
[0.713s] -- Up-to-date symlink: /home/zeeshan/ros2_ws/install/stage_ros2/share/stage_ros2/environment/ament_prefix_path.dsv
[0.714s] -- Up-to-date symlink: /home/zeeshan/ros2_ws/install/stage_ros2/share/stage_ros2/environment/path.sh
[0.714s] -- Up-to-date symlink: /home/zeeshan/ros2_ws/install/stage_ros2/share/stage_ros2/environment/path.dsv
[0.715s] -- Up-to-date symlink: /home/zeeshan/ros2_ws/install/stage_ros2/share/stage_ros2/local_setup.bash
[0.715s] -- Up-to-date symlink: /home/zeeshan/ros2_ws/install/stage_ros2/share/stage_ros2/local_setup.sh
[0.715s] -- Up-to-date symlink: /home/zeeshan/ros2_ws/install/stage_ros2/share/stage_ros2/local_setup.zsh
[0.716s] -- Up-to-date symlink: /home/zeeshan/ros2_ws/install/stage_ros2/share/stage_ros2/local_setup.dsv
[0.716s] -- Symlinking: /home/zeeshan/ros2_ws/install/stage_ros2/share/stage_ros2/package.dsv
[0.736s] -- Up-to-date symlink: /home/zeeshan/ros2_ws/install/stage_ros2/share/ament_index/resource_index/packages/stage_ros2
[0.736s] -- Up-to-date symlink: /home/zeeshan/ros2_ws/install/stage_ros2/share/stage_ros2/cmake/stage_ros2Config.cmake
[0.737s] -- Up-to-date symlink: /home/zeeshan/ros2_ws/install/stage_ros2/share/stage_ros2/cmake/stage_ros2Config-version.cmake
[0.737s] -- Up-to-date symlink: /home/zeeshan/ros2_ws/install/stage_ros2/share/stage_ros2/package.xml
[0.744s] Invoked command in '/home/zeeshan/ros2_ws/build/stage_ros2' returned '0': CMAKE_PREFIX_PATH=/home/zeeshan/ros2_ws/install/Stage:/opt/ros/humble LD_LIBRARY_PATH=/home/zeeshan/ros2_ws/install/Stage/lib:${LD_LIBRARY_PATH} PATH=/home/zeeshan/ros2_ws/install/Stage/bin:${PATH} /usr/bin/cmake --install /home/zeeshan/ros2_ws/build/stage_ros2
