[0.043s] Invoking command in '/home/zeeshan/ros2_ws/build/configuration': CMAKE_PREFIX_PATH=${CMAKE_PREFIX_PATH}:/opt/ros/humble /usr/bin/cmake --build /home/zeeshan/ros2_ws/build/configuration -- -j4 -l4
[0.140s] Invoked command in '/home/zeeshan/ros2_ws/build/configuration' returned '0': CMAKE_PREFIX_PATH=${CMAKE_PREFIX_PATH}:/opt/ros/humble /usr/bin/cmake --build /home/zeeshan/ros2_ws/build/configuration -- -j4 -l4
[0.239s] Invoking command in '/home/zeeshan/ros2_ws/build/configuration': CMAKE_PREFIX_PATH=${CMAKE_PREFIX_PATH}:/opt/ros/humble /usr/bin/cmake --install /home/zeeshan/ros2_ws/build/configuration
[0.288s] -- Install configuration: ""
[0.298s] -- Up-to-date: /home/zeeshan/ros2_ws/install/configuration/share/ament_index/resource_index/package_run_dependencies/configuration
[0.298s] -- Up-to-date: /home/zeeshan/ros2_ws/install/configuration/share/ament_index/resource_index/parent_prefix_path/configuration
[0.299s] -- Up-to-date: /home/zeeshan/ros2_ws/install/configuration/share/configuration/environment/ament_prefix_path.sh
[0.299s] -- Up-to-date: /home/zeeshan/ros2_ws/install/configuration/share/configuration/environment/ament_prefix_path.dsv
[0.299s] -- Up-to-date: /home/zeeshan/ros2_ws/install/configuration/share/configuration/environment/path.sh
[0.299s] -- Up-to-date: /home/zeeshan/ros2_ws/install/configuration/share/configuration/environment/path.dsv
[0.299s] -- Up-to-date: /home/zeeshan/ros2_ws/install/configuration/share/configuration/local_setup.bash
[0.299s] -- Up-to-date: /home/zeeshan/ros2_ws/install/configuration/share/configuration/local_setup.sh
[0.300s] -- Up-to-date: /home/zeeshan/ros2_ws/install/configuration/share/configuration/local_setup.zsh
[0.300s] -- Up-to-date: /home/zeeshan/ros2_ws/install/configuration/share/configuration/local_setup.dsv
[0.300s] -- Installing: /home/zeeshan/ros2_ws/install/configuration/share/configuration/package.dsv
[0.300s] -- Up-to-date: /home/zeeshan/ros2_ws/install/configuration/share/ament_index/resource_index/packages/configuration
[0.300s] -- Up-to-date: /home/zeeshan/ros2_ws/install/configuration/share/configuration/cmake/configurationConfig.cmake
[0.300s] -- Up-to-date: /home/zeeshan/ros2_ws/install/configuration/share/configuration/cmake/configurationConfig-version.cmake
[0.300s] -- Up-to-date: /home/zeeshan/ros2_ws/install/configuration/share/configuration/package.xml
[0.301s] Invoked command in '/home/zeeshan/ros2_ws/build/configuration' returned '0': CMAKE_PREFIX_PATH=${CMAKE_PREFIX_PATH}:/opt/ros/humble /usr/bin/cmake --install /home/zeeshan/ros2_ws/build/configuration
