[0.076s] Invoking command in '/home/zeeshan/ros2_ws/build/simple_planner': CMAKE_PREFIX_PATH=${CMAKE_PREFIX_PATH}:/opt/ros/humble /usr/bin/cmake --build /home/zeeshan/ros2_ws/build/simple_planner -- -j4 -l4
[0.239s] [35m[1mConsolidate compiler generated dependencies of target simple_planner[0m
[0.310s] [100%] Built target simple_planner
[0.397s] Invoked command in '/home/zeeshan/ros2_ws/build/simple_planner' returned '0': CMAKE_PREFIX_PATH=${CMAKE_PREFIX_PATH}:/opt/ros/humble /usr/bin/cmake --build /home/zeeshan/ros2_ws/build/simple_planner -- -j4 -l4
[0.471s] Invoking command in '/home/zeeshan/ros2_ws/build/simple_planner': CMAKE_PREFIX_PATH=${CMAKE_PREFIX_PATH}:/opt/ros/humble /usr/bin/cmake --install /home/zeeshan/ros2_ws/build/simple_planner
[0.491s] -- Install configuration: ""
[0.492s] -- Up-to-date: /home/zeeshan/ros2_ws/install/simple_planner/lib/simple_planner/simple_planner
[0.492s] -- Up-to-date: /home/zeeshan/ros2_ws/install/simple_planner/share/ament_index/resource_index/package_run_dependencies/simple_planner
[0.493s] -- Up-to-date: /home/zeeshan/ros2_ws/install/simple_planner/share/ament_index/resource_index/parent_prefix_path/simple_planner
[0.493s] -- Up-to-date: /home/zeeshan/ros2_ws/install/simple_planner/share/simple_planner/environment/ament_prefix_path.sh
[0.493s] -- Up-to-date: /home/zeeshan/ros2_ws/install/simple_planner/share/simple_planner/environment/ament_prefix_path.dsv
[0.493s] -- Up-to-date: /home/zeeshan/ros2_ws/install/simple_planner/share/simple_planner/environment/path.sh
[0.493s] -- Up-to-date: /home/zeeshan/ros2_ws/install/simple_planner/share/simple_planner/environment/path.dsv
[0.493s] -- Up-to-date: /home/zeeshan/ros2_ws/install/simple_planner/share/simple_planner/local_setup.bash
[0.499s] -- Up-to-date: /home/zeeshan/ros2_ws/install/simple_planner/share/simple_planner/local_setup.sh
[0.499s] -- Up-to-date: /home/zeeshan/ros2_ws/install/simple_planner/share/simple_planner/local_setup.zsh
[0.499s] -- Up-to-date: /home/zeeshan/ros2_ws/install/simple_planner/share/simple_planner/local_setup.dsv
[0.499s] -- Installing: /home/zeeshan/ros2_ws/install/simple_planner/share/simple_planner/package.dsv
[0.499s] -- Up-to-date: /home/zeeshan/ros2_ws/install/simple_planner/share/ament_index/resource_index/packages/simple_planner
[0.499s] -- Up-to-date: /home/zeeshan/ros2_ws/install/simple_planner/share/simple_planner/cmake/simple_plannerConfig.cmake
[0.500s] -- Up-to-date: /home/zeeshan/ros2_ws/install/simple_planner/share/simple_planner/cmake/simple_plannerConfig-version.cmake
[0.500s] -- Up-to-date: /home/zeeshan/ros2_ws/install/simple_planner/share/simple_planner/package.xml
[0.516s] Invoked command in '/home/zeeshan/ros2_ws/build/simple_planner' returned '0': CMAKE_PREFIX_PATH=${CMAKE_PREFIX_PATH}:/opt/ros/humble /usr/bin/cmake --install /home/zeeshan/ros2_ws/build/simple_planner
