[0.035s] Invoking command in '/home/zeeshan/ros2_ws/build/configuration': CMAKE_PREFIX_PATH=/opt/ros/humble /usr/bin/cmake /home/zeeshan/ros2_ws/src/configuration -DCMAKE_INSTALL_PREFIX=/home/zeeshan/ros2_ws/install/configuration
[0.181s] -- The C compiler identification is GNU 11.4.0
[0.325s] -- The CXX compiler identification is GNU 11.4.0
[0.358s] -- Detecting C compiler ABI info
[0.590s] -- Detecting C compiler ABI info - done
[0.620s] -- Check for working C compiler: /usr/bin/cc - skipped
[0.629s] -- Detecting C compile features
[0.631s] -- Detecting C compile features - done
[0.639s] -- Detecting CXX compiler ABI info
[0.871s] -- Detecting CXX compiler ABI info - done
[0.901s] -- Check for working CXX compiler: /usr/bin/c++ - skipped
[0.901s] -- Detecting CXX compile features
[0.902s] -- Detecting CXX compile features - done
[0.916s] -- Found ament_cmake: 1.3.9 (/opt/ros/humble/share/ament_cmake/cmake)
[2.212s] -- Found Python3: /usr/bin/python3 (found version "3.10.12") found components: Interpreter 
[2.456s] -- Found ament_lint_auto: 0.12.11 (/opt/ros/humble/share/ament_lint_auto/cmake)
[2.748s] -- Added test 'lint_cmake' to check CMake code style
[2.753s] -- Added test 'xmllint' to check XML markup files
[2.762s] -- Configuring done
[2.786s] -- Generating done
[2.794s] -- Build files have been written to: /home/zeeshan/ros2_ws/build/configuration
[2.809s] Invoked command in '/home/zeeshan/ros2_ws/build/configuration' returned '0': CMAKE_PREFIX_PATH=/opt/ros/humble /usr/bin/cmake /home/zeeshan/ros2_ws/src/configuration -DCMAKE_INSTALL_PREFIX=/home/zeeshan/ros2_ws/install/configuration
[2.810s] Invoking command in '/home/zeeshan/ros2_ws/build/configuration': CMAKE_PREFIX_PATH=/opt/ros/humble /usr/bin/cmake --build /home/zeeshan/ros2_ws/build/configuration -- -j4 -l4
[2.907s] Invoked command in '/home/zeeshan/ros2_ws/build/configuration' returned '0': CMAKE_PREFIX_PATH=/opt/ros/humble /usr/bin/cmake --build /home/zeeshan/ros2_ws/build/configuration -- -j4 -l4
[2.967s] Invoking command in '/home/zeeshan/ros2_ws/build/configuration': CMAKE_PREFIX_PATH=/opt/ros/humble /usr/bin/cmake --install /home/zeeshan/ros2_ws/build/configuration
[2.987s] -- Install configuration: ""
[2.990s] -- Installing: /home/zeeshan/ros2_ws/install/configuration/share/ament_index/resource_index/package_run_dependencies/configuration
[2.995s] -- Installing: /home/zeeshan/ros2_ws/install/configuration/share/ament_index/resource_index/parent_prefix_path/configuration
[2.999s] -- Installing: /home/zeeshan/ros2_ws/install/configuration/share/configuration/environment/ament_prefix_path.sh
[3.002s] -- Installing: /home/zeeshan/ros2_ws/install/configuration/share/configuration/environment/ament_prefix_path.dsv
[3.006s] -- Installing: /home/zeeshan/ros2_ws/install/configuration/share/configuration/environment/path.sh
[3.008s] -- Installing: /home/zeeshan/ros2_ws/install/configuration/share/configuration/environment/path.dsv
[3.011s] -- Installing: /home/zeeshan/ros2_ws/install/configuration/share/configuration/local_setup.bash
[3.012s] -- Installing: /home/zeeshan/ros2_ws/install/configuration/share/configuration/local_setup.sh
[3.014s] -- Installing: /home/zeeshan/ros2_ws/install/configuration/share/configuration/local_setup.zsh
[3.017s] -- Installing: /home/zeeshan/ros2_ws/install/configuration/share/configuration/local_setup.dsv
[3.017s] -- Installing: /home/zeeshan/ros2_ws/install/configuration/share/configuration/package.dsv
[3.018s] -- Installing: /home/zeeshan/ros2_ws/install/configuration/share/ament_index/resource_index/packages/configuration
[3.019s] -- Installing: /home/zeeshan/ros2_ws/install/configuration/share/configuration/cmake/configurationConfig.cmake
[3.026s] -- Installing: /home/zeeshan/ros2_ws/install/configuration/share/configuration/cmake/configurationConfig-version.cmake
[3.027s] -- Installing: /home/zeeshan/ros2_ws/install/configuration/share/configuration/package.xml
[3.037s] Invoked command in '/home/zeeshan/ros2_ws/build/configuration' returned '0': CMAKE_PREFIX_PATH=/opt/ros/humble /usr/bin/cmake --install /home/zeeshan/ros2_ws/build/configuration
