[0.040s] Invoking command in '/home/zeeshan/ros2_ws/build/my_planner': CMAKE_PREFIX_PATH=${CMAKE_PREFIX_PATH}:/opt/ros/humble /usr/bin/cmake --build /home/zeeshan/ros2_ws/build/my_planner -- -j4 -l4
[0.186s] [100%] Built target planner_node
[0.266s] Invoked command in '/home/zeeshan/ros2_ws/build/my_planner' returned '0': CMAKE_PREFIX_PATH=${CMAKE_PREFIX_PATH}:/opt/ros/humble /usr/bin/cmake --build /home/zeeshan/ros2_ws/build/my_planner -- -j4 -l4
[0.608s] Invoking command in '/home/zeeshan/ros2_ws/build/my_planner': CMAKE_PREFIX_PATH=${CMAKE_PREFIX_PATH}:/opt/ros/humble /usr/bin/cmake --install /home/zeeshan/ros2_ws/build/my_planner
[0.656s] -- Install configuration: "Debug"
[0.664s] -- Execute custom install script
[0.669s] -- Up-to-date symlink: /home/zeeshan/ros2_ws/install/my_planner/lib/my_planner/planner_node
[0.672s] -- Up-to-date symlink: /home/zeeshan/ros2_ws/install/my_planner/share/my_planner/launch/display_launch.py
[0.674s] -- Up-to-date symlink: /home/zeeshan/ros2_ws/install/my_planner/share/my_planner/config/rviz_config.rviz
[0.677s] -- Up-to-date symlink: /home/zeeshan/ros2_ws/install/my_planner/share/ament_index/resource_index/package_run_dependencies/my_planner
[0.681s] -- Up-to-date symlink: /home/zeeshan/ros2_ws/install/my_planner/share/ament_index/resource_index/parent_prefix_path/my_planner
[0.684s] -- Up-to-date symlink: /home/zeeshan/ros2_ws/install/my_planner/share/my_planner/environment/ament_prefix_path.sh
[0.685s] -- Up-to-date symlink: /home/zeeshan/ros2_ws/install/my_planner/share/my_planner/environment/ament_prefix_path.dsv
[0.689s] -- Up-to-date symlink: /home/zeeshan/ros2_ws/install/my_planner/share/my_planner/environment/path.sh
[0.694s] -- Up-to-date symlink: /home/zeeshan/ros2_ws/install/my_planner/share/my_planner/environment/path.dsv
[0.694s] -- Up-to-date symlink: /home/zeeshan/ros2_ws/install/my_planner/share/my_planner/local_setup.bash
[0.698s] -- Up-to-date symlink: /home/zeeshan/ros2_ws/install/my_planner/share/my_planner/local_setup.sh
[0.700s] -- Up-to-date symlink: /home/zeeshan/ros2_ws/install/my_planner/share/my_planner/local_setup.zsh
[0.702s] -- Up-to-date symlink: /home/zeeshan/ros2_ws/install/my_planner/share/my_planner/local_setup.dsv
[0.706s] -- Symlinking: /home/zeeshan/ros2_ws/install/my_planner/share/my_planner/package.dsv
[0.725s] -- Up-to-date symlink: /home/zeeshan/ros2_ws/install/my_planner/share/ament_index/resource_index/packages/my_planner
[0.726s] -- Up-to-date symlink: /home/zeeshan/ros2_ws/install/my_planner/share/my_planner/cmake/my_plannerConfig.cmake
[0.726s] -- Up-to-date symlink: /home/zeeshan/ros2_ws/install/my_planner/share/my_planner/cmake/my_plannerConfig-version.cmake
[0.729s] -- Up-to-date symlink: /home/zeeshan/ros2_ws/install/my_planner/share/my_planner/package.xml
[0.731s] Invoked command in '/home/zeeshan/ros2_ws/build/my_planner' returned '0': CMAKE_PREFIX_PATH=${CMAKE_PREFIX_PATH}:/opt/ros/humble /usr/bin/cmake --install /home/zeeshan/ros2_ws/build/my_planner
