[0.079s] Invoking command in '/home/zeeshan/ros2_ws/build/simple_planner': CMAKE_PREFIX_PATH=${CMAKE_PREFIX_PATH}:/opt/ros/humble /usr/bin/cmake --build /home/zeeshan/ros2_ws/build/simple_planner -- -j4 -l4
[0.282s] [100%] Built target simple_planner
[0.376s] Invoked command in '/home/zeeshan/ros2_ws/build/simple_planner' returned '0': CMAKE_PREFIX_PATH=${CMAKE_PREFIX_PATH}:/opt/ros/humble /usr/bin/cmake --build /home/zeeshan/ros2_ws/build/simple_planner -- -j4 -l4
[0.587s] Invoking command in '/home/zeeshan/ros2_ws/build/simple_planner': CMAKE_PREFIX_PATH=${CMAKE_PREFIX_PATH}:/opt/ros/humble /usr/bin/cmake --install /home/zeeshan/ros2_ws/build/simple_planner
[0.614s] -- Install configuration: ""
[0.614s] -- Up-to-date: /home/zeeshan/ros2_ws/install/simple_planner/lib/simple_planner/simple_planner
[0.615s] -- Up-to-date: /home/zeeshan/ros2_ws/install/simple_planner/share/ament_index/resource_index/package_run_dependencies/simple_planner
[0.615s] -- Up-to-date: /home/zeeshan/ros2_ws/install/simple_planner/share/ament_index/resource_index/parent_prefix_path/simple_planner
[0.615s] -- Up-to-date: /home/zeeshan/ros2_ws/install/simple_planner/share/simple_planner/environment/ament_prefix_path.sh
[0.615s] -- Up-to-date: /home/zeeshan/ros2_ws/install/simple_planner/share/simple_planner/environment/ament_prefix_path.dsv
[0.615s] -- Up-to-date: /home/zeeshan/ros2_ws/install/simple_planner/share/simple_planner/environment/path.sh
[0.615s] -- Up-to-date: /home/zeeshan/ros2_ws/install/simple_planner/share/simple_planner/environment/path.dsv
[0.615s] -- Up-to-date: /home/zeeshan/ros2_ws/install/simple_planner/share/simple_planner/local_setup.bash
[0.616s] -- Up-to-date: /home/zeeshan/ros2_ws/install/simple_planner/share/simple_planner/local_setup.sh
[0.616s] -- Up-to-date: /home/zeeshan/ros2_ws/install/simple_planner/share/simple_planner/local_setup.zsh
[0.616s] -- Up-to-date: /home/zeeshan/ros2_ws/install/simple_planner/share/simple_planner/local_setup.dsv
[0.617s] -- Installing: /home/zeeshan/ros2_ws/install/simple_planner/share/simple_planner/package.dsv
[0.617s] -- Up-to-date: /home/zeeshan/ros2_ws/install/simple_planner/share/ament_index/resource_index/packages/simple_planner
[0.625s] -- Up-to-date: /home/zeeshan/ros2_ws/install/simple_planner/share/simple_planner/cmake/simple_plannerConfig.cmake
[0.626s] -- Up-to-date: /home/zeeshan/ros2_ws/install/simple_planner/share/simple_planner/cmake/simple_plannerConfig-version.cmake
[0.626s] -- Up-to-date: /home/zeeshan/ros2_ws/install/simple_planner/share/simple_planner/package.xml
[0.634s] Invoked command in '/home/zeeshan/ros2_ws/build/simple_planner' returned '0': CMAKE_PREFIX_PATH=${CMAKE_PREFIX_PATH}:/opt/ros/humble /usr/bin/cmake --install /home/zeeshan/ros2_ws/build/simple_planner
