[0.043s] Invoking command in '/home/zeeshan/ros2_ws/build/configuration': CMAKE_PREFIX_PATH=${CMAKE_PREFIX_PATH}:/opt/ros/humble /usr/bin/cmake /home/zeeshan/ros2_ws/src/configuration -DCMAKE_INSTALL_PREFIX=/home/zeeshan/ros2_ws/install/configuration
[0.248s] -- The C compiler identification is GNU 11.4.0
[0.477s] -- The CXX compiler identification is GNU 11.4.0
[0.503s] -- Detecting C compiler ABI info
[0.748s] -- Detecting C compiler ABI info - done
[0.807s] -- Check for working C compiler: /usr/bin/cc - skipped
[0.807s] -- Detecting C compile features
[0.807s] -- Detecting C compile features - done
[0.808s] -- Detecting CXX compiler ABI info
[1.067s] -- Detecting CXX compiler ABI info - done
[1.086s] -- Check for working CXX compiler: /usr/bin/c++ - skipped
[1.087s] -- Detecting CXX compile features
[1.089s] -- Detecting CXX compile features - done
[1.109s] -- Found ament_cmake: 1.3.9 (/opt/ros/humble/share/ament_cmake/cmake)
[2.038s] -- Found Python3: /usr/bin/python3 (found version "3.10.12") found components: Interpreter 
[2.247s] -- Found ament_lint_auto: 0.12.11 (/opt/ros/humble/share/ament_lint_auto/cmake)
[2.422s] -- Added test 'lint_cmake' to check CMake code style
[2.426s] -- Added test 'xmllint' to check XML markup files
[2.429s] -- Configuring done
[2.434s] -- Generating done
[2.436s] -- Build files have been written to: /home/zeeshan/ros2_ws/build/configuration
[2.444s] Invoked command in '/home/zeeshan/ros2_ws/build/configuration' returned '0': CMAKE_PREFIX_PATH=${CMAKE_PREFIX_PATH}:/opt/ros/humble /usr/bin/cmake /home/zeeshan/ros2_ws/src/configuration -DCMAKE_INSTALL_PREFIX=/home/zeeshan/ros2_ws/install/configuration
[2.446s] Invoking command in '/home/zeeshan/ros2_ws/build/configuration': CMAKE_PREFIX_PATH=${CMAKE_PREFIX_PATH}:/opt/ros/humble /usr/bin/cmake --build /home/zeeshan/ros2_ws/build/configuration -- -j4 -l4
[2.523s] Invoked command in '/home/zeeshan/ros2_ws/build/configuration' returned '0': CMAKE_PREFIX_PATH=${CMAKE_PREFIX_PATH}:/opt/ros/humble /usr/bin/cmake --build /home/zeeshan/ros2_ws/build/configuration -- -j4 -l4
[2.565s] Invoking command in '/home/zeeshan/ros2_ws/build/configuration': CMAKE_PREFIX_PATH=${CMAKE_PREFIX_PATH}:/opt/ros/humble /usr/bin/cmake --install /home/zeeshan/ros2_ws/build/configuration
[2.579s] -- Install configuration: ""
[2.580s] -- Installing: /home/zeeshan/ros2_ws/install/configuration/share/ament_index/resource_index/package_run_dependencies/configuration
[2.580s] -- Installing: /home/zeeshan/ros2_ws/install/configuration/share/ament_index/resource_index/parent_prefix_path/configuration
[2.580s] -- Up-to-date: /home/zeeshan/ros2_ws/install/configuration/share/configuration/environment/ament_prefix_path.sh
[2.580s] -- Installing: /home/zeeshan/ros2_ws/install/configuration/share/configuration/environment/ament_prefix_path.dsv
[2.581s] -- Up-to-date: /home/zeeshan/ros2_ws/install/configuration/share/configuration/environment/path.sh
[2.581s] -- Installing: /home/zeeshan/ros2_ws/install/configuration/share/configuration/environment/path.dsv
[2.581s] -- Installing: /home/zeeshan/ros2_ws/install/configuration/share/configuration/local_setup.bash
[2.581s] -- Installing: /home/zeeshan/ros2_ws/install/configuration/share/configuration/local_setup.sh
[2.582s] -- Installing: /home/zeeshan/ros2_ws/install/configuration/share/configuration/local_setup.zsh
[2.582s] -- Installing: /home/zeeshan/ros2_ws/install/configuration/share/configuration/local_setup.dsv
[2.582s] -- Installing: /home/zeeshan/ros2_ws/install/configuration/share/configuration/package.dsv
[2.583s] -- Installing: /home/zeeshan/ros2_ws/install/configuration/share/ament_index/resource_index/packages/configuration
[2.583s] -- Installing: /home/zeeshan/ros2_ws/install/configuration/share/configuration/cmake/configurationConfig.cmake
[2.583s] -- Installing: /home/zeeshan/ros2_ws/install/configuration/share/configuration/cmake/configurationConfig-version.cmake
[2.583s] -- Up-to-date: /home/zeeshan/ros2_ws/install/configuration/share/configuration/package.xml
[2.587s] Invoked command in '/home/zeeshan/ros2_ws/build/configuration' returned '0': CMAKE_PREFIX_PATH=${CMAKE_PREFIX_PATH}:/opt/ros/humble /usr/bin/cmake --install /home/zeeshan/ros2_ws/build/configuration
