[0.019s] Invoking command in '/home/zeeshan/ros2_ws/build/stage_ros2': CMAKE_PREFIX_PATH=/opt/ros/humble /usr/bin/cmake /home/zeeshan/ros2_ws/src/stage_ros2 -DAMENT_CMAKE_SYMLINK_INSTALL=1 -DCMAKE_INSTALL_PREFIX=/home/zeeshan/ros2_ws/install/stage_ros2
[0.042s] -- Found ament_cmake: 1.3.9 (/opt/ros/humble/share/ament_cmake/cmake)
[0.267s] -- Override CMake install command with custom implementation using symlinks instead of copying resources
[0.280s] -- Found rclcpp: 16.0.9 (/opt/ros/humble/share/rclcpp/cmake)
[0.334s] -- Found rosidl_generator_c: 3.1.5 (/opt/ros/humble/share/rosidl_generator_c/cmake)
[0.340s] -- Found rosidl_adapter: 3.1.5 (/opt/ros/humble/share/rosidl_adapter/cmake)
[0.352s] -- Found rosidl_generator_cpp: 3.1.5 (/opt/ros/humble/share/rosidl_generator_cpp/cmake)
[0.375s] -- Using all available rosidl_typesupport_c: rosidl_typesupport_fastrtps_c;rosidl_typesupport_introspection_c
[0.409s] -- Using all available rosidl_typesupport_cpp: rosidl_typesupport_fastrtps_cpp;rosidl_typesupport_introspection_cpp
[0.536s] -- Found rmw_implementation_cmake: 6.1.2 (/opt/ros/humble/share/rmw_implementation_cmake/cmake)
[0.539s] -- Found rmw_fastrtps_cpp: 6.2.6 (/opt/ros/humble/share/rmw_fastrtps_cpp/cmake)
[0.756s] -- Using RMW implementation 'rmw_fastrtps_cpp' as default
[1.126s] -- Found rclcpp_components: 16.0.9 (/opt/ros/humble/share/rclcpp_components/cmake)
[1.263s] -- Found sensor_msgs: 4.2.4 (/opt/ros/humble/share/sensor_msgs/cmake)
[1.565s] -- Found nav_msgs: 4.2.4 (/opt/ros/humble/share/nav_msgs/cmake)
[1.785s] [31mCMake Error at CMakeLists.txt:21 (find_package):
[1.785s]   By not providing "Findstage.cmake" in CMAKE_MODULE_PATH this project has
[1.785s]   asked CMake to find a package configuration file provided by "stage", but
[1.785s]   CMake did not find one.
[1.785s] 
[1.785s]   Could not find a package configuration file provided by "stage" with any of
[1.785s]   the following names:
[1.786s] 
[1.786s]     stageConfig.cmake
[1.786s]     stage-config.cmake
[1.786s] 
[1.786s]   Add the installation prefix of "stage" to CMAKE_PREFIX_PATH or set
[1.786s]   "stage_DIR" to a directory containing one of the above files.  If "stage"
[1.786s]   provides a separate development package or SDK, be sure it has been
[1.787s]   installed.
[1.787s] 
[1.787s] [0m
[1.787s] -- Configuring incomplete, errors occurred!
[1.787s] See also "/home/zeeshan/ros2_ws/build/stage_ros2/CMakeFiles/CMakeOutput.log".
[1.797s] Invoked command in '/home/zeeshan/ros2_ws/build/stage_ros2' returned '1': CMAKE_PREFIX_PATH=/opt/ros/humble /usr/bin/cmake /home/zeeshan/ros2_ws/src/stage_ros2 -DAMENT_CMAKE_SYMLINK_INSTALL=1 -DCMAKE_INSTALL_PREFIX=/home/zeeshan/ros2_ws/install/stage_ros2
