[35m[1mConsolidate compiler generated dependencies of target planner_node[0m
[ 50%] [32mBuilding CXX object CMakeFiles/planner_node.dir/src/planner_node.cpp.o[0m
[100%] [32m[1mLinking CXX executable planner_node[0m
[100%] Built target planner_node
-- Install configuration: ""
-- Installing: /home/zeeshan/ros2_ws/install/planner/lib/planner/planner_node
-- Set runtime path of "/home/zeeshan/ros2_ws/install/planner/lib/planner/planner_node" to ""
-- Up-to-date: /home/zeeshan/ros2_ws/install/planner/share/planner/launch
-- Installing: /home/zeeshan/ros2_ws/install/planner/share/planner/launch/planner_launch.py
-- Up-to-date: /home/zeeshan/ros2_ws/install/planner/share/ament_index/resource_index/package_run_dependencies/planner
-- Up-to-date: /home/zeeshan/ros2_ws/install/planner/share/ament_index/resource_index/parent_prefix_path/planner
-- Up-to-date: /home/zeeshan/ros2_ws/install/planner/share/planner/environment/ament_prefix_path.sh
-- Up-to-date: /home/zeeshan/ros2_ws/install/planner/share/planner/environment/ament_prefix_path.dsv
-- Up-to-date: /home/zeeshan/ros2_ws/install/planner/share/planner/environment/path.sh
-- Up-to-date: /home/zeeshan/ros2_ws/install/planner/share/planner/environment/path.dsv
-- Up-to-date: /home/zeeshan/ros2_ws/install/planner/share/planner/local_setup.bash
-- Up-to-date: /home/zeeshan/ros2_ws/install/planner/share/planner/local_setup.sh
-- Up-to-date: /home/zeeshan/ros2_ws/install/planner/share/planner/local_setup.zsh
-- Up-to-date: /home/zeeshan/ros2_ws/install/planner/share/planner/local_setup.dsv
-- Installing: /home/zeeshan/ros2_ws/install/planner/share/planner/package.dsv
-- Up-to-date: /home/zeeshan/ros2_ws/install/planner/share/ament_index/resource_index/packages/planner
-- Up-to-date: /home/zeeshan/ros2_ws/install/planner/share/planner/cmake/plannerConfig.cmake
-- Up-to-date: /home/zeeshan/ros2_ws/install/planner/share/planner/cmake/plannerConfig-version.cmake
-- Up-to-date: /home/zeeshan/ros2_ws/install/planner/share/planner/package.xml
