[0.022s] Invoking command in '/home/zeeshan/ros2_ws/build/planner': CMAKE_PREFIX_PATH=${CMAKE_PREFIX_PATH}:/opt/ros/humble /usr/bin/cmake --build /home/zeeshan/ros2_ws/build/planner -- -j4 -l4
[0.103s] [35m[1mConsolidate compiler generated dependencies of target planner_node[0m
[0.139s] [ 50%] [32mBuilding CXX object CMakeFiles/planner_node.dir/src/planner_node.cpp.o[0m
[9.882s] [100%] [32m[1mLinking CXX executable planner_node[0m
[10.442s] [100%] Built target planner_node
[10.464s] Invoked command in '/home/zeeshan/ros2_ws/build/planner' returned '0': CMAKE_PREFIX_PATH=${CMAKE_PREFIX_PATH}:/opt/ros/humble /usr/bin/cmake --build /home/zeeshan/ros2_ws/build/planner -- -j4 -l4
[10.525s] Invoking command in '/home/zeeshan/ros2_ws/build/planner': CMAKE_PREFIX_PATH=${CMAKE_PREFIX_PATH}:/opt/ros/humble /usr/bin/cmake --install /home/zeeshan/ros2_ws/build/planner
[10.540s] -- Install configuration: ""
[10.540s] -- Installing: /home/zeeshan/ros2_ws/install/planner/lib/planner/planner_node
[10.544s] -- Set runtime path of "/home/zeeshan/ros2_ws/install/planner/lib/planner/planner_node" to ""
[10.544s] -- Up-to-date: /home/zeeshan/ros2_ws/install/planner/share/planner/launch
[10.544s] -- Installing: /home/zeeshan/ros2_ws/install/planner/share/planner/launch/planner_launch.py
[10.545s] -- Up-to-date: /home/zeeshan/ros2_ws/install/planner/share/ament_index/resource_index/package_run_dependencies/planner
[10.545s] -- Up-to-date: /home/zeeshan/ros2_ws/install/planner/share/ament_index/resource_index/parent_prefix_path/planner
[10.545s] -- Up-to-date: /home/zeeshan/ros2_ws/install/planner/share/planner/environment/ament_prefix_path.sh
[10.545s] -- Up-to-date: /home/zeeshan/ros2_ws/install/planner/share/planner/environment/ament_prefix_path.dsv
[10.545s] -- Up-to-date: /home/zeeshan/ros2_ws/install/planner/share/planner/environment/path.sh
[10.546s] -- Up-to-date: /home/zeeshan/ros2_ws/install/planner/share/planner/environment/path.dsv
[10.546s] -- Up-to-date: /home/zeeshan/ros2_ws/install/planner/share/planner/local_setup.bash
[10.546s] -- Up-to-date: /home/zeeshan/ros2_ws/install/planner/share/planner/local_setup.sh
[10.546s] -- Up-to-date: /home/zeeshan/ros2_ws/install/planner/share/planner/local_setup.zsh
[10.546s] -- Up-to-date: /home/zeeshan/ros2_ws/install/planner/share/planner/local_setup.dsv
[10.546s] -- Installing: /home/zeeshan/ros2_ws/install/planner/share/planner/package.dsv
[10.547s] -- Up-to-date: /home/zeeshan/ros2_ws/install/planner/share/ament_index/resource_index/packages/planner
[10.547s] -- Up-to-date: /home/zeeshan/ros2_ws/install/planner/share/planner/cmake/plannerConfig.cmake
[10.547s] -- Up-to-date: /home/zeeshan/ros2_ws/install/planner/share/planner/cmake/plannerConfig-version.cmake
[10.547s] -- Up-to-date: /home/zeeshan/ros2_ws/install/planner/share/planner/package.xml
[10.550s] Invoked command in '/home/zeeshan/ros2_ws/build/planner' returned '0': CMAKE_PREFIX_PATH=${CMAKE_PREFIX_PATH}:/opt/ros/humble /usr/bin/cmake --install /home/zeeshan/ros2_ws/build/planner
