[0.032s] Invoking command in '/home/zeeshan/ros2_ws/build/planner': CMAKE_PREFIX_PATH=/opt/ros/humble /usr/bin/cmake /home/zeeshan/ros2_ws/src/planner -DOpenGL_GL_PREFERENCE=LEGACY -DAMENT_CMAKE_SYMLINK_INSTALL=1 -DCMAKE_INSTALL_PREFIX=/home/zeeshan/ros2_ws/install/planner
[0.095s] -- Found ament_cmake: 1.3.9 (/opt/ros/humble/share/ament_cmake/cmake)
[0.371s] -- Override CMake install command with custom implementation using symlinks instead of copying resources
[0.409s] -- Found rclcpp: 16.0.9 (/opt/ros/humble/share/rclcpp/cmake)
[0.488s] -- Found rosidl_generator_c: 3.1.5 (/opt/ros/humble/share/rosidl_generator_c/cmake)
[0.496s] -- Found rosidl_adapter: 3.1.5 (/opt/ros/humble/share/rosidl_adapter/cmake)
[0.514s] -- Found rosidl_generator_cpp: 3.1.5 (/opt/ros/humble/share/rosidl_generator_cpp/cmake)
[0.551s] -- Using all available rosidl_typesupport_c: rosidl_typesupport_fastrtps_c;rosidl_typesupport_introspection_c
[0.594s] -- Using all available rosidl_typesupport_cpp: rosidl_typesupport_fastrtps_cpp;rosidl_typesupport_introspection_cpp
[0.754s] -- Found rmw_implementation_cmake: 6.1.2 (/opt/ros/humble/share/rmw_implementation_cmake/cmake)
[0.759s] -- Found rmw_fastrtps_cpp: 6.2.6 (/opt/ros/humble/share/rmw_fastrtps_cpp/cmake)
[1.015s] -- Using RMW implementation 'rmw_fastrtps_cpp' as default
[1.443s] -- Found nav_msgs: 4.2.4 (/opt/ros/humble/share/nav_msgs/cmake)
[1.781s] -- Found visualization_msgs: 4.2.4 (/opt/ros/humble/share/visualization_msgs/cmake)
[2.358s] -- Found tf2_ros: 0.25.7 (/opt/ros/humble/share/tf2_ros/cmake)
[3.245s] -- Found tf2_geometry_msgs: 0.25.7 (/opt/ros/humble/share/tf2_geometry_msgs/cmake)
[3.258s] -- Found eigen3_cmake_module: 0.1.1 (/opt/ros/humble/share/eigen3_cmake_module/cmake)
[3.261s] -- Ensuring Eigen3 include directory is part of orocos-kdl CMake target
[3.436s] -- Configuring done
[3.471s] -- Generating done
[3.474s] [33mCMake Warning:
[3.474s]   Manually-specified variables were not used by the project:
[3.475s] 
[3.475s]     OpenGL_GL_PREFERENCE
[3.475s] 
[3.475s] [0m
[3.476s] -- Build files have been written to: /home/zeeshan/ros2_ws/build/planner
[3.493s] Invoked command in '/home/zeeshan/ros2_ws/build/planner' returned '0': CMAKE_PREFIX_PATH=/opt/ros/humble /usr/bin/cmake /home/zeeshan/ros2_ws/src/planner -DOpenGL_GL_PREFERENCE=LEGACY -DAMENT_CMAKE_SYMLINK_INSTALL=1 -DCMAKE_INSTALL_PREFIX=/home/zeeshan/ros2_ws/install/planner
[3.497s] Invoking command in '/home/zeeshan/ros2_ws/build/planner': CMAKE_PREFIX_PATH=/opt/ros/humble /usr/bin/cmake --build /home/zeeshan/ros2_ws/build/planner -- -j4 -l4
[3.579s] [35m[1mConsolidate compiler generated dependencies of target planner_node[0m
[3.650s] [ 50%] [32m[1mLinking CXX executable planner_node[0m
[5.523s] [100%] Built target planner_node
