[0.056s] Invoking command in '/home/zeeshan/ros2_ws/build/my_planner': CMAKE_PREFIX_PATH=/opt/ros/humble /usr/bin/cmake --build /home/zeeshan/ros2_ws/build/my_planner -- -j4 -l4
[0.270s] [100%] Built target planner_node
[0.346s] Invoked command in '/home/zeeshan/ros2_ws/build/my_planner' returned '0': CMAKE_PREFIX_PATH=/opt/ros/humble /usr/bin/cmake --build /home/zeeshan/ros2_ws/build/my_planner -- -j4 -l4
[0.705s] Invoking command in '/home/zeeshan/ros2_ws/build/my_planner': CMAKE_PREFIX_PATH=/opt/ros/humble /usr/bin/cmake --install /home/zeeshan/ros2_ws/build/my_planner
[0.758s] -- Install configuration: "Debug"
[0.758s] -- Execute custom install script
[0.758s] -- Up-to-date symlink: /home/zeeshan/ros2_ws/install/my_planner/lib/my_planner/planner_node
[0.759s] -- Up-to-date symlink: /home/zeeshan/ros2_ws/install/my_planner/share/my_planner/launch/display_launch.py
[0.760s] -- Up-to-date symlink: /home/zeeshan/ros2_ws/install/my_planner/share/my_planner/config/rviz_config.rviz
[0.760s] -- Up-to-date symlink: /home/zeeshan/ros2_ws/install/my_planner/share/ament_index/resource_index/package_run_dependencies/my_planner
[0.760s] -- Up-to-date symlink: /home/zeeshan/ros2_ws/install/my_planner/share/ament_index/resource_index/parent_prefix_path/my_planner
[0.761s] -- Up-to-date symlink: /home/zeeshan/ros2_ws/install/my_planner/share/my_planner/environment/ament_prefix_path.sh
[0.761s] -- Up-to-date symlink: /home/zeeshan/ros2_ws/install/my_planner/share/my_planner/environment/ament_prefix_path.dsv
[0.762s] -- Up-to-date symlink: /home/zeeshan/ros2_ws/install/my_planner/share/my_planner/environment/path.sh
[0.762s] -- Up-to-date symlink: /home/zeeshan/ros2_ws/install/my_planner/share/my_planner/environment/path.dsv
[0.763s] -- Up-to-date symlink: /home/zeeshan/ros2_ws/install/my_planner/share/my_planner/local_setup.bash
[0.763s] -- Up-to-date symlink: /home/zeeshan/ros2_ws/install/my_planner/share/my_planner/local_setup.sh
[0.763s] -- Up-to-date symlink: /home/zeeshan/ros2_ws/install/my_planner/share/my_planner/local_setup.zsh
[0.764s] -- Up-to-date symlink: /home/zeeshan/ros2_ws/install/my_planner/share/my_planner/local_setup.dsv
[0.764s] -- Symlinking: /home/zeeshan/ros2_ws/install/my_planner/share/my_planner/package.dsv
[0.825s] -- Up-to-date symlink: /home/zeeshan/ros2_ws/install/my_planner/share/ament_index/resource_index/packages/my_planner
[0.826s] -- Up-to-date symlink: /home/zeeshan/ros2_ws/install/my_planner/share/my_planner/cmake/my_plannerConfig.cmake
[0.829s] -- Up-to-date symlink: /home/zeeshan/ros2_ws/install/my_planner/share/my_planner/cmake/my_plannerConfig-version.cmake
[0.843s] -- Up-to-date symlink: /home/zeeshan/ros2_ws/install/my_planner/share/my_planner/package.xml
[0.844s] Invoked command in '/home/zeeshan/ros2_ws/build/my_planner' returned '0': CMAKE_PREFIX_PATH=/opt/ros/humble /usr/bin/cmake --install /home/zeeshan/ros2_ws/build/my_planner
