[0.022s] Invoking command in '/home/zeeshan/ros2_ws/build/planner': CMAKE_PREFIX_PATH=${CMAKE_PREFIX_PATH}:/opt/ros/humble /usr/bin/cmake --build /home/zeeshan/ros2_ws/build/planner -- -j4 -l4
[0.072s] -- Found ament_cmake: 1.3.9 (/opt/ros/humble/share/ament_cmake/cmake)
[0.350s] -- Found rclcpp: 16.0.9 (/opt/ros/humble/share/rclcpp/cmake)
[0.420s] -- Found rosidl_generator_c: 3.1.5 (/opt/ros/humble/share/rosidl_generator_c/cmake)
[0.429s] -- Found rosidl_adapter: 3.1.5 (/opt/ros/humble/share/rosidl_adapter/cmake)
[0.446s] -- Found rosidl_generator_cpp: 3.1.5 (/opt/ros/humble/share/rosidl_generator_cpp/cmake)
[0.473s] -- Using all available rosidl_typesupport_c: rosidl_typesupport_fastrtps_c;rosidl_typesupport_introspection_c
[0.511s] -- Using all available rosidl_typesupport_cpp: rosidl_typesupport_fastrtps_cpp;rosidl_typesupport_introspection_cpp
[0.653s] -- Found rmw_implementation_cmake: 6.1.2 (/opt/ros/humble/share/rmw_implementation_cmake/cmake)
[0.657s] -- Found rmw_fastrtps_cpp: 6.2.6 (/opt/ros/humble/share/rmw_fastrtps_cpp/cmake)
[0.885s] -- Using RMW implementation 'rmw_fastrtps_cpp' as default
[1.275s] -- Found nav_msgs: 4.2.4 (/opt/ros/humble/share/nav_msgs/cmake)
[1.592s] -- Found sensor_msgs: 4.2.4 (/opt/ros/humble/share/sensor_msgs/cmake)
[1.802s] -- Found visualization_msgs: 4.2.4 (/opt/ros/humble/share/visualization_msgs/cmake)
[2.253s] -- Configuring done
[2.277s] -- Generating done
[2.280s] -- Build files have been written to: /home/zeeshan/ros2_ws/build/planner
[2.331s] [35m[1mConsolidate compiler generated dependencies of target planner_node[0m
[2.369s] [ 50%] [32mBuilding CXX object CMakeFiles/planner_node.dir/src/planner_node.cpp.o[0m
[11.927s] [100%] [32m[1mLinking CXX executable planner_node[0m
[12.568s] [100%] Built target planner_node
[12.590s] Invoked command in '/home/zeeshan/ros2_ws/build/planner' returned '0': CMAKE_PREFIX_PATH=${CMAKE_PREFIX_PATH}:/opt/ros/humble /usr/bin/cmake --build /home/zeeshan/ros2_ws/build/planner -- -j4 -l4
[12.655s] Invoking command in '/home/zeeshan/ros2_ws/build/planner': CMAKE_PREFIX_PATH=${CMAKE_PREFIX_PATH}:/opt/ros/humble /usr/bin/cmake --install /home/zeeshan/ros2_ws/build/planner
[12.670s] -- Install configuration: ""
[12.670s] -- Installing: /home/zeeshan/ros2_ws/install/planner/lib/planner/planner_node
[12.675s] -- Set runtime path of "/home/zeeshan/ros2_ws/install/planner/lib/planner/planner_node" to ""
[12.675s] -- Up-to-date: /home/zeeshan/ros2_ws/install/planner/share/ament_index/resource_index/package_run_dependencies/planner
[12.675s] -- Installing: /home/zeeshan/ros2_ws/install/planner/share/ament_index/resource_index/parent_prefix_path/planner
[12.675s] -- Up-to-date: /home/zeeshan/ros2_ws/install/planner/share/planner/environment/ament_prefix_path.sh
[12.676s] -- Installing: /home/zeeshan/ros2_ws/install/planner/share/planner/environment/ament_prefix_path.dsv
[12.676s] -- Up-to-date: /home/zeeshan/ros2_ws/install/planner/share/planner/environment/path.sh
[12.676s] -- Installing: /home/zeeshan/ros2_ws/install/planner/share/planner/environment/path.dsv
[12.676s] -- Up-to-date: /home/zeeshan/ros2_ws/install/planner/share/planner/local_setup.bash
[12.677s] -- Up-to-date: /home/zeeshan/ros2_ws/install/planner/share/planner/local_setup.sh
[12.677s] -- Up-to-date: /home/zeeshan/ros2_ws/install/planner/share/planner/local_setup.zsh
[12.677s] -- Installing: /home/zeeshan/ros2_ws/install/planner/share/planner/local_setup.dsv
[12.677s] -- Installing: /home/zeeshan/ros2_ws/install/planner/share/planner/package.dsv
[12.677s] -- Up-to-date: /home/zeeshan/ros2_ws/install/planner/share/ament_index/resource_index/packages/planner
[12.677s] -- Up-to-date: /home/zeeshan/ros2_ws/install/planner/share/planner/cmake/plannerConfig.cmake
[12.678s] -- Up-to-date: /home/zeeshan/ros2_ws/install/planner/share/planner/cmake/plannerConfig-version.cmake
[12.678s] -- Up-to-date: /home/zeeshan/ros2_ws/install/planner/share/planner/package.xml
[12.682s] Invoked command in '/home/zeeshan/ros2_ws/build/planner' returned '0': CMAKE_PREFIX_PATH=${CMAKE_PREFIX_PATH}:/opt/ros/humble /usr/bin/cmake --install /home/zeeshan/ros2_ws/build/planner
