[0.221s] DEBUG:colcon:Command line arguments: ['/usr/bin/colcon', 'build']
[0.221s] DEBUG:colcon:Parsed command line arguments: Namespace(log_base=None, log_level=None, verb_name='build', build_base='build', install_base='install', merge_install=False, symlink_install=False, test_result_base=None, continue_on_error=False, executor='parallel', parallel_workers=4, event_handlers=None, ignore_user_meta=False, metas=['./colcon.meta'], base_paths=['.'], packages_ignore=None, packages_ignore_regex=None, paths=None, packages_up_to=None, packages_up_to_regex=None, packages_above=None, packages_above_and_dependencies=None, packages_above_depth=None, packages_select_by_dep=None, packages_skip_by_dep=None, packages_skip_up_to=None, packages_select_build_failed=False, packages_skip_build_finished=False, packages_select_test_failures=False, packages_skip_test_passed=False, packages_select=None, packages_skip=None, packages_select_regex=None, packages_skip_regex=None, packages_start=None, packages_end=None, allow_overriding=[], cmake_args=None, cmake_target=None, cmake_target_skip_unavailable=False, cmake_clean_cache=False, cmake_clean_first=False, cmake_force_configure=False, ament_cmake_args=None, catkin_cmake_args=None, catkin_skip_building_tests=False, mixin_files=None, mixin=None, verb_parser=<colcon_mixin.mixin.mixin_argument.MixinArgumentDecorator object at 0x7bf373a32e00>, verb_extension=<colcon_core.verb.build.BuildVerb object at 0x7bf373b1ff40>, main=<bound method BuildVerb.main of <colcon_core.verb.build.BuildVerb object at 0x7bf373b1ff40>>, mixin_verb=('build',))
[0.367s] Level 1:colcon.colcon_core.package_discovery:discover_packages(colcon_meta) check parameters
[0.367s] Level 1:colcon.colcon_core.package_discovery:discover_packages(recursive) check parameters
[0.367s] Level 1:colcon.colcon_core.package_discovery:discover_packages(ignore) check parameters
[0.367s] Level 1:colcon.colcon_core.package_discovery:discover_packages(path) check parameters
[0.367s] Level 1:colcon.colcon_core.package_discovery:discover_packages(colcon_meta) discover
[0.367s] Level 1:colcon.colcon_core.package_discovery:discover_packages(recursive) discover
[0.367s] INFO:colcon.colcon_core.package_discovery:Crawling recursively for packages in '/home/zeeshan/ros2_ws'
[0.368s] Level 1:colcon.colcon_core.package_identification:_identify(.) by extensions ['ignore', 'ignore_ament_install']
[0.368s] Level 1:colcon.colcon_core.package_identification:_identify(.) by extension 'ignore'
[0.368s] Level 1:colcon.colcon_core.package_identification:_identify(.) by extension 'ignore_ament_install'
[0.368s] Level 1:colcon.colcon_core.package_identification:_identify(.) by extensions ['colcon_pkg']
[0.368s] Level 1:colcon.colcon_core.package_identification:_identify(.) by extension 'colcon_pkg'
[0.368s] Level 1:colcon.colcon_core.package_identification:_identify(.) by extensions ['colcon_meta']
[0.368s] Level 1:colcon.colcon_core.package_identification:_identify(.) by extension 'colcon_meta'
[0.368s] Level 1:colcon.colcon_core.package_identification:_identify(.) by extensions ['ros']
[0.368s] Level 1:colcon.colcon_core.package_identification:_identify(.) by extension 'ros'
[0.374s] Level 1:colcon.colcon_core.package_identification:_identify(.) by extensions ['cmake', 'python']
[0.374s] Level 1:colcon.colcon_core.package_identification:_identify(.) by extension 'cmake'
[0.374s] Level 1:colcon.colcon_core.package_identification:_identify(.) by extension 'python'
[0.375s] Level 1:colcon.colcon_core.package_identification:_identify(.) by extensions ['python_setup_py']
[0.375s] Level 1:colcon.colcon_core.package_identification:_identify(.) by extension 'python_setup_py'
[0.375s] Level 1:colcon.colcon_core.package_identification:_identify(build) by extensions ['ignore', 'ignore_ament_install']
[0.375s] Level 1:colcon.colcon_core.package_identification:_identify(build) by extension 'ignore'
[0.375s] Level 1:colcon.colcon_core.package_identification:_identify(build) ignored
[0.375s] Level 1:colcon.colcon_core.package_identification:_identify(install) by extensions ['ignore', 'ignore_ament_install']
[0.376s] Level 1:colcon.colcon_core.package_identification:_identify(install) by extension 'ignore'
[0.376s] Level 1:colcon.colcon_core.package_identification:_identify(install) ignored
[0.376s] Level 1:colcon.colcon_core.package_identification:_identify(log) by extensions ['ignore', 'ignore_ament_install']
[0.376s] Level 1:colcon.colcon_core.package_identification:_identify(log) by extension 'ignore'
[0.376s] Level 1:colcon.colcon_core.package_identification:_identify(log) ignored
[0.376s] Level 1:colcon.colcon_core.package_identification:_identify(src) by extensions ['ignore', 'ignore_ament_install']
[0.377s] Level 1:colcon.colcon_core.package_identification:_identify(src) by extension 'ignore'
[0.377s] Level 1:colcon.colcon_core.package_identification:_identify(src) by extension 'ignore_ament_install'
[0.377s] Level 1:colcon.colcon_core.package_identification:_identify(src) by extensions ['colcon_pkg']
[0.377s] Level 1:colcon.colcon_core.package_identification:_identify(src) by extension 'colcon_pkg'
[0.377s] Level 1:colcon.colcon_core.package_identification:_identify(src) by extensions ['colcon_meta']
[0.377s] Level 1:colcon.colcon_core.package_identification:_identify(src) by extension 'colcon_meta'
[0.377s] Level 1:colcon.colcon_core.package_identification:_identify(src) by extensions ['ros']
[0.377s] Level 1:colcon.colcon_core.package_identification:_identify(src) by extension 'ros'
[0.378s] Level 1:colcon.colcon_core.package_identification:_identify(src) by extensions ['cmake', 'python']
[0.378s] Level 1:colcon.colcon_core.package_identification:_identify(src) by extension 'cmake'
[0.378s] Level 1:colcon.colcon_core.package_identification:_identify(src) by extension 'python'
[0.378s] Level 1:colcon.colcon_core.package_identification:_identify(src) by extensions ['python_setup_py']
[0.378s] Level 1:colcon.colcon_core.package_identification:_identify(src) by extension 'python_setup_py'
[0.378s] Level 1:colcon.colcon_core.package_identification:_identify(src/Stage) by extensions ['ignore', 'ignore_ament_install']
[0.378s] Level 1:colcon.colcon_core.package_identification:_identify(src/Stage) by extension 'ignore'
[0.378s] Level 1:colcon.colcon_core.package_identification:_identify(src/Stage) by extension 'ignore_ament_install'
[0.378s] Level 1:colcon.colcon_core.package_identification:_identify(src/Stage) by extensions ['colcon_pkg']
[0.379s] Level 1:colcon.colcon_core.package_identification:_identify(src/Stage) by extension 'colcon_pkg'
[0.379s] Level 1:colcon.colcon_core.package_identification:_identify(src/Stage) by extensions ['colcon_meta']
[0.379s] Level 1:colcon.colcon_core.package_identification:_identify(src/Stage) by extension 'colcon_meta'
[0.379s] Level 1:colcon.colcon_core.package_identification:_identify(src/Stage) by extensions ['ros']
[0.379s] Level 1:colcon.colcon_core.package_identification:_identify(src/Stage) by extension 'ros'
[0.379s] Level 1:colcon.colcon_core.package_identification:_identify(src/Stage) by extensions ['cmake', 'python']
[0.379s] Level 1:colcon.colcon_core.package_identification:_identify(src/Stage) by extension 'cmake'
[0.387s] Level 1:colcon.colcon_core.package_identification:_identify(src/Stage) by extension 'python'
[0.387s] DEBUG:colcon.colcon_core.package_identification:Package 'src/Stage' with type 'cmake' and name 'Stage'
[0.388s] Level 1:colcon.colcon_core.package_identification:_identify(src/configuration) by extensions ['ignore', 'ignore_ament_install']
[0.388s] Level 1:colcon.colcon_core.package_identification:_identify(src/configuration) by extension 'ignore'
[0.388s] Level 1:colcon.colcon_core.package_identification:_identify(src/configuration) by extension 'ignore_ament_install'
[0.388s] Level 1:colcon.colcon_core.package_identification:_identify(src/configuration) by extensions ['colcon_pkg']
[0.388s] Level 1:colcon.colcon_core.package_identification:_identify(src/configuration) by extension 'colcon_pkg'
[0.388s] Level 1:colcon.colcon_core.package_identification:_identify(src/configuration) by extensions ['colcon_meta']
[0.388s] Level 1:colcon.colcon_core.package_identification:_identify(src/configuration) by extension 'colcon_meta'
[0.388s] Level 1:colcon.colcon_core.package_identification:_identify(src/configuration) by extensions ['ros']
[0.388s] Level 1:colcon.colcon_core.package_identification:_identify(src/configuration) by extension 'ros'
[0.393s] DEBUG:colcon.colcon_core.package_identification:Package 'src/configuration' with type 'ros.ament_cmake' and name 'configuration'
[0.393s] Level 1:colcon.colcon_core.package_identification:_identify(src/my_planner) by extensions ['ignore', 'ignore_ament_install']
[0.393s] Level 1:colcon.colcon_core.package_identification:_identify(src/my_planner) by extension 'ignore'
[0.393s] Level 1:colcon.colcon_core.package_identification:_identify(src/my_planner) by extension 'ignore_ament_install'
[0.394s] Level 1:colcon.colcon_core.package_identification:_identify(src/my_planner) by extensions ['colcon_pkg']
[0.394s] Level 1:colcon.colcon_core.package_identification:_identify(src/my_planner) by extension 'colcon_pkg'
[0.394s] Level 1:colcon.colcon_core.package_identification:_identify(src/my_planner) by extensions ['colcon_meta']
[0.394s] Level 1:colcon.colcon_core.package_identification:_identify(src/my_planner) by extension 'colcon_meta'
[0.394s] Level 1:colcon.colcon_core.package_identification:_identify(src/my_planner) by extensions ['ros']
[0.394s] Level 1:colcon.colcon_core.package_identification:_identify(src/my_planner) by extension 'ros'
[0.396s] DEBUG:colcon.colcon_core.package_identification:Package 'src/my_planner' with type 'ros.ament_cmake' and name 'my_planner'
[0.396s] Level 1:colcon.colcon_core.package_identification:_identify(src/planner) by extensions ['ignore', 'ignore_ament_install']
[0.396s] Level 1:colcon.colcon_core.package_identification:_identify(src/planner) by extension 'ignore'
[0.396s] Level 1:colcon.colcon_core.package_identification:_identify(src/planner) by extension 'ignore_ament_install'
[0.396s] Level 1:colcon.colcon_core.package_identification:_identify(src/planner) by extensions ['colcon_pkg']
[0.396s] Level 1:colcon.colcon_core.package_identification:_identify(src/planner) by extension 'colcon_pkg'
[0.397s] Level 1:colcon.colcon_core.package_identification:_identify(src/planner) by extensions ['colcon_meta']
[0.397s] Level 1:colcon.colcon_core.package_identification:_identify(src/planner) by extension 'colcon_meta'
[0.397s] Level 1:colcon.colcon_core.package_identification:_identify(src/planner) by extensions ['ros']
[0.397s] Level 1:colcon.colcon_core.package_identification:_identify(src/planner) by extension 'ros'
[0.398s] DEBUG:colcon.colcon_core.package_identification:Package 'src/planner' with type 'ros.ament_cmake' and name 'planner'
[0.398s] Level 1:colcon.colcon_core.package_identification:_identify(src/simple_planner) by extensions ['ignore', 'ignore_ament_install']
[0.399s] Level 1:colcon.colcon_core.package_identification:_identify(src/simple_planner) by extension 'ignore'
[0.399s] Level 1:colcon.colcon_core.package_identification:_identify(src/simple_planner) by extension 'ignore_ament_install'
[0.399s] Level 1:colcon.colcon_core.package_identification:_identify(src/simple_planner) by extensions ['colcon_pkg']
[0.399s] Level 1:colcon.colcon_core.package_identification:_identify(src/simple_planner) by extension 'colcon_pkg'
[0.399s] Level 1:colcon.colcon_core.package_identification:_identify(src/simple_planner) by extensions ['colcon_meta']
[0.399s] Level 1:colcon.colcon_core.package_identification:_identify(src/simple_planner) by extension 'colcon_meta'
[0.399s] Level 1:colcon.colcon_core.package_identification:_identify(src/simple_planner) by extensions ['ros']
[0.399s] Level 1:colcon.colcon_core.package_identification:_identify(src/simple_planner) by extension 'ros'
[0.400s] DEBUG:colcon.colcon_core.package_identification:Package 'src/simple_planner' with type 'ros.ament_cmake' and name 'simple_planner'
[0.401s] Level 1:colcon.colcon_core.package_identification:_identify(src/stage_ros2) by extensions ['ignore', 'ignore_ament_install']
[0.401s] Level 1:colcon.colcon_core.package_identification:_identify(src/stage_ros2) by extension 'ignore'
[0.401s] Level 1:colcon.colcon_core.package_identification:_identify(src/stage_ros2) by extension 'ignore_ament_install'
[0.401s] Level 1:colcon.colcon_core.package_identification:_identify(src/stage_ros2) by extensions ['colcon_pkg']
[0.401s] Level 1:colcon.colcon_core.package_identification:_identify(src/stage_ros2) by extension 'colcon_pkg'
[0.401s] Level 1:colcon.colcon_core.package_identification:_identify(src/stage_ros2) by extensions ['colcon_meta']
[0.401s] Level 1:colcon.colcon_core.package_identification:_identify(src/stage_ros2) by extension 'colcon_meta'
[0.401s] Level 1:colcon.colcon_core.package_identification:_identify(src/stage_ros2) by extensions ['ros']
[0.401s] Level 1:colcon.colcon_core.package_identification:_identify(src/stage_ros2) by extension 'ros'
[0.403s] DEBUG:colcon.colcon_core.package_identification:Package 'src/stage_ros2' with type 'ros.ament_cmake' and name 'stage_ros2'
[0.403s] Level 1:colcon.colcon_core.package_identification:_identify(src/worlds) by extensions ['ignore', 'ignore_ament_install']
[0.403s] Level 1:colcon.colcon_core.package_identification:_identify(src/worlds) by extension 'ignore'
[0.403s] Level 1:colcon.colcon_core.package_identification:_identify(src/worlds) by extension 'ignore_ament_install'
[0.403s] Level 1:colcon.colcon_core.package_identification:_identify(src/worlds) by extensions ['colcon_pkg']
[0.403s] Level 1:colcon.colcon_core.package_identification:_identify(src/worlds) by extension 'colcon_pkg'
[0.404s] Level 1:colcon.colcon_core.package_identification:_identify(src/worlds) by extensions ['colcon_meta']
[0.404s] Level 1:colcon.colcon_core.package_identification:_identify(src/worlds) by extension 'colcon_meta'
[0.404s] Level 1:colcon.colcon_core.package_identification:_identify(src/worlds) by extensions ['ros']
[0.404s] Level 1:colcon.colcon_core.package_identification:_identify(src/worlds) by extension 'ros'
[0.405s] DEBUG:colcon.colcon_core.package_identification:Package 'src/worlds' with type 'ros.ament_cmake' and name 'worlds'
[0.405s] Level 1:colcon.colcon_core.package_discovery:discover_packages(recursive) using defaults
[0.405s] Level 1:colcon.colcon_core.package_discovery:discover_packages(ignore) discover
[0.405s] Level 1:colcon.colcon_core.package_discovery:discover_packages(ignore) using defaults
[0.405s] Level 1:colcon.colcon_core.package_discovery:discover_packages(path) discover
[0.405s] Level 1:colcon.colcon_core.package_discovery:discover_packages(path) using defaults
[0.445s] Level 1:colcon.colcon_core.package_discovery:discover_packages(prefix_path) check parameters
[0.445s] Level 1:colcon.colcon_core.package_discovery:discover_packages(prefix_path) discover
[0.450s] DEBUG:colcon.colcon_installed_package_information.package_discovery:Found 7 installed packages in /home/zeeshan/ros2_ws/install
[0.454s] DEBUG:colcon.colcon_installed_package_information.package_discovery:Found 314 installed packages in /opt/ros/humble
[0.458s] Level 1:colcon.colcon_core.package_discovery:discover_packages(prefix_path) using defaults
[0.554s] Level 5:colcon.colcon_core.verb:set package 'Stage' build argument 'cmake_args' from command line to 'None'
[0.554s] Level 5:colcon.colcon_core.verb:set package 'Stage' build argument 'cmake_target' from command line to 'None'
[0.554s] Level 5:colcon.colcon_core.verb:set package 'Stage' build argument 'cmake_target_skip_unavailable' from command line to 'False'
[0.554s] Level 5:colcon.colcon_core.verb:set package 'Stage' build argument 'cmake_clean_cache' from command line to 'False'
[0.554s] Level 5:colcon.colcon_core.verb:set package 'Stage' build argument 'cmake_clean_first' from command line to 'False'
[0.554s] Level 5:colcon.colcon_core.verb:set package 'Stage' build argument 'cmake_force_configure' from command line to 'False'
[0.554s] Level 5:colcon.colcon_core.verb:set package 'Stage' build argument 'ament_cmake_args' from command line to 'None'
[0.555s] Level 5:colcon.colcon_core.verb:set package 'Stage' build argument 'catkin_cmake_args' from command line to 'None'
[0.555s] Level 5:colcon.colcon_core.verb:set package 'Stage' build argument 'catkin_skip_building_tests' from command line to 'False'
[0.555s] DEBUG:colcon.colcon_core.verb:Building package 'Stage' with the following arguments: {'ament_cmake_args': None, 'build_base': '/home/zeeshan/ros2_ws/build/Stage', 'catkin_cmake_args': None, 'catkin_skip_building_tests': False, 'cmake_args': None, 'cmake_clean_cache': False, 'cmake_clean_first': False, 'cmake_force_configure': False, 'cmake_target': None, 'cmake_target_skip_unavailable': False, 'install_base': '/home/zeeshan/ros2_ws/install/Stage', 'merge_install': False, 'path': '/home/zeeshan/ros2_ws/src/Stage', 'symlink_install': False, 'test_result_base': None}
[0.555s] Level 5:colcon.colcon_core.verb:set package 'configuration' build argument 'cmake_args' from command line to 'None'
[0.556s] Level 5:colcon.colcon_core.verb:set package 'configuration' build argument 'cmake_target' from command line to 'None'
[0.556s] Level 5:colcon.colcon_core.verb:set package 'configuration' build argument 'cmake_target_skip_unavailable' from command line to 'False'
[0.556s] Level 5:colcon.colcon_core.verb:set package 'configuration' build argument 'cmake_clean_cache' from command line to 'False'
[0.556s] Level 5:colcon.colcon_core.verb:set package 'configuration' build argument 'cmake_clean_first' from command line to 'False'
[0.556s] Level 5:colcon.colcon_core.verb:set package 'configuration' build argument 'cmake_force_configure' from command line to 'False'
[0.556s] Level 5:colcon.colcon_core.verb:set package 'configuration' build argument 'ament_cmake_args' from command line to 'None'
[0.556s] Level 5:colcon.colcon_core.verb:set package 'configuration' build argument 'catkin_cmake_args' from command line to 'None'
[0.556s] Level 5:colcon.colcon_core.verb:set package 'configuration' build argument 'catkin_skip_building_tests' from command line to 'False'
[0.556s] DEBUG:colcon.colcon_core.verb:Building package 'configuration' with the following arguments: {'ament_cmake_args': None, 'build_base': '/home/zeeshan/ros2_ws/build/configuration', 'catkin_cmake_args': None, 'catkin_skip_building_tests': False, 'cmake_args': None, 'cmake_clean_cache': False, 'cmake_clean_first': False, 'cmake_force_configure': False, 'cmake_target': None, 'cmake_target_skip_unavailable': False, 'install_base': '/home/zeeshan/ros2_ws/install/configuration', 'merge_install': False, 'path': '/home/zeeshan/ros2_ws/src/configuration', 'symlink_install': False, 'test_result_base': None}
[0.557s] Level 5:colcon.colcon_core.verb:set package 'my_planner' build argument 'cmake_args' from command line to 'None'
[0.557s] Level 5:colcon.colcon_core.verb:set package 'my_planner' build argument 'cmake_target' from command line to 'None'
[0.557s] Level 5:colcon.colcon_core.verb:set package 'my_planner' build argument 'cmake_target_skip_unavailable' from command line to 'False'
[0.557s] Level 5:colcon.colcon_core.verb:set package 'my_planner' build argument 'cmake_clean_cache' from command line to 'False'
[0.557s] Level 5:colcon.colcon_core.verb:set package 'my_planner' build argument 'cmake_clean_first' from command line to 'False'
[0.557s] Level 5:colcon.colcon_core.verb:set package 'my_planner' build argument 'cmake_force_configure' from command line to 'False'
[0.557s] Level 5:colcon.colcon_core.verb:set package 'my_planner' build argument 'ament_cmake_args' from command line to 'None'
[0.557s] Level 5:colcon.colcon_core.verb:set package 'my_planner' build argument 'catkin_cmake_args' from command line to 'None'
[0.557s] Level 5:colcon.colcon_core.verb:set package 'my_planner' build argument 'catkin_skip_building_tests' from command line to 'False'
[0.557s] DEBUG:colcon.colcon_core.verb:Building package 'my_planner' with the following arguments: {'ament_cmake_args': None, 'build_base': '/home/zeeshan/ros2_ws/build/my_planner', 'catkin_cmake_args': None, 'catkin_skip_building_tests': False, 'cmake_args': None, 'cmake_clean_cache': False, 'cmake_clean_first': False, 'cmake_force_configure': False, 'cmake_target': None, 'cmake_target_skip_unavailable': False, 'install_base': '/home/zeeshan/ros2_ws/install/my_planner', 'merge_install': False, 'path': '/home/zeeshan/ros2_ws/src/my_planner', 'symlink_install': False, 'test_result_base': None}
[0.558s] Level 5:colcon.colcon_core.verb:set package 'planner' build argument 'cmake_args' from command line to 'None'
[0.558s] Level 5:colcon.colcon_core.verb:set package 'planner' build argument 'cmake_target' from command line to 'None'
[0.558s] Level 5:colcon.colcon_core.verb:set package 'planner' build argument 'cmake_target_skip_unavailable' from command line to 'False'
[0.558s] Level 5:colcon.colcon_core.verb:set package 'planner' build argument 'cmake_clean_cache' from command line to 'False'
[0.558s] Level 5:colcon.colcon_core.verb:set package 'planner' build argument 'cmake_clean_first' from command line to 'False'
[0.558s] Level 5:colcon.colcon_core.verb:set package 'planner' build argument 'cmake_force_configure' from command line to 'False'
[0.559s] Level 5:colcon.colcon_core.verb:set package 'planner' build argument 'ament_cmake_args' from command line to 'None'
[0.559s] Level 5:colcon.colcon_core.verb:set package 'planner' build argument 'catkin_cmake_args' from command line to 'None'
[0.559s] Level 5:colcon.colcon_core.verb:set package 'planner' build argument 'catkin_skip_building_tests' from command line to 'False'
[0.559s] DEBUG:colcon.colcon_core.verb:Building package 'planner' with the following arguments: {'ament_cmake_args': None, 'build_base': '/home/zeeshan/ros2_ws/build/planner', 'catkin_cmake_args': None, 'catkin_skip_building_tests': False, 'cmake_args': None, 'cmake_clean_cache': False, 'cmake_clean_first': False, 'cmake_force_configure': False, 'cmake_target': None, 'cmake_target_skip_unavailable': False, 'install_base': '/home/zeeshan/ros2_ws/install/planner', 'merge_install': False, 'path': '/home/zeeshan/ros2_ws/src/planner', 'symlink_install': False, 'test_result_base': None}
[0.559s] Level 5:colcon.colcon_core.verb:set package 'simple_planner' build argument 'cmake_args' from command line to 'None'
[0.560s] Level 5:colcon.colcon_core.verb:set package 'simple_planner' build argument 'cmake_target' from command line to 'None'
[0.560s] Level 5:colcon.colcon_core.verb:set package 'simple_planner' build argument 'cmake_target_skip_unavailable' from command line to 'False'
[0.560s] Level 5:colcon.colcon_core.verb:set package 'simple_planner' build argument 'cmake_clean_cache' from command line to 'False'
[0.560s] Level 5:colcon.colcon_core.verb:set package 'simple_planner' build argument 'cmake_clean_first' from command line to 'False'
[0.560s] Level 5:colcon.colcon_core.verb:set package 'simple_planner' build argument 'cmake_force_configure' from command line to 'False'
[0.560s] Level 5:colcon.colcon_core.verb:set package 'simple_planner' build argument 'ament_cmake_args' from command line to 'None'
[0.560s] Level 5:colcon.colcon_core.verb:set package 'simple_planner' build argument 'catkin_cmake_args' from command line to 'None'
[0.560s] Level 5:colcon.colcon_core.verb:set package 'simple_planner' build argument 'catkin_skip_building_tests' from command line to 'False'
[0.560s] DEBUG:colcon.colcon_core.verb:Building package 'simple_planner' with the following arguments: {'ament_cmake_args': None, 'build_base': '/home/zeeshan/ros2_ws/build/simple_planner', 'catkin_cmake_args': None, 'catkin_skip_building_tests': False, 'cmake_args': None, 'cmake_clean_cache': False, 'cmake_clean_first': False, 'cmake_force_configure': False, 'cmake_target': None, 'cmake_target_skip_unavailable': False, 'install_base': '/home/zeeshan/ros2_ws/install/simple_planner', 'merge_install': False, 'path': '/home/zeeshan/ros2_ws/src/simple_planner', 'symlink_install': False, 'test_result_base': None}
[0.561s] Level 5:colcon.colcon_core.verb:set package 'worlds' build argument 'cmake_args' from command line to 'None'
[0.561s] Level 5:colcon.colcon_core.verb:set package 'worlds' build argument 'cmake_target' from command line to 'None'
[0.561s] Level 5:colcon.colcon_core.verb:set package 'worlds' build argument 'cmake_target_skip_unavailable' from command line to 'False'
[0.561s] Level 5:colcon.colcon_core.verb:set package 'worlds' build argument 'cmake_clean_cache' from command line to 'False'
[0.561s] Level 5:colcon.colcon_core.verb:set package 'worlds' build argument 'cmake_clean_first' from command line to 'False'
[0.561s] Level 5:colcon.colcon_core.verb:set package 'worlds' build argument 'cmake_force_configure' from command line to 'False'
[0.561s] Level 5:colcon.colcon_core.verb:set package 'worlds' build argument 'ament_cmake_args' from command line to 'None'
[0.561s] Level 5:colcon.colcon_core.verb:set package 'worlds' build argument 'catkin_cmake_args' from command line to 'None'
[0.561s] Level 5:colcon.colcon_core.verb:set package 'worlds' build argument 'catkin_skip_building_tests' from command line to 'False'
[0.561s] DEBUG:colcon.colcon_core.verb:Building package 'worlds' with the following arguments: {'ament_cmake_args': None, 'build_base': '/home/zeeshan/ros2_ws/build/worlds', 'catkin_cmake_args': None, 'catkin_skip_building_tests': False, 'cmake_args': None, 'cmake_clean_cache': False, 'cmake_clean_first': False, 'cmake_force_configure': False, 'cmake_target': None, 'cmake_target_skip_unavailable': False, 'install_base': '/home/zeeshan/ros2_ws/install/worlds', 'merge_install': False, 'path': '/home/zeeshan/ros2_ws/src/worlds', 'symlink_install': False, 'test_result_base': None}
[0.562s] Level 5:colcon.colcon_core.verb:set package 'stage_ros2' build argument 'cmake_args' from command line to 'None'
[0.562s] Level 5:colcon.colcon_core.verb:set package 'stage_ros2' build argument 'cmake_target' from command line to 'None'
[0.562s] Level 5:colcon.colcon_core.verb:set package 'stage_ros2' build argument 'cmake_target_skip_unavailable' from command line to 'False'
[0.562s] Level 5:colcon.colcon_core.verb:set package 'stage_ros2' build argument 'cmake_clean_cache' from command line to 'False'
[0.562s] Level 5:colcon.colcon_core.verb:set package 'stage_ros2' build argument 'cmake_clean_first' from command line to 'False'
[0.562s] Level 5:colcon.colcon_core.verb:set package 'stage_ros2' build argument 'cmake_force_configure' from command line to 'False'
[0.562s] Level 5:colcon.colcon_core.verb:set package 'stage_ros2' build argument 'ament_cmake_args' from command line to 'None'
[0.562s] Level 5:colcon.colcon_core.verb:set package 'stage_ros2' build argument 'catkin_cmake_args' from command line to 'None'
[0.563s] Level 5:colcon.colcon_core.verb:set package 'stage_ros2' build argument 'catkin_skip_building_tests' from command line to 'False'
[0.563s] DEBUG:colcon.colcon_core.verb:Building package 'stage_ros2' with the following arguments: {'ament_cmake_args': None, 'build_base': '/home/zeeshan/ros2_ws/build/stage_ros2', 'catkin_cmake_args': None, 'catkin_skip_building_tests': False, 'cmake_args': None, 'cmake_clean_cache': False, 'cmake_clean_first': False, 'cmake_force_configure': False, 'cmake_target': None, 'cmake_target_skip_unavailable': False, 'install_base': '/home/zeeshan/ros2_ws/install/stage_ros2', 'merge_install': False, 'path': '/home/zeeshan/ros2_ws/src/stage_ros2', 'symlink_install': False, 'test_result_base': None}
[0.563s] INFO:colcon.colcon_core.executor:Executing jobs using 'parallel' executor
[0.565s] DEBUG:colcon.colcon_parallel_executor.executor.parallel:run_until_complete
[0.566s] INFO:colcon.colcon_cmake.task.cmake.build:Building CMake package in '/home/zeeshan/ros2_ws/src/Stage'
[0.570s] INFO:colcon.colcon_core.plugin_system:Skipping extension 'colcon_core.shell.bat': Not used on non-Windows systems
[0.570s] INFO:colcon.colcon_core.shell:Skip shell extension 'powershell' for command environment: Not usable outside of PowerShell
[0.570s] DEBUG:colcon.colcon_core.shell:Skip shell extension 'dsv' for command environment
[0.578s] INFO:colcon.colcon_ros.task.ament_cmake.build:Building ROS package in '/home/zeeshan/ros2_ws/src/configuration' with build type 'ament_cmake'
[0.578s] INFO:colcon.colcon_cmake.task.cmake.build:Building CMake package in '/home/zeeshan/ros2_ws/src/configuration'
[0.579s] INFO:colcon.colcon_core.shell:Skip shell extension 'powershell' for command environment: Not usable outside of PowerShell
[0.579s] DEBUG:colcon.colcon_core.shell:Skip shell extension 'dsv' for command environment
[0.587s] INFO:colcon.colcon_ros.task.ament_cmake.build:Building ROS package in '/home/zeeshan/ros2_ws/src/my_planner' with build type 'ament_cmake'
[0.587s] INFO:colcon.colcon_cmake.task.cmake.build:Building CMake package in '/home/zeeshan/ros2_ws/src/my_planner'
[0.587s] INFO:colcon.colcon_core.shell:Skip shell extension 'powershell' for command environment: Not usable outside of PowerShell
[0.588s] DEBUG:colcon.colcon_core.shell:Skip shell extension 'dsv' for command environment
[0.595s] INFO:colcon.colcon_ros.task.ament_cmake.build:Building ROS package in '/home/zeeshan/ros2_ws/src/planner' with build type 'ament_cmake'
[0.596s] INFO:colcon.colcon_cmake.task.cmake.build:Building CMake package in '/home/zeeshan/ros2_ws/src/planner'
[0.597s] INFO:colcon.colcon_core.shell:Skip shell extension 'powershell' for command environment: Not usable outside of PowerShell
[0.597s] DEBUG:colcon.colcon_core.shell:Skip shell extension 'dsv' for command environment
[0.617s] DEBUG:colcon.colcon_core.event_handler.log_command:Invoking command in '/home/zeeshan/ros2_ws/build/Stage': /usr/bin/cmake --build /home/zeeshan/ros2_ws/build/Stage -- -j4 -l4
[0.621s] DEBUG:colcon.colcon_core.event_handler.log_command:Invoking command in '/home/zeeshan/ros2_ws/build/configuration': CMAKE_PREFIX_PATH=${CMAKE_PREFIX_PATH}:/opt/ros/humble /usr/bin/cmake --build /home/zeeshan/ros2_ws/build/configuration -- -j4 -l4
[0.627s] DEBUG:colcon.colcon_core.event_handler.log_command:Invoking command in '/home/zeeshan/ros2_ws/build/my_planner': CMAKE_PREFIX_PATH=${CMAKE_PREFIX_PATH}:/opt/ros/humble /usr/bin/cmake --build /home/zeeshan/ros2_ws/build/my_planner -- -j4 -l4
[0.642s] DEBUG:colcon.colcon_core.event_handler.log_command:Invoking command in '/home/zeeshan/ros2_ws/build/planner': CMAKE_PREFIX_PATH=${CMAKE_PREFIX_PATH}:/opt/ros/humble /usr/bin/cmake --build /home/zeeshan/ros2_ws/build/planner -- -j4 -l4
[0.709s] DEBUG:colcon.colcon_core.event_handler.log_command:Invoked command in '/home/zeeshan/ros2_ws/build/configuration' returned '0': CMAKE_PREFIX_PATH=${CMAKE_PREFIX_PATH}:/opt/ros/humble /usr/bin/cmake --build /home/zeeshan/ros2_ws/build/configuration -- -j4 -l4
[0.773s] DEBUG:colcon.colcon_core.event_handler.log_command:Invoking command in '/home/zeeshan/ros2_ws/build/configuration': CMAKE_PREFIX_PATH=${CMAKE_PREFIX_PATH}:/opt/ros/humble /usr/bin/cmake --install /home/zeeshan/ros2_ws/build/configuration
[0.790s] DEBUG:colcon.colcon_core.event_handler.log_command:Invoked command in '/home/zeeshan/ros2_ws/build/my_planner' returned '0': CMAKE_PREFIX_PATH=${CMAKE_PREFIX_PATH}:/opt/ros/humble /usr/bin/cmake --build /home/zeeshan/ros2_ws/build/my_planner -- -j4 -l4
[0.814s] DEBUG:colcon.colcon_core.event_handler.log_command:Invoked command in '/home/zeeshan/ros2_ws/build/planner' returned '0': CMAKE_PREFIX_PATH=${CMAKE_PREFIX_PATH}:/opt/ros/humble /usr/bin/cmake --build /home/zeeshan/ros2_ws/build/planner -- -j4 -l4
[0.822s] Level 1:colcon.colcon_core.environment:create_environment_scripts_only(configuration)
[0.826s] DEBUG:colcon.colcon_core.event_handler.log_command:Invoked command in '/home/zeeshan/ros2_ws/build/configuration' returned '0': CMAKE_PREFIX_PATH=${CMAKE_PREFIX_PATH}:/opt/ros/humble /usr/bin/cmake --install /home/zeeshan/ros2_ws/build/configuration
[0.829s] Level 1:colcon.colcon_core.environment:checking '/home/zeeshan/ros2_ws/install/configuration' for CMake module files
[0.830s] Level 1:colcon.colcon_core.environment:checking '/home/zeeshan/ros2_ws/install/configuration' for CMake config files
[0.830s] Level 1:colcon.colcon_core.shell:create_environment_hook('configuration', 'cmake_prefix_path')
[0.831s] INFO:colcon.colcon_core.shell:Creating environment hook '/home/zeeshan/ros2_ws/install/configuration/share/configuration/hook/cmake_prefix_path.ps1'
[0.833s] INFO:colcon.colcon_core.shell:Creating environment descriptor '/home/zeeshan/ros2_ws/install/configuration/share/configuration/hook/cmake_prefix_path.dsv'
[0.834s] INFO:colcon.colcon_core.shell:Creating environment hook '/home/zeeshan/ros2_ws/install/configuration/share/configuration/hook/cmake_prefix_path.sh'
[0.839s] Level 1:colcon.colcon_core.environment:checking '/home/zeeshan/ros2_ws/install/configuration/bin'
[0.839s] Level 1:colcon.colcon_core.environment:checking '/home/zeeshan/ros2_ws/install/configuration/lib/pkgconfig/configuration.pc'
[0.840s] Level 1:colcon.colcon_core.environment:checking '/home/zeeshan/ros2_ws/install/configuration/lib/python3.10/site-packages'
[0.843s] Level 1:colcon.colcon_core.environment:checking '/home/zeeshan/ros2_ws/install/configuration/bin'
[0.845s] INFO:colcon.colcon_core.shell:Creating package script '/home/zeeshan/ros2_ws/install/configuration/share/configuration/package.ps1'
[0.850s] INFO:colcon.colcon_core.shell:Creating package descriptor '/home/zeeshan/ros2_ws/install/configuration/share/configuration/package.dsv'
[0.860s] INFO:colcon.colcon_core.shell:Creating package script '/home/zeeshan/ros2_ws/install/configuration/share/configuration/package.sh'
[0.864s] INFO:colcon.colcon_core.shell:Creating package script '/home/zeeshan/ros2_ws/install/configuration/share/configuration/package.bash'
[0.868s] INFO:colcon.colcon_core.shell:Creating package script '/home/zeeshan/ros2_ws/install/configuration/share/configuration/package.zsh'
[0.877s] Level 1:colcon.colcon_core.environment:create_file_with_runtime_dependencies(/home/zeeshan/ros2_ws/install/configuration/share/colcon-core/packages/configuration)
[0.980s] DEBUG:colcon.colcon_core.event_handler.log_command:Invoking command in '/home/zeeshan/ros2_ws/build/planner': CMAKE_PREFIX_PATH=${CMAKE_PREFIX_PATH}:/opt/ros/humble /usr/bin/cmake --install /home/zeeshan/ros2_ws/build/planner
[1.007s] DEBUG:colcon.colcon_core.event_handler.log_command:Invoking command in '/home/zeeshan/ros2_ws/build/my_planner': CMAKE_PREFIX_PATH=${CMAKE_PREFIX_PATH}:/opt/ros/humble /usr/bin/cmake --install /home/zeeshan/ros2_ws/build/my_planner
[1.036s] Level 1:colcon.colcon_core.environment:create_environment_scripts_only(configuration)
[1.037s] Level 1:colcon.colcon_core.environment:checking '/home/zeeshan/ros2_ws/install/configuration' for CMake module files
[1.039s] Level 1:colcon.colcon_core.environment:checking '/home/zeeshan/ros2_ws/install/configuration' for CMake config files
[1.045s] Level 1:colcon.colcon_core.shell:create_environment_hook('configuration', 'cmake_prefix_path')
[1.046s] INFO:colcon.colcon_core.shell:Creating environment hook '/home/zeeshan/ros2_ws/install/configuration/share/configuration/hook/cmake_prefix_path.ps1'
[1.049s] INFO:colcon.colcon_core.shell:Creating environment descriptor '/home/zeeshan/ros2_ws/install/configuration/share/configuration/hook/cmake_prefix_path.dsv'
[1.055s] INFO:colcon.colcon_core.shell:Creating environment hook '/home/zeeshan/ros2_ws/install/configuration/share/configuration/hook/cmake_prefix_path.sh'
[1.061s] Level 1:colcon.colcon_core.environment:checking '/home/zeeshan/ros2_ws/install/configuration/bin'
[1.062s] Level 1:colcon.colcon_core.environment:checking '/home/zeeshan/ros2_ws/install/configuration/lib/pkgconfig/configuration.pc'
[1.062s] Level 1:colcon.colcon_core.environment:checking '/home/zeeshan/ros2_ws/install/configuration/lib/python3.10/site-packages'
[1.063s] Level 1:colcon.colcon_core.environment:checking '/home/zeeshan/ros2_ws/install/configuration/bin'
[1.063s] INFO:colcon.colcon_core.shell:Creating package script '/home/zeeshan/ros2_ws/install/configuration/share/configuration/package.ps1'
[1.095s] INFO:colcon.colcon_core.shell:Creating package descriptor '/home/zeeshan/ros2_ws/install/configuration/share/configuration/package.dsv'
[1.098s] INFO:colcon.colcon_core.shell:Creating package script '/home/zeeshan/ros2_ws/install/configuration/share/configuration/package.sh'
[1.102s] INFO:colcon.colcon_core.shell:Creating package script '/home/zeeshan/ros2_ws/install/configuration/share/configuration/package.bash'
[1.114s] INFO:colcon.colcon_core.shell:Creating package script '/home/zeeshan/ros2_ws/install/configuration/share/configuration/package.zsh'
[1.116s] Level 1:colcon.colcon_core.environment:create_file_with_runtime_dependencies(/home/zeeshan/ros2_ws/install/configuration/share/colcon-core/packages/configuration)
[1.121s] INFO:colcon.colcon_ros.task.ament_cmake.build:Building ROS package in '/home/zeeshan/ros2_ws/src/simple_planner' with build type 'ament_cmake'
[1.123s] INFO:colcon.colcon_cmake.task.cmake.build:Building CMake package in '/home/zeeshan/ros2_ws/src/simple_planner'
[1.124s] INFO:colcon.colcon_core.shell:Skip shell extension 'powershell' for command environment: Not usable outside of PowerShell
[1.125s] DEBUG:colcon.colcon_core.shell:Skip shell extension 'dsv' for command environment
[1.146s] Level 1:colcon.colcon_core.environment:create_environment_scripts_only(my_planner)
[1.149s] Level 1:colcon.colcon_core.environment:checking '/home/zeeshan/ros2_ws/install/my_planner' for CMake module files
[1.151s] DEBUG:colcon.colcon_core.event_handler.log_command:Invoked command in '/home/zeeshan/ros2_ws/build/my_planner' returned '0': CMAKE_PREFIX_PATH=${CMAKE_PREFIX_PATH}:/opt/ros/humble /usr/bin/cmake --install /home/zeeshan/ros2_ws/build/my_planner
[1.154s] Level 1:colcon.colcon_core.environment:checking '/home/zeeshan/ros2_ws/install/my_planner' for CMake config files
[1.155s] Level 1:colcon.colcon_core.shell:create_environment_hook('my_planner', 'cmake_prefix_path')
[1.156s] INFO:colcon.colcon_core.shell:Creating environment hook '/home/zeeshan/ros2_ws/install/my_planner/share/my_planner/hook/cmake_prefix_path.ps1'
[1.158s] INFO:colcon.colcon_core.shell:Creating environment descriptor '/home/zeeshan/ros2_ws/install/my_planner/share/my_planner/hook/cmake_prefix_path.dsv'
[1.159s] INFO:colcon.colcon_core.shell:Creating environment hook '/home/zeeshan/ros2_ws/install/my_planner/share/my_planner/hook/cmake_prefix_path.sh'
[1.161s] Level 1:colcon.colcon_core.environment:checking '/home/zeeshan/ros2_ws/install/my_planner/lib'
[1.161s] Level 1:colcon.colcon_core.environment:checking '/home/zeeshan/ros2_ws/install/my_planner/bin'
[1.161s] Level 1:colcon.colcon_core.environment:checking '/home/zeeshan/ros2_ws/install/my_planner/lib/pkgconfig/my_planner.pc'
[1.162s] Level 1:colcon.colcon_core.environment:checking '/home/zeeshan/ros2_ws/install/my_planner/lib/python3.10/site-packages'
[1.162s] Level 1:colcon.colcon_core.environment:checking '/home/zeeshan/ros2_ws/install/my_planner/bin'
[1.163s] INFO:colcon.colcon_core.shell:Creating package script '/home/zeeshan/ros2_ws/install/my_planner/share/my_planner/package.ps1'
[1.164s] INFO:colcon.colcon_core.shell:Creating package descriptor '/home/zeeshan/ros2_ws/install/my_planner/share/my_planner/package.dsv'
[1.165s] INFO:colcon.colcon_core.shell:Creating package script '/home/zeeshan/ros2_ws/install/my_planner/share/my_planner/package.sh'
[1.166s] INFO:colcon.colcon_core.shell:Creating package script '/home/zeeshan/ros2_ws/install/my_planner/share/my_planner/package.bash'
[1.168s] INFO:colcon.colcon_core.shell:Creating package script '/home/zeeshan/ros2_ws/install/my_planner/share/my_planner/package.zsh'
[1.169s] Level 1:colcon.colcon_core.environment:create_file_with_runtime_dependencies(/home/zeeshan/ros2_ws/install/my_planner/share/colcon-core/packages/my_planner)
[1.172s] Level 1:colcon.colcon_core.environment:create_environment_scripts_only(planner)
[1.173s] Level 1:colcon.colcon_core.environment:checking '/home/zeeshan/ros2_ws/install/planner' for CMake module files
[1.174s] Level 1:colcon.colcon_core.environment:checking '/home/zeeshan/ros2_ws/install/planner' for CMake config files
[1.175s] Level 1:colcon.colcon_core.shell:create_environment_hook('planner', 'cmake_prefix_path')
[1.175s] INFO:colcon.colcon_core.shell:Creating environment hook '/home/zeeshan/ros2_ws/install/planner/share/planner/hook/cmake_prefix_path.ps1'
[1.176s] INFO:colcon.colcon_core.shell:Creating environment descriptor '/home/zeeshan/ros2_ws/install/planner/share/planner/hook/cmake_prefix_path.dsv'
[1.177s] INFO:colcon.colcon_core.shell:Creating environment hook '/home/zeeshan/ros2_ws/install/planner/share/planner/hook/cmake_prefix_path.sh'
[1.186s] DEBUG:colcon.colcon_core.event_handler.log_command:Invoked command in '/home/zeeshan/ros2_ws/build/planner' returned '0': CMAKE_PREFIX_PATH=${CMAKE_PREFIX_PATH}:/opt/ros/humble /usr/bin/cmake --install /home/zeeshan/ros2_ws/build/planner
[1.188s] Level 1:colcon.colcon_core.environment:checking '/home/zeeshan/ros2_ws/install/planner/lib'
[1.188s] Level 1:colcon.colcon_core.environment:checking '/home/zeeshan/ros2_ws/install/planner/bin'
[1.188s] Level 1:colcon.colcon_core.environment:checking '/home/zeeshan/ros2_ws/install/planner/lib/pkgconfig/planner.pc'
[1.189s] Level 1:colcon.colcon_core.environment:checking '/home/zeeshan/ros2_ws/install/planner/lib/python3.10/site-packages'
[1.189s] Level 1:colcon.colcon_core.environment:checking '/home/zeeshan/ros2_ws/install/planner/bin'
[1.190s] INFO:colcon.colcon_core.shell:Creating package script '/home/zeeshan/ros2_ws/install/planner/share/planner/package.ps1'
[1.191s] INFO:colcon.colcon_core.shell:Creating package descriptor '/home/zeeshan/ros2_ws/install/planner/share/planner/package.dsv'
[1.192s] INFO:colcon.colcon_core.shell:Creating package script '/home/zeeshan/ros2_ws/install/planner/share/planner/package.sh'
[1.193s] INFO:colcon.colcon_core.shell:Creating package script '/home/zeeshan/ros2_ws/install/planner/share/planner/package.bash'
[1.194s] INFO:colcon.colcon_core.shell:Creating package script '/home/zeeshan/ros2_ws/install/planner/share/planner/package.zsh'
[1.194s] Level 1:colcon.colcon_core.environment:create_file_with_runtime_dependencies(/home/zeeshan/ros2_ws/install/planner/share/colcon-core/packages/planner)
[1.203s] DEBUG:colcon.colcon_core.event_handler.log_command:Invoking command in '/home/zeeshan/ros2_ws/build/simple_planner': CMAKE_PREFIX_PATH=${CMAKE_PREFIX_PATH}:/opt/ros/humble /usr/bin/cmake --build /home/zeeshan/ros2_ws/build/simple_planner -- -j4 -l4
[1.209s] DEBUG:colcon.colcon_core.event_handler.log_command:Invoked command in '/home/zeeshan/ros2_ws/build/Stage' returned '0': /usr/bin/cmake --build /home/zeeshan/ros2_ws/build/Stage -- -j4 -l4
[1.245s] Level 1:colcon.colcon_core.environment:create_environment_scripts_only(my_planner)
[1.245s] Level 1:colcon.colcon_core.environment:checking '/home/zeeshan/ros2_ws/install/my_planner' for CMake module files
[1.247s] Level 1:colcon.colcon_core.environment:checking '/home/zeeshan/ros2_ws/install/my_planner' for CMake config files
[1.247s] Level 1:colcon.colcon_core.shell:create_environment_hook('my_planner', 'cmake_prefix_path')
[1.248s] INFO:colcon.colcon_core.shell:Creating environment hook '/home/zeeshan/ros2_ws/install/my_planner/share/my_planner/hook/cmake_prefix_path.ps1'
[1.249s] INFO:colcon.colcon_core.shell:Creating environment descriptor '/home/zeeshan/ros2_ws/install/my_planner/share/my_planner/hook/cmake_prefix_path.dsv'
[1.250s] INFO:colcon.colcon_core.shell:Creating environment hook '/home/zeeshan/ros2_ws/install/my_planner/share/my_planner/hook/cmake_prefix_path.sh'
[1.251s] Level 1:colcon.colcon_core.environment:checking '/home/zeeshan/ros2_ws/install/my_planner/lib'
[1.251s] Level 1:colcon.colcon_core.environment:checking '/home/zeeshan/ros2_ws/install/my_planner/bin'
[1.251s] Level 1:colcon.colcon_core.environment:checking '/home/zeeshan/ros2_ws/install/my_planner/lib/pkgconfig/my_planner.pc'
[1.252s] Level 1:colcon.colcon_core.environment:checking '/home/zeeshan/ros2_ws/install/my_planner/lib/python3.10/site-packages'
[1.252s] Level 1:colcon.colcon_core.environment:checking '/home/zeeshan/ros2_ws/install/my_planner/bin'
[1.253s] INFO:colcon.colcon_core.shell:Creating package script '/home/zeeshan/ros2_ws/install/my_planner/share/my_planner/package.ps1'
[1.254s] INFO:colcon.colcon_core.shell:Creating package descriptor '/home/zeeshan/ros2_ws/install/my_planner/share/my_planner/package.dsv'
[1.256s] INFO:colcon.colcon_core.shell:Creating package script '/home/zeeshan/ros2_ws/install/my_planner/share/my_planner/package.sh'
[1.256s] INFO:colcon.colcon_core.shell:Creating package script '/home/zeeshan/ros2_ws/install/my_planner/share/my_planner/package.bash'
[1.257s] INFO:colcon.colcon_core.shell:Creating package script '/home/zeeshan/ros2_ws/install/my_planner/share/my_planner/package.zsh'
[1.258s] Level 1:colcon.colcon_core.environment:create_file_with_runtime_dependencies(/home/zeeshan/ros2_ws/install/my_planner/share/colcon-core/packages/my_planner)
[1.259s] Level 1:colcon.colcon_core.environment:create_environment_scripts_only(planner)
[1.261s] Level 1:colcon.colcon_core.environment:checking '/home/zeeshan/ros2_ws/install/planner' for CMake module files
[1.263s] Level 1:colcon.colcon_core.environment:checking '/home/zeeshan/ros2_ws/install/planner' for CMake config files
[1.264s] Level 1:colcon.colcon_core.shell:create_environment_hook('planner', 'cmake_prefix_path')
[1.265s] INFO:colcon.colcon_core.shell:Creating environment hook '/home/zeeshan/ros2_ws/install/planner/share/planner/hook/cmake_prefix_path.ps1'
[1.266s] INFO:colcon.colcon_core.shell:Creating environment descriptor '/home/zeeshan/ros2_ws/install/planner/share/planner/hook/cmake_prefix_path.dsv'
[1.267s] INFO:colcon.colcon_core.shell:Creating environment hook '/home/zeeshan/ros2_ws/install/planner/share/planner/hook/cmake_prefix_path.sh'
[1.268s] Level 1:colcon.colcon_core.environment:checking '/home/zeeshan/ros2_ws/install/planner/lib'
[1.269s] Level 1:colcon.colcon_core.environment:checking '/home/zeeshan/ros2_ws/install/planner/bin'
[1.269s] Level 1:colcon.colcon_core.environment:checking '/home/zeeshan/ros2_ws/install/planner/lib/pkgconfig/planner.pc'
[1.269s] Level 1:colcon.colcon_core.environment:checking '/home/zeeshan/ros2_ws/install/planner/lib/python3.10/site-packages'
[1.270s] Level 1:colcon.colcon_core.environment:checking '/home/zeeshan/ros2_ws/install/planner/bin'
[1.271s] INFO:colcon.colcon_core.shell:Creating package script '/home/zeeshan/ros2_ws/install/planner/share/planner/package.ps1'
[1.272s] INFO:colcon.colcon_core.shell:Creating package descriptor '/home/zeeshan/ros2_ws/install/planner/share/planner/package.dsv'
[1.273s] INFO:colcon.colcon_core.shell:Creating package script '/home/zeeshan/ros2_ws/install/planner/share/planner/package.sh'
[1.275s] INFO:colcon.colcon_core.shell:Creating package script '/home/zeeshan/ros2_ws/install/planner/share/planner/package.bash'
[1.276s] INFO:colcon.colcon_core.shell:Creating package script '/home/zeeshan/ros2_ws/install/planner/share/planner/package.zsh'
[1.277s] Level 1:colcon.colcon_core.environment:create_file_with_runtime_dependencies(/home/zeeshan/ros2_ws/install/planner/share/colcon-core/packages/planner)
[1.279s] INFO:colcon.colcon_ros.task.ament_cmake.build:Building ROS package in '/home/zeeshan/ros2_ws/src/worlds' with build type 'ament_cmake'
[1.279s] INFO:colcon.colcon_cmake.task.cmake.build:Building CMake package in '/home/zeeshan/ros2_ws/src/worlds'
[1.280s] INFO:colcon.colcon_core.shell:Skip shell extension 'powershell' for command environment: Not usable outside of PowerShell
[1.280s] DEBUG:colcon.colcon_core.shell:Skip shell extension 'dsv' for command environment
[1.295s] DEBUG:colcon.colcon_core.event_handler.log_command:Invoking command in '/home/zeeshan/ros2_ws/build/Stage': /usr/bin/cmake --install /home/zeeshan/ros2_ws/build/Stage
[1.301s] DEBUG:colcon.colcon_core.event_handler.log_command:Invoking command in '/home/zeeshan/ros2_ws/build/worlds': CMAKE_PREFIX_PATH=${CMAKE_PREFIX_PATH}:/opt/ros/humble /usr/bin/cmake --build /home/zeeshan/ros2_ws/build/worlds -- -j4 -l4
[1.333s] Level 1:colcon.colcon_core.environment:create_environment_scripts_only(Stage)
[1.334s] Level 1:colcon.colcon_core.environment:checking '/home/zeeshan/ros2_ws/install/Stage' for CMake module files
[1.335s] Level 1:colcon.colcon_core.environment:checking '/home/zeeshan/ros2_ws/install/Stage' for CMake config files
[1.336s] Level 1:colcon.colcon_core.shell:create_environment_hook('Stage', 'cmake_prefix_path')
[1.336s] INFO:colcon.colcon_core.shell:Creating environment hook '/home/zeeshan/ros2_ws/install/Stage/share/Stage/hook/cmake_prefix_path.ps1'
[1.337s] INFO:colcon.colcon_core.shell:Creating environment descriptor '/home/zeeshan/ros2_ws/install/Stage/share/Stage/hook/cmake_prefix_path.dsv'
[1.338s] INFO:colcon.colcon_core.shell:Creating environment hook '/home/zeeshan/ros2_ws/install/Stage/share/Stage/hook/cmake_prefix_path.sh'
[1.339s] Level 1:colcon.colcon_core.environment:checking '/home/zeeshan/ros2_ws/install/Stage/lib'
[1.339s] Level 1:colcon.colcon_core.shell:create_environment_hook('Stage', 'ld_library_path_lib')
[1.339s] INFO:colcon.colcon_core.shell:Creating environment hook '/home/zeeshan/ros2_ws/install/Stage/share/Stage/hook/ld_library_path_lib.ps1'
[1.340s] INFO:colcon.colcon_core.shell:Creating environment descriptor '/home/zeeshan/ros2_ws/install/Stage/share/Stage/hook/ld_library_path_lib.dsv'
[1.341s] INFO:colcon.colcon_core.shell:Creating environment hook '/home/zeeshan/ros2_ws/install/Stage/share/Stage/hook/ld_library_path_lib.sh'
[1.342s] Level 1:colcon.colcon_core.environment:checking '/home/zeeshan/ros2_ws/install/Stage/bin'
[1.342s] Level 1:colcon.colcon_core.shell:create_environment_hook('Stage', 'path')
[1.343s] INFO:colcon.colcon_core.shell:Creating environment hook '/home/zeeshan/ros2_ws/install/Stage/share/Stage/hook/path.ps1'
[1.355s] INFO:colcon.colcon_core.shell:Creating environment descriptor '/home/zeeshan/ros2_ws/install/Stage/share/Stage/hook/path.dsv'
[1.356s] INFO:colcon.colcon_core.shell:Creating environment hook '/home/zeeshan/ros2_ws/install/Stage/share/Stage/hook/path.sh'
[1.357s] Level 1:colcon.colcon_core.environment:checking '/home/zeeshan/ros2_ws/install/Stage/lib/pkgconfig/Stage.pc'
[1.358s] Level 1:colcon.colcon_core.environment:checking '/home/zeeshan/ros2_ws/install/Stage/lib/python3.10/site-packages'
[1.358s] Level 1:colcon.colcon_core.environment:checking '/home/zeeshan/ros2_ws/install/Stage/bin'
[1.358s] Level 1:colcon.colcon_core.shell:create_environment_hook('Stage', 'pythonscriptspath')
[1.359s] INFO:colcon.colcon_core.shell:Creating environment hook '/home/zeeshan/ros2_ws/install/Stage/share/Stage/hook/pythonscriptspath.ps1'
[1.360s] INFO:colcon.colcon_core.shell:Creating environment descriptor '/home/zeeshan/ros2_ws/install/Stage/share/Stage/hook/pythonscriptspath.dsv'
[1.360s] INFO:colcon.colcon_core.shell:Creating environment hook '/home/zeeshan/ros2_ws/install/Stage/share/Stage/hook/pythonscriptspath.sh'
[1.362s] INFO:colcon.colcon_core.shell:Creating package script '/home/zeeshan/ros2_ws/install/Stage/share/Stage/package.ps1'
[1.363s] INFO:colcon.colcon_core.shell:Creating package descriptor '/home/zeeshan/ros2_ws/install/Stage/share/Stage/package.dsv'
[1.364s] INFO:colcon.colcon_core.shell:Creating package script '/home/zeeshan/ros2_ws/install/Stage/share/Stage/package.sh'
[1.365s] INFO:colcon.colcon_core.shell:Creating package script '/home/zeeshan/ros2_ws/install/Stage/share/Stage/package.bash'
[1.366s] INFO:colcon.colcon_core.shell:Creating package script '/home/zeeshan/ros2_ws/install/Stage/share/Stage/package.zsh'
[1.367s] Level 1:colcon.colcon_core.environment:create_file_with_runtime_dependencies(/home/zeeshan/ros2_ws/install/Stage/share/colcon-core/packages/Stage)
[1.367s] INFO:colcon.colcon_ros.task.ament_cmake.build:Building ROS package in '/home/zeeshan/ros2_ws/src/stage_ros2' with build type 'ament_cmake'
[1.368s] INFO:colcon.colcon_cmake.task.cmake.build:Building CMake package in '/home/zeeshan/ros2_ws/src/stage_ros2'
[1.368s] INFO:colcon.colcon_core.shell:Skip shell extension 'powershell' for command environment: Not usable outside of PowerShell
[1.368s] DEBUG:colcon.colcon_core.shell:Skip shell extension 'dsv' for command environment
[1.381s] DEBUG:colcon.colcon_core.event_handler.log_command:Invoked command in '/home/zeeshan/ros2_ws/build/Stage' returned '0': /usr/bin/cmake --install /home/zeeshan/ros2_ws/build/Stage
[1.385s] DEBUG:colcon.colcon_core.event_handler.log_command:Invoked command in '/home/zeeshan/ros2_ws/build/worlds' returned '0': CMAKE_PREFIX_PATH=${CMAKE_PREFIX_PATH}:/opt/ros/humble /usr/bin/cmake --build /home/zeeshan/ros2_ws/build/worlds -- -j4 -l4
[1.393s] DEBUG:colcon.colcon_core.event_handler.log_command:Invoking command in '/home/zeeshan/ros2_ws/build/stage_ros2': CMAKE_PREFIX_PATH=/home/zeeshan/ros2_ws/install/Stage:/home/zeeshan/ros2_ws/install/worlds:/home/zeeshan/ros2_ws/install/stage_ros2:/home/zeeshan/ros2_ws/install/simple_planner:/home/zeeshan/ros2_ws/install/planner:/home/zeeshan/ros2_ws/install/my_planner:/home/zeeshan/ros2_ws/install/configuration:/opt/ros/humble LD_LIBRARY_PATH=/home/zeeshan/ros2_ws/install/Stage/lib:/home/zeeshan/ros2_ws/install/stage_ros2/lib:/opt/ros/humble/opt/rviz_ogre_vendor/lib:/opt/ros/humble/lib/x86_64-linux-gnu:/opt/ros/humble/lib /usr/bin/cmake --build /home/zeeshan/ros2_ws/build/stage_ros2 -- -j4 -l4
[1.412s] DEBUG:colcon.colcon_core.event_handler.log_command:Invoked command in '/home/zeeshan/ros2_ws/build/simple_planner' returned '0': CMAKE_PREFIX_PATH=${CMAKE_PREFIX_PATH}:/opt/ros/humble /usr/bin/cmake --build /home/zeeshan/ros2_ws/build/simple_planner -- -j4 -l4
[1.437s] DEBUG:colcon.colcon_core.event_handler.log_command:Invoking command in '/home/zeeshan/ros2_ws/build/worlds': CMAKE_PREFIX_PATH=${CMAKE_PREFIX_PATH}:/opt/ros/humble /usr/bin/cmake --install /home/zeeshan/ros2_ws/build/worlds
[1.475s] Level 1:colcon.colcon_core.environment:create_environment_scripts_only(worlds)
[1.476s] Level 1:colcon.colcon_core.environment:checking '/home/zeeshan/ros2_ws/install/worlds' for CMake module files
[1.477s] Level 1:colcon.colcon_core.environment:checking '/home/zeeshan/ros2_ws/install/worlds' for CMake config files
[1.478s] Level 1:colcon.colcon_core.shell:create_environment_hook('worlds', 'cmake_prefix_path')
[1.478s] INFO:colcon.colcon_core.shell:Creating environment hook '/home/zeeshan/ros2_ws/install/worlds/share/worlds/hook/cmake_prefix_path.ps1'
[1.479s] DEBUG:colcon.colcon_core.event_handler.log_command:Invoked command in '/home/zeeshan/ros2_ws/build/worlds' returned '0': CMAKE_PREFIX_PATH=${CMAKE_PREFIX_PATH}:/opt/ros/humble /usr/bin/cmake --install /home/zeeshan/ros2_ws/build/worlds
[1.480s] INFO:colcon.colcon_core.shell:Creating environment descriptor '/home/zeeshan/ros2_ws/install/worlds/share/worlds/hook/cmake_prefix_path.dsv'
[1.481s] INFO:colcon.colcon_core.shell:Creating environment hook '/home/zeeshan/ros2_ws/install/worlds/share/worlds/hook/cmake_prefix_path.sh'
[1.482s] Level 1:colcon.colcon_core.environment:checking '/home/zeeshan/ros2_ws/install/worlds/bin'
[1.482s] Level 1:colcon.colcon_core.environment:checking '/home/zeeshan/ros2_ws/install/worlds/lib/pkgconfig/worlds.pc'
[1.483s] Level 1:colcon.colcon_core.environment:checking '/home/zeeshan/ros2_ws/install/worlds/lib/python3.10/site-packages'
[1.483s] Level 1:colcon.colcon_core.environment:checking '/home/zeeshan/ros2_ws/install/worlds/bin'
[1.484s] INFO:colcon.colcon_core.shell:Creating package script '/home/zeeshan/ros2_ws/install/worlds/share/worlds/package.ps1'
[1.485s] INFO:colcon.colcon_core.shell:Creating package descriptor '/home/zeeshan/ros2_ws/install/worlds/share/worlds/package.dsv'
[1.486s] INFO:colcon.colcon_core.shell:Creating package script '/home/zeeshan/ros2_ws/install/worlds/share/worlds/package.sh'
[1.487s] INFO:colcon.colcon_core.shell:Creating package script '/home/zeeshan/ros2_ws/install/worlds/share/worlds/package.bash'
[1.488s] INFO:colcon.colcon_core.shell:Creating package script '/home/zeeshan/ros2_ws/install/worlds/share/worlds/package.zsh'
[1.489s] Level 1:colcon.colcon_core.environment:create_file_with_runtime_dependencies(/home/zeeshan/ros2_ws/install/worlds/share/colcon-core/packages/worlds)
[1.503s] DEBUG:colcon.colcon_core.event_handler.log_command:Invoking command in '/home/zeeshan/ros2_ws/build/simple_planner': CMAKE_PREFIX_PATH=${CMAKE_PREFIX_PATH}:/opt/ros/humble /usr/bin/cmake --install /home/zeeshan/ros2_ws/build/simple_planner
[1.524s] Level 1:colcon.colcon_core.environment:create_environment_scripts_only(simple_planner)
[1.525s] Level 1:colcon.colcon_core.environment:checking '/home/zeeshan/ros2_ws/install/simple_planner' for CMake module files
[1.526s] DEBUG:colcon.colcon_core.event_handler.log_command:Invoked command in '/home/zeeshan/ros2_ws/build/simple_planner' returned '0': CMAKE_PREFIX_PATH=${CMAKE_PREFIX_PATH}:/opt/ros/humble /usr/bin/cmake --install /home/zeeshan/ros2_ws/build/simple_planner
[1.527s] Level 1:colcon.colcon_core.environment:checking '/home/zeeshan/ros2_ws/install/simple_planner' for CMake config files
[1.527s] Level 1:colcon.colcon_core.shell:create_environment_hook('simple_planner', 'cmake_prefix_path')
[1.528s] INFO:colcon.colcon_core.shell:Creating environment hook '/home/zeeshan/ros2_ws/install/simple_planner/share/simple_planner/hook/cmake_prefix_path.ps1'
[1.529s] INFO:colcon.colcon_core.shell:Creating environment descriptor '/home/zeeshan/ros2_ws/install/simple_planner/share/simple_planner/hook/cmake_prefix_path.dsv'
[1.529s] INFO:colcon.colcon_core.shell:Creating environment hook '/home/zeeshan/ros2_ws/install/simple_planner/share/simple_planner/hook/cmake_prefix_path.sh'
[1.530s] Level 1:colcon.colcon_core.environment:checking '/home/zeeshan/ros2_ws/install/simple_planner/lib'
[1.531s] Level 1:colcon.colcon_core.environment:checking '/home/zeeshan/ros2_ws/install/simple_planner/bin'
[1.531s] Level 1:colcon.colcon_core.environment:checking '/home/zeeshan/ros2_ws/install/simple_planner/lib/pkgconfig/simple_planner.pc'
[1.531s] Level 1:colcon.colcon_core.environment:checking '/home/zeeshan/ros2_ws/install/simple_planner/lib/python3.10/site-packages'
[1.532s] Level 1:colcon.colcon_core.environment:checking '/home/zeeshan/ros2_ws/install/simple_planner/bin'
[1.532s] INFO:colcon.colcon_core.shell:Creating package script '/home/zeeshan/ros2_ws/install/simple_planner/share/simple_planner/package.ps1'
[1.533s] INFO:colcon.colcon_core.shell:Creating package descriptor '/home/zeeshan/ros2_ws/install/simple_planner/share/simple_planner/package.dsv'
[1.534s] INFO:colcon.colcon_core.shell:Creating package script '/home/zeeshan/ros2_ws/install/simple_planner/share/simple_planner/package.sh'
[1.535s] INFO:colcon.colcon_core.shell:Creating package script '/home/zeeshan/ros2_ws/install/simple_planner/share/simple_planner/package.bash'
[1.536s] INFO:colcon.colcon_core.shell:Creating package script '/home/zeeshan/ros2_ws/install/simple_planner/share/simple_planner/package.zsh'
[1.536s] Level 1:colcon.colcon_core.environment:create_file_with_runtime_dependencies(/home/zeeshan/ros2_ws/install/simple_planner/share/colcon-core/packages/simple_planner)
[1.556s] Level 1:colcon.colcon_core.environment:create_environment_scripts_only(worlds)
[1.558s] Level 1:colcon.colcon_core.environment:checking '/home/zeeshan/ros2_ws/install/worlds' for CMake module files
[1.559s] Level 1:colcon.colcon_core.environment:checking '/home/zeeshan/ros2_ws/install/worlds' for CMake config files
[1.559s] Level 1:colcon.colcon_core.shell:create_environment_hook('worlds', 'cmake_prefix_path')
[1.560s] INFO:colcon.colcon_core.shell:Creating environment hook '/home/zeeshan/ros2_ws/install/worlds/share/worlds/hook/cmake_prefix_path.ps1'
[1.561s] INFO:colcon.colcon_core.shell:Creating environment descriptor '/home/zeeshan/ros2_ws/install/worlds/share/worlds/hook/cmake_prefix_path.dsv'
[1.562s] INFO:colcon.colcon_core.shell:Creating environment hook '/home/zeeshan/ros2_ws/install/worlds/share/worlds/hook/cmake_prefix_path.sh'
[1.564s] Level 1:colcon.colcon_core.environment:checking '/home/zeeshan/ros2_ws/install/worlds/bin'
[1.564s] Level 1:colcon.colcon_core.environment:checking '/home/zeeshan/ros2_ws/install/worlds/lib/pkgconfig/worlds.pc'
[1.565s] Level 1:colcon.colcon_core.environment:checking '/home/zeeshan/ros2_ws/install/worlds/lib/python3.10/site-packages'
[1.565s] Level 1:colcon.colcon_core.environment:checking '/home/zeeshan/ros2_ws/install/worlds/bin'
[1.566s] INFO:colcon.colcon_core.shell:Creating package script '/home/zeeshan/ros2_ws/install/worlds/share/worlds/package.ps1'
[1.568s] INFO:colcon.colcon_core.shell:Creating package descriptor '/home/zeeshan/ros2_ws/install/worlds/share/worlds/package.dsv'
[1.569s] INFO:colcon.colcon_core.shell:Creating package script '/home/zeeshan/ros2_ws/install/worlds/share/worlds/package.sh'
[1.571s] INFO:colcon.colcon_core.shell:Creating package script '/home/zeeshan/ros2_ws/install/worlds/share/worlds/package.bash'
[1.573s] INFO:colcon.colcon_core.shell:Creating package script '/home/zeeshan/ros2_ws/install/worlds/share/worlds/package.zsh'
[1.574s] Level 1:colcon.colcon_core.environment:create_file_with_runtime_dependencies(/home/zeeshan/ros2_ws/install/worlds/share/colcon-core/packages/worlds)
[1.597s] Level 1:colcon.colcon_core.environment:create_environment_scripts_only(simple_planner)
[1.598s] Level 1:colcon.colcon_core.environment:checking '/home/zeeshan/ros2_ws/install/simple_planner' for CMake module files
[1.599s] Level 1:colcon.colcon_core.environment:checking '/home/zeeshan/ros2_ws/install/simple_planner' for CMake config files
[1.599s] Level 1:colcon.colcon_core.shell:create_environment_hook('simple_planner', 'cmake_prefix_path')
[1.600s] INFO:colcon.colcon_core.shell:Creating environment hook '/home/zeeshan/ros2_ws/install/simple_planner/share/simple_planner/hook/cmake_prefix_path.ps1'
[1.601s] INFO:colcon.colcon_core.shell:Creating environment descriptor '/home/zeeshan/ros2_ws/install/simple_planner/share/simple_planner/hook/cmake_prefix_path.dsv'
[1.602s] INFO:colcon.colcon_core.shell:Creating environment hook '/home/zeeshan/ros2_ws/install/simple_planner/share/simple_planner/hook/cmake_prefix_path.sh'
[1.603s] Level 1:colcon.colcon_core.environment:checking '/home/zeeshan/ros2_ws/install/simple_planner/lib'
[1.603s] Level 1:colcon.colcon_core.environment:checking '/home/zeeshan/ros2_ws/install/simple_planner/bin'
[1.605s] Level 1:colcon.colcon_core.environment:checking '/home/zeeshan/ros2_ws/install/simple_planner/lib/pkgconfig/simple_planner.pc'
[1.605s] Level 1:colcon.colcon_core.environment:checking '/home/zeeshan/ros2_ws/install/simple_planner/lib/python3.10/site-packages'
[1.606s] Level 1:colcon.colcon_core.environment:checking '/home/zeeshan/ros2_ws/install/simple_planner/bin'
[1.607s] INFO:colcon.colcon_core.shell:Creating package script '/home/zeeshan/ros2_ws/install/simple_planner/share/simple_planner/package.ps1'
[1.608s] INFO:colcon.colcon_core.shell:Creating package descriptor '/home/zeeshan/ros2_ws/install/simple_planner/share/simple_planner/package.dsv'
[1.609s] INFO:colcon.colcon_core.shell:Creating package script '/home/zeeshan/ros2_ws/install/simple_planner/share/simple_planner/package.sh'
[1.611s] INFO:colcon.colcon_core.shell:Creating package script '/home/zeeshan/ros2_ws/install/simple_planner/share/simple_planner/package.bash'
[1.612s] INFO:colcon.colcon_core.shell:Creating package script '/home/zeeshan/ros2_ws/install/simple_planner/share/simple_planner/package.zsh'
[1.613s] Level 1:colcon.colcon_core.environment:create_file_with_runtime_dependencies(/home/zeeshan/ros2_ws/install/simple_planner/share/colcon-core/packages/simple_planner)
[1.636s] DEBUG:colcon.colcon_core.event_handler.log_command:Invoked command in '/home/zeeshan/ros2_ws/build/stage_ros2' returned '0': CMAKE_PREFIX_PATH=/home/zeeshan/ros2_ws/install/Stage:/home/zeeshan/ros2_ws/install/worlds:/home/zeeshan/ros2_ws/install/stage_ros2:/home/zeeshan/ros2_ws/install/simple_planner:/home/zeeshan/ros2_ws/install/planner:/home/zeeshan/ros2_ws/install/my_planner:/home/zeeshan/ros2_ws/install/configuration:/opt/ros/humble LD_LIBRARY_PATH=/home/zeeshan/ros2_ws/install/Stage/lib:/home/zeeshan/ros2_ws/install/stage_ros2/lib:/opt/ros/humble/opt/rviz_ogre_vendor/lib:/opt/ros/humble/lib/x86_64-linux-gnu:/opt/ros/humble/lib /usr/bin/cmake --build /home/zeeshan/ros2_ws/build/stage_ros2 -- -j4 -l4
[1.698s] DEBUG:colcon.colcon_core.event_handler.log_command:Invoking command in '/home/zeeshan/ros2_ws/build/stage_ros2': CMAKE_PREFIX_PATH=/home/zeeshan/ros2_ws/install/Stage:/home/zeeshan/ros2_ws/install/worlds:/home/zeeshan/ros2_ws/install/stage_ros2:/home/zeeshan/ros2_ws/install/simple_planner:/home/zeeshan/ros2_ws/install/planner:/home/zeeshan/ros2_ws/install/my_planner:/home/zeeshan/ros2_ws/install/configuration:/opt/ros/humble LD_LIBRARY_PATH=/home/zeeshan/ros2_ws/install/Stage/lib:/home/zeeshan/ros2_ws/install/stage_ros2/lib:/opt/ros/humble/opt/rviz_ogre_vendor/lib:/opt/ros/humble/lib/x86_64-linux-gnu:/opt/ros/humble/lib /usr/bin/cmake --install /home/zeeshan/ros2_ws/build/stage_ros2
[1.748s] Level 1:colcon.colcon_core.environment:create_environment_scripts_only(stage_ros2)
[1.749s] Level 1:colcon.colcon_core.environment:checking '/home/zeeshan/ros2_ws/install/stage_ros2' for CMake module files
[1.750s] DEBUG:colcon.colcon_core.event_handler.log_command:Invoked command in '/home/zeeshan/ros2_ws/build/stage_ros2' returned '0': CMAKE_PREFIX_PATH=/home/zeeshan/ros2_ws/install/Stage:/home/zeeshan/ros2_ws/install/worlds:/home/zeeshan/ros2_ws/install/stage_ros2:/home/zeeshan/ros2_ws/install/simple_planner:/home/zeeshan/ros2_ws/install/planner:/home/zeeshan/ros2_ws/install/my_planner:/home/zeeshan/ros2_ws/install/configuration:/opt/ros/humble LD_LIBRARY_PATH=/home/zeeshan/ros2_ws/install/Stage/lib:/home/zeeshan/ros2_ws/install/stage_ros2/lib:/opt/ros/humble/opt/rviz_ogre_vendor/lib:/opt/ros/humble/lib/x86_64-linux-gnu:/opt/ros/humble/lib /usr/bin/cmake --install /home/zeeshan/ros2_ws/build/stage_ros2
[1.751s] Level 1:colcon.colcon_core.environment:checking '/home/zeeshan/ros2_ws/install/stage_ros2' for CMake config files
[1.752s] Level 1:colcon.colcon_core.shell:create_environment_hook('stage_ros2', 'cmake_prefix_path')
[1.752s] INFO:colcon.colcon_core.shell:Creating environment hook '/home/zeeshan/ros2_ws/install/stage_ros2/share/stage_ros2/hook/cmake_prefix_path.ps1'
[1.753s] INFO:colcon.colcon_core.shell:Creating environment descriptor '/home/zeeshan/ros2_ws/install/stage_ros2/share/stage_ros2/hook/cmake_prefix_path.dsv'
[1.754s] INFO:colcon.colcon_core.shell:Creating environment hook '/home/zeeshan/ros2_ws/install/stage_ros2/share/stage_ros2/hook/cmake_prefix_path.sh'
[1.754s] Level 1:colcon.colcon_core.environment:checking '/home/zeeshan/ros2_ws/install/stage_ros2/lib'
[1.755s] Level 1:colcon.colcon_core.shell:create_environment_hook('stage_ros2', 'ld_library_path_lib')
[1.755s] INFO:colcon.colcon_core.shell:Creating environment hook '/home/zeeshan/ros2_ws/install/stage_ros2/share/stage_ros2/hook/ld_library_path_lib.ps1'
[1.756s] INFO:colcon.colcon_core.shell:Creating environment descriptor '/home/zeeshan/ros2_ws/install/stage_ros2/share/stage_ros2/hook/ld_library_path_lib.dsv'
[1.756s] INFO:colcon.colcon_core.shell:Creating environment hook '/home/zeeshan/ros2_ws/install/stage_ros2/share/stage_ros2/hook/ld_library_path_lib.sh'
[1.757s] Level 1:colcon.colcon_core.environment:checking '/home/zeeshan/ros2_ws/install/stage_ros2/bin'
[1.757s] Level 1:colcon.colcon_core.environment:checking '/home/zeeshan/ros2_ws/install/stage_ros2/lib/pkgconfig/stage_ros2.pc'
[1.757s] Level 1:colcon.colcon_core.environment:checking '/home/zeeshan/ros2_ws/install/stage_ros2/lib/python3.10/site-packages'
[1.758s] Level 1:colcon.colcon_core.environment:checking '/home/zeeshan/ros2_ws/install/stage_ros2/bin'
[1.758s] INFO:colcon.colcon_core.shell:Creating package script '/home/zeeshan/ros2_ws/install/stage_ros2/share/stage_ros2/package.ps1'
[1.759s] INFO:colcon.colcon_core.shell:Creating package descriptor '/home/zeeshan/ros2_ws/install/stage_ros2/share/stage_ros2/package.dsv'
[1.760s] INFO:colcon.colcon_core.shell:Creating package script '/home/zeeshan/ros2_ws/install/stage_ros2/share/stage_ros2/package.sh'
[1.761s] INFO:colcon.colcon_core.shell:Creating package script '/home/zeeshan/ros2_ws/install/stage_ros2/share/stage_ros2/package.bash'
[1.761s] INFO:colcon.colcon_core.shell:Creating package script '/home/zeeshan/ros2_ws/install/stage_ros2/share/stage_ros2/package.zsh'
[1.762s] Level 1:colcon.colcon_core.environment:create_file_with_runtime_dependencies(/home/zeeshan/ros2_ws/install/stage_ros2/share/colcon-core/packages/stage_ros2)
[1.824s] Level 1:colcon.colcon_core.environment:create_environment_scripts_only(stage_ros2)
[1.824s] Level 1:colcon.colcon_core.environment:checking '/home/zeeshan/ros2_ws/install/stage_ros2' for CMake module files
[1.826s] Level 1:colcon.colcon_core.environment:checking '/home/zeeshan/ros2_ws/install/stage_ros2' for CMake config files
[1.826s] Level 1:colcon.colcon_core.shell:create_environment_hook('stage_ros2', 'cmake_prefix_path')
[1.827s] INFO:colcon.colcon_core.shell:Creating environment hook '/home/zeeshan/ros2_ws/install/stage_ros2/share/stage_ros2/hook/cmake_prefix_path.ps1'
[1.828s] INFO:colcon.colcon_core.shell:Creating environment descriptor '/home/zeeshan/ros2_ws/install/stage_ros2/share/stage_ros2/hook/cmake_prefix_path.dsv'
[1.828s] INFO:colcon.colcon_core.shell:Creating environment hook '/home/zeeshan/ros2_ws/install/stage_ros2/share/stage_ros2/hook/cmake_prefix_path.sh'
[1.829s] Level 1:colcon.colcon_core.environment:checking '/home/zeeshan/ros2_ws/install/stage_ros2/lib'
[1.830s] Level 1:colcon.colcon_core.shell:create_environment_hook('stage_ros2', 'ld_library_path_lib')
[1.830s] INFO:colcon.colcon_core.shell:Creating environment hook '/home/zeeshan/ros2_ws/install/stage_ros2/share/stage_ros2/hook/ld_library_path_lib.ps1'
[1.831s] INFO:colcon.colcon_core.shell:Creating environment descriptor '/home/zeeshan/ros2_ws/install/stage_ros2/share/stage_ros2/hook/ld_library_path_lib.dsv'
[1.831s] INFO:colcon.colcon_core.shell:Creating environment hook '/home/zeeshan/ros2_ws/install/stage_ros2/share/stage_ros2/hook/ld_library_path_lib.sh'
[1.832s] Level 1:colcon.colcon_core.environment:checking '/home/zeeshan/ros2_ws/install/stage_ros2/bin'
[1.832s] Level 1:colcon.colcon_core.environment:checking '/home/zeeshan/ros2_ws/install/stage_ros2/lib/pkgconfig/stage_ros2.pc'
[1.832s] Level 1:colcon.colcon_core.environment:checking '/home/zeeshan/ros2_ws/install/stage_ros2/lib/python3.10/site-packages'
[1.833s] Level 1:colcon.colcon_core.environment:checking '/home/zeeshan/ros2_ws/install/stage_ros2/bin'
[1.833s] INFO:colcon.colcon_core.shell:Creating package script '/home/zeeshan/ros2_ws/install/stage_ros2/share/stage_ros2/package.ps1'
[1.834s] INFO:colcon.colcon_core.shell:Creating package descriptor '/home/zeeshan/ros2_ws/install/stage_ros2/share/stage_ros2/package.dsv'
[1.835s] INFO:colcon.colcon_core.shell:Creating package script '/home/zeeshan/ros2_ws/install/stage_ros2/share/stage_ros2/package.sh'
[1.836s] INFO:colcon.colcon_core.shell:Creating package script '/home/zeeshan/ros2_ws/install/stage_ros2/share/stage_ros2/package.bash'
[1.837s] INFO:colcon.colcon_core.shell:Creating package script '/home/zeeshan/ros2_ws/install/stage_ros2/share/stage_ros2/package.zsh'
[1.838s] Level 1:colcon.colcon_core.environment:create_file_with_runtime_dependencies(/home/zeeshan/ros2_ws/install/stage_ros2/share/colcon-core/packages/stage_ros2)
[1.838s] DEBUG:colcon.colcon_parallel_executor.executor.parallel:closing loop
[1.839s] DEBUG:colcon.colcon_parallel_executor.executor.parallel:loop closed
[1.839s] DEBUG:colcon.colcon_parallel_executor.executor.parallel:run_until_complete finished with '0'
[1.839s] DEBUG:colcon.colcon_core.event_reactor:joining thread
[1.874s] INFO:colcon.colcon_core.plugin_system:Skipping extension 'colcon_notification.desktop_notification.terminal_notifier': Not used on non-Darwin systems
[1.874s] INFO:colcon.colcon_core.plugin_system:Skipping extension 'colcon_notification.desktop_notification.win32': Not used on non-Windows systems
[1.874s] INFO:colcon.colcon_notification.desktop_notification:Sending desktop notification using 'notify2'
[1.895s] DEBUG:colcon.colcon_core.event_reactor:joined thread
[1.896s] INFO:colcon.colcon_core.shell:Creating prefix script '/home/zeeshan/ros2_ws/install/local_setup.ps1'
[1.898s] INFO:colcon.colcon_core.shell:Creating prefix util module '/home/zeeshan/ros2_ws/install/_local_setup_util_ps1.py'
[1.901s] INFO:colcon.colcon_core.shell:Creating prefix chain script '/home/zeeshan/ros2_ws/install/setup.ps1'
[1.904s] INFO:colcon.colcon_core.shell:Creating prefix script '/home/zeeshan/ros2_ws/install/local_setup.sh'
[1.905s] INFO:colcon.colcon_core.shell:Creating prefix util module '/home/zeeshan/ros2_ws/install/_local_setup_util_sh.py'
[1.906s] INFO:colcon.colcon_core.shell:Creating prefix chain script '/home/zeeshan/ros2_ws/install/setup.sh'
[1.909s] INFO:colcon.colcon_core.shell:Creating prefix script '/home/zeeshan/ros2_ws/install/local_setup.bash'
[1.910s] INFO:colcon.colcon_core.shell:Creating prefix chain script '/home/zeeshan/ros2_ws/install/setup.bash'
[1.912s] INFO:colcon.colcon_core.shell:Creating prefix script '/home/zeeshan/ros2_ws/install/local_setup.zsh'
[1.913s] INFO:colcon.colcon_core.shell:Creating prefix chain script '/home/zeeshan/ros2_ws/install/setup.zsh'
