[0.021s] Invoking command in '/home/zeeshan/ros2_ws/build/my_planner': CMAKE_PREFIX_PATH=${CMAKE_PREFIX_PATH}:/opt/ros/humble /usr/bin/cmake /home/zeeshan/ros2_ws/src/my_planner -DCMAKE_INSTALL_PREFIX=/home/zeeshan/ros2_ws/install/my_planner
[0.131s] -- The C compiler identification is GNU 11.4.0
[0.241s] -- The CXX compiler identification is GNU 11.4.0
[0.253s] -- Detecting C compiler ABI info
[0.401s] -- Detecting C compiler ABI info - done
[0.418s] -- Check for working C compiler: /usr/bin/cc - skipped
[0.418s] -- Detecting C compile features
[0.419s] -- Detecting C compile features - done
[0.425s] -- Detecting CXX compiler ABI info
[0.583s] -- Detecting CXX compiler ABI info - done
[0.599s] -- Check for working CXX compiler: /usr/bin/c++ - skipped
[0.600s] -- Detecting CXX compile features
[0.601s] -- Detecting CXX compile features - done
[0.605s] -- Found ament_cmake: 1.3.9 (/opt/ros/humble/share/ament_cmake/cmake)
[1.486s] -- Found Python3: /usr/bin/python3 (found version "3.10.12") found components: Interpreter 
[1.652s] -- Found rclcpp: 16.0.9 (/opt/ros/humble/share/rclcpp/cmake)
[1.728s] -- Found rosidl_generator_c: 3.1.5 (/opt/ros/humble/share/rosidl_generator_c/cmake)
[1.738s] -- Found rosidl_adapter: 3.1.5 (/opt/ros/humble/share/rosidl_adapter/cmake)
[1.755s] -- Found rosidl_generator_cpp: 3.1.5 (/opt/ros/humble/share/rosidl_generator_cpp/cmake)
[1.785s] -- Using all available rosidl_typesupport_c: rosidl_typesupport_fastrtps_c;rosidl_typesupport_introspection_c
[1.825s] -- Using all available rosidl_typesupport_cpp: rosidl_typesupport_fastrtps_cpp;rosidl_typesupport_introspection_cpp
[1.977s] -- Found rmw_implementation_cmake: 6.1.2 (/opt/ros/humble/share/rmw_implementation_cmake/cmake)
[1.981s] -- Found rmw_fastrtps_cpp: 6.2.6 (/opt/ros/humble/share/rmw_fastrtps_cpp/cmake)
[2.167s] -- Found OpenSSL: /usr/lib/x86_64-linux-gnu/libcrypto.so (found version "3.0.2")  
[2.213s] -- Found FastRTPS: /opt/ros/humble/include  
[2.301s] -- Using RMW implementation 'rmw_fastrtps_cpp' as default
[2.320s] -- Looking for pthread.h
[2.468s] -- Looking for pthread.h - found
[2.469s] -- Performing Test CMAKE_HAVE_LIBC_PTHREAD
[2.609s] -- Performing Test CMAKE_HAVE_LIBC_PTHREAD - Success
[2.611s] -- Found Threads: TRUE  
[2.997s] -- Found visualization_msgs: 4.2.4 (/opt/ros/humble/share/visualization_msgs/cmake)
[3.672s] -- Found nav_msgs: 4.2.4 (/opt/ros/humble/share/nav_msgs/cmake)
[3.884s] -- Found tf2_ros: 0.25.7 (/opt/ros/humble/share/tf2_ros/cmake)
[4.736s] -- Found tf2_geometry_msgs: 0.25.7 (/opt/ros/humble/share/tf2_geometry_msgs/cmake)
[4.764s] -- Found eigen3_cmake_module: 0.1.1 (/opt/ros/humble/share/eigen3_cmake_module/cmake)
[4.766s] -- Found Eigen3: TRUE (found version "3.4.0") 
[4.766s] -- Ensuring Eigen3 include directory is part of orocos-kdl CMake target
[4.920s] -- Configuring done
[4.946s] -- Generating done
[4.950s] -- Build files have been written to: /home/zeeshan/ros2_ws/build/my_planner
[4.971s] Invoked command in '/home/zeeshan/ros2_ws/build/my_planner' returned '0': CMAKE_PREFIX_PATH=${CMAKE_PREFIX_PATH}:/opt/ros/humble /usr/bin/cmake /home/zeeshan/ros2_ws/src/my_planner -DCMAKE_INSTALL_PREFIX=/home/zeeshan/ros2_ws/install/my_planner
[4.974s] Invoking command in '/home/zeeshan/ros2_ws/build/my_planner': CMAKE_PREFIX_PATH=${CMAKE_PREFIX_PATH}:/opt/ros/humble /usr/bin/cmake --build /home/zeeshan/ros2_ws/build/my_planner -- -j4 -l4
[5.057s] [35m[1mConsolidate compiler generated dependencies of target planner_node[0m
[5.107s] [ 20%] [32mBuilding CXX object CMakeFiles/planner_node.dir/src/planner_node.cpp.o[0m
[23.700s] [ 40%] [32m[1mLinking CXX executable planner_node[0m
[25.379s] [100%] Built target planner_node
[25.401s] Invoked command in '/home/zeeshan/ros2_ws/build/my_planner' returned '0': CMAKE_PREFIX_PATH=${CMAKE_PREFIX_PATH}:/opt/ros/humble /usr/bin/cmake --build /home/zeeshan/ros2_ws/build/my_planner -- -j4 -l4
[25.473s] Invoking command in '/home/zeeshan/ros2_ws/build/my_planner': CMAKE_PREFIX_PATH=${CMAKE_PREFIX_PATH}:/opt/ros/humble /usr/bin/cmake --install /home/zeeshan/ros2_ws/build/my_planner
[25.488s] -- Install configuration: ""
[25.489s] -- Installing: /home/zeeshan/ros2_ws/install/my_planner/lib/my_planner/planner_node
[25.504s] -- Set runtime path of "/home/zeeshan/ros2_ws/install/my_planner/lib/my_planner/planner_node" to ""
[25.504s] -- Up-to-date: /home/zeeshan/ros2_ws/install/my_planner/share/my_planner/launch
[25.504s] -- Installing: /home/zeeshan/ros2_ws/install/my_planner/share/my_planner/launch/display_launch.py
[25.505s] -- Up-to-date: /home/zeeshan/ros2_ws/install/my_planner/share/my_planner/config
[25.505s] -- Up-to-date: /home/zeeshan/ros2_ws/install/my_planner/share/my_planner/config/rviz_config.rviz
[25.505s] -- Up-to-date: /home/zeeshan/ros2_ws/install/my_planner/share/ament_index/resource_index/package_run_dependencies/my_planner
[25.505s] -- Up-to-date: /home/zeeshan/ros2_ws/install/my_planner/share/ament_index/resource_index/parent_prefix_path/my_planner
[25.506s] -- Up-to-date: /home/zeeshan/ros2_ws/install/my_planner/share/my_planner/environment/ament_prefix_path.sh
[25.506s] -- Installing: /home/zeeshan/ros2_ws/install/my_planner/share/my_planner/environment/ament_prefix_path.dsv
[25.506s] -- Up-to-date: /home/zeeshan/ros2_ws/install/my_planner/share/my_planner/environment/path.sh
[25.506s] -- Installing: /home/zeeshan/ros2_ws/install/my_planner/share/my_planner/environment/path.dsv
[25.506s] -- Up-to-date: /home/zeeshan/ros2_ws/install/my_planner/share/my_planner/local_setup.bash
[25.506s] -- Up-to-date: /home/zeeshan/ros2_ws/install/my_planner/share/my_planner/local_setup.sh
[25.507s] -- Up-to-date: /home/zeeshan/ros2_ws/install/my_planner/share/my_planner/local_setup.zsh
[25.507s] -- Installing: /home/zeeshan/ros2_ws/install/my_planner/share/my_planner/local_setup.dsv
[25.507s] -- Installing: /home/zeeshan/ros2_ws/install/my_planner/share/my_planner/package.dsv
[25.507s] -- Up-to-date: /home/zeeshan/ros2_ws/install/my_planner/share/ament_index/resource_index/packages/my_planner
[25.507s] -- Up-to-date: /home/zeeshan/ros2_ws/install/my_planner/share/my_planner/cmake/my_plannerConfig.cmake
[25.507s] -- Up-to-date: /home/zeeshan/ros2_ws/install/my_planner/share/my_planner/cmake/my_plannerConfig-version.cmake
[25.508s] -- Up-to-date: /home/zeeshan/ros2_ws/install/my_planner/share/my_planner/package.xml
[25.510s] Invoked command in '/home/zeeshan/ros2_ws/build/my_planner' returned '0': CMAKE_PREFIX_PATH=${CMAKE_PREFIX_PATH}:/opt/ros/humble /usr/bin/cmake --install /home/zeeshan/ros2_ws/build/my_planner
