[0.050s] Invoking command in '/home/zeeshan/ros2_ws/build/Stage': /usr/bin/cmake --build /home/zeeshan/ros2_ws/build/Stage -- -j4 -l4
[0.214s] [ 57%] Built target stage
[0.279s] [ 61%] Built target source
[0.284s] [ 64%] Built target fasr
[0.291s] [ 67%] Built target stagebinary
[0.299s] [ 71%] Built target sink
[0.350s] [ 74%] Built target rasterize
[0.353s] [ 77%] Built target pioneer_flocking
[0.359s] [ 81%] Built target wander
[0.380s] [ 84%] Built target lasernoise
[0.411s] [ 88%] Built target dynamic
[0.423s] [ 93%] Built target fasr2
[0.443s] [ 96%] Built target expand_swarm
[0.456s] [100%] Built target expand_pioneer
[0.501s] Invoked command in '/home/zeeshan/ros2_ws/build/Stage' returned '0': /usr/bin/cmake --build /home/zeeshan/ros2_ws/build/Stage -- -j4 -l4
[0.588s] Invoking command in '/home/zeeshan/ros2_ws/build/Stage': /usr/bin/cmake --install /home/zeeshan/ros2_ws/build/Stage
[0.607s] -- Install configuration: "RELEASE"
[0.607s] -- Up-to-date: /home/zeeshan/ros2_ws/install/Stage/lib/pkgconfig/stage.pc
[0.607s] -- Up-to-date: /home/zeeshan/ros2_ws/install/Stage/lib/cmake/Stage/stage-config.cmake
[0.608s] -- Up-to-date: /home/zeeshan/ros2_ws/install/Stage/lib/cmake/Stage/stage-config-version.cmake
[0.608s] -- Up-to-date: /home/zeeshan/ros2_ws/install/Stage/bin/stage
[0.609s] -- Up-to-date: /home/zeeshan/ros2_ws/install/Stage/lib/libstage.so.4.3.0
[0.609s] -- Up-to-date: /home/zeeshan/ros2_ws/install/Stage/lib/libstage.so
[0.609s] -- Up-to-date: /home/zeeshan/ros2_ws/install/Stage/include/Stage-4.3/stage.hh
[0.610s] -- Up-to-date: /home/zeeshan/ros2_ws/install/Stage/lib/Stage-4.3/fasr.so
[0.611s] -- Up-to-date: /home/zeeshan/ros2_ws/install/Stage/lib/Stage-4.3/sink.so
[0.611s] -- Up-to-date: /home/zeeshan/ros2_ws/install/Stage/lib/Stage-4.3/source.so
[0.612s] -- Up-to-date: /home/zeeshan/ros2_ws/install/Stage/lib/Stage-4.3/wander.so
[0.613s] -- Up-to-date: /home/zeeshan/ros2_ws/install/Stage/lib/Stage-4.3/pioneer_flocking.so
[0.613s] -- Up-to-date: /home/zeeshan/ros2_ws/install/Stage/lib/Stage-4.3/rasterize.so
[0.614s] -- Up-to-date: /home/zeeshan/ros2_ws/install/Stage/lib/Stage-4.3/lasernoise.so
[0.614s] -- Up-to-date: /home/zeeshan/ros2_ws/install/Stage/lib/Stage-4.3/dynamic.so
[0.615s] -- Up-to-date: /home/zeeshan/ros2_ws/install/Stage/lib/Stage-4.3/fasr2.so
[0.616s] -- Up-to-date: /home/zeeshan/ros2_ws/install/Stage/share/stage/assets/blue.png
[0.616s] -- Up-to-date: /home/zeeshan/ros2_ws/install/Stage/share/stage/assets/death.png
[0.616s] -- Up-to-date: /home/zeeshan/ros2_ws/install/Stage/share/stage/assets/green.png
[0.616s] -- Up-to-date: /home/zeeshan/ros2_ws/install/Stage/share/stage/assets/logo.png
[0.617s] -- Up-to-date: /home/zeeshan/ros2_ws/install/Stage/share/stage/assets/mains.png
[0.617s] -- Up-to-date: /home/zeeshan/ros2_ws/install/Stage/share/stage/assets/mainspower.png
[0.626s] -- Up-to-date: /home/zeeshan/ros2_ws/install/Stage/share/stage/assets/question_mark.png
[0.628s] -- Up-to-date: /home/zeeshan/ros2_ws/install/Stage/share/stage/assets/red.png
[0.629s] -- Up-to-date: /home/zeeshan/ros2_ws/install/Stage/share/stage/assets/stagelogo.png
[0.629s] -- Up-to-date: /home/zeeshan/ros2_ws/install/Stage/share/stage/assets/stall-old.png
[0.629s] -- Up-to-date: /home/zeeshan/ros2_ws/install/Stage/share/stage/assets/stall.png
[0.630s] -- Up-to-date: /home/zeeshan/ros2_ws/install/Stage/share/stage/assets/rgb.txt
[0.630s] -- Up-to-date: /home/zeeshan/ros2_ws/install/Stage/share/stage/rgb.txt
[0.630s] -- Up-to-date: /home/zeeshan/ros2_ws/install/Stage/share/stage/worlds/amcl-sonar.cfg
[0.631s] -- Up-to-date: /home/zeeshan/ros2_ws/install/Stage/share/stage/worlds/autolab.cfg
[0.631s] -- Up-to-date: /home/zeeshan/ros2_ws/install/Stage/share/stage/worlds/camera.cfg
[0.634s] -- Up-to-date: /home/zeeshan/ros2_ws/install/Stage/share/stage/worlds/everything.cfg
[0.634s] -- Up-to-date: /home/zeeshan/ros2_ws/install/Stage/share/stage/worlds/lsp_test.cfg
[0.634s] -- Up-to-date: /home/zeeshan/ros2_ws/install/Stage/share/stage/worlds/mbicp.cfg
[0.635s] -- Up-to-date: /home/zeeshan/ros2_ws/install/Stage/share/stage/worlds/nd.cfg
[0.635s] -- Up-to-date: /home/zeeshan/ros2_ws/install/Stage/share/stage/worlds/roomba.cfg
[0.635s] -- Up-to-date: /home/zeeshan/ros2_ws/install/Stage/share/stage/worlds/simple.cfg
[0.635s] -- Up-to-date: /home/zeeshan/ros2_ws/install/Stage/share/stage/worlds/test.cfg
[0.635s] -- Up-to-date: /home/zeeshan/ros2_ws/install/Stage/share/stage/worlds/uoa_robotics_lab.cfg
[0.635s] -- Up-to-date: /home/zeeshan/ros2_ws/install/Stage/share/stage/worlds/vfh.cfg
[0.636s] -- Up-to-date: /home/zeeshan/ros2_ws/install/Stage/share/stage/worlds/wavefront-remote.cfg
[0.636s] -- Up-to-date: /home/zeeshan/ros2_ws/install/Stage/share/stage/worlds/wavefront.cfg
[0.636s] -- Up-to-date: /home/zeeshan/ros2_ws/install/Stage/share/stage/worlds/wifi.cfg
[0.636s] -- Up-to-date: /home/zeeshan/ros2_ws/install/Stage/share/stage/worlds/SFU.world
[0.636s] -- Up-to-date: /home/zeeshan/ros2_ws/install/Stage/share/stage/worlds/autolab.world
[0.637s] -- Up-to-date: /home/zeeshan/ros2_ws/install/Stage/share/stage/worlds/camera.world
[0.640s] -- Up-to-date: /home/zeeshan/ros2_ws/install/Stage/share/stage/worlds/circuit.world
[0.640s] -- Up-to-date: /home/zeeshan/ros2_ws/install/Stage/share/stage/worlds/everything.world
[0.641s] -- Up-to-date: /home/zeeshan/ros2_ws/install/Stage/share/stage/worlds/fasr.world
[0.642s] -- Up-to-date: /home/zeeshan/ros2_ws/install/Stage/share/stage/worlds/fasr2.world
[0.642s] -- Up-to-date: /home/zeeshan/ros2_ws/install/Stage/share/stage/worlds/fasr_plan.world
[0.642s] -- Up-to-date: /home/zeeshan/ros2_ws/install/Stage/share/stage/worlds/large.world
[0.642s] -- Up-to-date: /home/zeeshan/ros2_ws/install/Stage/share/stage/worlds/lsp_test.world
[0.643s] -- Up-to-date: /home/zeeshan/ros2_ws/install/Stage/share/stage/worlds/mbicp.world
[0.644s] -- Up-to-date: /home/zeeshan/ros2_ws/install/Stage/share/stage/worlds/pioneer_flocking.world
[0.644s] -- Up-to-date: /home/zeeshan/ros2_ws/install/Stage/share/stage/worlds/pioneer_follow.world
[0.645s] -- Up-to-date: /home/zeeshan/ros2_ws/install/Stage/share/stage/worlds/pioneer_walle.world
[0.645s] -- Up-to-date: /home/zeeshan/ros2_ws/install/Stage/share/stage/worlds/roomba.world
[0.645s] -- Up-to-date: /home/zeeshan/ros2_ws/install/Stage/share/stage/worlds/sensor_noise_demo.world
[0.646s] -- Up-to-date: /home/zeeshan/ros2_ws/install/Stage/share/stage/worlds/sensor_noise_module_demo.world
[0.646s] -- Up-to-date: /home/zeeshan/ros2_ws/install/Stage/share/stage/worlds/simple.world
[0.646s] -- Up-to-date: /home/zeeshan/ros2_ws/install/Stage/share/stage/worlds/uoa_robotics_lab.world
[0.647s] -- Up-to-date: /home/zeeshan/ros2_ws/install/Stage/share/stage/worlds/wifi.world
[0.647s] -- Up-to-date: /home/zeeshan/ros2_ws/install/Stage/share/stage/worlds/beacons.inc
[0.647s] -- Up-to-date: /home/zeeshan/ros2_ws/install/Stage/share/stage/worlds/chatterbox.inc
[0.647s] -- Up-to-date: /home/zeeshan/ros2_ws/install/Stage/share/stage/worlds/hokuyo.inc
[0.648s] -- Up-to-date: /home/zeeshan/ros2_ws/install/Stage/share/stage/worlds/irobot.inc
[0.648s] -- Up-to-date: /home/zeeshan/ros2_ws/install/Stage/share/stage/worlds/map.inc
[0.648s] -- Up-to-date: /home/zeeshan/ros2_ws/install/Stage/share/stage/worlds/objects.inc
[0.648s] -- Up-to-date: /home/zeeshan/ros2_ws/install/Stage/share/stage/worlds/pantilt.inc
[0.649s] -- Up-to-date: /home/zeeshan/ros2_ws/install/Stage/share/stage/worlds/pioneer.inc
[0.649s] -- Up-to-date: /home/zeeshan/ros2_ws/install/Stage/share/stage/worlds/sick.inc
[0.649s] -- Up-to-date: /home/zeeshan/ros2_ws/install/Stage/share/stage/worlds/ubot.inc
[0.649s] -- Up-to-date: /home/zeeshan/ros2_ws/install/Stage/share/stage/worlds/uoa_robotics_lab_models.inc
[0.650s] -- Up-to-date: /home/zeeshan/ros2_ws/install/Stage/share/stage/worlds/walle.inc
[0.650s] -- Up-to-date: /home/zeeshan/ros2_ws/install/Stage/share/stage/worlds/cfggen.sh
[0.650s] -- Up-to-date: /home/zeeshan/ros2_ws/install/Stage/share/stage/worlds/test.sh
[0.651s] -- Up-to-date: /home/zeeshan/ros2_ws/install/Stage/share/stage/worlds/worldgen.sh
[0.651s] -- Up-to-date: /home/zeeshan/ros2_ws/install/Stage/lib/Stage-4.3/expand_swarm.so
[0.651s] -- Up-to-date: /home/zeeshan/ros2_ws/install/Stage/lib/Stage-4.3/expand_pioneer.so
[0.652s] -- Up-to-date: /home/zeeshan/ros2_ws/install/Stage/share/stage/worlds/bitmaps/889_05.png
[0.652s] -- Up-to-date: /home/zeeshan/ros2_ws/install/Stage/share/stage/worlds/bitmaps/SFU_1200x615.png
[0.652s] -- Up-to-date: /home/zeeshan/ros2_ws/install/Stage/share/stage/worlds/bitmaps/SRI-AIC-kwing.png
[0.653s] -- Up-to-date: /home/zeeshan/ros2_ws/install/Stage/share/stage/worlds/bitmaps/autolab.png
[0.653s] -- Up-to-date: /home/zeeshan/ros2_ws/install/Stage/share/stage/worlds/bitmaps/cave.png
[0.653s] -- Up-to-date: /home/zeeshan/ros2_ws/install/Stage/share/stage/worlds/bitmaps/cave_compact.png
[0.654s] -- Up-to-date: /home/zeeshan/ros2_ws/install/Stage/share/stage/worlds/bitmaps/cave_filled.png
[0.655s] -- Up-to-date: /home/zeeshan/ros2_ws/install/Stage/share/stage/worlds/bitmaps/frieburg.png
[0.655s] -- Up-to-date: /home/zeeshan/ros2_ws/install/Stage/share/stage/worlds/bitmaps/ghost.png
[0.655s] -- Up-to-date: /home/zeeshan/ros2_ws/install/Stage/share/stage/worlds/bitmaps/hospital.png
[0.656s] -- Up-to-date: /home/zeeshan/ros2_ws/install/Stage/share/stage/worlds/bitmaps/hospital_section.png
[0.656s] -- Up-to-date: /home/zeeshan/ros2_ws/install/Stage/share/stage/worlds/bitmaps/human_outline.png
[0.658s] -- Up-to-date: /home/zeeshan/ros2_ws/install/Stage/share/stage/worlds/bitmaps/mbicp.png
[0.661s] -- Up-to-date: /home/zeeshan/ros2_ws/install/Stage/share/stage/worlds/bitmaps/rink.png
[0.662s] -- Up-to-date: /home/zeeshan/ros2_ws/install/Stage/share/stage/worlds/bitmaps/sal2.png
[0.662s] -- Up-to-date: /home/zeeshan/ros2_ws/install/Stage/share/stage/worlds/bitmaps/simple_rooms.png
[0.662s] -- Up-to-date: /home/zeeshan/ros2_ws/install/Stage/share/stage/worlds/bitmaps/space_invader.png
[0.663s] -- Up-to-date: /home/zeeshan/ros2_ws/install/Stage/share/stage/worlds/bitmaps/submarine.png
[0.663s] -- Up-to-date: /home/zeeshan/ros2_ws/install/Stage/share/stage/worlds/bitmaps/submarine_small.png
[0.663s] -- Up-to-date: /home/zeeshan/ros2_ws/install/Stage/share/stage/worlds/bitmaps/table.png
[0.664s] -- Up-to-date: /home/zeeshan/ros2_ws/install/Stage/share/stage/worlds/bitmaps/uoa_robotics_lab.png
[0.664s] -- Up-to-date: /home/zeeshan/ros2_ws/install/Stage/share/stage/worlds/wifi/commando.world
[0.664s] -- Up-to-date: /home/zeeshan/ros2_ws/install/Stage/share/stage/worlds/wifi/hosp_wifi.world
[0.665s] -- Up-to-date: /home/zeeshan/ros2_ws/install/Stage/share/stage/worlds/wifi/hosp_wifi_5.world
[0.666s] -- Up-to-date: /home/zeeshan/ros2_ws/install/Stage/share/stage/worlds/wifi/wifi.world
[0.666s] -- Up-to-date: /home/zeeshan/ros2_ws/install/Stage/share/stage/worlds/wifi/wifi_itu.world
[0.666s] -- Up-to-date: /home/zeeshan/ros2_ws/install/Stage/share/stage/worlds/wifi/wifi_logdistance.world
[0.666s] -- Up-to-date: /home/zeeshan/ros2_ws/install/Stage/share/stage/worlds/wifi/wifi_ray.world
[0.669s] -- Up-to-date: /home/zeeshan/ros2_ws/install/Stage/share/stage/worlds/wifi/wifi_simple.world
[0.669s] -- Up-to-date: /home/zeeshan/ros2_ws/install/Stage/share/stage/worlds/wifi/map.inc
[0.673s] Invoked command in '/home/zeeshan/ros2_ws/build/Stage' returned '0': /usr/bin/cmake --install /home/zeeshan/ros2_ws/build/Stage
