[0.020s] Invoking command in '/home/zeeshan/ros2_ws/build/my_planner': CMAKE_PREFIX_PATH=${CMAKE_PREFIX_PATH}:/opt/ros/humble /usr/bin/cmake /home/zeeshan/ros2_ws/src/my_planner -DCMAKE_INSTALL_PREFIX=/home/zeeshan/ros2_ws/install/my_planner
[0.129s] -- The C compiler identification is GNU 11.4.0
[0.238s] -- The CXX compiler identification is GNU 11.4.0
[0.251s] -- Detecting C compiler ABI info
[0.400s] -- Detecting C compiler ABI info - done
[0.417s] -- Check for working C compiler: /usr/bin/cc - skipped
[0.418s] -- Detecting C compile features
[0.418s] -- Detecting C compile features - done
[0.425s] -- Detecting CXX compiler ABI info
[0.585s] -- Detecting CXX compiler ABI info - done
[0.603s] -- Check for working CXX compiler: /usr/bin/c++ - skipped
[0.603s] -- Detecting CXX compile features
[0.604s] -- Detecting CXX compile features - done
[0.609s] -- Found ament_cmake: 1.3.9 (/opt/ros/humble/share/ament_cmake/cmake)
[1.505s] -- Found Python3: /usr/bin/python3 (found version "3.10.12") found components: Interpreter 
[1.676s] -- Found rclcpp: 16.0.9 (/opt/ros/humble/share/rclcpp/cmake)
[1.754s] -- Found rosidl_generator_c: 3.1.5 (/opt/ros/humble/share/rosidl_generator_c/cmake)
[1.764s] -- Found rosidl_adapter: 3.1.5 (/opt/ros/humble/share/rosidl_adapter/cmake)
[1.781s] -- Found rosidl_generator_cpp: 3.1.5 (/opt/ros/humble/share/rosidl_generator_cpp/cmake)
[1.810s] -- Using all available rosidl_typesupport_c: rosidl_typesupport_fastrtps_c;rosidl_typesupport_introspection_c
[1.851s] -- Using all available rosidl_typesupport_cpp: rosidl_typesupport_fastrtps_cpp;rosidl_typesupport_introspection_cpp
[2.003s] -- Found rmw_implementation_cmake: 6.1.2 (/opt/ros/humble/share/rmw_implementation_cmake/cmake)
[2.008s] -- Found rmw_fastrtps_cpp: 6.2.6 (/opt/ros/humble/share/rmw_fastrtps_cpp/cmake)
[2.200s] -- Found OpenSSL: /usr/lib/x86_64-linux-gnu/libcrypto.so (found version "3.0.2")  
[2.247s] -- Found FastRTPS: /opt/ros/humble/include  
[2.336s] -- Using RMW implementation 'rmw_fastrtps_cpp' as default
[2.354s] -- Looking for pthread.h
[2.492s] -- Looking for pthread.h - found
[2.493s] -- Performing Test CMAKE_HAVE_LIBC_PTHREAD
[2.634s] -- Performing Test CMAKE_HAVE_LIBC_PTHREAD - Success
[2.635s] -- Found Threads: TRUE  
[3.022s] -- Found visualization_msgs: 4.2.4 (/opt/ros/humble/share/visualization_msgs/cmake)
[3.703s] -- Found nav_msgs: 4.2.4 (/opt/ros/humble/share/nav_msgs/cmake)
[3.916s] -- Found tf2_ros: 0.25.7 (/opt/ros/humble/share/tf2_ros/cmake)
[4.776s] -- Found tf2_geometry_msgs: 0.25.7 (/opt/ros/humble/share/tf2_geometry_msgs/cmake)
[4.804s] -- Found eigen3_cmake_module: 0.1.1 (/opt/ros/humble/share/eigen3_cmake_module/cmake)
[4.806s] -- Found Eigen3: TRUE (found version "3.4.0") 
[4.806s] -- Ensuring Eigen3 include directory is part of orocos-kdl CMake target
[4.962s] -- Configuring done
[4.988s] -- Generating done
[4.992s] -- Build files have been written to: /home/zeeshan/ros2_ws/build/my_planner
[5.014s] Invoked command in '/home/zeeshan/ros2_ws/build/my_planner' returned '0': CMAKE_PREFIX_PATH=${CMAKE_PREFIX_PATH}:/opt/ros/humble /usr/bin/cmake /home/zeeshan/ros2_ws/src/my_planner -DCMAKE_INSTALL_PREFIX=/home/zeeshan/ros2_ws/install/my_planner
[5.017s] Invoking command in '/home/zeeshan/ros2_ws/build/my_planner': CMAKE_PREFIX_PATH=${CMAKE_PREFIX_PATH}:/opt/ros/humble /usr/bin/cmake --build /home/zeeshan/ros2_ws/build/my_planner -- -j4 -l4
[5.100s] [35m[1mConsolidate compiler generated dependencies of target planner_node[0m
[5.152s] [ 20%] [32mBuilding CXX object CMakeFiles/planner_node.dir/src/planner_node.cpp.o[0m
[5.153s] [ 40%] [32mBuilding CXX object CMakeFiles/planner_node.dir/src/astar.cpp.o[0m
[5.157s] [ 60%] [32mBuilding CXX object CMakeFiles/planner_node.dir/src/map.cpp.o[0m
[30.273s] [ 80%] [32m[1mLinking CXX executable planner_node[0m
[32.658s] [100%] Built target planner_node
[32.680s] Invoked command in '/home/zeeshan/ros2_ws/build/my_planner' returned '0': CMAKE_PREFIX_PATH=${CMAKE_PREFIX_PATH}:/opt/ros/humble /usr/bin/cmake --build /home/zeeshan/ros2_ws/build/my_planner -- -j4 -l4
[32.751s] Invoking command in '/home/zeeshan/ros2_ws/build/my_planner': CMAKE_PREFIX_PATH=${CMAKE_PREFIX_PATH}:/opt/ros/humble /usr/bin/cmake --install /home/zeeshan/ros2_ws/build/my_planner
[32.765s] -- Install configuration: ""
[32.766s] -- Installing: /home/zeeshan/ros2_ws/install/my_planner/lib/my_planner/planner_node
[32.785s] -- Set runtime path of "/home/zeeshan/ros2_ws/install/my_planner/lib/my_planner/planner_node" to ""
[32.785s] -- Up-to-date: /home/zeeshan/ros2_ws/install/my_planner/share/my_planner/launch
[32.785s] -- Up-to-date: /home/zeeshan/ros2_ws/install/my_planner/share/my_planner/launch/display_launch.py
[32.785s] -- Up-to-date: /home/zeeshan/ros2_ws/install/my_planner/share/my_planner/config
[32.786s] -- Up-to-date: /home/zeeshan/ros2_ws/install/my_planner/share/my_planner/config/rviz_config.rviz
[32.786s] -- Up-to-date: /home/zeeshan/ros2_ws/install/my_planner/share/ament_index/resource_index/package_run_dependencies/my_planner
[32.786s] -- Up-to-date: /home/zeeshan/ros2_ws/install/my_planner/share/ament_index/resource_index/parent_prefix_path/my_planner
[32.786s] -- Up-to-date: /home/zeeshan/ros2_ws/install/my_planner/share/my_planner/environment/ament_prefix_path.sh
[32.786s] -- Installing: /home/zeeshan/ros2_ws/install/my_planner/share/my_planner/environment/ament_prefix_path.dsv
[32.787s] -- Up-to-date: /home/zeeshan/ros2_ws/install/my_planner/share/my_planner/environment/path.sh
[32.787s] -- Installing: /home/zeeshan/ros2_ws/install/my_planner/share/my_planner/environment/path.dsv
[32.787s] -- Up-to-date: /home/zeeshan/ros2_ws/install/my_planner/share/my_planner/local_setup.bash
[32.787s] -- Up-to-date: /home/zeeshan/ros2_ws/install/my_planner/share/my_planner/local_setup.sh
[32.787s] -- Up-to-date: /home/zeeshan/ros2_ws/install/my_planner/share/my_planner/local_setup.zsh
[32.787s] -- Installing: /home/zeeshan/ros2_ws/install/my_planner/share/my_planner/local_setup.dsv
[32.788s] -- Installing: /home/zeeshan/ros2_ws/install/my_planner/share/my_planner/package.dsv
[32.788s] -- Up-to-date: /home/zeeshan/ros2_ws/install/my_planner/share/ament_index/resource_index/packages/my_planner
[32.788s] -- Up-to-date: /home/zeeshan/ros2_ws/install/my_planner/share/my_planner/cmake/my_plannerConfig.cmake
[32.788s] -- Up-to-date: /home/zeeshan/ros2_ws/install/my_planner/share/my_planner/cmake/my_plannerConfig-version.cmake
[32.788s] -- Up-to-date: /home/zeeshan/ros2_ws/install/my_planner/share/my_planner/package.xml
[32.791s] Invoked command in '/home/zeeshan/ros2_ws/build/my_planner' returned '0': CMAKE_PREFIX_PATH=${CMAKE_PREFIX_PATH}:/opt/ros/humble /usr/bin/cmake --install /home/zeeshan/ros2_ws/build/my_planner
