[0.031s] Invoking command in '/home/zeeshan/ros2_ws/build/stage_ros2': CMAKE_PREFIX_PATH=/home/zeeshan/ros2_ws/install/Stage:/home/zeeshan/ros2_ws/install/worlds:/home/zeeshan/ros2_ws/install/stage_ros2:/home/zeeshan/ros2_ws/install/simple_planner:/home/zeeshan/ros2_ws/install/planner:/home/zeeshan/ros2_ws/install/my_planner:/home/zeeshan/ros2_ws/install/configuration:/opt/ros/humble LD_LIBRARY_PATH=/home/zeeshan/ros2_ws/install/Stage/lib:/home/zeeshan/ros2_ws/install/stage_ros2/lib:/opt/ros/humble/opt/rviz_ogre_vendor/lib:/opt/ros/humble/lib/x86_64-linux-gnu:/opt/ros/humble/lib /usr/bin/cmake --build /home/zeeshan/ros2_ws/build/stage_ros2 -- -j4 -l4
[0.214s] [ 71%] Built target stage_node
[0.300s] [100%] Built target stage_ros2
[0.331s] Invoked command in '/home/zeeshan/ros2_ws/build/stage_ros2' returned '0': CMAKE_PREFIX_PATH=/home/zeeshan/ros2_ws/install/Stage:/home/zeeshan/ros2_ws/install/worlds:/home/zeeshan/ros2_ws/install/stage_ros2:/home/zeeshan/ros2_ws/install/simple_planner:/home/zeeshan/ros2_ws/install/planner:/home/zeeshan/ros2_ws/install/my_planner:/home/zeeshan/ros2_ws/install/configuration:/opt/ros/humble LD_LIBRARY_PATH=/home/zeeshan/ros2_ws/install/Stage/lib:/home/zeeshan/ros2_ws/install/stage_ros2/lib:/opt/ros/humble/opt/rviz_ogre_vendor/lib:/opt/ros/humble/lib/x86_64-linux-gnu:/opt/ros/humble/lib /usr/bin/cmake --build /home/zeeshan/ros2_ws/build/stage_ros2 -- -j4 -l4
[0.452s] Invoking command in '/home/zeeshan/ros2_ws/build/stage_ros2': CMAKE_PREFIX_PATH=/home/zeeshan/ros2_ws/install/Stage:/home/zeeshan/ros2_ws/install/worlds:/home/zeeshan/ros2_ws/install/stage_ros2:/home/zeeshan/ros2_ws/install/simple_planner:/home/zeeshan/ros2_ws/install/planner:/home/zeeshan/ros2_ws/install/my_planner:/home/zeeshan/ros2_ws/install/configuration:/opt/ros/humble LD_LIBRARY_PATH=/home/zeeshan/ros2_ws/install/Stage/lib:/home/zeeshan/ros2_ws/install/stage_ros2/lib:/opt/ros/humble/opt/rviz_ogre_vendor/lib:/opt/ros/humble/lib/x86_64-linux-gnu:/opt/ros/humble/lib /usr/bin/cmake --install /home/zeeshan/ros2_ws/build/stage_ros2
[0.478s] -- Install configuration: ""
[0.479s] -- Execute custom install script
[0.481s] -- Up-to-date symlink: /home/zeeshan/ros2_ws/install/stage_ros2/share/stage_ros2/environment/library_path.sh
[0.482s] -- Up-to-date symlink: /home/zeeshan/ros2_ws/install/stage_ros2/share/stage_ros2/environment/library_path.dsv
[0.484s] -- Up-to-date symlink: /home/zeeshan/ros2_ws/install/stage_ros2/share/stage_ros2//launch/demo.launch.py
[0.486s] -- Up-to-date symlink: /home/zeeshan/ros2_ws/install/stage_ros2/share/stage_ros2//launch/f710.launch.py
[0.486s] -- Up-to-date symlink: /home/zeeshan/ros2_ws/install/stage_ros2/share/stage_ros2//launch/rviz.launch.py
[0.487s] -- Up-to-date symlink: /home/zeeshan/ros2_ws/install/stage_ros2/share/stage_ros2//launch/rviz_ns.launch.py
[0.488s] -- Up-to-date symlink: /home/zeeshan/ros2_ws/install/stage_ros2/share/stage_ros2//launch/stage.launch.py
[0.489s] -- Up-to-date symlink: /home/zeeshan/ros2_ws/install/stage_ros2/share/stage_ros2//world/bitmaps/cave.png
[0.490s] -- Up-to-date symlink: /home/zeeshan/ros2_ws/install/stage_ros2/share/stage_ros2//world/bitmaps/hallway.pgm
[0.491s] -- Up-to-date symlink: /home/zeeshan/ros2_ws/install/stage_ros2/share/stage_ros2//world/bitmaps/hallway.png
[0.491s] -- Up-to-date symlink: /home/zeeshan/ros2_ws/install/stage_ros2/share/stage_ros2//world/bitmaps/line.png
[0.492s] -- Up-to-date symlink: /home/zeeshan/ros2_ws/install/stage_ros2/share/stage_ros2//world/bitmaps/straden.png
[0.497s] -- Up-to-date symlink: /home/zeeshan/ros2_ws/install/stage_ros2/share/stage_ros2//world/bitmaps/warehouse008.pgm
[0.498s] -- Up-to-date symlink: /home/zeeshan/ros2_ws/install/stage_ros2/share/stage_ros2//world/bitmaps/warehouse032.pgm
[0.499s] -- Up-to-date symlink: /home/zeeshan/ros2_ws/install/stage_ros2/share/stage_ros2//world/bitmaps/warehouse200.pgm
[0.500s] -- Up-to-date symlink: /home/zeeshan/ros2_ws/install/stage_ros2/share/stage_ros2//world/bitmaps/willow-full.pgm
[0.501s] -- Up-to-date symlink: /home/zeeshan/ros2_ws/install/stage_ros2/share/stage_ros2//world/cave.world
[0.501s] -- Up-to-date symlink: /home/zeeshan/ros2_ws/install/stage_ros2/share/stage_ros2//world/cave_seven_robots.world
[0.502s] -- Up-to-date symlink: /home/zeeshan/ros2_ws/install/stage_ros2/share/stage_ros2//world/cave_three_robots.world
[0.503s] -- Up-to-date symlink: /home/zeeshan/ros2_ws/install/stage_ros2/share/stage_ros2//world/hallway.world
[0.504s] -- Up-to-date symlink: /home/zeeshan/ros2_ws/install/stage_ros2/share/stage_ros2//world/include/pioneer2dx.inc
[0.505s] -- Up-to-date symlink: /home/zeeshan/ros2_ws/install/stage_ros2/share/stage_ros2//world/include/robots.inc
[0.506s] -- Up-to-date symlink: /home/zeeshan/ros2_ws/install/stage_ros2/share/stage_ros2//world/lines.world
[0.507s] -- Up-to-date symlink: /home/zeeshan/ros2_ws/install/stage_ros2/share/stage_ros2//world/straden.world
[0.508s] -- Up-to-date symlink: /home/zeeshan/ros2_ws/install/stage_ros2/share/stage_ros2//world/willow-four-erratics-multisensor.world
[0.511s] -- Up-to-date symlink: /home/zeeshan/ros2_ws/install/stage_ros2/share/stage_ros2//config/rviz/cave.rviz
[0.514s] -- Up-to-date symlink: /home/zeeshan/ros2_ws/install/stage_ros2/share/stage_ros2//config/rviz/cave_seven_robots.rviz
[0.515s] -- Up-to-date symlink: /home/zeeshan/ros2_ws/install/stage_ros2/share/stage_ros2//config/rviz/cave_three_robots.rviz
[0.516s] -- Up-to-date symlink: /home/zeeshan/ros2_ws/install/stage_ros2/share/stage_ros2//config/rviz/lines.rviz
[0.517s] -- Up-to-date symlink: /home/zeeshan/ros2_ws/install/stage_ros2/share/stage_ros2//config/rviz/robot0.rviz
[0.517s] -- Up-to-date symlink: /home/zeeshan/ros2_ws/install/stage_ros2/share/stage_ros2//config/rviz/robot_ns.rviz
[0.518s] -- Up-to-date symlink: /home/zeeshan/ros2_ws/install/stage_ros2/share/stage_ros2//config/rviz/robot_ns_depth.rviz
[0.519s] -- Up-to-date symlink: /home/zeeshan/ros2_ws/install/stage_ros2/share/stage_ros2//config/teleop_twist_joy/f710.config.yaml
[0.520s] -- Up-to-date symlink: /home/zeeshan/ros2_ws/install/stage_ros2/lib/libstage_node.so
[0.521s] -- Up-to-date symlink: /home/zeeshan/ros2_ws/install/stage_ros2/lib/stage_ros2/stage_ros2
[0.522s] -- Up-to-date symlink: /home/zeeshan/ros2_ws/install/stage_ros2/share/ament_index/resource_index/package_run_dependencies/stage_ros2
[0.523s] -- Up-to-date symlink: /home/zeeshan/ros2_ws/install/stage_ros2/share/ament_index/resource_index/parent_prefix_path/stage_ros2
[0.523s] -- Up-to-date symlink: /home/zeeshan/ros2_ws/install/stage_ros2/share/stage_ros2/environment/ament_prefix_path.sh
[0.524s] -- Up-to-date symlink: /home/zeeshan/ros2_ws/install/stage_ros2/share/stage_ros2/environment/ament_prefix_path.dsv
[0.525s] -- Up-to-date symlink: /home/zeeshan/ros2_ws/install/stage_ros2/share/stage_ros2/environment/path.sh
[0.528s] -- Up-to-date symlink: /home/zeeshan/ros2_ws/install/stage_ros2/share/stage_ros2/environment/path.dsv
[0.528s] -- Up-to-date symlink: /home/zeeshan/ros2_ws/install/stage_ros2/share/stage_ros2/local_setup.bash
[0.529s] -- Up-to-date symlink: /home/zeeshan/ros2_ws/install/stage_ros2/share/stage_ros2/local_setup.sh
[0.529s] -- Up-to-date symlink: /home/zeeshan/ros2_ws/install/stage_ros2/share/stage_ros2/local_setup.zsh
[0.529s] -- Up-to-date symlink: /home/zeeshan/ros2_ws/install/stage_ros2/share/stage_ros2/local_setup.dsv
[0.530s] -- Symlinking: /home/zeeshan/ros2_ws/install/stage_ros2/share/stage_ros2/package.dsv
[0.556s] -- Up-to-date symlink: /home/zeeshan/ros2_ws/install/stage_ros2/share/ament_index/resource_index/packages/stage_ros2
[0.556s] -- Up-to-date symlink: /home/zeeshan/ros2_ws/install/stage_ros2/share/stage_ros2/cmake/stage_ros2Config.cmake
[0.556s] -- Up-to-date symlink: /home/zeeshan/ros2_ws/install/stage_ros2/share/stage_ros2/cmake/stage_ros2Config-version.cmake
[0.557s] -- Up-to-date symlink: /home/zeeshan/ros2_ws/install/stage_ros2/share/stage_ros2/package.xml
[0.566s] Invoked command in '/home/zeeshan/ros2_ws/build/stage_ros2' returned '0': CMAKE_PREFIX_PATH=/home/zeeshan/ros2_ws/install/Stage:/home/zeeshan/ros2_ws/install/worlds:/home/zeeshan/ros2_ws/install/stage_ros2:/home/zeeshan/ros2_ws/install/simple_planner:/home/zeeshan/ros2_ws/install/planner:/home/zeeshan/ros2_ws/install/my_planner:/home/zeeshan/ros2_ws/install/configuration:/opt/ros/humble LD_LIBRARY_PATH=/home/zeeshan/ros2_ws/install/Stage/lib:/home/zeeshan/ros2_ws/install/stage_ros2/lib:/opt/ros/humble/opt/rviz_ogre_vendor/lib:/opt/ros/humble/lib/x86_64-linux-gnu:/opt/ros/humble/lib /usr/bin/cmake --install /home/zeeshan/ros2_ws/build/stage_ros2
