[0.128s] Invoking command in '/home/zeeshan/ros2_ws/build/simple_planner': CMAKE_PREFIX_PATH=${CMAKE_PREFIX_PATH}:/opt/ros/humble /usr/bin/cmake --build /home/zeeshan/ros2_ws/build/simple_planner -- -j4 -l4
[0.314s] [35m[1mConsolidate compiler generated dependencies of target simple_planner[0m
[0.480s] [100%] Built target simple_planner
[0.512s] Invoked command in '/home/zeeshan/ros2_ws/build/simple_planner' returned '0': CMAKE_PREFIX_PATH=${CMAKE_PREFIX_PATH}:/opt/ros/humble /usr/bin/cmake --build /home/zeeshan/ros2_ws/build/simple_planner -- -j4 -l4
[0.693s] Invoking command in '/home/zeeshan/ros2_ws/build/simple_planner': CMAKE_PREFIX_PATH=${CMAKE_PREFIX_PATH}:/opt/ros/humble /usr/bin/cmake --install /home/zeeshan/ros2_ws/build/simple_planner
[0.714s] -- Install configuration: ""
[0.717s] -- Up-to-date: /home/zeeshan/ros2_ws/install/simple_planner/lib/simple_planner/simple_planner
[0.717s] -- Up-to-date: /home/zeeshan/ros2_ws/install/simple_planner/share/ament_index/resource_index/package_run_dependencies/simple_planner
[0.718s] -- Up-to-date: /home/zeeshan/ros2_ws/install/simple_planner/share/ament_index/resource_index/parent_prefix_path/simple_planner
[0.718s] -- Up-to-date: /home/zeeshan/ros2_ws/install/simple_planner/share/simple_planner/environment/ament_prefix_path.sh
[0.718s] -- Up-to-date: /home/zeeshan/ros2_ws/install/simple_planner/share/simple_planner/environment/ament_prefix_path.dsv
[0.719s] -- Up-to-date: /home/zeeshan/ros2_ws/install/simple_planner/share/simple_planner/environment/path.sh
[0.719s] -- Up-to-date: /home/zeeshan/ros2_ws/install/simple_planner/share/simple_planner/environment/path.dsv
[0.719s] -- Up-to-date: /home/zeeshan/ros2_ws/install/simple_planner/share/simple_planner/local_setup.bash
[0.719s] -- Up-to-date: /home/zeeshan/ros2_ws/install/simple_planner/share/simple_planner/local_setup.sh
[0.719s] -- Up-to-date: /home/zeeshan/ros2_ws/install/simple_planner/share/simple_planner/local_setup.zsh
[0.728s] -- Up-to-date: /home/zeeshan/ros2_ws/install/simple_planner/share/simple_planner/local_setup.dsv
[0.729s] -- Installing: /home/zeeshan/ros2_ws/install/simple_planner/share/simple_planner/package.dsv
[0.729s] -- Up-to-date: /home/zeeshan/ros2_ws/install/simple_planner/share/ament_index/resource_index/packages/simple_planner
[0.729s] -- Up-to-date: /home/zeeshan/ros2_ws/install/simple_planner/share/simple_planner/cmake/simple_plannerConfig.cmake
[0.729s] -- Up-to-date: /home/zeeshan/ros2_ws/install/simple_planner/share/simple_planner/cmake/simple_plannerConfig-version.cmake
[0.730s] -- Up-to-date: /home/zeeshan/ros2_ws/install/simple_planner/share/simple_planner/package.xml
[0.744s] Invoked command in '/home/zeeshan/ros2_ws/build/simple_planner' returned '0': CMAKE_PREFIX_PATH=${CMAKE_PREFIX_PATH}:/opt/ros/humble /usr/bin/cmake --install /home/zeeshan/ros2_ws/build/simple_planner
